nohup: ignoring input
connect mysql successful.
正在爬取第158页的数据
正在爬取链接中	列宁格勒
列宁格勒数据已存在 1
正在爬取链接中	人类消失后的世界
人类消失后的世界数据已存在 1
正在爬取链接中	昆仑铁骑
昆仑铁骑数据已存在 1
正在爬取链接中	大明星从军记
大明星从军记数据已存在 1
正在爬取链接中	506哨所
506哨所数据已存在 1
正在爬取链接中	悲情驿站
悲情驿站数据已存在 1
正在爬取链接中	蜜蜂与远雷
蜜蜂与远雷数据已存在 1
正在爬取链接中	在勾引中学会爱
在勾引中学会爱数据已存在 1
正在爬取链接中	三百斯巴达勇士1962
三百斯巴达勇士1962数据已存在 1
正在爬取链接中	最初的路
最初的路数据已存在 1
正在爬取链接中	列宁格勒
列宁格勒数据已存在 1
正在爬取链接中	在勾引中学会爱2
在勾引中学会爱2数据已存在 1
正在爬取链接中	最后的圣地
最后的圣地数据已存在 1
正在爬取链接中	音乐脚步
音乐脚步数据已存在 1
正在爬取链接中	无声的抵抗
无声的抵抗数据已存在 1
正在爬取链接中	向往的生活
向往的生活数据已存在 1
正在爬取链接中	回到中国
回到中国数据已存在 1
正在爬取链接中	海狼
海狼数据已存在 1
正在爬取链接中	门徒
门徒数据已存在 1
正在爬取链接中	无声的抵抗
无声的抵抗数据已存在 1
正在爬取链接中	爱情小说
爱情小说数据已存在 1
正在爬取链接中	针眼
针眼数据已存在 1
正在爬取链接中	一个夏夜
一个夏夜数据已存在 1
正在爬取链接中	东京残酷警察
东京残酷警察数据已存在 1
正在爬取链接中	正义者联盟
正义者联盟数据已存在 1
正在爬取链接中	不良少年2：鬼怪
不良少年2：鬼怪数据已存在 1
正在爬取链接中	幸福的记忆
幸福的记忆数据已存在 1
正在爬取链接中	意式情歌
意式情歌数据已存在 1
正在爬取链接中	虎尾
虎尾数据已存在 1
正在爬取链接中	吸血鬼守护者
吸血鬼守护者数据已存在 1
正在爬取链接中	杀戮战场
杀戮战场数据已存在 1
正在爬取链接中	复仇1978
复仇1978数据已存在 1
正在爬取链接中	赎金猎杀
赎金猎杀数据已存在 1
正在爬取链接中	英伦情人
英伦情人数据已存在 1
正在爬取链接中	夜色行动
夜色行动数据已存在 1
正在爬取链接中	蜡笔小新：梦境世界大突击
蜡笔小新：梦境世界大突击数据已存在 1
正在爬取链接中	冲天火
冲天火数据已存在 1
正在爬取链接中	超级天兵之机车班长
超级天兵之机车班长数据已存在 1
正在爬取链接中	Oh！我的幽灵鬼
Oh！我的幽灵鬼数据已存在 1
正在爬取链接中	武力
武力数据已存在 1
正在爬取链接中	欲盖弄潮
欲盖弄潮数据已存在 1
正在爬取链接中	钢铁时代2
钢铁时代2数据已存在 1
正在爬取链接中	武力
武力数据已存在 1
正在爬取链接中	爱得太辛苦
爱得太辛苦数据已存在 1
正在爬取链接中	欲盖弄潮
欲盖弄潮数据已存在 1
正在爬取链接中	钢铁时代2
钢铁时代2数据已存在 1
正在爬取链接中	反击2015
反击2015数据已存在 1
正在爬取链接中	致命呼叫
致命呼叫数据已存在 1
正在爬取第159页的数据
正在爬取链接中	惊天动地8.0
惊天动地8.0数据已存在 1
正在爬取链接中	虎头要塞之谎言
虎头要塞之谎言数据已存在 1
正在爬取链接中	凤山村的孩子
凤山村的孩子数据已存在 1
正在爬取链接中	雨之町
雨之町数据已存在 1
正在爬取链接中	灰色地带
灰色地带数据已存在 1
正在爬取链接中	说电影《生长》
说电影《生长》数据已存在 1
正在爬取链接中	7女巫
7女巫数据已存在 1
正在爬取链接中	说电影《灵偶契约2》
说电影《灵偶契约2》数据已存在 1
正在爬取链接中	说电影《时空大挪移》
说电影《时空大挪移》数据已存在 1
正在爬取链接中	上帝帮助女孩
上帝帮助女孩数据已存在 1
正在爬取链接中	街头霸王：暗杀拳
街头霸王：暗杀拳数据已存在 1
正在爬取链接中	警长索恩：贪睡鬼
警长索恩：贪睡鬼数据已存在 1
正在爬取链接中	黑梦
黑梦数据已存在 1
正在爬取链接中	钢铁时代
钢铁时代数据已存在 1
正在爬取链接中	警长索恩：胆小鬼
警长索恩：胆小鬼数据已存在 1
正在爬取链接中	蜘蛛女之吻
蜘蛛女之吻数据已存在 1
正在爬取链接中	铁牌教练
铁牌教练数据已存在 1
正在爬取链接中	就这样-拉黑她
就这样-拉黑她数据已存在 1
正在爬取链接中	棺材2
棺材2数据已存在 1
正在爬取链接中	泰王纳黎萱
泰王纳黎萱数据已存在 1
正在爬取链接中	诅咒之吻
诅咒之吻数据已存在 1
正在爬取链接中	人形师
人形师数据已存在 1
正在爬取链接中	雁儿在林梢
雁儿在林梢数据已存在 1
正在爬取链接中	宇宙尽头
宇宙尽头数据已存在 1
正在爬取链接中	二郎神之怒天神将
二郎神之怒天神将数据已存在 1
正在爬取链接中	邻家新男孩
邻家新男孩数据已存在 1
正在爬取链接中	摔角小将
摔角小将数据已存在 1
正在爬取链接中	婚礼几样情
婚礼几样情数据已存在 1
正在爬取链接中	红男爵
红男爵数据已存在 1
正在爬取链接中	猫2019
猫2019数据已存在 1
正在爬取链接中	我不是差生
我不是差生数据已存在 1
正在爬取链接中	偷窥课程1981
偷窥课程1981数据已存在 1
正在爬取链接中	夜宿惊情
夜宿惊情数据已存在 1
正在爬取链接中	裸爱
裸爱数据已存在 1
正在爬取链接中	母语
母语数据已存在 1
正在爬取链接中	鸟类星球
鸟类星球数据已存在 1
正在爬取链接中	风景
风景数据已存在 1
正在爬取链接中	女裁缝2009
女裁缝2009数据已存在 1
正在爬取链接中	将军的儿子3
将军的儿子3数据已存在 1
正在爬取链接中	将军的儿子
将军的儿子数据已存在 1
正在爬取链接中	一路不消停
一路不消停数据已存在 1
正在爬取链接中	派出所的故事2019
派出所的故事2019数据已存在 1
正在爬取链接中	寒蝉鸣泣之时：猫杀篇
寒蝉鸣泣之时：猫杀篇数据已存在 1
正在爬取链接中	只有野兽
只有野兽数据已存在 1
正在爬取链接中	明天记得爱上我
明天记得爱上我数据已存在 1
正在爬取链接中	吸血夜惊魂
吸血夜惊魂数据已存在 1
正在爬取链接中	血染的舞鞋
血染的舞鞋数据已存在 1
正在爬取链接中	说电影《最后的风之子》
说电影《最后的风之子》数据已存在 1
正在爬取第160页的数据
正在爬取链接中	少年2016
少年2016数据已存在 1
正在爬取链接中	说电影《王国第一季06》
说电影《王国第一季06》数据已存在 1
正在爬取链接中	人皮疯人院
人皮疯人院数据已存在 1
正在爬取链接中	说电影《银行大劫案》
说电影《银行大劫案》数据已存在 1
正在爬取链接中	说电影《王国第一季05》
说电影《王国第一季05》数据已存在 1
正在爬取链接中	复仇谜奏
复仇谜奏数据已存在 1
正在爬取链接中	说电影《王国第二季04》
说电影《王国第二季04》数据已存在 1
正在爬取链接中	说电影《王国第二季终章》
说电影《王国第二季终章》数据已存在 1
正在爬取链接中	赌城风云1995
赌城风云1995数据已存在 1
正在爬取链接中	说电影《王国第二季03》
说电影《王国第二季03》数据已存在 1
正在爬取链接中	BBC地平线之英国的下一场空难.无人机
BBC地平线之英国的下一场空难.无人机数据已存在 1
正在爬取链接中	BBC地平线之我们需要谈谈死亡
BBC地平线之我们需要谈谈死亡数据已存在 1
正在爬取链接中	BBC地平线之深入社交网络
BBC地平线之深入社交网络数据已存在 1
正在爬取链接中	BBC地平线之诚实超市
BBC地平线之诚实超市数据已存在 1
正在爬取链接中	说电影《王国第二季02》
说电影《王国第二季02》数据已存在 1
正在爬取链接中	说电影《王国第二季01》
插入成功 0
正在爬取链接中	说电影《监视》
说电影《监视》数据已存在 1
正在爬取链接中	说电影《速度与激情2》
说电影《速度与激情2》数据已存在 1
正在爬取链接中	说电影《同居牢友》
说电影《同居牢友》数据已存在 1
正在爬取链接中	说电影《敢死队3》
说电影《敢死队3》数据已存在 1
正在爬取链接中	说电影《第一滴血3》
说电影《第一滴血3》数据已存在 1
正在爬取链接中	说电影《黄金三镖客》
说电影《黄金三镖客》数据已存在 1
正在爬取链接中	专钓大鳄
专钓大鳄数据已存在 1
正在爬取链接中	山鸡变凤凰
山鸡变凤凰数据已存在 1
正在爬取链接中	虎穴追踪1956
虎穴追踪1956数据已存在 1
正在爬取链接中	神行太保
神行太保数据已存在 1
正在爬取链接中	求爱上上签
求爱上上签数据已存在 1
正在爬取链接中	庙街十二少
庙街十二少数据已存在 1
正在爬取链接中	虎穴追踪
虎穴追踪数据已存在 1
正在爬取链接中	复仇米丽之血战
复仇米丽之血战数据已存在 1
正在爬取链接中	赤警威龙
赤警威龙数据已存在 1
正在爬取链接中	最佳男朋友
最佳男朋友数据已存在 1
正在爬取链接中	太极张三丰 
太极张三丰 数据已存在 1
正在爬取链接中	神行太保
神行太保数据已存在 1
正在爬取链接中	求爱上上签
求爱上上签数据已存在 1
正在爬取链接中	千王1991
千王1991数据已存在 1
正在爬取链接中	偶然
偶然数据已存在 1
正在爬取链接中	庙街十二少
庙街十二少数据已存在 1
爬取第160页的庙街十二少数据失败！
正在爬取链接中	虎穴追踪
虎穴追踪数据已存在 1
正在爬取链接中	复仇米丽之血战
复仇米丽之血战数据已存在 1
正在爬取链接中	凤凰琴
凤凰琴数据已存在 1
正在爬取链接中	夺命六头鲨
夺命六头鲨数据已存在 1
正在爬取链接中	都市煞星
都市煞星数据已存在 1
正在爬取链接中	都市猎人
都市猎人数据已存在 1
正在爬取链接中	等着你回来1994
等着你回来1994数据已存在 1
正在爬取链接中	马石山十勇士
马石山十勇士数据已存在 1
正在爬取链接中	战鸽总动员
战鸽总动员数据已存在 1
正在爬取第161页的数据
正在爬取链接中	解忧之拯救大作战
解忧之拯救大作战数据已存在 1
正在爬取链接中	逃离魔窟
逃离魔窟数据已存在 1
正在爬取链接中	愚人船
愚人船数据已存在 1
正在爬取链接中	焦土之城
焦土之城数据已存在 1
正在爬取链接中	寒蝉鸣泣之时：誓
寒蝉鸣泣之时：誓数据已存在 1
正在爬取链接中	机关枪牧师
机关枪牧师数据已存在 1
正在爬取链接中	PBS前线：沙特王储
PBS前线：沙特王储数据已存在 1
正在爬取链接中	养猪场的奇迹
养猪场的奇迹数据已存在 1
正在爬取链接中	西环的故事
西环的故事数据已存在 1
正在爬取链接中	三十处男
三十处男数据已存在 1
正在爬取链接中	k流氓公仆
k流氓公仆数据已存在 1
正在爬取链接中	短柄斧
短柄斧数据已存在 1
正在爬取链接中	短柄斧
短柄斧数据已存在 1
正在爬取链接中	蒙太奇
蒙太奇数据已存在 1
正在爬取链接中	漂亮女人
漂亮女人数据已存在 1
正在爬取链接中	我美妙的西柏林
我美妙的西柏林数据已存在 1
正在爬取链接中	北京乐与路
北京乐与路数据已存在 1
正在爬取链接中	凶男寡女
凶男寡女数据已存在 1
正在爬取链接中	笑林老祖
笑林老祖数据已存在 1
正在爬取链接中	市长夫人的秘密
市长夫人的秘密数据已存在 1
正在爬取链接中	爱你，西蒙
爱你，西蒙数据已存在 1
正在爬取链接中	野人2020
野人2020数据已存在 1
正在爬取链接中	少年舒图的烦恼
少年舒图的烦恼数据已存在 1
正在爬取链接中	功夫宗师霍元甲
功夫宗师霍元甲数据已存在 1
正在爬取链接中	变态假面
变态假面数据已存在 1
正在爬取链接中	油炸绿番茄
油炸绿番茄数据已存在 1
正在爬取链接中	罪恶之家1999
罪恶之家1999数据已存在 1
正在爬取链接中	最有希望的女演员
最有希望的女演员数据已存在 1
正在爬取链接中	中华英雄1988
中华英雄1988数据已存在 1
正在爬取链接中	沼泽狂鲨
沼泽狂鲨数据已存在 1
正在爬取链接中	眩晕2009
眩晕2009数据已存在 1
正在爬取链接中	信天游
信天游数据已存在 1
正在爬取链接中	新鬼武者
新鬼武者数据已存在 1
正在爬取链接中	生人勿进(美版)
生人勿进(美版)数据已存在 1
正在爬取链接中	蛇鱼怪
蛇鱼怪数据已存在 1
正在爬取链接中	猛犸象
猛犸象数据已存在 1
正在爬取链接中	孤岛鲨魂
孤岛鲨魂数据已存在 1
正在爬取链接中	毒咒2013
毒咒2013数据已存在 1
正在爬取链接中	地狱魔王
地狱魔王数据已存在 1
正在爬取链接中	绑架丁丁当
绑架丁丁当数据已存在 1
正在爬取链接中	野人2010
野人2010数据已存在 1
正在爬取链接中	幸福对对碰
插入成功 0
正在爬取链接中	肇事逃逸，最好的最糟之日
爬取第161页的肇事逃逸，最好的最糟之日数据失败！
正在爬取链接中	格蕾特和韩塞尔
格蕾特和韩塞尔数据已存在 1
正在爬取链接中	萨米之血
萨米之血数据已存在 1
正在爬取链接中	玛拉2018
玛拉2018数据已存在 1
正在爬取链接中	一路向南
一路向南数据已存在 1
正在爬取链接中	光逝2014
光逝2014数据已存在 1
正在爬取第162页的数据
正在爬取链接中	我们的罗伊·科恩哪儿去了
我们的罗伊·科恩哪儿去了数据已存在 1
正在爬取链接中	野兽特工
野兽特工数据已存在 1
正在爬取链接中	血染淑女
血染淑女数据已存在 1
正在爬取链接中	我的间谍2020
我的间谍2020数据已存在 1
正在爬取链接中	赛德克·巴莱(上)：太阳旗
赛德克·巴莱(上)：太阳旗数据已存在 1
正在爬取链接中	猎捕之地
猎捕之地数据已存在 1
正在爬取链接中	说电影《王国第一季03》
说电影《王国第一季03》数据已存在 1
正在爬取链接中	说电影《王国第一季04》
说电影《王国第一季04》数据已存在 1
正在爬取链接中	说电影《王国第一季02》
说电影《王国第一季02》数据已存在 1
正在爬取链接中	说电影《王国第一季01》
说电影《王国第一季01》数据已存在 1
正在爬取链接中	说电影《幽灵女孩》
说电影《幽灵女孩》数据已存在 1
正在爬取链接中	说电影《突然有一天之黑暗森林》
说电影《突然有一天之黑暗森林》数据已存在 1
正在爬取链接中	说电影《丧家之女》
说电影《丧家之女》数据已存在 1
正在爬取链接中	说电影《取款机杀人夜》
说电影《取款机杀人夜》数据已存在 1
正在爬取链接中	说电影《女儿》
说电影《女儿》数据已存在 1
正在爬取链接中	说电影《没有女人的国家》
说电影《没有女人的国家》数据已存在 1
正在爬取链接中	说电影《潜伏》
说电影《潜伏》数据已存在 1
正在爬取链接中	说电影《惊愕情事》
说电影《惊愕情事》数据已存在 1
正在爬取链接中	说电影《火龙帝国》
说电影《火龙帝国》数据已存在 1
正在爬取链接中	说电影《哔鬼学院》
说电影《哔鬼学院》数据已存在 1
正在爬取链接中	说电影《别敲两次门》
说电影《别敲两次门》数据已存在 1
正在爬取链接中	摩尔庄园2海妖宝藏
摩尔庄园2海妖宝藏数据已存在 1
正在爬取链接中	把乐带回家2014
把乐带回家2014数据已存在 1
正在爬取链接中	德拉姆
德拉姆数据已存在 1
正在爬取链接中	假面骑士 NEXT GENERATIONS 2020
假面骑士 NEXT GENERATIONS 2020数据已存在 1
正在爬取链接中	我的间谍
我的间谍数据已存在 1
正在爬取链接中	罪恶承包商
罪恶承包商数据已存在 1
正在爬取链接中	中国兵王
中国兵王数据已存在 1
正在爬取链接中	邮缘
邮缘数据已存在 1
正在爬取链接中	一诺千金
一诺千金数据已存在 1
正在爬取链接中	倩女幽魂2011
倩女幽魂2011数据已存在 1
正在爬取链接中	魂断加尔各答
魂断加尔各答数据已存在 1
正在爬取链接中	大电影
大电影数据已存在 1
正在爬取链接中	少林木人巷
少林木人巷数据已存在 1
正在爬取链接中	暴风雪中的白鸟
暴风雪中的白鸟数据已存在 1
正在爬取链接中	哭泣的战争
哭泣的战争数据已存在 1
正在爬取链接中	生命之轮
生命之轮数据已存在 1
正在爬取链接中	该死的歌德3
该死的歌德3数据已存在 1
正在爬取链接中	蝙蝠侠
蝙蝠侠数据已存在 1
正在爬取链接中	该死的歌德2
该死的歌德2数据已存在 1
正在爬取链接中	该死的歌德
该死的歌德数据已存在 1
正在爬取链接中	杀死本·莱克
杀死本·莱克数据已存在 1
正在爬取链接中	达摩祖师
达摩祖师数据已存在 1
正在爬取链接中	恶魔的替身
恶魔的替身数据已存在 1
正在爬取链接中	猛鹰突击兵团
猛鹰突击兵团数据已存在 1
正在爬取链接中	新丧尸出笼
新丧尸出笼数据已存在 1
正在爬取链接中	嫁给大山的女人
嫁给大山的女人数据已存在 1
正在爬取链接中	游泳吧！儿子
游泳吧！儿子数据已存在 1
正在爬取第163页的数据
正在爬取链接中	至激杀人犯
至激杀人犯数据已存在 1
正在爬取链接中	群斗2015
群斗2015数据已存在 1
正在爬取链接中	置之死地而后生
置之死地而后生数据已存在 1
正在爬取链接中	别惹丑女
别惹丑女数据已存在 1
正在爬取链接中	午夜猎物
午夜猎物数据已存在 1
正在爬取链接中	希特勒完蛋了
希特勒完蛋了数据已存在 1
正在爬取链接中	罗伯茨先生1955
罗伯茨先生1955数据已存在 1
正在爬取链接中	好家伙、坏家伙、怪家伙
好家伙、坏家伙、怪家伙数据已存在 1
正在爬取链接中	雪琳娘
雪琳娘数据已存在 1
正在爬取链接中	征服天空：喷射背包之梦
征服天空：喷射背包之梦数据已存在 1
正在爬取链接中	直捣东京
直捣东京数据已存在 1
正在爬取链接中	德语课
德语课数据已存在 1
正在爬取链接中	业余警探
业余警探数据已存在 1
正在爬取链接中	我老公不靠谱
我老公不靠谱数据已存在 1
正在爬取链接中	大三元
大三元数据已存在 1
正在爬取链接中	少年苏乞儿
少年苏乞儿数据已存在 1
正在爬取链接中	杀人回忆
杀人回忆数据已存在 1
正在爬取链接中	绿头苍蝇
绿头苍蝇数据已存在 1
正在爬取链接中	十二金牌
十二金牌数据已存在 1
正在爬取链接中	街坊哨兵
街坊哨兵数据已存在 1
正在爬取链接中	极速绯闻
极速绯闻数据已存在 1
正在爬取链接中	男孩的战争2009
男孩的战争2009数据已存在 1
正在爬取链接中	新龙争虎斗
新龙争虎斗数据已存在 1
正在爬取链接中	欢乐满人间
插入成功 0
正在爬取链接中	名侦探柯南：世纪末的魔术师
名侦探柯南：世纪末的魔术师数据已存在 1
正在爬取链接中	日落黄沙
日落黄沙数据已存在 1
正在爬取链接中	高考人生
高考人生数据已存在 1
正在爬取链接中	少年闵子骞
少年闵子骞数据已存在 1
正在爬取链接中	哥哥，谁带你回家
哥哥，谁带你回家数据已存在 1
正在爬取链接中	我的间谍
我的间谍数据已存在 1
正在爬取链接中	说电影《月影杀痕》
说电影《月影杀痕》数据已存在 1
正在爬取链接中	说电影《隐形人》
说电影《隐形人》数据已存在 1
正在爬取链接中	说电影《兄弟》
说电影《兄弟》数据已存在 1
正在爬取链接中	说电影《陷阱》
说电影《陷阱》数据已存在 1
正在爬取链接中	说电影《突然有一天之D-day》
说电影《突然有一天之D-day》数据已存在 1
正在爬取链接中	说电影《逃离比勒陀利亚》
说电影《逃离比勒陀利亚》数据已存在 1
正在爬取链接中	说电影《突然有一天之2月29日》
说电影《突然有一天之2月29日》数据已存在 1
正在爬取链接中	说电影《漫漫回家路》
说电影《漫漫回家路》数据已存在 1
正在爬取链接中	说电影《时失2公里》
说电影《时失2公里》数据已存在 1
正在爬取链接中	说电影《生死之墙》
说电影《生死之墙》数据已存在 1
正在爬取链接中	说电影《狼溪》
说电影《狼溪》数据已存在 1
正在爬取链接中	说电影《交友网战》
说电影《交友网战》数据已存在 1
正在爬取链接中	说电影《鬼吹灯之龙岭迷窟》
说电影《鬼吹灯之龙岭迷窟》数据已存在 1
正在爬取链接中	说电影《恐怖游轮》
说电影《恐怖游轮》数据已存在 1
正在爬取链接中	说电影《盗梦空间》
说电影《盗梦空间》数据已存在 1
正在爬取链接中	象人
象人数据已存在 1
正在爬取链接中	暗夜守护者：最后的英雄
暗夜守护者：最后的英雄数据已存在 1
正在爬取链接中	暗夜守护者：头奖
暗夜守护者：头奖数据已存在 1
正在爬取第164页的数据
正在爬取链接中	暗夜守护者：曼谷抢劫
暗夜守护者：曼谷抢劫数据已存在 1
正在爬取链接中	恶魔湾
恶魔湾数据已存在 1
正在爬取链接中	游戏改变者2015
游戏改变者2015数据已存在 1
正在爬取链接中	猛鬼佛跳墙
猛鬼佛跳墙数据已存在 1
正在爬取链接中	意志的胜利
意志的胜利数据已存在 1
正在爬取链接中	对空射击组
对空射击组数据已存在 1
正在爬取链接中	大进军之南线大追歼
大进军之南线大追歼数据已存在 1
正在爬取链接中	冰上捍卫者
冰上捍卫者数据已存在 1
正在爬取链接中	冰峰游戏
冰峰游戏数据已存在 1
正在爬取链接中	绝味之路
绝味之路数据已存在 1
正在爬取链接中	四个小伙伴
四个小伙伴数据已存在 1
正在爬取链接中	狮入羊口
狮入羊口数据已存在 1
正在爬取链接中	青春万岁
青春万岁数据已存在 1
正在爬取链接中	黎巴嫩
黎巴嫩数据已存在 1
正在爬取链接中	终点站
终点站数据已存在 1
正在爬取链接中	荔枝光俱乐部
荔枝光俱乐部数据已存在 1
正在爬取链接中	湖畔的陌生人
湖畔的陌生人数据已存在 1
正在爬取链接中	格斗场
格斗场数据已存在 1
正在爬取链接中	龟甲秘事之拨云见日
龟甲秘事之拨云见日数据已存在 1
正在爬取链接中	比佛利武士
比佛利武士数据已存在 1
正在爬取链接中	机械陪伴
机械陪伴数据已存在 1
正在爬取链接中	郊区的鸟
郊区的鸟数据已存在 1
正在爬取链接中	完美杀手之家
完美杀手之家数据已存在 1
正在爬取链接中	向往的生活电影
向往的生活电影数据已存在 1
正在爬取链接中	姐妹老板
姐妹老板数据已存在 1
正在爬取链接中	普通之爱
普通之爱数据已存在 1
正在爬取链接中	节奏组
节奏组数据已存在 1
正在爬取链接中	拧紧
拧紧数据已存在 1
正在爬取链接中	基和皮尔 超级碗特辑
基和皮尔 超级碗特辑数据已存在 1
正在爬取链接中	13骇人游戏2014
13骇人游戏2014数据已存在 1
正在爬取链接中	双世神灯
双世神灯数据已存在 1
正在爬取链接中	老寨2011
老寨2011数据已存在 1
正在爬取链接中	老寨2013
老寨2013数据已存在 1
正在爬取链接中	蓝风筝
蓝风筝数据已存在 1
正在爬取链接中	吸血鬼猎人D
吸血鬼猎人D数据已存在 1
正在爬取链接中	危险第三情
危险第三情数据已存在 1
正在爬取链接中	蜜月
蜜月数据已存在 1
正在爬取链接中	日子2020
日子2020数据已存在 1
正在爬取链接中	复仇之战
复仇之战数据已存在 1
正在爬取链接中	无人生还2015
无人生还2015数据已存在 1
正在爬取链接中	无境之兽
无境之兽数据已存在 1
正在爬取链接中	叛乱的诞生
叛乱的诞生数据已存在 1
正在爬取链接中	女仆未删剪
女仆未删剪数据已存在 1
正在爬取链接中	柠檬可乐
柠檬可乐数据已存在 1
正在爬取链接中	完美男人
完美男人数据已存在 1
正在爬取链接中	少林寺
少林寺数据已存在 1
正在爬取链接中	难忘中学时光
难忘中学时光数据已存在 1
正在爬取链接中	怪医杜立德
怪医杜立德数据已存在 1
正在爬取第165页的数据
正在爬取链接中	幪面大侠
幪面大侠数据已存在 1
正在爬取链接中	阿琳娜
阿琳娜数据已存在 1
正在爬取链接中	BBC地平线之雪崩.引发致命暴风雪
BBC地平线之雪崩.引发致命暴风雪数据已存在 1
正在爬取链接中	BBC地平线之维生素片.神奇还是神话
BBC地平线之维生素片.神奇还是神话数据已存在 1
正在爬取链接中	BBC地平线之人工智能问诊
BBC地平线之人工智能问诊数据已存在 1
正在爬取链接中	BBC地平线之BBC口服避孕药究竟有多安全
BBC地平线之BBC口服避孕药究竟有多安全数据已存在 1
正在爬取链接中	霹雳拳
霹雳拳数据已存在 1
正在爬取链接中	十八般武艺
十八般武艺数据已存在 1
正在爬取链接中	女朋友○男朋友
女朋友○男朋友数据已存在 1
正在爬取链接中	东京活死人偶像
东京活死人偶像数据已存在 1
正在爬取链接中	古今大战秦俑情电影版
古今大战秦俑情电影版数据已存在 1
正在爬取链接中	东邪西毒
东邪西毒数据已存在 1
正在爬取链接中	午夜大逃亡
午夜大逃亡数据已存在 1
正在爬取链接中	血腥的宽恕
血腥的宽恕数据已存在 1
正在爬取链接中	瑞奇
瑞奇数据已存在 1
正在爬取链接中	胖虎日记
胖虎日记数据已存在 1
正在爬取链接中	巨变之后：人口为零
巨变之后：人口为零数据已存在 1
正在爬取链接中	飙风战警
飙风战警数据已存在 1
正在爬取链接中	坦克女郎
坦克女郎数据已存在 1
正在爬取链接中	来自天堂的礼物
来自天堂的礼物数据已存在 1
正在爬取链接中	苦甜巧克力
苦甜巧克力数据已存在 1
正在爬取链接中	怪医杜立德3
怪医杜立德3数据已存在 1
正在爬取链接中	六欲天
六欲天数据已存在 1
正在爬取链接中	怪医杜立德1
怪医杜立德1数据已存在 1
正在爬取链接中	美国先生
美国先生数据已存在 1
正在爬取链接中	御姐玫瑰2
御姐玫瑰2数据已存在 1
正在爬取链接中	善良妈妈的朋友3
善良妈妈的朋友3数据已存在 1
正在爬取链接中	妈妈的朋友6
妈妈的朋友6数据已存在 1
正在爬取链接中	年轻妈妈的朋友2
年轻妈妈的朋友2数据已存在 1
正在爬取链接中	罗曼史：妈妈的朋友2
罗曼史：妈妈的朋友2数据已存在 1
正在爬取链接中	宽宥
宽宥数据已存在 1
正在爬取链接中	美国：从自由到法西斯主义
美国：从自由到法西斯主义数据已存在 1
正在爬取链接中	永远的兄弟之八拜之交
永远的兄弟之八拜之交数据已存在 1
正在爬取链接中	说电影《瑞奇》
说电影《瑞奇》数据已存在 1
正在爬取链接中	瑞奇的神话
瑞奇的神话数据已存在 1
正在爬取链接中	隔绝
隔绝数据已存在 1
正在爬取链接中	杀人蜂入侵
杀人蜂入侵数据已存在 1
正在爬取链接中	国际瀑布城
国际瀑布城数据已存在 1
正在爬取链接中	军人的妻子
军人的妻子数据已存在 1
正在爬取链接中	超级医院2020
超级医院2020数据已存在 1
正在爬取链接中	被涂污的鸟
被涂污的鸟数据已存在 1
正在爬取链接中	人鬼交易所
人鬼交易所数据已存在 1
正在爬取链接中	说电影《人鬼交易所》
说电影《人鬼交易所》数据已存在 1
正在爬取链接中	绝命47小时
绝命47小时数据已存在 1
正在爬取链接中	我在中国做电影
我在中国做电影数据已存在 1
正在爬取链接中	节奏组
节奏组数据已存在 1
正在爬取链接中	剑蝶
剑蝶数据已存在 1
正在爬取链接中	说电影《血色旅程1最后的献祭》
说电影《血色旅程1最后的献祭》数据已存在 1
正在爬取第166页的数据
正在爬取链接中	说电影《异界》
说电影《异界》数据已存在 1
正在爬取链接中	说电影《无界限》
说电影《无界限》数据已存在 1
正在爬取链接中	说电影《生态箱》
说电影《生态箱》数据已存在 1
正在爬取链接中	说电影《蓝月》
说电影《蓝月》数据已存在 1
正在爬取链接中	说电影《狂蟒之灾2》
说电影《狂蟒之灾2》数据已存在 1
正在爬取链接中	说电影《惊异传奇1地下室》
说电影《惊异传奇1地下室》数据已存在 1
正在爬取链接中	说电影《降龙罗汉》
说电影《降龙罗汉》数据已存在 1
正在爬取链接中	说电影《鬼校亡友10血迹》
说电影《鬼校亡友10血迹》数据已存在 1
正在爬取链接中	说电影《鬼婴庙》
说电影《鬼婴庙》数据已存在 1
正在爬取链接中	说电影《鬼校亡友9不应该知道的事》
说电影《鬼校亡友9不应该知道的事》数据已存在 1
正在爬取链接中	说电影《鬼校亡友8偷拍》
说电影《鬼校亡友8偷拍》数据已存在 1
正在爬取链接中	说电影《第九分局》
说电影《第九分局》数据已存在 1
正在爬取链接中	说电影《巴黎野玫瑰》
说电影《巴黎野玫瑰》数据已存在 1
正在爬取链接中	神拳无敌2020
神拳无敌2020数据已存在 1
正在爬取链接中	碟仙之毕业照
碟仙之毕业照数据已存在 1
正在爬取链接中	午夜逃亡
午夜逃亡数据已存在 1
正在爬取链接中	天兆
天兆数据已存在 1
正在爬取链接中	头痛欲裂
头痛欲裂数据已存在 1
正在爬取链接中	小春与猪排
小春与猪排数据已存在 1
正在爬取链接中	疯人院大作战
疯人院大作战数据已存在 1
正在爬取链接中	逐梦雨人
逐梦雨人数据已存在 1
正在爬取链接中	生死拳速
生死拳速数据已存在 1
正在爬取链接中	恶魔之酸
恶魔之酸数据已存在 1
正在爬取链接中	小男人周记
小男人周记数据已存在 1
正在爬取链接中	铁血警雄
铁血警雄数据已存在 1
正在爬取链接中	琴剑恩仇
琴剑恩仇数据已存在 1
正在爬取链接中	甜蜜杀机
甜蜜杀机数据已存在 1
正在爬取链接中	左右情缘
左右情缘数据已存在 1
正在爬取链接中	天国车站
天国车站数据已存在 1
正在爬取链接中	错点鸳鸯
错点鸳鸯数据已存在 1
正在爬取链接中	人鬼双胞胎
人鬼双胞胎数据已存在 1
正在爬取链接中	对一个不容怀疑的公民的调查
对一个不容怀疑的公民的调查数据已存在 1
正在爬取链接中	失踪2009
失踪2009数据已存在 1
正在爬取链接中	一个馒头引发的的血案
一个馒头引发的的血案数据已存在 1
正在爬取链接中	军人的妻子
军人的妻子数据已存在 1
正在爬取链接中	鸭子和野鸭子的投币式自动存放柜
鸭子和野鸭子的投币式自动存放柜数据已存在 1
正在爬取链接中	耶稣受难记
耶稣受难记数据已存在 1
正在爬取链接中	白领日志
白领日志数据已存在 1
正在爬取链接中	变脸1997
变脸1997数据已存在 1
正在爬取链接中	王的记事簿
王的记事簿数据已存在 1
正在爬取链接中	周恩来
周恩来数据已存在 1
正在爬取链接中	月升王国
月升王国数据已存在 1
正在爬取链接中	新扎师妹3
新扎师妹3数据已存在 1
正在爬取链接中	逐梦雨人
逐梦雨人数据已存在 1
正在爬取链接中	新扎师妹
新扎师妹数据已存在 1
正在爬取链接中	律政俏佳人2
律政俏佳人2数据已存在 1
正在爬取链接中	罪恶的编年史
罪恶的编年史数据已存在 1
正在爬取链接中	疯狂老爹
疯狂老爹数据已存在 1
正在爬取第167页的数据
正在爬取链接中	说电影《最佳出价》
说电影《最佳出价》数据已存在 1
正在爬取链接中	说电影《透明人2》
说电影《透明人2》数据已存在 1
正在爬取链接中	说电影《腰间持枪》
说电影《腰间持枪》数据已存在 1
正在爬取链接中	说电影《通灵车教》
说电影《通灵车教》数据已存在 1
正在爬取链接中	说电影《南山的部长们》
说电影《南山的部长们》数据已存在 1
正在爬取链接中	说电影《狂蟒之灾》
说电影《狂蟒之灾》数据已存在 1
正在爬取链接中	说电影《克罗索巨兽》
说电影《克罗索巨兽》数据已存在 1
正在爬取链接中	说电影《看不见的目击者》
说电影《看不见的目击者》数据已存在 1
正在爬取链接中	说电影《鬼校亡友7深夜违禁》
说电影《鬼校亡友7深夜违禁》数据已存在 1
正在爬取链接中	说电影《鬼校亡友6美丽背后的恐惧》
说电影《鬼校亡友6美丽背后的恐惧》数据已存在 1
正在爬取链接中	说电影《鬼校亡友5帕颂》
说电影《鬼校亡友5帕颂》数据已存在 1
正在爬取链接中	说电影《禁闭岛》
说电影《禁闭岛》数据已存在 1
正在爬取链接中	说电影《鬼校亡友3该死》
说电影《鬼校亡友3该死》数据已存在 1
正在爬取链接中	说电影《鬼校亡友4不想接的未接来电》
说电影《鬼校亡友4不想接的未接来电》数据已存在 1
正在爬取链接中	说电影《爹来靠》
说电影《爹来靠》数据已存在 1
正在爬取链接中	整蛊王
整蛊王数据已存在 1
正在爬取链接中	禁断动画31
禁断动画31数据已存在 1
正在爬取链接中	初恋2020
初恋2020数据已存在 1
正在爬取链接中	省港旗兵3：逃出香港
省港旗兵3：逃出香港数据已存在 1
正在爬取链接中	诺曼人：维京传奇
诺曼人：维京传奇数据已存在 1
正在爬取链接中	莫里埃尔
莫里埃尔数据已存在 1
正在爬取链接中	野兽刑警
野兽刑警数据已存在 1
正在爬取链接中	美国先生
美国先生数据已存在 1
正在爬取链接中	危险性游戏
危险性游戏数据已存在 1
正在爬取链接中	挑逗性游戏
挑逗性游戏数据已存在 1
正在爬取链接中	大象的眼泪
大象的眼泪数据已存在 1
正在爬取链接中	印度支那
印度支那数据已存在 1
正在爬取链接中	从零到我爱你
从零到我爱你数据已存在 1
正在爬取链接中	毛泽东的亲家张文秋
毛泽东的亲家张文秋数据已存在 1
正在爬取链接中	帝女花
帝女花数据已存在 1
正在爬取链接中	阿拉斯加：地球上的冰冻王国
阿拉斯加：地球上的冰冻王国数据已存在 1
正在爬取链接中	上钩
上钩数据已存在 1
正在爬取链接中	马奇男孩
马奇男孩数据已存在 1
正在爬取链接中	黄金宝藏
黄金宝藏数据已存在 1
正在爬取链接中	为儿取名
为儿取名数据已存在 1
正在爬取链接中	赐予者
赐予者数据已存在 1
正在爬取链接中	刑事
刑事数据已存在 1
正在爬取链接中	青蛇之万兽城
青蛇之万兽城数据已存在 1
正在爬取链接中	处刑人
处刑人数据已存在 1
正在爬取链接中	恶魔印记
恶魔印记数据已存在 1
正在爬取链接中	戈梅拉岛
戈梅拉岛数据已存在 1
正在爬取链接中	金鱼公主2020
金鱼公主2020数据已存在 1
正在爬取链接中	汽车维修站
汽车维修站数据已存在 1
正在爬取链接中	黄砖～骗过弗兰克·劳埃德·赖特的男人～
黄砖～骗过弗兰克·劳埃德·赖特的男人～数据已存在 1
正在爬取链接中	唐砖下之灵域双生
唐砖下之灵域双生数据已存在 1
正在爬取链接中	唐砖之地狱花谷
唐砖之地狱花谷数据已存在 1
正在爬取链接中	攻炮砖家
攻炮砖家数据已存在 1
正在爬取链接中	比邻星
比邻星数据已存在 1
正在爬取第168页的数据
正在爬取链接中	魔法奇幻秀
魔法奇幻秀数据已存在 1
正在爬取链接中	说电影《星际叛将：欧西里斯之子》
说电影《星际叛将：欧西里斯之子》数据已存在 1
正在爬取链接中	说电影《终极斗士3：赎罪》
说电影《终极斗士3：赎罪》数据已存在 1
正在爬取链接中	说电影《无声夜》
说电影《无声夜》数据已存在 1
正在爬取链接中	明月在心
明月在心数据已存在 1
正在爬取链接中	罗马假日2017
罗马假日2017数据已存在 1
正在爬取链接中	处子之山
处子之山数据已存在 1
正在爬取链接中	外星人保罗
外星人保罗数据已存在 1
正在爬取链接中	俄罗斯大厦
俄罗斯大厦数据已存在 1
正在爬取链接中	傲气雄鹰
傲气雄鹰数据已存在 1
正在爬取链接中	蜘蛛入侵
蜘蛛入侵数据已存在 1
正在爬取链接中	魔鬼森林
魔鬼森林数据已存在 1
正在爬取链接中	开心遇鬼
开心遇鬼数据已存在 1
正在爬取链接中	猛鬼迫人
猛鬼迫人数据已存在 1
正在爬取链接中	沉默的反抗
沉默的反抗数据已存在 1
正在爬取链接中	炙热纠缠
炙热纠缠数据已存在 1
正在爬取链接中	玻璃樽
玻璃樽数据已存在 1
正在爬取链接中	从不，很少，有时，总是
从不，很少，有时，总是数据已存在 1
正在爬取链接中	义乌通史
义乌通史数据已存在 1
正在爬取链接中	我仍然相信
我仍然相信数据已存在 1
正在爬取链接中	爆烈之城
爆烈之城数据已存在 1
正在爬取链接中	公牛犹斗
公牛犹斗数据已存在 1
正在爬取链接中	南北妈打
南北妈打数据已存在 1
正在爬取链接中	圆月弯刀
圆月弯刀数据已存在 1
正在爬取链接中	寡居的一年
寡居的一年数据已存在 1
正在爬取链接中	说电影《异形魔怪：极寒之日》
说电影《异形魔怪：极寒之日》数据已存在 1
正在爬取链接中	说电影《异形魔怪》
说电影《异形魔怪》数据已存在 1
正在爬取链接中	异形魔怪：极寒之日
异形魔怪：极寒之日数据已存在 1
正在爬取链接中	阴阳师 泷夜叉姬
阴阳师 泷夜叉姬数据已存在 1
正在爬取链接中	阴阳师2020
阴阳师2020数据已存在 1
正在爬取链接中	电锯惊魂
电锯惊魂数据已存在 1
正在爬取链接中	伦敦生活2019
伦敦生活2019数据已存在 1
正在爬取链接中	非诚勿语
非诚勿语数据已存在 1
正在爬取链接中	机器闹鬼
机器闹鬼数据已存在 1
正在爬取链接中	蠢蛋搞怪秀：遗失的录影带
蠢蛋搞怪秀：遗失的录影带数据已存在 1
正在爬取链接中	火山下的人生
火山下的人生数据已存在 1
正在爬取链接中	龙牌之谜
龙牌之谜数据已存在 1
正在爬取链接中	夜店诡谈
夜店诡谈数据已存在 1
正在爬取链接中	蠢蛋搞怪秀3D
蠢蛋搞怪秀3D数据已存在 1
正在爬取链接中	电影人生
电影人生数据已存在 1
正在爬取链接中	外星幻想曲
外星幻想曲数据已存在 1
正在爬取链接中	求爱反斗星
求爱反斗星数据已存在 1
正在爬取链接中	三分之一
三分之一数据已存在 1
正在爬取链接中	日本海大海战
插入成功 0
正在爬取链接中	盲眼杀机
盲眼杀机数据已存在 1
正在爬取链接中	三更之回忆
三更之回忆数据已存在 1
正在爬取链接中	惊魂圣诞节
惊魂圣诞节数据已存在 1
正在爬取链接中	非法入侵
非法入侵数据已存在 1
正在爬取第169页的数据
正在爬取链接中	耶路撒冷
耶路撒冷数据已存在 1
正在爬取链接中	飞渡卷云山
飞渡卷云山数据已存在 1
正在爬取链接中	L
L数据已存在 1
正在爬取链接中	百年潮·中国梦
百年潮·中国梦数据已存在 1
正在爬取链接中	台风
台风数据已存在 1
正在爬取链接中	网上鬼妻
网上鬼妻数据已存在 1
正在爬取链接中	请寻找我
请寻找我数据已存在 1
正在爬取链接中	两代
两代数据已存在 1
正在爬取链接中	炙热纠缠
炙热纠缠数据已存在 1
正在爬取链接中	还在相爱吗？
还在相爱吗？数据已存在 1
正在爬取链接中	咖啡与卡里姆
咖啡与卡里姆数据已存在 1
正在爬取链接中	每况愈下
每况愈下数据已存在 1
正在爬取链接中	疯狂假期
爬取第169页的疯狂假期数据失败！
正在爬取链接中	两代2020
两代2020数据已存在 1
正在爬取链接中	和巴什尔跳华尔兹
和巴什尔跳华尔兹数据已存在 1
正在爬取链接中	山本五十六
山本五十六数据已存在 1
正在爬取链接中	说电影《黑森灵》
说电影《黑森灵》数据已存在 1
正在爬取链接中	说电影《野兽男孩》
说电影《野兽男孩》数据已存在 1
正在爬取链接中	说电影《野性的呼唤》
说电影《野性的呼唤》数据已存在 1
正在爬取链接中	赏金2018
赏金2018数据已存在 1
正在爬取链接中	卡壳
卡壳数据已存在 1
正在爬取链接中	新唐山大兄
新唐山大兄数据已存在 1
正在爬取链接中	末日迷踪：下一代
末日迷踪：下一代数据已存在 1
正在爬取链接中	美满归宿
美满归宿数据已存在 1
正在爬取链接中	1303大厦
1303大厦数据已存在 1
正在爬取链接中	变异狂蟒2
变异狂蟒2数据已存在 1
正在爬取链接中	公牛2019
公牛2019数据已存在 1
正在爬取链接中	灵兽2020
灵兽2020数据已存在 1
正在爬取链接中	关于往东的回忆
关于往东的回忆数据已存在 1
正在爬取链接中	散焦
散焦数据已存在 1
正在爬取链接中	轰炸（波斯语）
轰炸（波斯语）数据已存在 1
正在爬取链接中	欺世盗名2020
欺世盗名2020数据已存在 1
正在爬取链接中	美丽的日子
美丽的日子数据已存在 1
正在爬取链接中	暖暖内含光
暖暖内含光数据已存在 1
正在爬取链接中	伦敦生活剧场版
伦敦生活剧场版数据已存在 1
正在爬取链接中	说电影《午夜怪谈》
说电影《午夜怪谈》数据已存在 1
正在爬取链接中	说电影《灵气逼人》
说电影《灵气逼人》数据已存在 1
正在爬取链接中	说电影《如梦初醒》
说电影《如梦初醒》数据已存在 1
正在爬取链接中	说电影《看护》
说电影《看护》数据已存在 1
正在爬取链接中	说电影《饥饿站台》
说电影《饥饿站台》数据已存在 1
正在爬取链接中	说电影《饥饿站台》
说电影《饥饿站台》数据已存在 1
正在爬取链接中	说电影《鬼校亡友2为爱而死》
说电影《鬼校亡友2为爱而死》数据已存在 1
正在爬取链接中	说电影《鬼入镜：灵之鬼迹》
说电影《鬼入镜：灵之鬼迹》数据已存在 1
正在爬取链接中	说电影《鬼入镜：灵之鬼迹》
说电影《鬼入镜：灵之鬼迹》数据已存在 1
正在爬取链接中	说电影《鬼校亡友1哇妮达》
说电影《鬼校亡友1哇妮达》数据已存在 1
正在爬取链接中	说电影《鬼校亡友1哇妮达》
说电影《鬼校亡友1哇妮达》数据已存在 1
正在爬取链接中	说电影《盖棺了解》
说电影《盖棺了解》数据已存在 1
正在爬取链接中	说电影《惊魂七夜》
说电影《惊魂七夜》数据已存在 1
正在爬取第170页的数据
正在爬取链接中	说电影《孤寂》
说电影《孤寂》数据已存在 1
正在爬取链接中	说电影《白狗》
说电影《白狗》数据已存在 1
正在爬取链接中	说电影《波基普西录像带》
说电影《波基普西录像带》数据已存在 1
正在爬取链接中	说电影《边境杀手2：边境战士》
说电影《边境杀手2：边境战士》数据已存在 1
正在爬取链接中	碧血蓝天
碧血蓝天数据已存在 1
正在爬取链接中	釜山行
釜山行数据已存在 1
正在爬取链接中	生化危机6：终章
生化危机6：终章数据已存在 1
正在爬取链接中	异形大战阿凡达
异形大战阿凡达数据已存在 1
正在爬取链接中	异形1
异形1数据已存在 1
正在爬取链接中	异形大战忍者
异形大战忍者数据已存在 1
正在爬取链接中	异形魔怪
异形魔怪数据已存在 1
正在爬取链接中	异形大战铁血战士2
异形大战铁血战士2数据已存在 1
正在爬取链接中	异形大战铁血战士
异形大战铁血战士数据已存在 1
正在爬取链接中	少年骇客：异形群体
少年骇客：异形群体数据已存在 1
正在爬取链接中	异形终结
异形终结数据已存在 1
正在爬取链接中	异形终结2：狩猎
异形终结2：狩猎数据已存在 1
正在爬取链接中	异形：契约
异形：契约数据已存在 1
正在爬取链接中	异形前传：普罗米修斯
异形前传：普罗米修斯数据已存在 1
正在爬取链接中	72小时 东京·下町24小时烤肉店
72小时 东京·下町24小时烤肉店数据已存在 1
正在爬取链接中	东京食尸鬼 真人版2
东京食尸鬼 真人版2数据已存在 1
正在爬取链接中	东京喰种S
东京喰种S数据已存在 1
正在爬取链接中	东京风之交响乐团
东京风之交响乐团数据已存在 1
正在爬取链接中	东京家族
东京家族数据已存在 1
正在爬取链接中	东京逃杀游戏
东京逃杀游戏数据已存在 1
正在爬取链接中	东京无国籍少女
东京无国籍少女数据已存在 1
正在爬取链接中	驯龙拳霸之暴走东京
驯龙拳霸之暴走东京数据已存在 1
正在爬取链接中	剧场版 东京传说 扭曲的异形都市
剧场版 东京传说 扭曲的异形都市数据已存在 1
正在爬取链接中	剧场版 东京传说 恐怖人间地狱
剧场版 东京传说 恐怖人间地狱数据已存在 1
正在爬取链接中	东京闲暇女大学生SP
东京闲暇女大学生SP数据已存在 1
正在爬取链接中	决战异世界
决战异世界数据已存在 1
正在爬取链接中	冰峰暴
冰峰暴数据已存在 1
正在爬取链接中	水浒传之智取生辰纲
水浒传之智取生辰纲数据已存在 1
正在爬取链接中	水浒传之英雄本色
水浒传之英雄本色数据已存在 1
正在爬取链接中	水浒传[1972]
水浒传[1972]数据已存在 1
正在爬取链接中	凡人修真张天师
凡人修真张天师数据已存在 1
正在爬取链接中	十月建造的房屋2
十月建造的房屋2数据已存在 1
正在爬取链接中	重返狼群
重返狼群数据已存在 1
正在爬取链接中	灵兽
灵兽数据已存在 1
正在爬取链接中	牙狼：白夜的魔兽
牙狼：白夜的魔兽数据已存在 1
正在爬取链接中	纯真小镇的夫人
纯真小镇的夫人数据已存在 1
正在爬取链接中	要强的人
要强的人数据已存在 1
正在爬取链接中	动物宝宝第一季
动物宝宝第一季数据已存在 1
正在爬取链接中	卡壳
卡壳数据已存在 1
正在爬取链接中	变异狂蟒2
变异狂蟒2数据已存在 1
正在爬取链接中	怪物们2018
怪物们2018数据已存在 1
正在爬取链接中	孝感天地
孝感天地数据已存在 1
正在爬取链接中	天涯海角
天涯海角数据已存在 1
正在爬取链接中	星座趣谭
星座趣谭数据已存在 1
正在爬取第171页的数据
正在爬取链接中	寻找珊瑚海
寻找珊瑚海数据已存在 1
正在爬取链接中	辣手美人心
辣手美人心数据已存在 1
正在爬取链接中	突围英雄路 第一季
突围英雄路 第一季数据已存在 1
正在爬取链接中	莱姆酒日记
莱姆酒日记数据已存在 1
正在爬取链接中	第七谎言
第七谎言数据已存在 1
正在爬取链接中	达摩祖师
达摩祖师数据已存在 1
正在爬取链接中	爱到尽头
爱到尽头数据已存在 1
正在爬取链接中	国父孙中山与开国英雄
国父孙中山与开国英雄数据已存在 1
正在爬取链接中	莱茵河:人与自然的对决
莱茵河:人与自然的对决数据已存在 1
正在爬取链接中	BBC伟大的男高音是如何炼成的
BBC伟大的男高音是如何炼成的数据已存在 1
正在爬取链接中	最后的香格里拉
最后的香格里拉数据已存在 1
正在爬取链接中	盲人律师
盲人律师数据已存在 1
正在爬取链接中	人间失格：太宰治和三个女人们
人间失格：太宰治和三个女人们数据已存在 1
正在爬取链接中	兽兵卫忍风帖
兽兵卫忍风帖数据已存在 1
正在爬取链接中	血之魔术师2007
血之魔术师2007数据已存在 1
正在爬取链接中	大火将至
大火将至数据已存在 1
正在爬取链接中	恶魔印记（西班牙语）
恶魔印记（西班牙语）数据已存在 1
正在爬取链接中	抓住救命稻草的野兽们
抓住救命稻草的野兽们数据已存在 1
正在爬取链接中	血战1944
血战1944数据已存在 1
正在爬取链接中	大地情书
大地情书数据已存在 1
正在爬取链接中	一首小夜曲
一首小夜曲数据已存在 1
正在爬取链接中	纸上谋杀
纸上谋杀数据已存在 1
正在爬取链接中	北之樱守
北之樱守数据已存在 1
正在爬取链接中	海湾别墅
海湾别墅数据已存在 1
正在爬取链接中	说电影《最后的农场》
说电影《最后的农场》数据已存在 1
正在爬取链接中	说电影《续命游戏》
说电影《续命游戏》数据已存在 1
正在爬取链接中	说电影《午夜逃亡》
说电影《午夜逃亡》数据已存在 1
正在爬取链接中	说电影《威震太阳神》
说电影《威震太阳神》数据已存在 1
正在爬取链接中	说电影《抓住那个家伙》
说电影《抓住那个家伙》数据已存在 1
正在爬取链接中	说电影《天兆》
说电影《天兆》数据已存在 1
正在爬取链接中	说电影《天袭》
说电影《天袭》数据已存在 1
正在爬取链接中	说电影《太阳神的诅咒》
说电影《太阳神的诅咒》数据已存在 1
正在爬取链接中	说电影《睡美人的诅咒》
说电影《睡美人的诅咒》数据已存在 1
正在爬取链接中	说电影《世界大战》
说电影《世界大战》数据已存在 1
正在爬取链接中	说电影《落水姻缘》
说电影《落水姻缘》数据已存在 1
正在爬取链接中	新娘2017
新娘2017数据已存在 1
正在爬取链接中	说电影《狂暴巨兽》
说电影《狂暴巨兽》数据已存在 1
正在爬取链接中	说电影《碟中谍》
说电影《碟中谍》数据已存在 1
正在爬取链接中	最后一日
最后一日数据已存在 1
正在爬取链接中	说电影《陈情令之生魂》
说电影《陈情令之生魂》数据已存在 1
正在爬取链接中	现代角斗士
现代角斗士数据已存在 1
正在爬取链接中	爱未知2017
爱未知2017数据已存在 1
正在爬取链接中	妈妈的笔记本
妈妈的笔记本数据已存在 1
正在爬取链接中	狂暴3：击倒总统
狂暴3：击倒总统数据已存在 1
正在爬取链接中	巴啦啦小魔仙之魔法的考验
巴啦啦小魔仙之魔法的考验数据已存在 1
正在爬取链接中	奇趣美术馆第一季
奇趣美术馆第一季数据已存在 1
正在爬取链接中	奇趣美术馆第二季
插入成功 0
正在爬取链接中	说电影《巴比伦纪元》
爬取第171页的说电影《巴比伦纪元》数据失败！
正在爬取第172页的数据
正在爬取链接中	说电影《世界大战》
说电影《世界大战》数据已存在 1
正在爬取链接中	说电影《落水姻缘》
说电影《落水姻缘》数据已存在 1
正在爬取链接中	新娘2017
新娘2017数据已存在 1
正在爬取链接中	说电影《狂暴巨兽》
说电影《狂暴巨兽》数据已存在 1
正在爬取链接中	说电影《碟中谍》
说电影《碟中谍》数据已存在 1
正在爬取链接中	最后一日
最后一日数据已存在 1
正在爬取链接中	说电影《陈情令之生魂》
说电影《陈情令之生魂》数据已存在 1
正在爬取链接中	现代角斗士
现代角斗士数据已存在 1
正在爬取链接中	爱未知2017
爱未知2017数据已存在 1
正在爬取链接中	妈妈的笔记本
妈妈的笔记本数据已存在 1
正在爬取链接中	狂暴3：击倒总统
狂暴3：击倒总统数据已存在 1
正在爬取链接中	巴啦啦小魔仙之魔法的考验
巴啦啦小魔仙之魔法的考验数据已存在 1
正在爬取链接中	奇趣美术馆第一季
奇趣美术馆第一季数据已存在 1
正在爬取链接中	奇趣美术馆第二季
奇趣美术馆第二季数据已存在 1
正在爬取链接中	说电影《巴比伦纪元》
插入成功 0
正在爬取链接中	妈妈的笔记本
插入成功 0
正在爬取链接中	狂暴3：击倒总统
插入成功 0
正在爬取链接中	僵尸高校
插入成功 0
正在爬取链接中	巴啦啦小魔仙之魔法的考验
插入成功 0
正在爬取链接中	现代角斗士
插入成功 0
正在爬取链接中	圆明园
插入成功 0
正在爬取链接中	腐尸
插入成功 0
正在爬取链接中	地狱没有边界
插入成功 0
正在爬取链接中	奇趣美术馆第二季
插入成功 0
正在爬取链接中	奇趣美术馆第一季
插入成功 0
正在爬取链接中	冰人2019
插入成功 0
正在爬取链接中	坦克大决战
插入成功 0
正在爬取链接中	杀手悲歌
插入成功 0
正在爬取链接中	男神
插入成功 0
正在爬取链接中	龙虎少爷
插入成功 0
正在爬取链接中	印度超人
插入成功 0
正在爬取链接中	时失2公里
插入成功 0
正在爬取链接中	赌场
插入成功 0
正在爬取链接中	危险职位
插入成功 0
正在爬取链接中	崮上情天
插入成功 0
正在爬取链接中	未来机器城
插入成功 0
正在爬取链接中	黄庙村之魔棺新娘
插入成功 0
正在爬取链接中	鬼屋大电影
插入成功 0
正在爬取链接中	马铃薯3Spud3
插入成功 0
正在爬取链接中	马铃薯2Spud2
插入成功 0
正在爬取链接中	看见台湾
插入成功 0
正在爬取链接中	马铃薯Spud1
插入成功 0
正在爬取链接中	毕业生1967
插入成功 0
正在爬取链接中	托斯卡纳艳阳下
插入成功 0
正在爬取链接中	不存在于记忆中
插入成功 0
正在爬取链接中	烟花1995
插入成功 0
正在爬取链接中	美好年代
插入成功 0
正在爬取链接中	呼吸2018
插入成功 0
正在爬取第173页的数据
正在爬取链接中	绝境希望
插入成功 0
正在爬取链接中	超级青春期
插入成功 0
正在爬取链接中	亚瑟王：神剑崛起
插入成功 0
正在爬取链接中	如父如母
插入成功 0
正在爬取链接中	迫切营救2019
插入成功 0
正在爬取链接中	国际瀑布城
插入成功 0
正在爬取链接中	祭旗
插入成功 0
正在爬取链接中	预言
插入成功 0
正在爬取链接中	人生北行
插入成功 0
正在爬取链接中	轻松+愉快
插入成功 0
正在爬取链接中	大路
插入成功 0
正在爬取链接中	珊瑚海的战斗
插入成功 0
正在爬取链接中	古老的庭院
插入成功 0
正在爬取链接中	被涂污的鸟
插入成功 0
正在爬取链接中	皆大欢喜1993
爬取第173页的皆大欢喜1993数据失败！
正在爬取链接中	特技双雄
插入成功 0
正在爬取链接中	文雀
插入成功 0
正在爬取链接中	孔雀王子
插入成功 0
正在爬取链接中	飞鹰计划
插入成功 0
正在爬取链接中	红番区
插入成功 0
正在爬取链接中	渡念师
插入成功 0
正在爬取链接中	猛龙
插入成功 0
正在爬取链接中	我是谁
插入成功 0
正在爬取链接中	异教徒2006
插入成功 0
正在爬取链接中	异教徒1973
插入成功 0
正在爬取链接中	寒单
插入成功 0
正在爬取链接中	爱吃拉面的小泉同学 二代目
插入成功 0
正在爬取链接中	A-1头条
插入成功 0
正在爬取链接中	血拼大西洋
插入成功 0
正在爬取链接中	看不见的枕边人
插入成功 0
正在爬取链接中	秋喜
插入成功 0
正在爬取链接中	穷街陋巷
插入成功 0
正在爬取链接中	隔世鬼奸情
插入成功 0
正在爬取链接中	落鸟
插入成功 0
正在爬取链接中	格斗女王的争胜人生
插入成功 0
正在爬取链接中	阳光下的葡萄干
插入成功 0
正在爬取链接中	花样男子最终章
插入成功 0
正在爬取链接中	百变神偷
插入成功 0
正在爬取链接中	陨石撞地球
插入成功 0
正在爬取链接中	野兽之瞳
插入成功 0
正在爬取链接中	夏之日、君之声
插入成功 0
正在爬取链接中	最强兵器女子高中生丽香
插入成功 0
正在爬取链接中	狩猎聚会
插入成功 0
正在爬取链接中	少女从军记
插入成功 0
正在爬取链接中	沙普的荣誉
插入成功 0
正在爬取链接中	盲眼的淑则老师
插入成功 0
正在爬取链接中	妈妈错了
插入成功 0
正在爬取链接中	龙息少年
插入成功 0
正在爬取第174页的数据
正在爬取链接中	穿越时空之大清宫祠
插入成功 0
正在爬取链接中	3分钟先生
插入成功 0
正在爬取链接中	穷山恶水
插入成功 0
正在爬取链接中	时光倒流七十年
插入成功 0
正在爬取链接中	呼吸2018韩版
插入成功 0
正在爬取链接中	鹳鸟踟蹰
插入成功 0
正在爬取链接中	流氓千王
插入成功 0
正在爬取链接中	十字架上的女人
插入成功 0
正在爬取链接中	无码青春期
插入成功 0
爬取第174页的无码青春期数据失败！
正在爬取链接中	特务妈咪
插入成功 0
正在爬取链接中	麻辣学院
插入成功 0
正在爬取链接中	说电影《巫婆娃娃的诅咒》
插入成功 0
正在爬取链接中	说电影《恕不原谅》
插入成功 0
正在爬取链接中	说电影《幼兽》
爬取第174页的说电影《幼兽》数据失败！
正在爬取链接中	说电影《闪亮的眼睛》
插入成功 0
正在爬取链接中	说电影《木乃伊》
插入成功 0
正在爬取链接中	说电影《邻家有鬼》
插入成功 0
正在爬取链接中	说电影《恐怖毕业照2》
插入成功 0
正在爬取链接中	说电影《家庭血液》
插入成功 0
正在爬取链接中	说电影《裂口女》
插入成功 0
正在爬取链接中	说电影《黑暗的触摸》
插入成功 0
正在爬取链接中	说电影《怪案》
插入成功 0
正在爬取链接中	鹿先生
插入成功 0
正在爬取链接中	逃离生存营
插入成功 0
正在爬取链接中	薪火相传
插入成功 0
正在爬取链接中	爆裂之城
插入成功 0
正在爬取链接中	矿民、马夫、尘肺病
插入成功 0
正在爬取链接中	说电影《黑暗》
插入成功 0
正在爬取链接中	说电影《碟仙之毕业照》
插入成功 0
正在爬取链接中	说电影《不寒而栗》
插入成功 0
正在爬取链接中	说电影《边境杀手》
插入成功 0
正在爬取链接中	要命的小方
插入成功 0
正在爬取链接中	摇滚吉他梦
插入成功 0
正在爬取链接中	面孔：20世纪传奇人物
插入成功 0
正在爬取链接中	蓝色吉祥物
插入成功 0
正在爬取链接中	剑气萧萧孔雀翎
插入成功 0
正在爬取链接中	驴子巴特萨
插入成功 0
正在爬取链接中	惊涛迷局
插入成功 0
正在爬取链接中	大剧院
插入成功 0
正在爬取链接中	省港一号通缉犯
插入成功 0
正在爬取链接中	白雪公主和三只小猪
插入成功 0
正在爬取链接中	过界男女
插入成功 0
正在爬取链接中	加州梦
插入成功 0
正在爬取链接中	嗅觉搜查官特别篇
插入成功 0
正在爬取链接中	丧尸出笼
插入成功 0
正在爬取链接中	碧血洗银枪
插入成功 0
正在爬取链接中	白玉京
插入成功 0
正在爬取第175页的数据
正在爬取链接中	铁翼重生之绝境勇士
插入成功 0
正在爬取链接中	坐在我身后的女孩
插入成功 0
正在爬取链接中	再婚的技术
插入成功 0
正在爬取链接中	刺猬索尼克
插入成功 0
正在爬取链接中	战争未了
插入成功 0
正在爬取链接中	香港小姐写真
插入成功 0
正在爬取链接中	地球热带岛屿第一季1
插入成功 0
正在爬取链接中	恐怖鸡
插入成功 0
正在爬取链接中	万岁老妈
插入成功 0
正在爬取链接中	味色小廚
插入成功 0
正在爬取链接中	消失吧，群青
插入成功 0
正在爬取链接中	托博尔
插入成功 0
正在爬取链接中	风云破
插入成功 0
正在爬取链接中	不要让他们进入
插入成功 0
正在爬取链接中	丑态百出
插入成功 0
正在爬取链接中	复仇2018
插入成功 0
正在爬取链接中	极品伏妖师
插入成功 0
正在爬取链接中	水鬼
插入成功 0
正在爬取链接中	眩晕症
插入成功 0
正在爬取链接中	杨大郎智斗沙门寨
插入成功 0
正在爬取链接中	姐姐
插入成功 0
正在爬取链接中	巴里·林登
插入成功 0
正在爬取链接中	魔警杀手1997
插入成功 0
正在爬取链接中	暴走妈妈
插入成功 0
正在爬取链接中	北漂爱情故事
插入成功 0
正在爬取链接中	韩国钧
插入成功 0
正在爬取链接中	梦幻山庄覆灭记
插入成功 0
正在爬取链接中	切勿吞食
插入成功 0
正在爬取链接中	不眠之夜
插入成功 0
正在爬取链接中	大玩家1992
插入成功 0
正在爬取链接中	昆西四季
插入成功 0
正在爬取链接中	热爱2014
插入成功 0
正在爬取链接中	中泰拳坛生死战
插入成功 0
正在爬取链接中	魔警杀手
插入成功 0
正在爬取链接中	赤子冰心
插入成功 0
正在爬取链接中	名侦探柯南：第十四个目标
插入成功 0
正在爬取链接中	诊所惊魂
插入成功 0
正在爬取链接中	机遇之歌
插入成功 0
正在爬取链接中	雷德白
插入成功 0
正在爬取链接中	逃离生存营2020
插入成功 0
正在爬取链接中	卢斯塔姆餐厅
插入成功 0
正在爬取链接中	中华英雄
插入成功 0
正在爬取链接中	捕风汉子
插入成功 0
正在爬取链接中	味色小厨
插入成功 0
正在爬取链接中	超越极限2017
插入成功 0
正在爬取链接中	爱吃拉面的小泉同学二代目
插入成功 0
正在爬取链接中	统治
插入成功 0
正在爬取链接中	新版降头女王
插入成功 0
正在爬取第176页的数据
正在爬取链接中	是，大臣圣诞特辑
插入成功 0
正在爬取链接中	说电影《奇妙世纪之洗发女的秘密》
插入成功 0
正在爬取链接中	说电影《你的孩子不是你的孩子之孔雀》
插入成功 0
正在爬取链接中	说电影《凶手还未睡》
插入成功 0
正在爬取链接中	说电影《末日黄昏》
插入成功 0
正在爬取链接中	说电影《灵魂摆渡之色戒》
插入成功 0
正在爬取链接中	说电影《聊斋变异之陆判》
插入成功 0
正在爬取链接中	说电影《两句恐怖故事之那晚我没锁门》
插入成功 0
正在爬取链接中	说电影《锦毛鼠之涅槃重生》
插入成功 0
正在爬取链接中	说电影《来看我吧》
插入成功 0
正在爬取链接中	说电影《火腿》
插入成功 0
正在爬取链接中	说电影《剧场灵发来的邀请函之永远》
插入成功 0
正在爬取链接中	说电影《被镜子抛弃的男人》
插入成功 0
正在爬取链接中	说电影《躲藏》
插入成功 0
正在爬取链接中	说电影《9号秘事：伯尼克利夫顿的更衣室》
插入成功 0
正在爬取链接中	凶宅惊魂2020
插入成功 0
正在爬取链接中	BBC地平线之安慰剂试验
插入成功 0
正在爬取链接中	鬼马两金刚
插入成功 0
正在爬取链接中	剑女幽魂
插入成功 0
正在爬取链接中	奇门怪招烂头蟀
插入成功 0
正在爬取链接中	神通术与小霸王
爬取第176页的神通术与小霸王数据失败！
正在爬取链接中	隐身女侠
插入成功 0
正在爬取链接中	金印仇
爬取第176页的金印仇数据失败！
正在爬取链接中	幸存者2018
爬取第176页的幸存者2018数据失败！
正在爬取链接中	地久天长2019
插入成功 0
正在爬取链接中	夜去晨来
插入成功 0
爬取第176页的夜去晨来数据失败！
正在爬取链接中	方世玉之决战水怪
插入成功 0
正在爬取链接中	青春期-原来你还在那里
插入成功 0
正在爬取链接中	BBC地平线之人工智能指南
插入成功 0
正在爬取链接中	BBC地平线之生物钟身体运转的奥秘
插入成功 0
正在爬取链接中	BBC地平线之一周不说谎之诚实实验
插入成功 0
正在爬取链接中	力王之黑色擂台
插入成功 0
正在爬取链接中	那夜四次
插入成功 0
正在爬取链接中	人蛇欲血战之与蛇共舞
插入成功 0
正在爬取链接中	飞越老人院
插入成功 0
正在爬取链接中	逃离生存营
插入成功 0
正在爬取链接中	保姆之死
插入成功 0
正在爬取链接中	王者少年
插入成功 0
正在爬取链接中	三日刺杀
插入成功 0
正在爬取链接中	雄狮2
插入成功 0
正在爬取链接中	狼人镇
插入成功 0
正在爬取链接中	寂静的房子
插入成功 0
正在爬取链接中	真实故事
插入成功 0
正在爬取链接中	黑钱第二季
插入成功 0
正在爬取链接中	战俘计划
插入成功 0
正在爬取链接中	活女丧尸夜
插入成功 0
正在爬取链接中	丛林热
插入成功 0
正在爬取第177页的数据
正在爬取链接中	苍白骑士
插入成功 0
正在爬取链接中	夜更管理员
插入成功 0
正在爬取链接中	瑞普凡温克尔的新娘2016
插入成功 0
正在爬取链接中	龙桥
插入成功 0
正在爬取链接中	金田一少年事件簿狱门塾杀人事件
插入成功 0
正在爬取链接中	大咖驾到2017
插入成功 0
正在爬取链接中	不死的讨债人
插入成功 0
正在爬取链接中	强蚁
插入成功 0
正在爬取链接中	威廉泽罗的重建
插入成功 0
正在爬取链接中	假死新人生
插入成功 0
正在爬取链接中	演员就是演员
插入成功 0
正在爬取链接中	华沙起义
插入成功 0
正在爬取链接中	求主垂怜
插入成功 0
正在爬取链接中	一个人的突击队
插入成功 0
正在爬取链接中	北京55日
插入成功 0
正在爬取链接中	心中的杀手
插入成功 0
正在爬取链接中	幕末高校生
插入成功 0
正在爬取链接中	罗马帝国：鲜血的统治第一季
插入成功 0
正在爬取链接中	大抗战
爬取第177页的大抗战数据失败！
正在爬取链接中	摩天雄鹰
爬取第177页的摩天雄鹰数据失败！
正在爬取链接中	一切皆允
插入成功 0
正在爬取链接中	说电影《驻颜有术》
插入成功 0
正在爬取链接中	说电影《蜘蛛女》
插入成功 0
正在爬取链接中	说电影《以兽之名》
插入成功 0
正在爬取链接中	说电影《新·奥特Q之人类的尊严》
插入成功 0
正在爬取链接中	说电影《瘦到死》
插入成功 0
正在爬取链接中	说电影《新·奥特Q之东京条约》
插入成功 0
正在爬取链接中	说电影《奇妙世纪之贤妻漫游计划》
插入成功 0
正在爬取链接中	说电影《灵魂摆渡之五公子》
插入成功 0
正在爬取链接中	说电影《奇妙世纪之幻想麻辣锅》
插入成功 0
正在爬取链接中	说电影《九号秘事之巫女审判案》
插入成功 0
正在爬取链接中	说电影《尖叫制片厂》
插入成功 0
正在爬取链接中	说电影《坏机器人》
插入成功 0
正在爬取链接中	说电影《暴走恐怖故事之暴食》
插入成功 0
正在爬取链接中	说电影《狄仁杰之深海龙宫》
插入成功 0
正在爬取链接中	恶劣天气
插入成功 0
正在爬取链接中	点指兵兵
插入成功 0
正在爬取链接中	衣橱
插入成功 0
正在爬取链接中	含泪活着
插入成功 0
正在爬取链接中	谜案
插入成功 0
正在爬取链接中	穿越西伯利亚
插入成功 0
正在爬取链接中	狼人拜恩
插入成功 0
正在爬取链接中	烈火男儿之队长的故事
插入成功 0
正在爬取链接中	牛仔裤的夏天2
插入成功 0
正在爬取链接中	金银岛之战：怪物现身
插入成功 0
正在爬取链接中	27套礼服
插入成功 0
正在爬取链接中	水晶河
插入成功 0
正在爬取链接中	少年托洛茨基
插入成功 0
正在爬取第178页的数据
正在爬取链接中	迷幻公园
插入成功 0
正在爬取链接中	我正处在困境中
插入成功 0
正在爬取链接中	小树的天空
插入成功 0
正在爬取链接中	神探福克斯之护法大师
插入成功 0
正在爬取链接中	夏威夷男孩
插入成功 0
正在爬取链接中	复核调查
插入成功 0
正在爬取链接中	可爱的中国
插入成功 0
正在爬取链接中	说电影《爱在深夜时》
插入成功 0
正在爬取链接中	骚的过火
插入成功 0
正在爬取链接中	大鱼2020
插入成功 0
正在爬取链接中	11-12-13至死不渝
插入成功 0
正在爬取链接中	没有女人的国家
插入成功 0
正在爬取链接中	丁丁与蓝橙子
插入成功 0
正在爬取链接中	妈妈你真棒
插入成功 0
正在爬取链接中	校园疯骚史之舞动青春
插入成功 0
正在爬取链接中	电子竞技在中国
插入成功 0
正在爬取链接中	苏乞儿赵文卓
插入成功 0
正在爬取链接中	白痴
插入成功 0
正在爬取链接中	别忘记你将死
插入成功 0
正在爬取链接中	大眼睛
插入成功 0
正在爬取链接中	铁血江桥
插入成功 0
正在爬取链接中	幸福的味道
插入成功 0
正在爬取链接中	小小代校长
插入成功 0
正在爬取链接中	女朋友&女朋友
插入成功 0
正在爬取链接中	影帝行动
插入成功 0
正在爬取链接中	强哲
插入成功 0
正在爬取链接中	没有其他爱
插入成功 0
正在爬取链接中	粉红佳人之致命情人
插入成功 0
正在爬取链接中	间谍
插入成功 0
正在爬取链接中	圣诞公司 ～圣诞节的秘密
插入成功 0
正在爬取链接中	谜案2020
插入成功 0
正在爬取链接中	时间·猎杀者
插入成功 0
正在爬取链接中	异形起源
插入成功 0
正在爬取链接中	怒
插入成功 0
正在爬取链接中	落樱
插入成功 0
正在爬取链接中	裂合边缘
插入成功 0
正在爬取链接中	当黑夜降临
插入成功 0
正在爬取链接中	2001个疯子
插入成功 0
正在爬取链接中	客途秋恨
插入成功 0
正在爬取链接中	恶虎村
插入成功 0
正在爬取链接中	血洒天牢
插入成功 0
正在爬取链接中	游侠情
插入成功 0
正在爬取链接中	离弃
插入成功 0
正在爬取链接中	7号房的礼物土耳其版
插入成功 0
正在爬取链接中	伯特·克莱歇尔：嘿！大块头
插入成功 0
正在爬取链接中	壁男
插入成功 0
正在爬取链接中	死者的孩子
插入成功 0
正在爬取链接中	B计划1998
插入成功 0
正在爬取第179页的数据
正在爬取链接中	坏心肠
插入成功 0
正在爬取链接中	生态箱
插入成功 0
正在爬取链接中	伟大的巴克·霍华德
插入成功 0
正在爬取链接中	假日劫
插入成功 0
正在爬取链接中	时光机
插入成功 0
正在爬取链接中	天使的印迹：苦难
插入成功 0
正在爬取链接中	天使的印迹：苦难
插入成功 0
正在爬取链接中	我的白大褂
插入成功 0
正在爬取链接中	人力资本
插入成功 0
正在爬取链接中	金榜题名
插入成功 0
正在爬取链接中	醇美人生
插入成功 0
正在爬取链接中	阳光灿烂的夏天
插入成功 0
正在爬取链接中	跟上斯坦一家
插入成功 0
正在爬取链接中	梦精记2
插入成功 0
正在爬取链接中	老娘闹革命
插入成功 0
正在爬取链接中	追梦的山里娃
插入成功 0
正在爬取链接中	落第秀才
插入成功 0
正在爬取链接中	正牌韦小宝之奉旨沟女
插入成功 0
正在爬取链接中	宗师
插入成功 0
正在爬取链接中	自古英雄出少年之岳飞
插入成功 0
正在爬取链接中	妈妈的宝贝
插入成功 0
正在爬取链接中	孤独二兄弟
插入成功 0
正在爬取链接中	笔录人生
插入成功 0
正在爬取链接中	结婚证书
插入成功 0
正在爬取链接中	说电影《婴尸》
插入成功 0
正在爬取链接中	说电影《快进者》
插入成功 0
正在爬取链接中	说电影《悲伤电影》
插入成功 0
正在爬取链接中	三女性3
插入成功 0
正在爬取链接中	为爱毁灭
插入成功 0
正在爬取链接中	夺棍
插入成功 0
正在爬取链接中	王牌对王牌
插入成功 0
正在爬取链接中	英雄之城2020
插入成功 0
正在爬取链接中	爱情飞逝
插入成功 0
正在爬取链接中	假日劫
插入成功 0
正在爬取链接中	爱欲修道院
插入成功 0
正在爬取链接中	爱的小夜曲
插入成功 0
正在爬取链接中	潮州大兄
插入成功 0
正在爬取链接中	喋血悍将
插入成功 0
正在爬取链接中	古惑镇激斗少年
插入成功 0
正在爬取链接中	老兵
插入成功 0
正在爬取链接中	彭公奇案
插入成功 0
正在爬取链接中	火凤凰
插入成功 0
正在爬取链接中	山之外
插入成功 0
正在爬取链接中	怪物惊魂
插入成功 0
正在爬取链接中	金科长
插入成功 0
正在爬取链接中	归去来2011
插入成功 0
正在爬取链接中	波牛
插入成功 0
正在爬取链接中	愉快的人生
插入成功 0
正在爬取第180页的数据
正在爬取链接中	小屁孩日记
插入成功 0
正在爬取链接中	熟悉的陌生人
插入成功 0
正在爬取链接中	航海王之黄金城
插入成功 0
正在爬取链接中	人民解放军在巴黎
插入成功 0
正在爬取链接中	霹雳火
插入成功 0
正在爬取链接中	绝对好奇：纳芙蒂蒂木乃伊之谜
插入成功 0
正在爬取链接中	绝对好奇：细胞战场
插入成功 0
正在爬取链接中	武侠
插入成功 0
正在爬取链接中	暴力街区
插入成功 0
正在爬取链接中	爱在乌江古城
插入成功 0
正在爬取链接中	许茂和他的女儿们
插入成功 0
正在爬取链接中	魔术师2006
插入成功 0
正在爬取链接中	超级魔术师
插入成功 0
正在爬取链接中	大魔术师
插入成功 0
正在爬取链接中	神探
插入成功 0
正在爬取链接中	魔术师
插入成功 0
正在爬取链接中	云南故事
插入成功 0
正在爬取链接中	没有事件发生
插入成功 0
正在爬取链接中	寻找最爱你的人
插入成功 0
正在爬取链接中	定海神针
插入成功 0
正在爬取链接中	假日劫
插入成功 0
正在爬取链接中	最后的武林2铁砂掌
插入成功 0
正在爬取链接中	狩猎
插入成功 0
正在爬取链接中	我的白大褂
插入成功 0
正在爬取链接中	黄飞鸿之八大天王
插入成功 0
正在爬取链接中	黄飞鸿之少林故事
插入成功 0
正在爬取链接中	黄飞鸿之无头将军
插入成功 0
正在爬取链接中	黄飞鸿之理想年代
插入成功 0
正在爬取链接中	黄飞鸿之辛亥革命
插入成功 0
正在爬取链接中	时光机2019泰国版
插入成功 0
正在爬取链接中	紧急按钮
插入成功 0
正在爬取链接中	旅行到宇宙边缘
插入成功 0
正在爬取链接中	童眼
插入成功 0
正在爬取链接中	棋魂通往北斗杯之路
插入成功 0
正在爬取链接中	结婚2017
插入成功 0
正在爬取链接中	无知是福
插入成功 0
正在爬取链接中	刀剑笑
插入成功 0
正在爬取链接中	夜宴
插入成功 0
正在爬取链接中	独臂刀
插入成功 0
正在爬取链接中	94独臂刀之情
插入成功 0
正在爬取链接中	蝶变
插入成功 0
正在爬取链接中	龙咁威
插入成功 0
正在爬取链接中	地狱无门
插入成功 0
正在爬取链接中	2019新冠肺炎记录片 冬去春归 第2期
插入成功 0
正在爬取链接中	BBC 武汉：被封锁的生活
插入成功 0
正在爬取链接中	潮州虎女
插入成功 0
正在爬取链接中	出闸虎
插入成功 0
正在爬取链接中	深海异兽
插入成功 0
正在爬取第181页的数据
正在爬取链接中	邪魔
插入成功 0
正在爬取链接中	啤酒谋杀案
插入成功 0
正在爬取链接中	温莎行动计划
插入成功 0
正在爬取链接中	最美时光遇见你
插入成功 0
正在爬取链接中	毒美
插入成功 0
正在爬取链接中	奇门斗法
插入成功 0
正在爬取链接中	很有态度
插入成功 0
正在爬取链接中	只有我能喜欢你
插入成功 0
正在爬取链接中	酷儿的朋克革命
插入成功 0
正在爬取链接中	僵尸VS黑衣忍者
爬取第181页的僵尸VS黑衣忍者数据失败！
正在爬取链接中	海滩的一天
插入成功 0
正在爬取链接中	草莽英雌
插入成功 0
正在爬取链接中	绝地战警：疾速追击
插入成功 0
正在爬取链接中	深海异兽
插入成功 0
正在爬取链接中	在云里
插入成功 0
正在爬取链接中	狼群行动2
插入成功 0
正在爬取链接中	海绵宝宝音乐剧：舞台直播
插入成功 0
正在爬取链接中	正直的候选人
插入成功 0
正在爬取链接中	舞灵
插入成功 0
正在爬取链接中	说电影《人工智能》
插入成功 0
正在爬取链接中	说电影《奇迹男孩》
插入成功 0
正在爬取链接中	说电影《暗杀教室：毕业篇》
插入成功 0
正在爬取链接中	来自未来的恋人
插入成功 0
正在爬取链接中	残疾营地
插入成功 0
正在爬取链接中	家怨
插入成功 0
正在爬取链接中	地窖藏恶
插入成功 0
正在爬取链接中	罪与罚
插入成功 0
正在爬取链接中	悲惨世界2019
插入成功 0
正在爬取链接中	花千谷之花魂之路
插入成功 0
正在爬取链接中	很有态度
插入成功 0
正在爬取链接中	孤岛惊魂
插入成功 0
正在爬取链接中	真假千金
插入成功 0
正在爬取链接中	永夜惊魂
插入成功 0
正在爬取链接中	女人莲心
插入成功 0
正在爬取链接中	凶灵请帖
插入成功 0
正在爬取链接中	放荡青春
插入成功 0
正在爬取链接中	猛鬼追魂7
插入成功 0
正在爬取链接中	猛鬼追魂5
插入成功 0
正在爬取链接中	养鬼吃人8：地狱世界
插入成功 0
正在爬取链接中	说电影《终极人鱼岛》
插入成功 0
正在爬取链接中	说电影《维克多·弗兰肯斯坦》
插入成功 0
正在爬取链接中	说电影《亚当斯一家的价值观》
插入成功 0
正在爬取链接中	传输失败
插入成功 0
正在爬取链接中	雨季风暴
插入成功 0
正在爬取链接中	黄飞鸿之五：龙城歼霸
插入成功 0
正在爬取链接中	影帝行动
插入成功 0
正在爬取链接中	说电影《人类削减计划》
插入成功 0
正在爬取链接中	说电影《佩小姐的奇幻城堡》
插入成功 0
正在爬取第182页的数据
正在爬取链接中	说电影《死路》
插入成功 0
正在爬取链接中	说电影《女劫之盒子》
插入成功 0
正在爬取链接中	家庭召租
插入成功 0
正在爬取链接中	说电影《九号秘事之私密展览》
插入成功 0
正在爬取链接中	再生侠
插入成功 0
正在爬取链接中	说电影《美国精神病人》
插入成功 0
正在爬取链接中	说电影《妈妈不哭》
插入成功 0
正在爬取链接中	说电影《脚下》
插入成功 0
正在爬取链接中	说电影《故事的故事之女王》
插入成功 0
爬取第182页的说电影《故事的故事之女王》数据失败！
正在爬取链接中	说电影《宫女》
插入成功 0
正在爬取链接中	说电影《不请自来》
插入成功 0
正在爬取链接中	旋风九日
插入成功 0
正在爬取链接中	怒犯天条
插入成功 0
正在爬取链接中	旺角揸Fit人
插入成功 0
正在爬取链接中	凶暴的男人
插入成功 0
正在爬取链接中	去吧！揸Fit人兵团
插入成功 0
正在爬取链接中	毒骡
插入成功 0
正在爬取链接中	机器人战争：人类末日
插入成功 0
正在爬取链接中	猎物2019美国版
插入成功 0
正在爬取链接中	广岛之恋
插入成功 0
正在爬取链接中	月下狩猎
插入成功 0
正在爬取链接中	陈情令之乱魄
插入成功 0
正在爬取链接中	有村架纯：加拿大大自然之旅
插入成功 0
正在爬取链接中	一个人的突击队2
插入成功 0
正在爬取链接中	不能说的事
插入成功 0
正在爬取链接中	人肉实验室
插入成功 0
正在爬取链接中	香河
插入成功 0
正在爬取链接中	活死人之夜1968
插入成功 0
正在爬取链接中	蝉翼
插入成功 0
正在爬取链接中	古惑镇激斗少年3
插入成功 0
正在爬取链接中	古惑镇激斗少年2
插入成功 0
正在爬取链接中	来自未来的恋人
插入成功 0
正在爬取链接中	孤单殖民地
插入成功 0
正在爬取链接中	大武生
插入成功 0
正在爬取链接中	天子骄龙
插入成功 0
正在爬取链接中	恐怖女子高校之不良闷绝
插入成功 0
正在爬取链接中	奇妙的海洋
插入成功 0
正在爬取链接中	无处逃生
插入成功 0
正在爬取链接中	阳光情人
插入成功 0
正在爬取链接中	奇迹之味
插入成功 0
正在爬取链接中	紫蝴蝶
插入成功 0
正在爬取链接中	心动
插入成功 0
正在爬取链接中	魁拔之十万火急
插入成功 0
正在爬取链接中	黑色城市
插入成功 0
正在爬取链接中	柯蒂斯
插入成功 0
正在爬取链接中	势不可挡
插入成功 0
正在爬取链接中	我的美丽与哀愁
插入成功 0
正在爬取第183页的数据
正在爬取链接中	关于无尽
插入成功 0
正在爬取链接中	关于无尽
插入成功 0
正在爬取链接中	如果有如果
插入成功 0
正在爬取链接中	陈情令之生魂
插入成功 0
正在爬取链接中	第三封信
插入成功 0
正在爬取链接中	诡咒
插入成功 0
正在爬取链接中	花季年华
插入成功 0
正在爬取链接中	老人愿
插入成功 0
正在爬取链接中	真命天子2015
插入成功 0
正在爬取链接中	女蛹
插入成功 0
正在爬取链接中	斯隆女士
插入成功 0
正在爬取链接中	山楂树
插入成功 0
正在爬取链接中	下一站是家
插入成功 0
正在爬取链接中	乡村女人
插入成功 0
正在爬取链接中	雨后的彩虹
插入成功 0
正在爬取链接中	五个太多
插入成功 0
正在爬取链接中	铁人王进喜
插入成功 0
正在爬取链接中	龙城正月
插入成功 0
正在爬取链接中	日照好人
插入成功 0
正在爬取链接中	代号美洲豹
插入成功 0
正在爬取链接中	陪护一小时
插入成功 0
正在爬取链接中	诺言的夏天
插入成功 0
正在爬取链接中	我和教授“羊粪豆”
插入成功 0
正在爬取链接中	通道转兵
插入成功 0
正在爬取链接中	野蛮妈妈结婚记
插入成功 0
正在爬取链接中	我在胡同当片警
插入成功 0
正在爬取链接中	忠义山庄
插入成功 0
正在爬取链接中	月亮之上
插入成功 0
正在爬取链接中	徐老师的故事
插入成功 0
正在爬取链接中	幸福吻上我的脸
插入成功 0
正在爬取链接中	无间道长之神剑门
插入成功 0
正在爬取链接中	大话英雄
插入成功 0
正在爬取链接中	营地命案
插入成功 0
正在爬取链接中	如果有如果
插入成功 0
正在爬取链接中	阴谋集团
插入成功 0
正在爬取链接中	告别练习
插入成功 0
正在爬取链接中	忠犬归来
插入成功 0
正在爬取链接中	红蝎星
插入成功 0
正在爬取链接中	最后的德鲁伊：加尔姆战争
插入成功 0
正在爬取链接中	绿灯侠：翡翠骑士
插入成功 0
正在爬取链接中	刀见笑
插入成功 0
正在爬取链接中	地藏龙神农巨兽
插入成功 0
正在爬取链接中	一切尽失
插入成功 0
正在爬取链接中	凶榜
插入成功 0
正在爬取链接中	谢泼德
插入成功 0
正在爬取链接中	两屋一妻
插入成功 0
正在爬取链接中	太行骄子
插入成功 0
正在爬取链接中	天鹅城之恋
插入成功 0
正在爬取第184页的数据
正在爬取链接中	天鹅城之恋
天鹅城之恋数据已存在 1
正在爬取链接中	猛鬼追魂10
插入成功 0
正在爬取链接中	天堂来客
插入成功 0
正在爬取链接中	向右看
插入成功 0
正在爬取链接中	声声不息
插入成功 0
正在爬取链接中	说电影《租赁猫》
插入成功 0
正在爬取链接中	说电影《我的机器人女友》
插入成功 0
正在爬取链接中	说电影《亚当斯一家》
插入成功 0
正在爬取链接中	说电影《前目的地》
插入成功 0
正在爬取链接中	先驱者
插入成功 0
正在爬取链接中	说电影《人生遥控器》
插入成功 0
正在爬取链接中	画框里的女人
插入成功 0
正在爬取链接中	说电影《好邻居》
插入成功 0
正在爬取链接中	说电影《冒牌天神》
插入成功 0
正在爬取链接中	说电影《夺命狙击》
插入成功 0
正在爬取链接中	说电影《格林兄弟》
插入成功 0
正在爬取链接中	说电影《蒂莫西的奇异生活》
插入成功 0
正在爬取链接中	说电影《朝花夕誓》
插入成功 0
正在爬取链接中	说电影《第九区》
插入成功 0
正在爬取链接中	说电影《time to eat》
插入成功 0
正在爬取链接中	说电影《超级妈妈》
插入成功 0
正在爬取链接中	说电影《大鱼》
插入成功 0
正在爬取链接中	顺天府奇案之血书案
插入成功 0
正在爬取链接中	武林圣斗士
插入成功 0
正在爬取链接中	高踢少女
插入成功 0
正在爬取链接中	东江密令之叛变
插入成功 0
正在爬取链接中	东江密令之江湖
插入成功 0
正在爬取链接中	东江密令之断尾
插入成功 0
正在爬取链接中	反斗神鹰2 国语
插入成功 0
正在爬取链接中	心慌方2：超立方体
插入成功 0
正在爬取链接中	火星没事
插入成功 0
正在爬取链接中	豪门夜宴
插入成功 0
正在爬取链接中	老夫子动画大电影：反斗侦探
插入成功 0
正在爬取链接中	山T老夫子
插入成功 0
正在爬取链接中	背影2011
插入成功 0
正在爬取链接中	父亲的维也纳
插入成功 0
正在爬取链接中	老夫子水虎传
插入成功 0
正在爬取链接中	富贵的球队
插入成功 0
正在爬取链接中	奇迹三雄之扑克牌游戏
插入成功 0
正在爬取链接中	老夫子1975
插入成功 0
正在爬取链接中	老夫子1981
插入成功 0
正在爬取链接中	纪实72小时福冈笑泪参半的24小时牙医
插入成功 0
正在爬取链接中	纪实72小时：东京小小婚礼的故事
插入成功 0
正在爬取链接中	纪实72小时不良少年实习生从今天起穿上西装
插入成功 0
正在爬取链接中	纪实72小时东京24小时营业的烤肉店
插入成功 0
正在爬取链接中	纪实72小时银座的酒屋的故事
插入成功 0
正在爬取链接中	阿爸的情人
插入成功 0
正在爬取链接中	大笑兵团
插入成功 0
正在爬取第185页的数据
正在爬取链接中	阿森的故事
插入成功 0
正在爬取链接中	女人本色
插入成功 0
正在爬取链接中	少林十八小铜人
插入成功 0
正在爬取链接中	小鬼奇兵
插入成功 0
正在爬取链接中	一九九五年闰八月
插入成功 0
正在爬取链接中	金钱疑案
插入成功 0
正在爬取链接中	家2020
插入成功 0
正在爬取链接中	黑郁金香
插入成功 0
正在爬取链接中	继续活下去的5个故事
插入成功 0
正在爬取链接中	永恒的心
插入成功 0
正在爬取链接中	精武村大侠
插入成功 0
正在爬取链接中	电影版辉夜大小姐想让我告白：天才们的恋爱头脑战
插入成功 0
正在爬取链接中	衣柜里的冒险王
插入成功 0
正在爬取链接中	再造战士4：清算之日
插入成功 0
正在爬取链接中	撕裂记忆体
插入成功 0
正在爬取链接中	再造战士3：重生
插入成功 0
正在爬取链接中	看不见的女人
插入成功 0
正在爬取链接中	致命毒蛇
插入成功 0
正在爬取链接中	我们信仰上帝
插入成功 0
正在爬取链接中	豪侠传1969
插入成功 0
正在爬取链接中	无名英雄1992
插入成功 0
正在爬取链接中	告别练习
插入成功 0
正在爬取链接中	风铃
插入成功 0
正在爬取链接中	韭菜花开
插入成功 0
正在爬取链接中	灵魂领域
插入成功 0
正在爬取链接中	草原上的承诺
插入成功 0
正在爬取链接中	黑色凯迪拉克
插入成功 0
正在爬取链接中	黄河女人
插入成功 0
正在爬取链接中	破败工厂
插入成功 0
正在爬取链接中	狂悖青春
插入成功 0
正在爬取链接中	大墙无言
插入成功 0
正在爬取链接中	黄飞鸿笑传
插入成功 0
正在爬取链接中	舍己救人
插入成功 0
正在爬取链接中	难以置信的怪物
插入成功 0
正在爬取链接中	超极限
插入成功 0
正在爬取链接中	天龙号醒来之返航迷途
爬取第185页的天龙号醒来之返航迷途数据失败！
正在爬取链接中	七月雨荷
插入成功 0
正在爬取链接中	总务部长是个变性人
插入成功 0
正在爬取链接中	谢泼德
插入成功 0
正在爬取链接中	皮特·戴维森：我仍在纽约
插入成功 0
正在爬取链接中	说电影《橡皮轮胎杀手》
插入成功 0
正在爬取链接中	说电影《新咒怨》
插入成功 0
正在爬取链接中	说电影《证人》
插入成功 0
正在爬取链接中	说电影《世界奇妙物语奶奶》
插入成功 0
正在爬取链接中	说电影《女佣》
插入成功 0
正在爬取链接中	说电影《双旗镇刀客》
插入成功 0
正在爬取链接中	说电影《王国》
插入成功 0
正在爬取链接中	说电影《女警》
插入成功 0
正在爬取第186页的数据
正在爬取链接中	说电影《女警》
说电影《女警》数据已存在 1
正在爬取链接中	说电影《科洛弗道10号》
插入成功 0
正在爬取链接中	说电影《决胜21点》
插入成功 0
正在爬取链接中	说电影《紧急按钮》
插入成功 0
正在爬取链接中	说电影《鬼女魔咒之钢》
插入成功 0
正在爬取链接中	我心不老
插入成功 0
正在爬取链接中	说电影《见鬼》
插入成功 0
正在爬取链接中	说电影《穿越火线》
插入成功 0
正在爬取链接中	说电影《怪谈协会》
插入成功 0
正在爬取链接中	说电影《原始星球》
插入成功 0
正在爬取链接中	舞男情未了
插入成功 0
正在爬取链接中	不是闹着玩的3
插入成功 0
正在爬取链接中	快进者
插入成功 0
正在爬取链接中	雾之旗2014
插入成功 0
正在爬取链接中	乌鸦男孩
插入成功 0
正在爬取链接中	圣殇
插入成功 0
正在爬取链接中	浅见光彦系列33后鸟羽传说杀人事件
插入成功 0
正在爬取链接中	理智与情感1995
插入成功 0
正在爬取链接中	极度空间1988
插入成功 0
正在爬取链接中	福星小子3：记得我的爱
插入成功 0
正在爬取链接中	阿二一族
插入成功 0
正在爬取链接中	黄飞鸿之辛亥革命
插入成功 0
正在爬取链接中	黄飞鸿之少林故事
插入成功 0
正在爬取链接中	黄飞鸿之无头将军
插入成功 0
正在爬取链接中	黄飞鸿之理想年代
插入成功 0
正在爬取链接中	黄飞鸿之八大天王
插入成功 0
正在爬取链接中	阿里的婚礼
插入成功 0
正在爬取链接中	回归之路
插入成功 0
正在爬取链接中	绅士们
插入成功 0
正在爬取链接中	鱼缸加州
插入成功 0
正在爬取链接中	候燕
插入成功 0
正在爬取链接中	假面骑士时王：盖茨王权
插入成功 0
正在爬取链接中	尖叫屋大屠杀
插入成功 0
正在爬取链接中	跨国大追捕：致命的光环
插入成功 0
正在爬取链接中	跨国大追捕：折翼的天使
插入成功 0
正在爬取链接中	跨国大追捕：伊凡的复仇
插入成功 0
正在爬取链接中	跨国大追捕：阳光下的罪恶
插入成功 0
正在爬取链接中	跨国大追捕：我是警察
插入成功 0
正在爬取链接中	跨国大追捕：千里追逃
插入成功 0
正在爬取链接中	跨国大追捕：恐怖的伊凡
插入成功 0
正在爬取链接中	跨国大追捕：金角湾的迷雾
插入成功 0
正在爬取链接中	跨国大追捕：符拉迪沃斯托克的枪声
插入成功 0
正在爬取链接中	跨国大追捕：博物馆的谜案
插入成功 0
正在爬取链接中	黑手党：第一章
插入成功 0
正在爬取链接中	清宫启示录
插入成功 0
正在爬取链接中	封神劫
插入成功 0
正在爬取链接中	斗地主
插入成功 0
正在爬取链接中	恐惧2018
插入成功 0
正在爬取第187页的数据
正在爬取链接中	猛龙刁拳
插入成功 0
正在爬取链接中	无间道长
插入成功 0
正在爬取链接中	我美丽的洗衣店1985
插入成功 0
正在爬取链接中	鲁德拉玛德维女王
插入成功 0
正在爬取链接中	异界2020
插入成功 0
正在爬取链接中	名字之歌
插入成功 0
正在爬取链接中	苦行僧的非凡旅程
插入成功 0
正在爬取链接中	星星女孩
插入成功 0
正在爬取链接中	朱迪与潘趣
插入成功 0
正在爬取链接中	从宫本到你电影版
插入成功 0
正在爬取链接中	勾魂谷
插入成功 0
正在爬取链接中	弟子也疯狂
插入成功 0
正在爬取链接中	断魂谷1968
插入成功 0
正在爬取链接中	爱的代驾
插入成功 0
正在爬取链接中	43号哨所
插入成功 0
正在爬取链接中	泰王纳黎萱2
插入成功 0
正在爬取链接中	人约离婚后
插入成功 0
正在爬取链接中	三只猴子
插入成功 0
正在爬取链接中	奏鸣曲1993
爬取第187页的奏鸣曲1993数据失败！
正在爬取链接中	血与骨2004
爬取第187页的血与骨2004数据失败！
正在爬取链接中	零号基地
插入成功 0
正在爬取链接中	浴血华沙
插入成功 0
正在爬取链接中	蜂言疯语
插入成功 0
正在爬取链接中	恐怖游轮
插入成功 0
正在爬取链接中	旺角的天空3之终极边缘
插入成功 0
正在爬取链接中	旺角的天空
插入成功 0
正在爬取链接中	一切或一无所有：007不为人知的故事
插入成功 0
正在爬取链接中	桥1969
插入成功 0
正在爬取链接中	007之杀人执照
插入成功 0
正在爬取链接中	007之黎明生机
插入成功 0
正在爬取链接中	吞咽
插入成功 0
正在爬取链接中	人生束缚
插入成功 0
正在爬取链接中	说电影《速度与激情1》
插入成功 0
正在爬取链接中	说电影《天作迷案》
插入成功 0
正在爬取链接中	说电影《速度与激情：特别行动》
插入成功 0
正在爬取链接中	说电影《世界为爱而生》
插入成功 0
正在爬取链接中	说电影《鲨滩》
插入成功 0
正在爬取链接中	说电影《入殓师》
爬取第187页的说电影《入殓师》数据失败！
正在爬取链接中	说电影《沙子怪物》
插入成功 0
正在爬取链接中	说电影《花芯》
插入成功 0
正在爬取链接中	说电影《冷冻》
插入成功 0
正在爬取链接中	说电影《怪兽屋》
插入成功 0
正在爬取链接中	说电影《第一滴血2》
插入成功 0
正在爬取链接中	说电影《大赢家》
插入成功 0
正在爬取链接中	说电影《冰雪奇缘：生日惊喜》
插入成功 0
正在爬取链接中	说电影《别养猫咪》
插入成功 0
正在爬取链接中	说电影《大黄蜂》
插入成功 0
正在爬取链接中	任侠学园
插入成功 0
正在爬取第188页的数据
正在爬取链接中	感谢你抽烟
插入成功 0
正在爬取链接中	对不起先生轶事
插入成功 0
正在爬取链接中	缅因姐妹
插入成功 0
正在爬取链接中	我只在乎你
插入成功 0
正在爬取链接中	飘扬的红领巾
插入成功 0
正在爬取链接中	007外传之巡弋飞弹
插入成功 0
正在爬取链接中	王子殿下
插入成功 0
正在爬取链接中	可口vs百事：可乐之战
插入成功 0
正在爬取链接中	007之八爪女
插入成功 0
正在爬取链接中	007之你死我活
插入成功 0
正在爬取链接中	007之海底城
插入成功 0
正在爬取链接中	任侠学园
插入成功 0
正在爬取链接中	007之最高机密
插入成功 0
正在爬取链接中	搜查令
插入成功 0
正在爬取链接中	007之太空城
插入成功 0
正在爬取链接中	007之金枪人
插入成功 0
正在爬取链接中	007之女王密使
插入成功 0
正在爬取链接中	007别传之皇家夜总会
插入成功 0
正在爬取链接中	007之诺博士
插入成功 0
正在爬取链接中	我当摸金校尉的那些年
插入成功 0
正在爬取链接中	晓说精编版·历史篇
插入成功 0
正在爬取链接中	百家拳之关门弟子
插入成功 0
正在爬取链接中	北漂梦
插入成功 0
正在爬取链接中	等你再爱我
插入成功 0
正在爬取链接中	猎豹出击
插入成功 0
正在爬取链接中	人间正道
插入成功 0
正在爬取链接中	三班五班
插入成功 0
正在爬取链接中	沙漠之心
插入成功 0
正在爬取链接中	蛇鹤八步
插入成功 0
正在爬取链接中	天安门
插入成功 0
正在爬取链接中	微博有鬼之私信
插入成功 0
正在爬取链接中	走出阴影
插入成功 0
正在爬取链接中	恐怖爆发
插入成功 0
正在爬取链接中	红色谜团
插入成功 0
正在爬取链接中	比夜更黑2018
插入成功 0
正在爬取链接中	都市牧羊曲
插入成功 0
正在爬取链接中	乱世之定秦剑
插入成功 0
正在爬取链接中	红孩子1958
插入成功 0
正在爬取链接中	书缘：纽约公共图书馆
爬取第188页的书缘：纽约公共图书馆数据失败！
正在爬取链接中	天灵盖
插入成功 0
正在爬取链接中	日与夜2019
插入成功 0
正在爬取链接中	唯一
插入成功 0
正在爬取链接中	乱世浮生1981
插入成功 0
正在爬取链接中	保罗·桑切斯回来了！
插入成功 0
正在爬取链接中	萤火虫2018欧美版
插入成功 0
正在爬取链接中	呼啸山庄1988
插入成功 0
正在爬取链接中	以眼还眼2019
插入成功 0
正在爬取链接中	夏天雨不停
插入成功 0
正在爬取第189页的数据
正在爬取链接中	感情生活
插入成功 0
正在爬取链接中	机动部队—伙伴
插入成功 0
正在爬取链接中	亲爱的
插入成功 0
正在爬取链接中	沉睡者
插入成功 0
正在爬取链接中	即日启程
插入成功 0
正在爬取链接中	欧耶芭蕾
插入成功 0
正在爬取链接中	顶级乐队
插入成功 0
正在爬取链接中	说电影《这一刻，我突然不想死了》
插入成功 0
正在爬取链接中	说电影《一厢情愿》
插入成功 0
正在爬取链接中	说电影《验收测试》
插入成功 0
正在爬取链接中	说电影《天堂上诉》
插入成功 0
正在爬取链接中	说电影《世界奇妙物语明天的我》
插入成功 0
正在爬取链接中	说电影《校合唱团的秘密》
插入成功 0
正在爬取链接中	说电影《摔跤吧！爸爸》
插入成功 0
正在爬取链接中	说电影《世界奇妙物语美人税》
插入成功 0
正在爬取链接中	说电影《胜利之光》
插入成功 0
正在爬取链接中	说电影《奶奶的守护神》
插入成功 0
正在爬取链接中	说电影《巨婴》
插入成功 0
正在爬取链接中	说电影《邻居同居》
插入成功 0
正在爬取链接中	说电影《东邪西毒》
插入成功 0
正在爬取链接中	说电影《超级杯奶爸》
插入成功 0
正在爬取链接中	哈莉·奎因：猛禽小队
插入成功 0
正在爬取链接中	七天爱上你
插入成功 0
正在爬取链接中	迷河
插入成功 0
正在爬取链接中	陈翔六点半之废话少说
插入成功 0
正在爬取链接中	青之炎
插入成功 0
正在爬取链接中	迷情纽约
插入成功 0
正在爬取链接中	服从巨人
插入成功 0
正在爬取链接中	干将莫邪
插入成功 0
正在爬取链接中	李献计历险记
插入成功 0
正在爬取链接中	少林门
插入成功 0
正在爬取链接中	狂怒2003
插入成功 0
正在爬取链接中	月夜闪灵
插入成功 0
正在爬取链接中	二十五个孩子一个爹
插入成功 0
正在爬取链接中	山田孝之全纪录
插入成功 0
正在爬取链接中	男儿本色2007
插入成功 0
正在爬取链接中	豪勇七蛟龙
插入成功 0
正在爬取链接中	蝙蝠侠：黑暗骑士崛起
插入成功 0
正在爬取链接中	七龙珠：赛亚人传说
插入成功 0
正在爬取链接中	帮派2019
插入成功 0
正在爬取链接中	美味侦探
插入成功 0
正在爬取链接中	非常夏日
插入成功 0
正在爬取链接中	天脉传奇
插入成功 0
正在爬取链接中	驱魔警察
插入成功 0
正在爬取链接中	三十而丽
插入成功 0
正在爬取链接中	八宝奇兵
插入成功 0
正在爬取链接中	香港艾曼妞
插入成功 0
正在爬取链接中	御姐玫瑰
插入成功 0
正在爬取第190页的数据
正在爬取链接中	美好年代2019
插入成功 0
正在爬取链接中	圣徒秘录
插入成功 0
正在爬取链接中	飞狐外传1980
插入成功 0
正在爬取链接中	教头发威
插入成功 0
正在爬取链接中	李献计历险记
插入成功 0
正在爬取链接中	巨型蜘蛛2013
插入成功 0
正在爬取链接中	决战之后
插入成功 0
正在爬取链接中	让世界充满爱
插入成功 0
正在爬取链接中	超人高校
插入成功 0
正在爬取链接中	人造人电脑黑魔
插入成功 0
正在爬取链接中	毒药天堂
插入成功 0
正在爬取链接中	干将莫邪之雌雄双剑
插入成功 0
正在爬取链接中	边疆
插入成功 0
正在爬取链接中	梦想成真
插入成功 0
正在爬取链接中	美味侦探
插入成功 0
正在爬取链接中	爱情维修站
插入成功 0
正在爬取链接中	等着你回来
插入成功 0
正在爬取链接中	武侠七公主
插入成功 0
正在爬取链接中	中华英雄1986
插入成功 0
正在爬取链接中	主宰这座城
插入成功 0
正在爬取链接中	终极杀戮
插入成功 0
正在爬取链接中	说电影《全面回忆》
插入成功 0
正在爬取链接中	说电影《末日之果》
插入成功 0
正在爬取链接中	说电影《许愿》
插入成功 0
正在爬取链接中	图腾2017
插入成功 0
正在爬取链接中	镖行天下前传之烽火辽东
插入成功 0
正在爬取链接中	镖行天下之七星端砚
插入成功 0
正在爬取链接中	镖行天下之瞒天过海
插入成功 0
正在爬取链接中	镖行天下之桃花劫
插入成功 0
正在爬取链接中	镖行天下之牡丹阁
插入成功 0
正在爬取链接中	天·火
插入成功 0
正在爬取链接中	堵车
插入成功 0
正在爬取链接中	关于查理的真相
插入成功 0
正在爬取链接中	亡情朱古力
插入成功 0
正在爬取链接中	家在远方
插入成功 0
正在爬取链接中	快乐露营者
插入成功 0
正在爬取链接中	挖洞人
插入成功 0
正在爬取链接中	敌对
插入成功 0
正在爬取链接中	晕基浪
插入成功 0
正在爬取链接中	死亡先生
插入成功 0
正在爬取链接中	没有过去的男人
插入成功 0
正在爬取链接中	法官妈妈
插入成功 0
正在爬取链接中	漫漫回家路
插入成功 0
正在爬取链接中	秘语十七小时
插入成功 0
正在爬取链接中	老大靠边闪2
插入成功 0
正在爬取链接中	打尸噎
插入成功 0
正在爬取链接中	至高无上
插入成功 0
正在爬取链接中	走向太阳
插入成功 0
正在爬取第191页的数据
正在爬取链接中	超级名模
插入成功 0
正在爬取链接中	限期结婚
插入成功 0
正在爬取链接中	非常档案
插入成功 0
正在爬取链接中	G4特工
插入成功 0
正在爬取链接中	美食侦探2006特别篇~吃遍香港
插入成功 0
正在爬取链接中	两栖怪兽
插入成功 0
正在爬取链接中	荒山野人
插入成功 0
正在爬取链接中	深海X异种
插入成功 0
正在爬取链接中	边境执行
插入成功 0
正在爬取链接中	沉入黑暗走廊
插入成功 0
正在爬取链接中	B区32号
插入成功 0
正在爬取链接中	聊斋新编之画皮新娘
插入成功 0
正在爬取链接中	生人勿近之问米
插入成功 0
正在爬取链接中	殴打诱发者
插入成功 0
正在爬取链接中	权力游戏之死亡空间
插入成功 0
正在爬取链接中	形影不离
插入成功 0
正在爬取链接中	山村古宅
插入成功 0
正在爬取链接中	恶男事件
插入成功 0
正在爬取链接中	影子猎人之血灵契约
插入成功 0
正在爬取链接中	床下有人3
插入成功 0
正在爬取链接中	鬼眼
插入成功 0
正在爬取链接中	通灵绘本
插入成功 0
正在爬取链接中	午夜凶梦
插入成功 0
正在爬取链接中	罗格河
插入成功 0
正在爬取链接中	双子
插入成功 0
正在爬取链接中	神秘洞穴
插入成功 0
正在爬取链接中	瓦斯科小丑
插入成功 0
正在爬取链接中	畸变
插入成功 0
正在爬取链接中	京城81号
插入成功 0
正在爬取链接中	僵尸家族粤语
插入成功 0
正在爬取链接中	林中女妖
插入成功 0
正在爬取链接中	无间罪僵尸重生
插入成功 0
正在爬取链接中	黑衣女人
插入成功 0
正在爬取链接中	魔符
插入成功 0
正在爬取链接中	恐怖催眠师
插入成功 0
正在爬取链接中	床下有人
插入成功 0
正在爬取链接中	高速路连环杀手
插入成功 0
正在爬取链接中	隐秘性诱惑
插入成功 0
正在爬取链接中	聊斋狐仙
插入成功 0
正在爬取链接中	考死2教学实习
插入成功 0
正在爬取链接中	嚎叫
插入成功 0
正在爬取链接中	发号施令
插入成功 0
正在爬取链接中	火车
插入成功 0
正在爬取链接中	电梯里的恶魔
插入成功 0
正在爬取链接中	猛鬼生日宴
插入成功 0
正在爬取链接中	通灵姐妹
插入成功 0
正在爬取链接中	狼人
插入成功 0
正在爬取链接中	死亡约定2
插入成功 0
正在爬取第192页的数据
正在爬取链接中	静居
插入成功 0
正在爬取链接中	凶间雪山
插入成功 0
正在爬取链接中	杀戮惊魂
插入成功 0
正在爬取链接中	混合
插入成功 0
正在爬取链接中	无情
插入成功 0
正在爬取链接中	玩命游戏
插入成功 0
正在爬取链接中	细思极恐
插入成功 0
正在爬取链接中	达洛夫事件
插入成功 0
正在爬取链接中	蝙蝠别墅
插入成功 0
正在爬取链接中	致命录像带3：病毒2014
插入成功 0
正在爬取链接中	澳囧
插入成功 0
正在爬取链接中	灵幻先生
插入成功 0
正在爬取链接中	替身
插入成功 0
正在爬取链接中	空降
插入成功 0
正在爬取链接中	禁忌游戏之迷藏
插入成功 0
正在爬取链接中	神秘接触
插入成功 0
正在爬取链接中	地心的纳粹
插入成功 0
正在爬取链接中	地下室惊魂
插入成功 0
正在爬取链接中	惊悚小说
插入成功 0
正在爬取链接中	怨灵宿舍之人偶老师
插入成功 0
正在爬取链接中	异形
插入成功 0
正在爬取链接中	巡楼人之舞灵蓝光
插入成功 0
正在爬取链接中	午夜微博
插入成功 0
正在爬取链接中	死亡游戏2
插入成功 0
正在爬取链接中	客栈怪谈
插入成功 0
正在爬取链接中	史前巨鳄3
插入成功 0
正在爬取链接中	步步追魂
插入成功 0
正在爬取链接中	晚安巷鬼影
插入成功 0
正在爬取链接中	切尔诺贝利日记
插入成功 0
正在爬取链接中	孤岛惊魂2
插入成功 0
正在爬取链接中	九死
插入成功 0
正在爬取链接中	临终囧事
插入成功 0
正在爬取链接中	校花诡异事件
插入成功 0
正在爬取链接中	1000小时的夜晚
插入成功 0
正在爬取链接中	杀人漫画
插入成功 0
正在爬取链接中	提线木偶
插入成功 0
正在爬取链接中	恐怖故事2
插入成功 0
正在爬取链接中	鬼叫春
插入成功 0
正在爬取链接中	漫无止境的假期
插入成功 0
正在爬取链接中	恐怖浴室
插入成功 0
正在爬取链接中	鬼镜2
插入成功 0
正在爬取链接中	午夜十二点
插入成功 0
正在爬取链接中	零～Zero～
插入成功 0
正在爬取链接中	陀地驅魔人
插入成功 0
正在爬取链接中	白夜行
插入成功 0
正在爬取链接中	诚如神之所说
插入成功 0
正在爬取链接中	我与23个奴隶
插入成功 0
正在爬取链接中	车库惊魂
插入成功 0
正在爬取第193页的数据
正在爬取链接中	风车惨案
插入成功 0
正在爬取链接中	黑暗侵袭2
插入成功 0
正在爬取链接中	血染黄沙
插入成功 0
正在爬取链接中	化身诡魔童
插入成功 0
正在爬取链接中	鬼作秀3
插入成功 0
正在爬取链接中	灵异骇客
插入成功 0
正在爬取链接中	纹身室
插入成功 0
正在爬取链接中	索命APP
插入成功 0
正在爬取链接中	逃出绝命镇
插入成功 0
正在爬取链接中	与火同行
插入成功 0
正在爬取链接中	爱宠
插入成功 0
正在爬取链接中	阿提克斯研究所
插入成功 0
正在爬取链接中	维多利亚一号
插入成功 0
正在爬取链接中	疗养怨
插入成功 0
正在爬取链接中	鬼遮眼
插入成功 0
正在爬取链接中	狙击杀手
插入成功 0
正在爬取链接中	盂兰神功
插入成功 0
正在爬取链接中	恐怖解剖室
插入成功 0
正在爬取链接中	小丑回魂
插入成功 0
正在爬取链接中	小男孩
插入成功 0
正在爬取链接中	末世肉体
插入成功 0
正在爬取链接中	我唾弃你的坟墓2
插入成功 0
正在爬取链接中	妈妈
插入成功 0
正在爬取链接中	我不是连环杀手
插入成功 0
正在爬取链接中	残秽
插入成功 0
正在爬取链接中	尸体派对
插入成功 0
正在爬取链接中	屏住呼吸
插入成功 0
正在爬取链接中	手机有鬼
插入成功 0
正在爬取链接中	巨蟒大战恐鳄
插入成功 0
正在爬取链接中	女劫
插入成功 0
正在爬取链接中	新娘
插入成功 0
正在爬取链接中	天赐之女
插入成功 0
正在爬取链接中	人皮脸
插入成功 0
正在爬取链接中	奇怪的夜晚
插入成功 0
正在爬取链接中	少女椿
插入成功 0
正在爬取链接中	伊甸湖
插入成功 0
正在爬取链接中	广州杀人王之人皮日记
插入成功 0
正在爬取链接中	神秘拼图
插入成功 0
正在爬取链接中	僵尸少爷
插入成功 0
正在爬取链接中	鲨滩
插入成功 0
正在爬取链接中	真心话大冒险
插入成功 0
正在爬取链接中	荒野加油站
插入成功 0
正在爬取链接中	让她走
插入成功 0
正在爬取链接中	生吃
插入成功 0
正在爬取链接中	波登湖
插入成功 0
正在爬取链接中	午夜43路
插入成功 0
正在爬取链接中	华锐嘎布
插入成功 0
正在爬取链接中	华锐嘎布
插入成功 0
正在爬取第194页的数据
正在爬取链接中	夜来香
插入成功 0
正在爬取链接中	夜来香
插入成功 0
正在爬取链接中	苗乡情
插入成功 0
正在爬取链接中	苗乡情
插入成功 0
正在爬取链接中	战时省委
插入成功 0
正在爬取链接中	战时省委
插入成功 0
正在爬取链接中	随心所爱
插入成功 0
正在爬取链接中	月光少年
插入成功 0
正在爬取链接中	小戏骨：白毛女
插入成功 0
正在爬取链接中	小戏骨：焦裕禄
插入成功 0
正在爬取链接中	小戏骨：洪湖赤卫队
插入成功 0
正在爬取链接中	冬去春归——2020疫情里的中国
插入成功 0
正在爬取链接中	女巫季节
插入成功 0
正在爬取链接中	镖行天下之神武大炮
插入成功 0
正在爬取链接中	镖行天下之走单骑
插入成功 0
正在爬取链接中	两个小八路
插入成功 0
正在爬取链接中	两个小八路
插入成功 0
正在爬取链接中	镖行天下之龙骑禁军
插入成功 0
正在爬取链接中	烛光里的微笑
插入成功 0
正在爬取链接中	镖行天下之天下镖局
插入成功 0
正在爬取链接中	北逃
插入成功 0
正在爬取链接中	镖行天下之天下镖局
插入成功 0
正在爬取链接中	变色龙2008日版
插入成功 0
正在爬取链接中	变色龙2008匈牙利版
插入成功 0
正在爬取链接中	笑傲江湖1990
爬取第194页的笑傲江湖1990数据失败！
正在爬取链接中	倚天屠龙记之魔教教主
插入成功 0
正在爬取链接中	少女、逃犯、狗
插入成功 0
正在爬取链接中	库尔班大叔上北京
插入成功 0
正在爬取链接中	大师兄
插入成功 0
正在爬取链接中	警察故事4：简单任务
插入成功 0
正在爬取链接中	少女、逃犯、狗
插入成功 0
正在爬取链接中	库尔班大叔上北京
插入成功 0
正在爬取链接中	拳霸3之火云盗
插入成功 0
正在爬取链接中	安非他命
插入成功 0
正在爬取链接中	盗火线
插入成功 0
正在爬取链接中	快餐车
插入成功 0
正在爬取链接中	马克·马龙：末日好好玩
插入成功 0
正在爬取链接中	天火
插入成功 0
正在爬取链接中	装满生命的罐子
插入成功 0
正在爬取链接中	O记重案实录
插入成功 0
正在爬取链接中	边城三侠
插入成功 0
正在爬取链接中	单程路
插入成功 0
正在爬取链接中	银行家2019
插入成功 0
正在爬取链接中	大决战之辽沈战役
插入成功 0
正在爬取链接中	雪之丞变化
插入成功 0
正在爬取链接中	重案实录之犯罪天才
插入成功 0
正在爬取链接中	真女立食师列传
插入成功 0
正在爬取链接中	危楼愚夫
插入成功 0
正在爬取第195页的数据
正在爬取链接中	四月三周两天
插入成功 0
正在爬取链接中	千人斩
插入成功 0
正在爬取链接中	礼物
插入成功 0
正在爬取链接中	火车事故
插入成功 0
正在爬取链接中	化石的微笑
插入成功 0
正在爬取链接中	河豚
插入成功 0
正在爬取链接中	半碗村传奇
插入成功 0
正在爬取链接中	说电影《活尸电梯》
插入成功 0
正在爬取链接中	说电影《冥界》
插入成功 0
正在爬取链接中	说电影《狱中豪杰》
插入成功 0
正在爬取链接中	一个人的捉迷藏
插入成功 0
正在爬取链接中	闹剧同学会
插入成功 0
正在爬取链接中	三更半夜鬼闹房
插入成功 0
正在爬取链接中	老鼠与猫
插入成功 0
正在爬取链接中	爱玛
插入成功 0
正在爬取链接中	日不落爱情
插入成功 0
正在爬取链接中	致命切割
插入成功 0
正在爬取链接中	恋恋难知音
插入成功 0
正在爬取链接中	灵偶契约2
插入成功 0
正在爬取链接中	炫富战争
插入成功 0
正在爬取链接中	大赢家2020
插入成功 0
正在爬取链接中	奇异小子
插入成功 0
正在爬取链接中	恐怖游轮
插入成功 0
正在爬取链接中	人体雕像
插入成功 0
正在爬取链接中	录影带谋杀案
插入成功 0
正在爬取链接中	烈血天空
插入成功 0
正在爬取链接中	饥饿站台
插入成功 0
正在爬取链接中	小蝙蝠侠出击
插入成功 0
正在爬取链接中	蝙蝠侠归来
插入成功 0
正在爬取链接中	大赢家
插入成功 0
正在爬取链接中	燕赤霞生肖神将
插入成功 0
正在爬取链接中	冰毒
插入成功 0
正在爬取链接中	爱隔万里
插入成功 0
正在爬取链接中	如果的事
插入成功 0
正在爬取链接中	燕赤霞·生肖神将
插入成功 0
正在爬取链接中	绝对统治
插入成功 0
正在爬取链接中	系列怪兽区 加拉斯
插入成功 0
正在爬取链接中	魔童村
插入成功 0
正在爬取链接中	蔡李佛拳
插入成功 0
正在爬取链接中	狩猎2020
插入成功 0
正在爬取链接中	丽拉之谜
插入成功 0
正在爬取链接中	副本：义体置换
插入成功 0
正在爬取链接中	纵横天下
插入成功 0
正在爬取链接中	吸血粘土
插入成功 0
正在爬取链接中	上海滩续集1983
插入成功 0
正在爬取链接中	隐形人2020
插入成功 0
正在爬取链接中	蠢蛋搞怪秀2.5
插入成功 0
正在爬取链接中	爱玛
插入成功 0
正在爬取第196页的数据
正在爬取链接中	爱玛
爱玛数据已存在 1
正在爬取链接中	诺曼底大风暴
插入成功 0
正在爬取链接中	血的代价
插入成功 0
正在爬取链接中	正月里的坚持
插入成功 0
正在爬取链接中	说电影《雨人》
插入成功 0
正在爬取链接中	说电影《首尔站》
爬取第196页的说电影《首尔站》数据失败！
正在爬取链接中	唐伯虎飞秋香
插入成功 0
正在爬取链接中	危在旦夕
插入成功 0
正在爬取链接中	糖心爹地
插入成功 0
正在爬取链接中	说电影《信号》
插入成功 0
正在爬取链接中	说电影《女孩梦三十》
插入成功 0
正在爬取链接中	说电影《女孩梦三十》
插入成功 0
正在爬取链接中	说电影《世界奇妙物语比之前更好的人》
插入成功 0
正在爬取链接中	说电影《世界奇妙物语比之前更好的人》
插入成功 0
正在爬取链接中	说电影《警察游戏》
插入成功 0
正在爬取链接中	说电影《夫人》
插入成功 0
正在爬取链接中	说电影《大话王》
插入成功 0
正在爬取链接中	说电影《敢死队2》
插入成功 0
正在爬取链接中	说电影《第一滴血》
插入成功 0
正在爬取链接中	说电影《不可思议的夏天之分享生命》
插入成功 0
正在爬取链接中	说电影《比海更深》
插入成功 0
正在爬取链接中	说电影《比海更深》
插入成功 0
正在爬取链接中	说电影《不可思议的夏天之监禁》
插入成功 0
正在爬取链接中	说电影《不可思议的夏天之监禁》
插入成功 0
正在爬取链接中	说电影《AKB恐怖夜八音盒》
插入成功 0
正在爬取链接中	说电影《AKB恐怖夜八音盒》
插入成功 0
正在爬取链接中	说电影《暴力街区》
插入成功 0
正在爬取链接中	说电影《月亮坪的秘密》
插入成功 0
正在爬取链接中	说电影《睡眠经销商》
插入成功 0
正在爬取链接中	爸爸妈妈复婚记
插入成功 0
正在爬取链接中	东江密令之复仇
插入成功 0
正在爬取链接中	怪谈蛇女
插入成功 0
正在爬取链接中	擒爱记
插入成功 0
正在爬取链接中	热舞者之热舞之灵
插入成功 0
正在爬取链接中	唐人街小子
插入成功 0
正在爬取链接中	无间父子情
插入成功 0
正在爬取链接中	杨五郎血战青盐镇
插入成功 0
正在爬取链接中	沂蒙六姐妹
插入成功 0
正在爬取链接中	因爱而美丽
插入成功 0
正在爬取链接中	阻击克隆卡
插入成功 0
正在爬取链接中	长白山传说之捉仙记
插入成功 0
正在爬取链接中	穿越时空之明月郡主 
插入成功 0
正在爬取链接中	乾隆下扬州
插入成功 0
正在爬取链接中	噩梦影院
插入成功 0
正在爬取链接中	魔鬼武器1992
插入成功 0
正在爬取链接中	蠢蛋搞怪秀4：坏外公
插入成功 0
正在爬取链接中	堡垒2012
插入成功 0
正在爬取链接中	糖心爹地
插入成功 0
正在爬取第197页的数据
正在爬取链接中	堡垒2012
堡垒2012数据已存在 1
正在爬取链接中	糖心爹地
糖心爹地数据已存在 1
正在爬取链接中	特警新人类
插入成功 0
正在爬取链接中	时尚先生
插入成功 0
正在爬取链接中	僧侣
插入成功 0
正在爬取链接中	暴风眼1994
插入成功 0
正在爬取链接中	北京女子图鉴之整容大师
插入成功 0
正在爬取链接中	史上最大作弊战争
插入成功 0
正在爬取链接中	隐秘的诱惑
插入成功 0
正在爬取链接中	装满生命的罐子
插入成功 0
正在爬取链接中	腰间持枪
插入成功 0
正在爬取链接中	狼嚎：重生
插入成功 0
正在爬取链接中	邪恶兄弟
插入成功 0
正在爬取链接中	夜·店
插入成功 0
正在爬取链接中	彗星美人1950
插入成功 0
正在爬取链接中	头号人物
插入成功 0
正在爬取链接中	洋妓
插入成功 0
正在爬取链接中	鸡排英雄
插入成功 0
正在爬取链接中	演员攻略之隐形恋人
插入成功 0
正在爬取链接中	奇门遁甲2020
插入成功 0
正在爬取链接中	新少林五祖
插入成功 0
正在爬取链接中	奇换之旅美梦成真
插入成功 0
正在爬取链接中	离开雷锋的日子
插入成功 0
正在爬取链接中	极端天气：幸存者极端天气之幸存者
插入成功 0
正在爬取链接中	雷豹
插入成功 0
正在爬取链接中	南洋第一邪降
插入成功 0
正在爬取链接中	装满生命的罐子
插入成功 0
正在爬取链接中	邪恶兄弟
插入成功 0
正在爬取链接中	腰间持枪
插入成功 0
正在爬取链接中	说电影《重生之门》
插入成功 0
正在爬取链接中	说电影《二重生活》
插入成功 0
正在爬取链接中	说电影《重生》
插入成功 0
正在爬取链接中	机关枪乖乖女
插入成功 0
正在爬取链接中	追凶双雄
插入成功 0
正在爬取链接中	遥望南方的童年
插入成功 0
正在爬取链接中	失业生
插入成功 0
正在爬取链接中	千里走单骑
插入成功 0
正在爬取链接中	玉米田的小孩4
插入成功 0
正在爬取链接中	玉米地的小孩3
插入成功 0
正在爬取链接中	暴力欲望的房子
插入成功 0
正在爬取链接中	超级计划
插入成功 0
正在爬取链接中	机关枪少女2008
插入成功 0
正在爬取链接中	郑进一的鬼故事
插入成功 0
正在爬取链接中	说电影《天降美食2》
插入成功 0
正在爬取链接中	借兵
插入成功 0
正在爬取链接中	说电影《世界奇妙物語能遇到小丸子的城镇》
插入成功 0
正在爬取链接中	巨鳄岛
插入成功 0
正在爬取链接中	说电影《巨鳄战狂蟒》
插入成功 0
正在爬取第198页的数据
正在爬取链接中	史前巨鳄2
插入成功 0
正在爬取链接中	说电影《我的同学不是人》
插入成功 0
正在爬取链接中	复仇同学会
插入成功 0
正在爬取链接中	春田花花同学会
插入成功 0
正在爬取链接中	还魂之迷失曼谷
插入成功 0
正在爬取链接中	说电影《废柴老爸》
插入成功 0
正在爬取链接中	白骨夫人大战狼妖
插入成功 0
正在爬取链接中	战狼传奇
插入成功 0
正在爬取链接中	超级兵王之战狼归来
插入成功 0
正在爬取链接中	暗黑灯塔
插入成功 0
正在爬取链接中	暗黑女子
插入成功 0
正在爬取链接中	里见八犬传
插入成功 0
正在爬取链接中	说电影《世界奇妙物語另一个我》
插入成功 0
正在爬取链接中	说电影《世界奇妙物語命运探测器》
插入成功 0
正在爬取链接中	说电影《神奇飞书》
插入成功 0
正在爬取链接中	说电影《九十九》
插入成功 0
正在爬取链接中	说电影《荆棘》
插入成功 0
正在爬取链接中	说电影《劝和小组》
插入成功 0
正在爬取链接中	说电影《AKB恐怖夜主角》
插入成功 0
正在爬取链接中	说电影《龙先生》
插入成功 0
正在爬取链接中	说电影《AKB恐怖夜中大奖》
插入成功 0
正在爬取链接中	说电影《恶霸警察》
插入成功 0
正在爬取链接中	冲锋陷阵
插入成功 0
正在爬取链接中	赌王出山
插入成功 0
正在爬取链接中	黑暗世界
插入成功 0
正在爬取链接中	《AKB恐怖夜直播》
插入成功 0
正在爬取链接中	猎时者
插入成功 0
正在爬取链接中	毛虫
插入成功 0
正在爬取链接中	我的双面女友
插入成功 0
正在爬取链接中	决斗1971
插入成功 0
正在爬取链接中	死亡故事
插入成功 0
正在爬取链接中	大秦直道2017
插入成功 0
正在爬取链接中	蓝雀栖我心
插入成功 0
正在爬取链接中	彩塑男孩
插入成功 0
正在爬取链接中	蜜橘又红了
插入成功 0
正在爬取链接中	丧尸末日
插入成功 0
正在爬取链接中	八角笼
插入成功 0
正在爬取链接中	战争中的男人
插入成功 0
正在爬取链接中	我的日语老师
插入成功 0
正在爬取链接中	天使之爱2020
插入成功 0
正在爬取链接中	小巷管家
插入成功 0
正在爬取链接中	恶魔之手
插入成功 0
正在爬取链接中	超级神丁病
插入成功 0
正在爬取链接中	天使之爱2019
插入成功 0
正在爬取链接中	冬天没有童话
插入成功 0
正在爬取链接中	音乐家2019
插入成功 0
正在爬取链接中	风云传之双剑合璧
插入成功 0
正在爬取链接中	子弹
插入成功 0
正在爬取第199页的数据
正在爬取链接中	子弹
子弹数据已存在 1
正在爬取链接中	蓝月2020
插入成功 0
正在爬取链接中	时空冒险
插入成功 0
正在爬取链接中	迷离劫
插入成功 0
正在爬取链接中	亡命之逃
插入成功 0
正在爬取链接中	禁断动画30
插入成功 0
正在爬取链接中	1724妓房动乱事件
插入成功 0
正在爬取链接中	黑井往事
插入成功 0
正在爬取链接中	大敌当前
插入成功 0
正在爬取链接中	选美小姐2011
插入成功 0
正在爬取链接中	蓝月
插入成功 0
正在爬取链接中	鬼姐姐
插入成功 0
正在爬取链接中	我爱你，老爸
插入成功 0
正在爬取链接中	说电影《世界奇妙物语之X》
插入成功 0
正在爬取链接中	说电影《远在天边》
插入成功 0
正在爬取链接中	说电影《夜班女工》
插入成功 0
正在爬取链接中	说电影《世界奇妙物语整人频道》
插入成功 0
正在爬取链接中	说电影《世界奇妙物语炸弹人的开关》
插入成功 0
正在爬取链接中	说电影《世界奇妙物语正午的决斗》
插入成功 0
正在爬取链接中	说电影《世界奇妙物语地缚者》
插入成功 0
正在爬取链接中	说电影《世界奇妙物语关注者》
插入成功 0
正在爬取链接中	说电影《机器人大爷》
插入成功 0
正在爬取链接中	炮打双灯
插入成功 0
正在爬取链接中	说电影《换脸校花》
插入成功 0
正在爬取链接中	说电影《落魄大厨》
插入成功 0
正在爬取链接中	说电影《摩天楼》
插入成功 0
正在爬取链接中	说电影《超限定能力》
插入成功 0
正在爬取链接中	爱情没有温差
插入成功 0
正在爬取链接中	古惑镇激斗少年2
插入成功 0
正在爬取链接中	说电影《比得兔》
插入成功 0
正在爬取链接中	说电影《独行杀手》
插入成功 0
正在爬取链接中	峰回路转
插入成功 0
正在爬取链接中	天狱飞龙 2
插入成功 0
正在爬取链接中	玉米地的小孩
插入成功 0
正在爬取链接中	小天使
插入成功 0
正在爬取链接中	匈奴大帝
插入成功 0
正在爬取链接中	黑色的风采
插入成功 0
正在爬取链接中	一球成名
插入成功 0
正在爬取链接中	我真正的天才女友
插入成功 0
正在爬取链接中	阿茹茉妮
插入成功 0
正在爬取链接中	涉谷怪谈4 真实都市传说
插入成功 0
正在爬取链接中	涉谷怪谈2
插入成功 0
正在爬取链接中	涉谷怪谈3
插入成功 0
正在爬取链接中	虚拟性成瘾
插入成功 0
正在爬取链接中	涉谷怪谈
插入成功 0
正在爬取链接中	3：以眼还眼
插入成功 0
正在爬取链接中	大逃亡
插入成功 0
正在爬取链接中	我要加油！
插入成功 0
正在爬取第200页的数据
正在爬取链接中	东进序曲
插入成功 0
正在爬取链接中	剑王朝之九境长生
插入成功 0
正在爬取链接中	带轱辘的摇篮
插入成功 0
正在爬取链接中	林肯大战僵尸
插入成功 0
正在爬取链接中	恐怖的爸妈
插入成功 0
正在爬取链接中	深海寻人
插入成功 0
正在爬取链接中	正义的慈悲
插入成功 0
正在爬取链接中	阴阳刀
插入成功 0
正在爬取链接中	八国联军
插入成功 0
正在爬取链接中	八万罪人
插入成功 0
正在爬取链接中	玉米地的孩子们3
插入成功 0
正在爬取链接中	算计：七天的死亡游戏
插入成功 0
正在爬取链接中	玉米田的小孩
插入成功 0
正在爬取链接中	主顾
插入成功 0
正在爬取链接中	小熊猫学木匠
插入成功 0
正在爬取链接中	玉米田的小孩7
插入成功 0
正在爬取链接中	玉米田的小孩6
插入成功 0
正在爬取链接中	玉米田的小孩5
插入成功 0
正在爬取链接中	玉米地男孩4
插入成功 0
正在爬取链接中	玉米田的小孩2
插入成功 0
正在爬取链接中	妙探寻凶
插入成功 0
正在爬取链接中	姐弟恋
插入成功 0
正在爬取链接中	玉米地的小孩：大逃亡
插入成功 0
正在爬取链接中	玉米地的孩子:起源
插入成功 0
正在爬取链接中	教数学的体育老师
插入成功 0
正在爬取链接中	贱民出逃记
插入成功 0
正在爬取链接中	泰勒·汤姆林森：青年危机
插入成功 0
正在爬取链接中	说电影《贞子起源2019》
插入成功 0
正在爬取链接中	说电影《踏血寻梅》
插入成功 0
正在爬取链接中	说电影《阴儿》
插入成功 0
正在爬取链接中	真实2019
插入成功 0
正在爬取链接中	说电影《赎罪》
插入成功 0
正在爬取链接中	残酷的彼得
插入成功 0
正在爬取链接中	说电影《人间中毒》
爬取第200页的说电影《人间中毒》数据失败！
正在爬取链接中	深蓝
插入成功 0
正在爬取链接中	说电影《军中乐园》
插入成功 0
正在爬取链接中	白昼骑士
插入成功 0
正在爬取链接中	说电影《马粥街残酷史》
插入成功 0
正在爬取链接中	说电影《空房间》
插入成功 0
正在爬取链接中	奥斯维辛集中营的守卫
插入成功 0
正在爬取链接中	说电影《菊豆》
插入成功 0
正在爬取链接中	说电影《奸臣》
插入成功 0
正在爬取链接中	说电影《极度惊蝗》
插入成功 0
正在爬取链接中	说电影《黑皮书》
插入成功 0
正在爬取链接中	说电影《鹅毛笔》
插入成功 0
正在爬取链接中	说电影《感化院》
插入成功 0
正在爬取链接中	茜宝
插入成功 0
正在爬取链接中	埋伏2011
插入成功 0
正在爬取第201页的数据
正在爬取链接中	温暖的一餐
插入成功 0
正在爬取链接中	勇敢者游戏2：再战巅峰
插入成功 0
正在爬取链接中	勇敢者游戏2：再战巅峰
插入成功 0
正在爬取链接中	勇敢者的游戏
插入成功 0
正在爬取链接中	勇敢者的游戏2：太空飞行棋
插入成功 0
正在爬取链接中	勇敢者2019
插入成功 0
正在爬取链接中	勇敢者游戏：决战丛林[国语版]
插入成功 0
正在爬取链接中	勇敢者的游戏：决战丛林
插入成功 0
正在爬取链接中	勇敢者
插入成功 0
正在爬取链接中	拉卡
插入成功 0
正在爬取链接中	说电影《暗金丑岛君》
插入成功 0
正在爬取链接中	村戏
插入成功 0
正在爬取链接中	最远的重逢
插入成功 0
正在爬取链接中	我的征途是星辰大海
插入成功 0
正在爬取链接中	永不停歇
插入成功 0
正在爬取链接中	七发左轮
插入成功 0
正在爬取链接中	线上脑荔枝
插入成功 0
正在爬取链接中	赵六艺的妖怪
插入成功 0
正在爬取链接中	追寻伯利恒
插入成功 0
正在爬取链接中	坐火车旅行
插入成功 0
正在爬取链接中	这个杀手不太灵
插入成功 0
正在爬取链接中	说电影《重创》
插入成功 0
正在爬取链接中	塔纳吉：无名勇士
插入成功 0
正在爬取链接中	银翼情人
插入成功 0
正在爬取链接中	打击侵略者
插入成功 0
正在爬取链接中	夜袭机场
插入成功 0
正在爬取链接中	黎明之眼
插入成功 0
正在爬取链接中	白狼行动
插入成功 0
正在爬取链接中	德累斯顿大轰炸
插入成功 0
正在爬取链接中	杨成武强攻东团堡
插入成功 0
正在爬取链接中	无间盗
插入成功 0
正在爬取链接中	高原激战
插入成功 0
正在爬取链接中	浴血反击
插入成功 0
正在爬取链接中	全军破敌
插入成功 0
正在爬取链接中	黑风计划
插入成功 0
正在爬取链接中	战时兄弟
插入成功 0
正在爬取链接中	烈血暹士2
插入成功 0
正在爬取链接中	一九四四
插入成功 0
正在爬取链接中	小戏骨洪湖赤卫队
插入成功 0
正在爬取链接中	少年乔乔的异想世界
插入成功 0
正在爬取链接中	圣诞快乐2005
插入成功 0
正在爬取链接中	我的军号
插入成功 0
正在爬取链接中	大作战2019
插入成功 0
正在爬取链接中	爆破
插入成功 0
正在爬取链接中	古田军号
插入成功 0
正在爬取链接中	那一天的管风琴
插入成功 0
正在爬取链接中	解放伊拉克
插入成功 0
正在爬取链接中	敢死连
插入成功 0
正在爬取第202页的数据
正在爬取链接中	捍卫者
插入成功 0
正在爬取链接中	神鬼部队
插入成功 0
正在爬取链接中	红星照耀中国
插入成功 0
正在爬取链接中	冲啊，纳拉西姆哈·雷迪
插入成功 0
正在爬取链接中	危机：龙潭之战
插入成功 0
正在爬取链接中	安市城
插入成功 0
正在爬取链接中	长沙里：被遗忘的英雄们
插入成功 0
正在爬取链接中	登陆之日
插入成功 0
正在爬取链接中	青天降妖录
插入成功 0
正在爬取链接中	在这世界的角落
插入成功 0
正在爬取链接中	特种兵王
插入成功 0
正在爬取链接中	永远的0
插入成功 0
正在爬取链接中	坦克对决
插入成功 0
正在爬取链接中	人民的巨掌
插入成功 0
正在爬取链接中	杀戮部队
插入成功 0
正在爬取链接中	冰雪金达莱
插入成功 0
正在爬取链接中	红河谷
插入成功 0
正在爬取链接中	红野菊
插入成功 0
正在爬取链接中	大进军-解放大西北
插入成功 0
正在爬取链接中	大进军-席卷大西南
插入成功 0
正在爬取链接中	大进军 大战宁沪杭
插入成功 0
正在爬取链接中	大进军 南线大追歼
插入成功 0
正在爬取链接中	冰山上的来客
插入成功 0
正在爬取链接中	红色娘子军
插入成功 0
正在爬取链接中	封神三部曲
插入成功 0
正在爬取链接中	铁道卫士
插入成功 0
正在爬取链接中	意志的胜利
插入成功 0
正在爬取链接中	超级女特工
插入成功 0
正在爬取链接中	草原深处
插入成功 0
正在爬取链接中	佣兵之战
插入成功 0
正在爬取链接中	地雷战
插入成功 0
正在爬取链接中	地道战
插入成功 0
正在爬取链接中	铁血昆仑关
插入成功 0
正在爬取链接中	占水师
插入成功 0
正在爬取链接中	11号战壕
插入成功 0
正在爬取链接中	狼之歌
插入成功 0
正在爬取链接中	731部队-恐怖女体实验
插入成功 0
正在爬取链接中	硫磺岛的来信
插入成功 0
正在爬取链接中	威灵顿战线
插入成功 0
正在爬取链接中	最后的空降兵
插入成功 0
正在爬取链接中	反抗军
插入成功 0
正在爬取链接中	军舰岛
插入成功 0
正在爬取链接中	联合舰队司令长官山本五十六
插入成功 0
正在爬取链接中	龙城风云
插入成功 0
正在爬取链接中	虎！虎！虎！
插入成功 0
正在爬取链接中	珍珠港
插入成功 0
正在爬取链接中	湖杀令
插入成功 0
正在爬取链接中	诱狼
插入成功 0
正在爬取第203页的数据
正在爬取链接中	沃伦
插入成功 0
正在爬取链接中	空降任务
插入成功 0
正在爬取链接中	抗击
插入成功 0
正在爬取链接中	野火
插入成功 0
正在爬取链接中	郓城攻坚战
插入成功 0
正在爬取链接中	英雄泪
插入成功 0
正在爬取链接中	血染北沙河
插入成功 0
正在爬取链接中	终极胜利
插入成功 0
正在爬取链接中	渡江！渡江！
插入成功 0
正在爬取链接中	我父亲的战争
插入成功 0
正在爬取链接中	愤怒的阿登
插入成功 0
正在爬取链接中	光荣岁月
插入成功 0
正在爬取链接中	余波
插入成功 0
正在爬取链接中	穿越雷区
插入成功 0
正在爬取链接中	黄鸟
插入成功 0
正在爬取链接中	狙击手：特别行动
插入成功 0
正在爬取链接中	动物奇缘
插入成功 0
正在爬取链接中	凯萨里
插入成功 0
正在爬取链接中	第四帝国的黎明
插入成功 0
正在爬取链接中	猎鹿人
插入成功 0
正在爬取链接中	树妖
插入成功 0
正在爬取链接中	拯救大兵瑞恩
插入成功 0
正在爬取链接中	潘菲洛夫28勇士
插入成功 0
正在爬取链接中	中途岛之战
插入成功 0
正在爬取链接中	血战湘江
插入成功 0
正在爬取链接中	空投柏林
插入成功 0
正在爬取链接中	太平洋的奇迹
插入成功 0
正在爬取链接中	小丑特工队2
插入成功 0
正在爬取链接中	奥斯卡十一月
插入成功 0
正在爬取链接中	人间地狱下
插入成功 0
正在爬取链接中	伪钞制造者
插入成功 0
正在爬取链接中	人间地狱上
插入成功 0
正在爬取链接中	鱼雷出击
插入成功 0
正在爬取链接中	冰雪勇士
插入成功 0
正在爬取链接中	我的老兵爷爷
插入成功 0
正在爬取链接中	金身将军王政柱
插入成功 0
正在爬取链接中	第一小分队
插入成功 0
正在爬取链接中	裸露在狼群
插入成功 0
正在爬取链接中	仙境2018
插入成功 0
正在爬取链接中	加里波利
插入成功 0
正在爬取链接中	T-34坦克
插入成功 0
正在爬取链接中	第聂伯河防线
插入成功 0
正在爬取链接中	集中营里的摄影师
插入成功 0
正在爬取链接中	炼狱
插入成功 0
正在爬取链接中	奇袭胡家台
插入成功 0
正在爬取链接中	卡贾基
插入成功 0
正在爬取链接中	公主的战俘
插入成功 0
正在爬取链接中	先锋之那时青春
插入成功 0
正在爬取第204页的数据
正在爬取链接中	先锋之那时青春
先锋之那时青春数据已存在 1
正在爬取链接中	抗日奇侠之鬼六子
插入成功 0
正在爬取链接中	残团
插入成功 0
正在爬取链接中	纳粹霸主
插入成功 0
正在爬取链接中	乱
插入成功 0
正在爬取链接中	十字军2
插入成功 0
正在爬取链接中	十字军1
插入成功 0
正在爬取链接中	暗剑
插入成功 0
正在爬取链接中	军列杀出重围
插入成功 0
正在爬取链接中	血战午城
插入成功 0
正在爬取链接中	跤王战寇记
插入成功 0
正在爬取链接中	战士2018
插入成功 0
正在爬取链接中	老虎连
插入成功 0
正在爬取链接中	井冈山
插入成功 0
正在爬取链接中	三个忧郁的房间
插入成功 0
正在爬取链接中	关原之战
插入成功 0
正在爬取链接中	俘虏与逃兵
插入成功 0
正在爬取链接中	别让我看见
插入成功 0
正在爬取链接中	傻儿传奇之抗战到底
插入成功 0
正在爬取链接中	战火劫难
插入成功 0
正在爬取链接中	红鹰传
插入成功 0
正在爬取链接中	绝杀
插入成功 0
正在爬取链接中	抗日儿童团
插入成功 0
正在爬取链接中	绿色地带
插入成功 0
正在爬取链接中	圣战士2
插入成功 0
正在爬取链接中	咆哮无声
插入成功 0
正在爬取链接中	向着炮火
插入成功 0
正在爬取链接中	厂窖惨案
插入成功 0
正在爬取链接中	斯大林格勒
插入成功 0
正在爬取链接中	刘老庄八十二壮士
插入成功 0
正在爬取链接中	1812骑兵之歌
插入成功 0
正在爬取链接中	忠烈杨家将
插入成功 0
正在爬取链接中	百团大战
插入成功 0
正在爬取链接中	罗马不设防
插入成功 0
正在爬取链接中	玉米田的小孩3
插入成功 0
正在爬取链接中	玉米地的孩子：起源
插入成功 0
正在爬取链接中	调包富少的逆袭
插入成功 0
正在爬取链接中	钱
插入成功 0
正在爬取链接中	小天使与流浪汉
插入成功 0
正在爬取链接中	黑猫警长之翡翠之星
插入成功 0
正在爬取链接中	血染假期
插入成功 0
正在爬取链接中	异界2020
插入成功 0
正在爬取链接中	姐妹联谊会惊魂2009
插入成功 0
正在爬取链接中	女同志吸血鬼杀手
插入成功 0
正在爬取链接中	猪头逛大街
插入成功 0
正在爬取链接中	猪头逛大街3
插入成功 0
正在爬取链接中	古宅迷踪2013
插入成功 0
正在爬取链接中	王者之剑
插入成功 0
正在爬取第205页的数据
正在爬取链接中	凶咒1986
插入成功 0
正在爬取链接中	慈禧来了
插入成功 0
正在爬取链接中	黑道刺杀令
插入成功 0
正在爬取链接中	洛杉矶大逃亡1996
插入成功 0
正在爬取链接中	断头谷1999
插入成功 0
正在爬取链接中	深呼吸的必要
插入成功 0
正在爬取链接中	猪头逛大街2
插入成功 0
正在爬取链接中	沉睡的谋杀案2006
插入成功 0
正在爬取链接中	换精计划
插入成功 0
正在爬取链接中	史诗电影
插入成功 0
正在爬取链接中	咒怨2 录像带版
插入成功 0
正在爬取链接中	咒怨 录像带版
插入成功 0
正在爬取链接中	战神事件
插入成功 0
正在爬取链接中	戴佛珠的藏娃
插入成功 0
正在爬取链接中	小天使与流浪汉
插入成功 0
正在爬取链接中	煦阳岭的疑云
插入成功 0
正在爬取链接中	伯特伦旅馆之谜2007
插入成功 0
正在爬取链接中	恐怖五角星
插入成功 0
正在爬取链接中	巴格达妙贼
插入成功 0
正在爬取链接中	冰血暴1996
插入成功 0
正在爬取链接中	正义公堂
插入成功 0
正在爬取链接中	荧屏奇遇
插入成功 0
正在爬取链接中	神刀御厨娘
插入成功 0
正在爬取链接中	德云社张九龄王九龙相声专场天津站
插入成功 0
正在爬取链接中	阿弥陀堂讯息
插入成功 0
正在爬取链接中	降龙罗汉
插入成功 0
正在爬取链接中	说电影《夜访吸血鬼》
插入成功 0
正在爬取链接中	说电影《无性的世界》
插入成功 0
正在爬取链接中	说电影《女孩》
插入成功 0
正在爬取链接中	说电影《狂暴巨鳄》
插入成功 0
正在爬取链接中	天台爱情
插入成功 0
正在爬取链接中	说电影《剧场灵的招待状之腐烂》
插入成功 0
正在爬取链接中	说电影《换精计划》
插入成功 0
正在爬取链接中	战神事件
插入成功 0
正在爬取链接中	疯狂动物城
插入成功 0
正在爬取链接中	阴灵
插入成功 0
正在爬取链接中	最强罗曼史
插入成功 0
正在爬取链接中	维也纳战役无字版
插入成功 0
正在爬取链接中	阿拉伯海第一季 
插入成功 0
正在爬取链接中	说电影《脑男》
插入成功 0
正在爬取链接中	说电影《饥饿难耐》
插入成功 0
正在爬取链接中	说电影《黑骑士》
插入成功 0
正在爬取链接中	说电影《鬼乡》
插入成功 0
正在爬取链接中	说电影《AKB恐怖夜合租》
插入成功 0
正在爬取链接中	说电影《后街女孩》
插入成功 0
正在爬取链接中	南北狮王
插入成功 0
正在爬取链接中	女侠卖人头
插入成功 0
正在爬取链接中	冷血十三鹰
插入成功 0
正在爬取第206页的数据
正在爬取链接中	六刺客
插入成功 0
正在爬取链接中	青年与神灯
插入成功 0
正在爬取链接中	我爱厨房
插入成功 0
正在爬取链接中	被诅咒的士兵
插入成功 0
正在爬取链接中	舞动彭戈拉
插入成功 0
正在爬取链接中	君哈的自閉星球
插入成功 0
正在爬取链接中	待风平浪静
插入成功 0
正在爬取链接中	君哈的自閉星球
插入成功 0
正在爬取链接中	待风平浪静
插入成功 0
正在爬取链接中	完美接球
插入成功 0
正在爬取链接中	怪谈新耳袋第4季
插入成功 0
正在爬取链接中	踏血寻梅
插入成功 0
正在爬取链接中	警视厅樱花警察
插入成功 0
正在爬取链接中	明信片杀戮
插入成功 0
正在爬取链接中	阿方梦游记
插入成功 0
正在爬取链接中	怪谈新耳袋 二人篇
插入成功 0
正在爬取链接中	怪谈新耳袋 三人篇
插入成功 0
正在爬取链接中	怪谈新耳袋 绝叫篇 右 牛女
插入成功 0
正在爬取链接中	丹尼尔·斯洛斯：X
插入成功 0
正在爬取链接中	怪谈新耳袋 蜂拥而入2
插入成功 0
正在爬取链接中	怪谈新耳袋 二人篇
插入成功 0
正在爬取链接中	怪谈新耳袋 三人篇
插入成功 0
正在爬取链接中	怪谈新耳袋 绝叫篇 下
插入成功 0
正在爬取链接中	怪谈新耳袋 地狱篇 前篇
插入成功 0
正在爬取链接中	怪谈新耳袋突击！电影版 冲绳篇
插入成功 0
正在爬取链接中	怪谈新耳袋 地狱篇 后篇
插入成功 0
正在爬取链接中	怪谈新耳袋突击！东海道篇
插入成功 0
正在爬取链接中	怪谈新耳袋 绝叫篇 右 牛女
插入成功 0
正在爬取链接中	怪谈新耳袋：异形和人形篇
插入成功 0
正在爬取链接中	怪谈新耳袋突击！电影版 关东篇
插入成功 0
正在爬取链接中	鬼样少年少女
插入成功 0
正在爬取链接中	怪谈新耳袋 绝叫篇 上
插入成功 0
正在爬取链接中	怪谈新耳袋之记忆
插入成功 0
正在爬取链接中	血洗擂台
插入成功 0
正在爬取链接中	怪谈新耳袋 新娘篇
插入成功 0
正在爬取链接中	怪谈新耳袋：信弘先生
插入成功 0
正在爬取链接中	香水2006
插入成功 0
正在爬取链接中	怪谈新耳袋之扭曲的脸
插入成功 0
正在爬取链接中	怪谈新耳袋突击！电影版 关东篇
插入成功 0
正在爬取链接中	怪谈新耳袋 新娘篇
插入成功 0
正在爬取链接中	怪谈新耳袋 消灾求福也没用篇
插入成功 0
正在爬取链接中	鬼样少年少女
插入成功 0
正在爬取链接中	怪谈新耳袋 绝叫篇 左 黑衣人
插入成功 0
正在爬取链接中	怪谈新耳袋 绝叫篇 上
插入成功 0
正在爬取链接中	怪谈新耳袋之记忆
插入成功 0
正在爬取链接中	血洗擂台
插入成功 0
正在爬取链接中	怪谈新耳袋 开启不能篇
插入成功 0
正在爬取链接中	怪谈新耳袋 最终夜2
插入成功 0
正在爬取第207页的数据
正在爬取链接中	怪谈新耳袋 最终夜
插入成功 0
正在爬取链接中	怪谈新耳袋：信弘先生
插入成功 0
正在爬取链接中	怪谈新耳袋：怪奇
插入成功 0
正在爬取链接中	战争手段
插入成功 0
正在爬取链接中	阿尔法测试
插入成功 0
正在爬取链接中	纬度0大作战
插入成功 0
正在爬取链接中	火车怪客
插入成功 0
正在爬取链接中	狩猎惊魂
插入成功 0
正在爬取链接中	女人如花
插入成功 0
正在爬取链接中	怪谈新耳袋 电影版
插入成功 0
正在爬取链接中	西行平妖
插入成功 0
正在爬取链接中	怪谈新耳袋 百物语
插入成功 0
正在爬取链接中	街头之王2：汽车城
插入成功 0
正在爬取链接中	街头之王2008
插入成功 0
正在爬取链接中	街头之王2012
爬取第207页的街头之王2012数据失败！
正在爬取链接中	半个喜剧
插入成功 0
正在爬取链接中	风雪武者
插入成功 0
正在爬取链接中	龙争虎斗1973
插入成功 0
正在爬取链接中	被困的爱丽克思
插入成功 0
正在爬取链接中	你好，疯子！
插入成功 0
正在爬取链接中	宝贝双龙
插入成功 0
正在爬取链接中	暗海
插入成功 0
正在爬取链接中	那年我的初恋
插入成功 0
正在爬取链接中	宇宙铁人剧场版
插入成功 0
正在爬取链接中	神机箭
插入成功 0
正在爬取链接中	站住！小偷
插入成功 0
正在爬取链接中	疯狂节育器
插入成功 0
正在爬取链接中	野模
插入成功 0
正在爬取链接中	致命信条
插入成功 0
正在爬取链接中	丛林之中
插入成功 0
正在爬取链接中	舞动节拍！重返校园
插入成功 0
正在爬取链接中	丛林之中
插入成功 0
正在爬取链接中	玛拉
插入成功 0
正在爬取链接中	战略高手
插入成功 0
正在爬取链接中	屠魔战士
插入成功 0
正在爬取链接中	舞动节拍！重返校园
插入成功 0
正在爬取链接中	绑灵
插入成功 0
正在爬取链接中	人类世
插入成功 0
正在爬取链接中	说电影《詹妮弗的肉体》
插入成功 0
正在爬取链接中	说电影《失落的大陆》
插入成功 0
正在爬取链接中	说电影《柏林的女人》
插入成功 0
正在爬取链接中	玉面飞狐1968
插入成功 0
正在爬取链接中	坏蛋必须死
插入成功 0
正在爬取链接中	越战亡魂
插入成功 0
正在爬取链接中	至尊一剑
插入成功 0
正在爬取链接中	我是人类
插入成功 0
正在爬取链接中	玉面飞狐1968
插入成功 0
正在爬取链接中	坏蛋必须死
插入成功 0
正在爬取第208页的数据
正在爬取链接中	越战亡魂
插入成功 0
正在爬取链接中	至尊一剑
插入成功 0
正在爬取链接中	鬼水怪谈2002
插入成功 0
正在爬取链接中	新流星蝴蝶剑
插入成功 0
正在爬取链接中	沂蒙小调
插入成功 0
正在爬取链接中	唐璜
插入成功 0
正在爬取链接中	死亡游戏1978
插入成功 0
正在爬取链接中	斯诺登
插入成功 0
正在爬取链接中	皇牌机师-重装甲高校
插入成功 0
正在爬取链接中	食人虫
插入成功 0
正在爬取链接中	新古惑仔之少年激斗篇
插入成功 0
正在爬取链接中	八星报喜
插入成功 0
正在爬取链接中	热血男儿之叛逆小子
插入成功 0
正在爬取链接中	紫日
插入成功 0
正在爬取链接中	死路2003
插入成功 0
正在爬取链接中	怪谈协会
插入成功 0
正在爬取链接中	传染病
插入成功 0
正在爬取链接中	红樱桃1995
插入成功 0
正在爬取链接中	天城峡疑案
插入成功 0
正在爬取链接中	女拳霸2008
插入成功 0
正在爬取链接中	一蚊鸡保镖
插入成功 0
正在爬取链接中	青城僵尸
插入成功 0
正在爬取链接中	少林寺传奇1981
插入成功 0
正在爬取链接中	超级大玩家
插入成功 0
正在爬取链接中	蓝山球队大电影
插入成功 0
正在爬取链接中	浴血疆城
插入成功 0
正在爬取链接中	邪恶国度
插入成功 0
正在爬取链接中	传染
插入成功 0
正在爬取链接中	沸腾吧火锅
插入成功 0
正在爬取链接中	挑战者
插入成功 0
正在爬取链接中	灵异疗养院
插入成功 0
正在爬取链接中	挑战者号之殇
插入成功 0
正在爬取链接中	高地人2天幕之战
插入成功 0
正在爬取链接中	追风游戏
插入成功 0
正在爬取链接中	头号玩家
插入成功 0
正在爬取链接中	挑战者联盟-英语版
插入成功 0
正在爬取链接中	挑战者联盟-普通话版
插入成功 0
正在爬取链接中	赢向一生的挑战
插入成功 0
正在爬取链接中	美丽吸血鬼
插入成功 0
正在爬取链接中	脱线灵探理柯南
插入成功 0
正在爬取链接中	毁灭者柯南
插入成功 0
正在爬取链接中	我不是柯南
插入成功 0
正在爬取链接中	命中注定我爱你
插入成功 0
正在爬取链接中	天堂90分钟
插入成功 0
正在爬取链接中	回不去的李雷和韩梅梅
插入成功 0
正在爬取链接中	找个僵尸谈恋爱
插入成功 0
正在爬取链接中	婚之姻
插入成功 0
正在爬取链接中	幽灵客栈
插入成功 0
正在爬取第209页的数据
正在爬取链接中	幽灵客栈
幽灵客栈数据已存在 1
正在爬取链接中	将离草
插入成功 0
正在爬取链接中	夜蒲之奶爸总裁
插入成功 0
正在爬取链接中	野蛮的囧妃：时空黑洞
插入成功 0
正在爬取链接中	全境感染
插入成功 0
正在爬取链接中	大醉侠
插入成功 0
正在爬取链接中	一夜狂欢
插入成功 0
正在爬取链接中	坐火车旅行
插入成功 0
正在爬取链接中	乡村不寂寞
插入成功 0
正在爬取链接中	流氓军队
插入成功 0
正在爬取链接中	书记
插入成功 0
正在爬取链接中	让子弹飞(川话版)
插入成功 0
正在爬取链接中	秋雨绵绵
插入成功 0
正在爬取链接中	迈尔斯·戴维斯：酷派始祖
插入成功 0
正在爬取链接中	说电影《消失的尸体》
插入成功 0
正在爬取链接中	说电影《释放》
插入成功 0
正在爬取链接中	说电影《控方证人》
插入成功 0
正在爬取链接中	庶务二课FOREVER
插入成功 0
正在爬取链接中	机关枪乖乖女
插入成功 0
正在爬取链接中	机器人艺妓
插入成功 0
正在爬取链接中	末路狂花
插入成功 0
正在爬取链接中	白夜2012
插入成功 0
正在爬取链接中	我的野蛮囧妃
插入成功 0
正在爬取链接中	最初的晚餐
插入成功 0
正在爬取链接中	末路狂花
插入成功 0
正在爬取链接中	庶务二课 SP
插入成功 0
正在爬取链接中	二者必居其一
插入成功 0
正在爬取链接中	世界之战2005
插入成功 0
正在爬取链接中	杂家小子
插入成功 0
正在爬取链接中	庶务二课 2000新春特别篇
插入成功 0
正在爬取链接中	蜿龙
插入成功 0
正在爬取链接中	奉天往事之解救白胭脂
插入成功 0
正在爬取链接中	情人的情人
插入成功 0
正在爬取链接中	不夜天
插入成功 0
正在爬取链接中	十五亿杀人网络
插入成功 0
正在爬取链接中	封神榜·妖灭
插入成功 0
正在爬取链接中	卡丁赛车王
插入成功 0
正在爬取链接中	失踪女孩
插入成功 0
正在爬取链接中	我为你牺牲
插入成功 0
正在爬取链接中	陌生人2008
插入成功 0
正在爬取链接中	怪笑少女
插入成功 0
正在爬取链接中	还有一些树
插入成功 0
正在爬取链接中	巴尔干边界
插入成功 0
正在爬取链接中	封神榜·妖灭
插入成功 0
正在爬取链接中	降龙大师：魔龙咒
插入成功 0
正在爬取链接中	误杀2019
插入成功 0
正在爬取链接中	人鬼情已了
插入成功 0
正在爬取链接中	泄密的心
插入成功 0
正在爬取第210页的数据
正在爬取链接中	腐蚀2018
插入成功 0
正在爬取链接中	说电影《游戏结束》
插入成功 0
正在爬取链接中	说电影《织物》
插入成功 0
正在爬取链接中	说电影《羡慕死人》
插入成功 0
正在爬取链接中	说电影《我的心机闺蜜》
插入成功 0
正在爬取链接中	说电影《五路追杀令》
插入成功 0
正在爬取链接中	说电影《食人恋》
插入成功 0
正在爬取链接中	说电影《魍美》
插入成功 0
正在爬取链接中	说电影《人形》
插入成功 0
正在爬取链接中	说电影《迷途之人》
插入成功 0
正在爬取链接中	说电影《骨瓷》
插入成功 0
正在爬取链接中	说电影《纽约黑帮》
插入成功 0
正在爬取链接中	说电影《绿头苍蝇》
插入成功 0
正在爬取链接中	说电影《吃人爸妈》
插入成功 0
正在爬取链接中	说电影《第三种爱情》
插入成功 0
正在爬取链接中	说电影《超能敢死队》
插入成功 0
正在爬取链接中	说电影《白兰》
插入成功 0
正在爬取链接中	说电影《正义复仇者》
插入成功 0
正在爬取链接中	说电影《转山》
插入成功 0
正在爬取链接中	魔鞋
插入成功 0
正在爬取链接中	夺命旅馆
插入成功 0
正在爬取链接中	灵通人士
插入成功 0
正在爬取链接中	伴侣度假村
插入成功 0
正在爬取链接中	吾即恐惧
插入成功 0
正在爬取链接中	弗朗西斯·弗格森
插入成功 0
正在爬取链接中	暗红
插入成功 0
正在爬取链接中	心梦惊魂
插入成功 0
正在爬取链接中	超级杯奶爸
插入成功 0
正在爬取链接中	越洋记
插入成功 0
正在爬取链接中	完美家伙
插入成功 0
正在爬取链接中	热带雨
插入成功 0
正在爬取链接中	永远不要放弃
插入成功 0
正在爬取链接中	初三那年
插入成功 0
正在爬取链接中	黑夜里的眼睛
插入成功 0
正在爬取链接中	吾即恐惧
插入成功 0
正在爬取链接中	如来神掌2020
插入成功 0
正在爬取链接中	K计划敢死队
插入成功 0
正在爬取链接中	暗红
插入成功 0
正在爬取链接中	不一样的妈妈
插入成功 0
正在爬取链接中	国家宝藏：夺宝秘笈
插入成功 0
正在爬取链接中	铁路战斗队
插入成功 0
正在爬取链接中	弗朗西斯·弗格森
插入成功 0
正在爬取链接中	一部有我出镜的影片
插入成功 0
正在爬取链接中	星际之旅：奥德赛
插入成功 0
正在爬取链接中	猛龙过江1972
插入成功 0
正在爬取链接中	惊天破
插入成功 0
正在爬取链接中	一寸山河一寸血
插入成功 0
正在爬取链接中	第四次世界大战2019
插入成功 0
正在爬取第211页的数据
正在爬取链接中	大叔之爱：爱情或死亡
插入成功 0
正在爬取链接中	北极雪
插入成功 0
正在爬取链接中	爱在大饭店
插入成功 0
正在爬取链接中	泡妞专家
插入成功 0
正在爬取链接中	超级异能人
插入成功 0
正在爬取链接中	阿K诗篇
插入成功 0
正在爬取链接中	渣能天团之巨能足球
插入成功 0
正在爬取链接中	罪恶
插入成功 0
正在爬取链接中	心理搜查官楯冈绘麻特别篇 恶魔的学问
插入成功 0
正在爬取链接中	数字时代的恋爱游戏
插入成功 0
正在爬取链接中	飞地
插入成功 0
正在爬取链接中	拳击小子1982
插入成功 0
正在爬取链接中	生命中不能承受之情
插入成功 0
正在爬取链接中	美丽的蓝色多瑙河
插入成功 0
正在爬取链接中	AKB48心程纪实3：少女眼泪的背后
插入成功 0
正在爬取链接中	搭车遇狼惊魂记
插入成功 0
正在爬取链接中	灰色乌鸦
插入成功 0
正在爬取链接中	罪的留白
插入成功 0
正在爬取链接中	热血雷锋侠之激情营救
插入成功 0
正在爬取链接中	家政妇看见了2015
插入成功 0
正在爬取链接中	家政妇看见了2014
插入成功 0
正在爬取链接中	野蛮人崛起第一季
插入成功 0
正在爬取链接中	同行第一季
插入成功 0
正在爬取链接中	切尔诺贝利·禁区电影版
插入成功 0
正在爬取链接中	筑梦2020
插入成功 0
正在爬取链接中	说电影《异种》
插入成功 0
正在爬取链接中	说电影《异种4》
插入成功 0
正在爬取链接中	说电影《衣橱》
插入成功 0
正在爬取链接中	说电影《危楼愚夫》
插入成功 0
正在爬取链接中	说电影《陀地驱魔人》
插入成功 0
正在爬取链接中	说电影《玩尽杀绝》
插入成功 0
正在爬取链接中	说电影《逃离猩球》
插入成功 0
正在爬取链接中	说电影《失陷星球》
插入成功 0
正在爬取链接中	说电影《十二公民》
插入成功 0
正在爬取链接中	说电影《祈祷落幕时》
插入成功 0
正在爬取链接中	说电影《红字》
插入成功 0
正在爬取链接中	说电影《黑钱》
插入成功 0
正在爬取链接中	说电影《丛林炼狱》
插入成功 0
正在爬取链接中	说电影《盗钥匙的方法》
插入成功 0
正在爬取链接中	说电影《暗数杀人》
插入成功 0
正在爬取链接中	说电影《罪美人》
插入成功 0
正在爬取链接中	说电影《圆梦巨人》
插入成功 0
正在爬取链接中	说电影《我想和你好好的》
插入成功 0
正在爬取链接中	说电影《新宿事件》
插入成功 0
正在爬取链接中	留级之王
插入成功 0
正在爬取链接中	南诏风云之忠烈者
插入成功 0
正在爬取链接中	阳光下的少年之我的无色世界
插入成功 0
正在爬取链接中	莫问前程
插入成功 0
正在爬取第212页的数据
正在爬取链接中	绝世娇妃
插入成功 0
正在爬取链接中	天地无限
插入成功 0
正在爬取链接中	独行杀手2020
插入成功 0
正在爬取链接中	黑马2011
插入成功 0
正在爬取链接中	噤声
插入成功 0
正在爬取链接中	毁灭者科南
插入成功 0
正在爬取链接中	野蛮人柯南1982
插入成功 0
正在爬取链接中	浮士德2018
插入成功 0
正在爬取链接中	沉睡的声音
插入成功 0
正在爬取链接中	宅变
插入成功 0
正在爬取链接中	好医生2011
插入成功 0
正在爬取链接中	藏品
插入成功 0
正在爬取链接中	铁窗雄泪
插入成功 0
正在爬取链接中	筑梦2020
插入成功 0
正在爬取链接中	沙漠之狐
插入成功 0
正在爬取链接中	隐形的格里夫
插入成功 0
正在爬取链接中	卡拉麦里
插入成功 0
正在爬取链接中	说电影《委托杀人》
插入成功 0
正在爬取链接中	说电影《偷天换日》
插入成功 0
正在爬取链接中	说电影《偷天换日》
插入成功 0
正在爬取链接中	说电影《亡命救赎》
插入成功 0
正在爬取链接中	说电影《亡命救赎》
插入成功 0
正在爬取链接中	说电影《铁血精英》
插入成功 0
正在爬取链接中	说电影《铁血精英》
插入成功 0
正在爬取链接中	说电影《苔藓》
插入成功 0
正在爬取链接中	说电影《双龙出手》
插入成功 0
正在爬取链接中	说电影《史前一万年》
插入成功 0
正在爬取链接中	说电影《三日刺杀》
插入成功 0
正在爬取链接中	说电影《三日刺杀》
插入成功 0
正在爬取链接中	说电影《人生密密缝》
插入成功 0
正在爬取链接中	说电影《人生密密缝》
插入成功 0
正在爬取链接中	说电影《女男变错身》
插入成功 0
正在爬取链接中	说电影《卖命》
插入成功 0
正在爬取链接中	说电影《灵妖鉴之盘丝小仙》
插入成功 0
正在爬取链接中	说电影《流浪狗》
插入成功 0
正在爬取链接中	说电影《克洛伊》
插入成功 0
正在爬取链接中	说电影《虎胆龙威4》
插入成功 0
正在爬取链接中	说电影《嚎叫》
插入成功 0
正在爬取链接中	说电影《怪物》
插入成功 0
正在爬取链接中	说电影《当幸福来敲门》
插入成功 0
正在爬取链接中	说电影《暴力史》
插入成功 0
正在爬取链接中	天行九歌之驭鼎九州
插入成功 0
正在爬取链接中	风云九州3
插入成功 0
正在爬取链接中	风云九州2
插入成功 0
正在爬取链接中	风云九州1
插入成功 0
正在爬取链接中	从零开始
插入成功 0
正在爬取链接中	太极1：从零开始
插入成功 0
正在爬取链接中	山炮贼中贼2绝世艳贼
插入成功 0
正在爬取第213页的数据
爬取第213页的山炮贼中贼2绝世艳贼数据失败！
正在爬取链接中	JT·莱罗伊
插入成功 0
正在爬取链接中	绝世按摩师
插入成功 0
正在爬取链接中	绝世魔仆
插入成功 0
正在爬取链接中	塔拉德加之夜
插入成功 0
正在爬取链接中	绝世高手之特工前传
插入成功 0
正在爬取链接中	宝塔镇河妖之绝世妖龙
插入成功 0
正在爬取链接中	重生之绝世医仙
插入成功 0
正在爬取链接中	绝世高手
插入成功 0
正在爬取链接中	蜘蛛网中的女孩
插入成功 0
正在爬取链接中	北国淘金梦
插入成功 0
正在爬取链接中	非典十年祭
插入成功 0
正在爬取链接中	万劫不复
插入成功 0
正在爬取链接中	决战帝国
插入成功 0
正在爬取链接中	黑夜传说前传：狼族再起-
插入成功 0
正在爬取链接中	黎明契约之狼族后裔
插入成功 0
正在爬取链接中	狼族觉醒之夜狼
插入成功 0
正在爬取链接中	婚前特急
插入成功 0
正在爬取链接中	结婚前夜
插入成功 0
正在爬取链接中	雪山特警
插入成功 0
正在爬取链接中	天使陷落
爬取第213页的天使陷落数据失败！
正在爬取链接中	绝世娇妃
插入成功 0
正在爬取链接中	诡宅惊魂
插入成功 0
正在爬取链接中	通灵车教
插入成功 0
正在爬取链接中	九度空间之濒死体验
插入成功 0
正在爬取链接中	极限逃生
插入成功 0
正在爬取链接中	名侦探柯南：唐红的恋歌
插入成功 0
正在爬取链接中	名侦探柯南：零的执行人
插入成功 0
正在爬取链接中	龙之谷2精灵王座
插入成功 0
正在爬取链接中	桥1949
插入成功 0
正在爬取链接中	囧途囧行
插入成功 0
正在爬取链接中	致敬英雄
插入成功 0
正在爬取链接中	超慢动作下的世界
插入成功 0
正在爬取链接中	烽火丽人
插入成功 0
正在爬取链接中	郎心如铁
插入成功 0
正在爬取链接中	如来神掌
插入成功 0
正在爬取链接中	贞子3D
插入成功 0
正在爬取链接中	非法之徒
插入成功 0
正在爬取链接中	纪实72小时 银座的酒屋的故事
插入成功 0
正在爬取链接中	战俘列车
插入成功 0
正在爬取链接中	古惑仔3之只手遮天
插入成功 0
正在爬取链接中	风筝少女杀手
插入成功 0
正在爬取链接中	江湖情
插入成功 0
正在爬取链接中	通缉令
插入成功 0
正在爬取链接中	首杀
插入成功 0
正在爬取链接中	非凡任务
插入成功 0
正在爬取链接中	猩球崛起3终极之战
插入成功 0
正在爬取链接中	雪国列车
插入成功 0
正在爬取第214页的数据
正在爬取链接中	透明人
插入成功 0
正在爬取链接中	赏金猎人
插入成功 0
正在爬取链接中	夜宴
插入成功 0
正在爬取链接中	银护2
插入成功 0
正在爬取链接中	银护
插入成功 0
正在爬取链接中	不死潜龙
插入成功 0
正在爬取链接中	铁拳
插入成功 0
正在爬取链接中	铁扇公主
插入成功 0
正在爬取链接中	拆弹专家
插入成功 0
正在爬取链接中	钢铁飞龙之再见奥特曼
插入成功 0
正在爬取链接中	金蝉脱壳
插入成功 0
正在爬取链接中	金燕子
插入成功 0
正在爬取链接中	木乃伊3
插入成功 0
正在爬取链接中	蜂鸟特攻
插入成功 0
正在爬取链接中	英雄本色III
插入成功 0
正在爬取链接中	英雄本色II
插入成功 0
正在爬取链接中	英雄
插入成功 0
正在爬取链接中	英雄本色2018
插入成功 0
正在爬取链接中	维京王者之战
插入成功 0
正在爬取链接中	诸神之战
插入成功 0
正在爬取链接中	技术者们
插入成功 0
正在爬取链接中	蚁人
插入成功 0
正在爬取链接中	风筝（电影版）
插入成功 0
正在爬取链接中	极乐空间
插入成功 0
正在爬取链接中	小叮当：永无兽传奇
插入成功 0
正在爬取链接中	密道追踪之阴兵虎符
插入成功 0
正在爬取链接中	明日边缘
插入成功 0
正在爬取链接中	遗落战境
插入成功 0
正在爬取链接中	铁三角
插入成功 0
正在爬取链接中	天龙特攻队
插入成功 0
正在爬取链接中	疾风使命
插入成功 0
正在爬取链接中	我是战士
插入成功 0
正在爬取链接中	谍影重重5
插入成功 0
正在爬取链接中	狂野飞车
插入成功 0
正在爬取链接中	狂妃千寻
插入成功 0
正在爬取链接中	特种兵之战狼归来
插入成功 0
正在爬取链接中	特种使命之绿色军团
插入成功 0
正在爬取链接中	空天猎
插入成功 0
正在爬取链接中	热血街区电影版：红雨
插入成功 0
正在爬取链接中	绝路反击
插入成功 0
正在爬取链接中	湄公河行动
插入成功 0
正在爬取链接中	激战
插入成功 0
正在爬取链接中	白雪公主与猎人
插入成功 0
正在爬取链接中	王牌保安
插入成功 0
正在爬取链接中	末日重启
插入成功 0
正在爬取链接中	海浪
插入成功 0
正在爬取链接中	时间规划局
插入成功 0
正在爬取链接中	无间道3终极无间
插入成功 0
正在爬取第215页的数据
正在爬取链接中	武力2
插入成功 0
正在爬取链接中	明日世界
插入成功 0
正在爬取链接中	女囚尼基塔
插入成功 0
正在爬取链接中	摩天楼
插入成功 0
正在爬取链接中	杀出狂人镇
插入成功 0
正在爬取链接中	战纪
插入成功 0
正在爬取链接中	杀破狼·贪狼
插入成功 0
正在爬取链接中	杀破狼2
插入成功 0
正在爬取链接中	华沙间谍
插入成功 0
正在爬取链接中	恶女
插入成功 0
正在爬取链接中	燕娘
插入成功 0
正在爬取链接中	机械战警4
插入成功 0
正在爬取链接中	最后的巫师猎人
插入成功 0
正在爬取链接中	金融决战
插入成功 0
正在爬取链接中	机械战警2
插入成功 0
正在爬取链接中	金刚：骷髅岛
插入成功 0
正在爬取链接中	机械战警
插入成功 0
正在爬取链接中	迈凯伦
插入成功 0
正在爬取链接中	龙虎风云
插入成功 0
正在爬取链接中	黑夜传说5血战
插入成功 0
正在爬取链接中	星河战队火星叛国者
插入成功 0
正在爬取链接中	警察故事2013
插入成功 0
正在爬取链接中	小叮当羽翼之谜奇妙仙子
插入成功 0
正在爬取链接中	小叮当奇幻兽传奇
插入成功 0
正在爬取链接中	小叮当与失去的宝藏
插入成功 0
正在爬取链接中	小叮当
插入成功 0
正在爬取链接中	病毒
插入成功 0
正在爬取链接中	亚瑟王：斗兽争霸亚瑟王
插入成功 0
正在爬取链接中	新木乃伊
插入成功 0
正在爬取链接中	雷霆壮志
插入成功 0
正在爬取链接中	黄金眼
插入成功 0
正在爬取链接中	洪拳与咏春
插入成功 0
正在爬取链接中	雌雄大盗
插入成功 0
正在爬取链接中	天空上尉与明日世界
插入成功 0
正在爬取链接中	终极密码战
插入成功 0
正在爬取链接中	刑柱之地2
插入成功 0
正在爬取链接中	金刚不坏
插入成功 0
正在爬取链接中	窃听风云1
插入成功 0
正在爬取链接中	倭寇的踪迹
插入成功 0
正在爬取链接中	敢死队2
插入成功 0
正在爬取链接中	复活
插入成功 0
正在爬取链接中	银河护卫队2
插入成功 0
正在爬取链接中	夺宝英雄
插入成功 0
正在爬取链接中	东京暴族
插入成功 0
正在爬取链接中	超级学校霸王
插入成功 0
正在爬取链接中	垂直极限
插入成功 0
正在爬取链接中	辣手神探
插入成功 0
正在爬取链接中	疯狂的麦克斯4：狂暴之路
插入成功 0
正在爬取第216页的数据
正在爬取链接中	后天
插入成功 0
正在爬取链接中	三人行
插入成功 0
正在爬取链接中	请叫我英雄
插入成功 0
正在爬取链接中	珍宝大战
插入成功 0
正在爬取链接中	99反恐99
插入成功 0
正在爬取链接中	血战墓碑镇2
插入成功 0
正在爬取链接中	荡寇风云
插入成功 0
正在爬取链接中	蒸发密令
插入成功 0
正在爬取链接中	隧道之鼠
插入成功 0
正在爬取链接中	铁面人
插入成功 0
正在爬取链接中	艾芙莉
插入成功 0
正在爬取链接中	终极斗士4
插入成功 0
正在爬取链接中	拳精
插入成功 0
正在爬取链接中	绣春刀
插入成功 0
正在爬取链接中	波西·杰克逊与魔兽之海
插入成功 0
正在爬取链接中	复仇者联盟2
插入成功 0
正在爬取链接中	波斯王子：时之沙
插入成功 0
正在爬取链接中	死灵法师
插入成功 0
正在爬取链接中	机器之血
插入成功 0
正在爬取链接中	最后的骑士
插入成功 0
正在爬取链接中	纳尼亚传奇2：凯斯宾王子
插入成功 0
正在爬取链接中	神战
插入成功 0
正在爬取链接中	第五波
插入成功 0
正在爬取链接中	精英部队2
插入成功 0
正在爬取链接中	生死夏令营
插入成功 0
正在爬取链接中	精英部队
插入成功 0
正在爬取链接中	爆头Headshot
插入成功 0
正在爬取链接中	铁甲钢拳
插入成功 0
正在爬取链接中	狙击精英：巅峰对决
插入成功 0
正在爬取链接中	方世玉与胡惠乾
插入成功 0
正在爬取链接中	毒.诫
插入成功 0
正在爬取链接中	毒战
插入成功 0
正在爬取链接中	毁灭战士
插入成功 0
正在爬取链接中	X战警：第一战
插入成功 0
正在爬取链接中	星际迷航：暗黑无界
插入成功 0
正在爬取链接中	狙击精英巅峰对决
插入成功 0
正在爬取链接中	斯特拉顿
插入成功 0
正在爬取链接中	无限之住人
插入成功 0
正在爬取链接中	无人机
插入成功 0
正在爬取链接中	关云长
插入成功 0
正在爬取链接中	悬战
插入成功 0
正在爬取链接中	封神传奇
插入成功 0
正在爬取链接中	我怒了我是愤怒
插入成功 0
正在爬取链接中	图书馆员：圣杯的诅咒
插入成功 0
正在爬取链接中	救火英雄
插入成功 0
正在爬取链接中	师傅
插入成功 0
正在爬取链接中	屠杀公园
插入成功 0
正在爬取链接中	目击者之追凶
插入成功 0
正在爬取第217页的数据
正在爬取链接中	用心棒
插入成功 0
正在爬取链接中	意大利任务
插入成功 0
正在爬取链接中	大骚乱
插入成功 0
正在爬取链接中	敢死队3
插入成功 0
正在爬取链接中	家园防线
插入成功 0
正在爬取链接中	失落的世界
插入成功 0
正在爬取链接中	天崩地裂
插入成功 0
正在爬取链接中	长城
插入成功 0
正在爬取链接中	三少爷的剑
插入成功 0
正在爬取链接中	复仇行动
插入成功 0
正在爬取链接中	速度与激情8
插入成功 0
正在爬取链接中	嗜血破晓
插入成功 0
正在爬取链接中	反黑行动组
插入成功 0
正在爬取链接中	谍影重重4
插入成功 0
正在爬取链接中	谍影重重3
插入成功 0
正在爬取链接中	剑雨
插入成功 0
正在爬取链接中	谍影重重2
插入成功 0
正在爬取链接中	谍影重重
插入成功 0
正在爬取链接中	国家利益汉密尔顿
插入成功 0
正在爬取链接中	敢死队
插入成功 0
正在爬取链接中	十字锁喉手
插入成功 0
正在爬取链接中	X战警：逆转未来
插入成功 0
正在爬取链接中	十月围城
插入成功 0
正在爬取链接中	危情时速
插入成功 0
正在爬取链接中	六指琴魔
插入成功 0
正在爬取链接中	共助
插入成功 0
正在爬取链接中	保镖
插入成功 0
正在爬取链接中	反恐特警组：潜龙突围
插入成功 0
正在爬取链接中	侠盗一号
插入成功 0
正在爬取链接中	天监师之末法时代
插入成功 0
正在爬取链接中	叶问3
插入成功 0
正在爬取链接中	困斗99号囚室
插入成功 0
正在爬取链接中	大圣伏妖
插入成功 0
正在爬取链接中	鬼手传奇之听风瓶
插入成功 0
正在爬取链接中	魔幻战场
插入成功 0
正在爬取链接中	狗咬狗
插入成功 0
正在爬取链接中	魔兽
插入成功 0
正在爬取链接中	荒野女囚
插入成功 0
正在爬取链接中	侏罗纪公园2失落的世界
插入成功 0
正在爬取链接中	使徒行者
插入成功 0
正在爬取链接中	英雄正传
插入成功 0
正在爬取链接中	至尊无上之永霸天下
插入成功 0
正在爬取链接中	知法犯法
插入成功 0
正在爬取链接中	侠女传奇
插入成功 0
正在爬取链接中	狄仁杰之通天帝国
插入成功 0
正在爬取链接中	黄飞鸿之四：王者之风
插入成功 0
正在爬取链接中	杀无赦
插入成功 0
正在爬取链接中	新精武门
插入成功 0
正在爬取第218页的数据
正在爬取链接中	御天神帝2修罗戮神
插入成功 0
正在爬取链接中	双侠
插入成功 0
正在爬取链接中	师父
插入成功 0
正在爬取链接中	引爆者
插入成功 0
正在爬取链接中	叉手
插入成功 0
正在爬取链接中	寻龙诀
插入成功 0
正在爬取链接中	安德的游戏
插入成功 0
正在爬取链接中	大上海
插入成功 0
正在爬取链接中	千面魔女
插入成功 0
正在爬取链接中	千面大盗
插入成功 0
正在爬取链接中	喋血柔情
插入成功 0
正在爬取链接中	十四女英豪
插入成功 0
正在爬取链接中	唐山大兄
插入成功 0
正在爬取链接中	八道楼子
插入成功 0
正在爬取链接中	开往远方的地铁
插入成功 0
正在爬取链接中	托克洛希
插入成功 0
正在爬取链接中	笨蛋太郎
插入成功 0
正在爬取链接中	新咒怨(美版)
插入成功 0
正在爬取链接中	缉妖法海传
插入成功 0
正在爬取链接中	花牌杀人
插入成功 0
正在爬取链接中	吸血鬼维达
插入成功 0
正在爬取链接中	重要人物
插入成功 0
正在爬取链接中	挖两座坟
插入成功 0
正在爬取链接中	爱情储蓄罐
插入成功 0
正在爬取链接中	出马仙之驱邪特工队
插入成功 0
正在爬取链接中	缺角一族
插入成功 0
正在爬取链接中	任务迷走72小时
插入成功 0
正在爬取链接中	韩囧
插入成功 0
正在爬取链接中	高音
插入成功 0
正在爬取链接中	欲戒
插入成功 0
正在爬取链接中	帕尼帕特
插入成功 0
正在爬取链接中	沉默2017
插入成功 0
正在爬取链接中	风流千古
插入成功 0
正在爬取链接中	龙威父子
插入成功 0
正在爬取链接中	摩登土佬
插入成功 0
正在爬取链接中	紫雨风暴
插入成功 0
正在爬取链接中	说电影《开心家族》
插入成功 0
正在爬取链接中	说电影《海扁王2》
插入成功 0
正在爬取链接中	说电影《哈利·波特与火焰杯》
插入成功 0
正在爬取链接中	说电影《官能许愿》
插入成功 0
正在爬取链接中	说电影《发达秘笈》
插入成功 0
正在爬取链接中	说电影《地狱男爵2：黄金军团》
插入成功 0
正在爬取链接中	说电影《不求上进的玉子》
插入成功 0
正在爬取链接中	说电影《暗杀》
插入成功 0
正在爬取链接中	说电影《寻龙诀》
插入成功 0
正在爬取链接中	说电影《心想事成杂货铺1》
插入成功 0
正在爬取链接中	说电影《直到遇见九月之恋》
插入成功 0
正在爬取链接中	说电影《无间行者》
插入成功 0
正在爬取第219页的数据
正在爬取链接中	说电影《死开啲啦》
插入成功 0
正在爬取链接中	为了正义
插入成功 0
正在爬取链接中	酒鬼
插入成功 0
正在爬取链接中	说电影《我不是药神》
插入成功 0
正在爬取链接中	受试者
插入成功 0
正在爬取链接中	开往远方的地铁
插入成功 0
正在爬取链接中	盗墓惊魂之锁魂
插入成功 0
正在爬取链接中	无人过境
插入成功 0
正在爬取链接中	超自然战场
插入成功 0
正在爬取链接中	浮俘
插入成功 0
正在爬取链接中	房子的故事
插入成功 0
正在爬取链接中	劫持你的女儿
插入成功 0
正在爬取链接中	恋爱恐惧症
插入成功 0
正在爬取链接中	大漠江湖
插入成功 0
正在爬取链接中	克利夫顿山失踪案
插入成功 0
正在爬取链接中	死亡低语
插入成功 0
正在爬取链接中	说电影《史前巨鳄2》
插入成功 0
正在爬取链接中	说电影《少年透明人》
插入成功 0
正在爬取链接中	说电影《少年汉尼拔》
插入成功 0
正在爬取链接中	魂：恐怖的开始
插入成功 0
正在爬取链接中	假发
插入成功 0
正在爬取链接中	别惹小孩
插入成功 0
正在爬取链接中	别在电梯说
插入成功 0
正在爬取链接中	灵欲专车
插入成功 0
正在爬取链接中	兔子和蜥蜴
插入成功 0
正在爬取链接中	刺猬小子之天生我刺
插入成功 0
正在爬取链接中	独闯虎穴
插入成功 0
正在爬取链接中	731大溃逃
插入成功 0
正在爬取链接中	移民
插入成功 0
正在爬取链接中	形影不离2012
插入成功 0
正在爬取链接中	蝗虫过境
插入成功 0
正在爬取链接中	我爱你2003
插入成功 0
正在爬取链接中	逃狱者
插入成功 0
正在爬取链接中	夺命手机
插入成功 0
正在爬取链接中	浪荡子
爬取第219页的浪荡子数据失败！
正在爬取链接中	时空穿越者2018
插入成功 0
正在爬取链接中	3比4X10月
插入成功 0
正在爬取链接中	南太平洋之旅
插入成功 0
正在爬取链接中	地下铁
插入成功 0
正在爬取链接中	地下世界阴暗面
插入成功 0
正在爬取链接中	大漠江湖
插入成功 0
正在爬取链接中	拳皇2010
插入成功 0
正在爬取链接中	浑身是胆
插入成功 0
正在爬取链接中	克利夫顿山失踪案
插入成功 0
正在爬取链接中	吞咽
插入成功 0
正在爬取链接中	囧途囧行
插入成功 0
正在爬取链接中	火狐1982
插入成功 0
正在爬取链接中	弓
插入成功 0
正在爬取第220页的数据
正在爬取链接中	仲夏夜之梦
插入成功 0
正在爬取链接中	搭车屠夫
插入成功 0
正在爬取链接中	说电影《魔镜》
插入成功 0
正在爬取链接中	说电影《怦然心动》
插入成功 0
正在爬取链接中	说电影《猫眼看人之抽烟》
插入成功 0
正在爬取链接中	说电影《猫鼠游戏》
插入成功 0
正在爬取链接中	说电影《巨蟒大战恐鳄》
插入成功 0
正在爬取链接中	说电影《非常主播》
插入成功 0
正在爬取链接中	说电影《放牛班的春天》
插入成功 0
正在爬取链接中	说电影《地狱厨房》
插入成功 0
正在爬取链接中	时空穿越者
插入成功 0
正在爬取链接中	蛇鱼怪
插入成功 0
正在爬取链接中	夜盗珍妃墓
插入成功 0
正在爬取链接中	揭秘冰层中的巨兽——猛犸
插入成功 0
正在爬取链接中	录影带谋杀案
插入成功 0
正在爬取链接中	斯图尔特：倒带人生
插入成功 0
正在爬取链接中	脖子上的安娜
插入成功 0
正在爬取链接中	末日侵袭之终极一搏
插入成功 0
正在爬取链接中	魔精攻击
插入成功 0
正在爬取链接中	人机大战
插入成功 0
正在爬取链接中	模仿女孩
插入成功 0
正在爬取链接中	上海堡垒
插入成功 0
正在爬取链接中	动物出击
插入成功 0
正在爬取链接中	哥斯拉2：怪兽之王
插入成功 0
正在爬取链接中	复仇者联盟4：终局之战
插入成功 0
正在爬取链接中	终结者2：审判日
插入成功 0
正在爬取链接中	末世指令
插入成功 0
正在爬取链接中	神秘博士：最后的圣诞
插入成功 0
正在爬取链接中	外星追缉令
插入成功 0
正在爬取链接中	流浪地球
插入成功 0
正在爬取链接中	蜘蛛侠：平行宇宙
插入成功 0
正在爬取链接中	人猿星球
插入成功 0
正在爬取链接中	烈血海底城
插入成功 0
正在爬取链接中	侏罗纪游戏
插入成功 0
正在爬取链接中	时空悍将
插入成功 0
正在爬取链接中	机械威龙
插入成功 0
正在爬取链接中	美国战舰
插入成功 0
正在爬取链接中	最后一战
插入成功 0
正在爬取链接中	火星任务
插入成功 0
正在爬取链接中	如斯星球
插入成功 0
正在爬取链接中	机器侠
插入成功 0
正在爬取链接中	闪电奇迹
插入成功 0
正在爬取链接中	科学怪狗
插入成功 0
正在爬取链接中	机器战警3
插入成功 0
正在爬取链接中	机器战警1
插入成功 0
正在爬取链接中	47号物品
插入成功 0
正在爬取链接中	炸星记
插入成功 0
正在爬取链接中	人类清除计划3
插入成功 0
正在爬取第221页的数据
正在爬取链接中	人类清除计划1
插入成功 0
正在爬取链接中	人类之子
插入成功 0
正在爬取链接中	一声惊雷
插入成功 0
正在爬取链接中	信号2014
插入成功 0
正在爬取链接中	木星之卫
插入成功 0
正在爬取链接中	日本沉没2006
插入成功 0
正在爬取链接中	天堂计划
插入成功 0
正在爬取链接中	机器猛犬
插入成功 0
正在爬取链接中	伊阿索密码
插入成功 0
正在爬取链接中	2001太空漫游
插入成功 0
正在爬取链接中	超能老师
插入成功 0
正在爬取链接中	超体
插入成功 0
正在爬取链接中	银河护卫队2
插入成功 0
正在爬取链接中	侏罗纪世界2
插入成功 0
正在爬取链接中	记忆重现
插入成功 0
正在爬取链接中	超能陆战队
插入成功 0
正在爬取链接中	复仇者联盟3：无限战争
插入成功 0
正在爬取链接中	环大西洋2
插入成功 0
正在爬取链接中	人工智能：灭绝危机
插入成功 0
正在爬取链接中	虚拟现实战
插入成功 0
正在爬取链接中	降临
插入成功 0
正在爬取链接中	超时空接触
插入成功 0
正在爬取链接中	第六超能力
插入成功 0
正在爬取链接中	冒险家：宝盒的诅咒
插入成功 0
正在爬取链接中	超能联盟之葫芦战队
插入成功 0
正在爬取链接中	极度深寒
插入成功 0
正在爬取链接中	来历不明
插入成功 0
正在爬取链接中	僵尸之地
插入成功 0
正在爬取链接中	超能侠
插入成功 0
正在爬取链接中	超能机器女友
插入成功 0
正在爬取链接中	银河护卫队
插入成功 0
正在爬取链接中	蜘蛛侠2
插入成功 0
正在爬取链接中	复仇者联盟
插入成功 0
正在爬取链接中	侏罗纪世界
插入成功 0
正在爬取链接中	巨人杀手杰克
插入成功 0
正在爬取链接中	宿主
插入成功 0
正在爬取链接中	帝国秘符
插入成功 0
正在爬取链接中	湮灭
插入成功 0
正在爬取链接中	外星人入侵
插入成功 0
正在爬取链接中	灭顶之灾
插入成功 0
正在爬取链接中	无人机战场
插入成功 0
正在爬取链接中	西游记之孙悟空三打白骨精
插入成功 0
正在爬取链接中	正义联盟
插入成功 0
正在爬取链接中	黑豹
插入成功 0
正在爬取链接中	静音
插入成功 0
正在爬取链接中	伏藏师
插入成功 0
正在爬取链接中	超能暴力対決
插入成功 0
正在爬取链接中	平行世界之门
插入成功 0
正在爬取第222页的数据
正在爬取链接中	夺命五头鲨
插入成功 0
正在爬取链接中	逆时营救
插入成功 0
正在爬取链接中	幽蓝幻境
插入成功 0
正在爬取链接中	时空终点
插入成功 0
正在爬取链接中	传染病
插入成功 0
正在爬取链接中	终极尖兵
插入成功 0
正在爬取链接中	X战警：天启
插入成功 0
正在爬取链接中	科洛弗道10号
插入成功 0
正在爬取链接中	年鉴计划
插入成功 0
正在爬取链接中	科洛弗悖论
插入成功 0
正在爬取链接中	西游之决战大佛寺
插入成功 0
正在爬取链接中	青天降妖录
插入成功 0
正在爬取链接中	成为岛主的男人
插入成功 0
正在爬取链接中	艾米莉亚2.0
插入成功 0
正在爬取链接中	夜不语之终极驱魔
插入成功 0
正在爬取链接中	灵魂摆渡·黄泉
插入成功 0
正在爬取链接中	Sea Horse
插入成功 0
正在爬取链接中	奇异联盟
插入成功 0
正在爬取链接中	钢铁侠
插入成功 0
正在爬取链接中	穿越
插入成功 0
正在爬取链接中	末日重启
插入成功 0
正在爬取链接中	灭绝2015
插入成功 0
正在爬取链接中	复制情人之意识转移
插入成功 0
正在爬取链接中	爱是永恒
插入成功 0
正在爬取链接中	移动迷宫2
插入成功 0
正在爬取链接中	超新星浩劫
插入成功 0
正在爬取链接中	移动迷宫3：死亡解药
插入成功 0
正在爬取链接中	发个微信去天界
插入成功 0
正在爬取链接中	X战警：第一战
插入成功 0
正在爬取链接中	雷神
插入成功 0
正在爬取链接中	伊甸园计划
插入成功 0
正在爬取链接中	王者游戏·觉醒
插入成功 0
正在爬取链接中	机甲美人
插入成功 0
正在爬取链接中	这个男人来自地球：全新纪
插入成功 0
正在爬取链接中	末栈之黑水
插入成功 0
正在爬取链接中	异能男友
插入成功 0
正在爬取链接中	海马王子-王子的嫁衣
插入成功 0
正在爬取链接中	伏地魔：传人的起源
插入成功 0
正在爬取链接中	蝙蝠侠大战超人：正义黎明
插入成功 0
正在爬取链接中	一代妖狐
插入成功 0
正在爬取链接中	侏罗纪公园2：失落的世界
插入成功 0
正在爬取链接中	普罗米修斯
插入成功 0
正在爬取链接中	水形物语
插入成功 0
正在爬取链接中	午夜前十五分钟
插入成功 0
正在爬取链接中	移魂都市
插入成功 0
正在爬取链接中	复仇者联盟2：奥创纪元
插入成功 0
正在爬取链接中	十二猴子
插入成功 0
正在爬取链接中	伏魔战士2016
插入成功 0
正在爬取第223页的数据
正在爬取链接中	第五元素
插入成功 0
正在爬取链接中	冰封：重生之门
插入成功 0
正在爬取链接中	天际浩劫2
插入成功 0
正在爬取链接中	猩球崛起
插入成功 0
正在爬取链接中	星球大战8：最后的绝地武士
插入成功 0
正在爬取链接中	安德的游戏
插入成功 0
正在爬取链接中	京城81号
插入成功 0
正在爬取链接中	死亡笔记本之迷途
插入成功 0
正在爬取链接中	跃迁管理局
插入成功 0
正在爬取链接中	透明人2
插入成功 0
正在爬取链接中	致命拯救
插入成功 0
正在爬取链接中	求生之路：冲出禁区
插入成功 0
正在爬取链接中	残余记忆
插入成功 0
正在爬取链接中	谈谈心恋恋爱
插入成功 0
正在爬取链接中	冥界
插入成功 0
正在爬取链接中	死亡半径
插入成功 0
正在爬取链接中	惊心食人族3
插入成功 0
正在爬取链接中	笔仙大战贞子2
插入成功 0
正在爬取链接中	奇点
插入成功 0
正在爬取链接中	人类办事处
插入成功 0
正在爬取链接中	地下室
插入成功 0
正在爬取链接中	公路怪物
插入成功 0
正在爬取链接中	星际特工：千星之城
插入成功 0
正在爬取链接中	虚拟实惊
插入成功 0
正在爬取链接中	谁是凶手
插入成功 0
正在爬取链接中	密室惊魂
插入成功 0
正在爬取链接中	误入魔爪
插入成功 0
正在爬取链接中	双子起源
插入成功 0
正在爬取链接中	相似者
插入成功 0
正在爬取链接中	半条命
插入成功 0
正在爬取链接中	血冲
插入成功 0
正在爬取链接中	许愿
插入成功 0
正在爬取链接中	僵尸集团
插入成功 0
正在爬取链接中	杰罗德游戏
插入成功 0
正在爬取链接中	机器人病毒危机 Swap
插入成功 0
正在爬取链接中	魔方笔仙2
插入成功 0
正在爬取链接中	掠夺者
插入成功 0
正在爬取链接中	鬼娃回魂7
插入成功 0
正在爬取链接中	诅咒之城：玛雅
插入成功 0
正在爬取链接中	意识入侵
插入成功 0
正在爬取链接中	机甲前线
插入成功 0
正在爬取链接中	反物质危机
插入成功 0
正在爬取链接中	恐怖毕业照2
插入成功 0
正在爬取链接中	安娜贝尔2：诞生
插入成功 0
正在爬取链接中	恶灵空间3
插入成功 0
正在爬取链接中	鬼庙
插入成功 0
正在爬取链接中	生化危机2
插入成功 0
正在爬取链接中	鬼屋
插入成功 0
正在爬取第224页的数据
正在爬取链接中	机器人病毒危机 Swap
机器人病毒危机 Swap数据已存在 1
正在爬取链接中	魔方笔仙2
魔方笔仙2数据已存在 1
正在爬取链接中	掠夺者
掠夺者数据已存在 1
正在爬取链接中	鬼娃回魂7
鬼娃回魂7数据已存在 1
正在爬取链接中	诅咒之城：玛雅
诅咒之城：玛雅数据已存在 1
正在爬取链接中	意识入侵
意识入侵数据已存在 1
正在爬取链接中	机甲前线
机甲前线数据已存在 1
正在爬取链接中	反物质危机
反物质危机数据已存在 1
正在爬取链接中	恐怖毕业照2
恐怖毕业照2数据已存在 1
正在爬取链接中	安娜贝尔2：诞生
安娜贝尔2：诞生数据已存在 1
正在爬取链接中	恶灵空间3
恶灵空间3数据已存在 1
正在爬取链接中	鬼庙
鬼庙数据已存在 1
正在爬取链接中	生化危机2
生化危机2数据已存在 1
正在爬取链接中	鬼屋
鬼屋数据已存在 1
正在爬取链接中	失眠
爬取第224页的失眠数据失败！
正在爬取链接中	谜域之噬魂岭
插入成功 0
正在爬取链接中	英雄联盟
插入成功 0
正在爬取链接中	银河守卫队
插入成功 0
正在爬取链接中	星际迷航3：超越星辰（国语+英语）
插入成功 0
正在爬取链接中	星际叛将:欧西里斯之子
插入成功 0
正在爬取链接中	唤醒夜影人
插入成功 0
正在爬取链接中	生化药尸
插入成功 0
正在爬取链接中	血染黄沙
插入成功 0
正在爬取链接中	隔山有眼2
插入成功 0
正在爬取链接中	隔山有眼
插入成功 0
正在爬取链接中	京城81号2
插入成功 0
正在爬取链接中	铁甲战神
插入成功 0
正在爬取链接中	变形金刚5：最后的骑士
插入成功 0
正在爬取链接中	星际传奇3 未分级加长版
插入成功 0
正在爬取链接中	神奇女侠
插入成功 0
正在爬取链接中	沉睡
插入成功 0
正在爬取链接中	恐怖理发店
插入成功 0
正在爬取链接中	英勇少年
插入成功 0
正在爬取链接中	终止
插入成功 0
正在爬取链接中	精英份子
插入成功 0
正在爬取链接中	科丝姑娘
插入成功 0
正在爬取链接中	甜甜屋
插入成功 0
正在爬取链接中	炽火豪情
插入成功 0
正在爬取链接中	搞错人
插入成功 0
正在爬取链接中	心结
插入成功 0
正在爬取链接中	彪悍战将
插入成功 0
正在爬取链接中	小猪宝贝2：小猪进城
插入成功 0
正在爬取链接中	大伯公传奇
插入成功 0
正在爬取链接中	四点金
插入成功 0
正在爬取链接中	危机风暴
插入成功 0
正在爬取链接中	别林斯基
插入成功 0
正在爬取链接中	伊甸园
插入成功 0
正在爬取链接中	卡拉马佐夫兄弟1958
插入成功 0
正在爬取第225页的数据
正在爬取链接中	说电影《城市猎人》
插入成功 0
正在爬取链接中	随性而来
插入成功 0
正在爬取链接中	榆树下的欲望
插入成功 0
正在爬取链接中	说电影《地球上的星星》
插入成功 0
正在爬取链接中	说电影《Hello！树先生》
爬取第225页的说电影《Hello！树先生》数据失败！
正在爬取链接中	狭路相逢1998
插入成功 0
正在爬取链接中	家族荣誉4：家门的受难
插入成功 0
正在爬取链接中	超神
插入成功 0
正在爬取链接中	孤独的女人
插入成功 0
正在爬取链接中	天下无双
插入成功 0
正在爬取链接中	阿米特·坦登：我爱我家
插入成功 0
正在爬取链接中	致命性游戏
插入成功 0
正在爬取链接中	势利眼
插入成功 0
正在爬取链接中	虎色虎香
插入成功 0
正在爬取链接中	披头士如何改变世界
插入成功 0
正在爬取链接中	德菲因与卡罗尔：反叛缪斯
插入成功 0
正在爬取链接中	陈传水的军令状
插入成功 0
正在爬取链接中	七月物语
插入成功 0
正在爬取链接中	形成
插入成功 0
正在爬取链接中	我的功夫梦
插入成功 0
正在爬取链接中	军令状
插入成功 0
正在爬取链接中	汉时关
插入成功 0
正在爬取链接中	黄昏前的黎明
插入成功 0
正在爬取链接中	80后
插入成功 0
正在爬取链接中	风雪狼道
插入成功 0
正在爬取链接中	你要什么
插入成功 0
正在爬取链接中	吸血鬼助手
插入成功 0
正在爬取链接中	平静的海滩
插入成功 0
正在爬取链接中	秋寒江南
插入成功 0
正在爬取链接中	谁主沉浮
插入成功 0
正在爬取链接中	那年青春正年少
插入成功 0
正在爬取链接中	儿娃子
插入成功 0
正在爬取链接中	超级大国民
插入成功 0
正在爬取链接中	人民公敌3
插入成功 0
正在爬取链接中	人民公敌2
插入成功 0
正在爬取链接中	必死剑鸟刺
插入成功 0
正在爬取链接中	半身死灵
爬取第225页的半身死灵数据失败！
正在爬取链接中	半身死灵2
插入成功 0
正在爬取链接中	人民公敌
插入成功 0
正在爬取链接中	巴勒斯坦恶狼谷
插入成功 0
正在爬取链接中	超级市民
插入成功 0
正在爬取链接中	恋爱通告
插入成功 0
正在爬取链接中	车神
插入成功 0
正在爬取链接中	离爱只有半米远
插入成功 0
正在爬取链接中	海上有片红树林
插入成功 0
正在爬取链接中	汉太尉杨震
插入成功 0
正在爬取链接中	毛泽东和他的卫士
插入成功 0
正在爬取链接中	小镇猪事
插入成功 0
正在爬取第226页的数据
正在爬取链接中	小镇猪事
小镇猪事数据已存在 1
正在爬取链接中	跨越生死线
插入成功 0
正在爬取链接中	秋寒江南
插入成功 0
正在爬取链接中	遗愿清单
插入成功 0
正在爬取链接中	曼谷惊魂
插入成功 0
正在爬取链接中	隆美尔的金子
插入成功 0
正在爬取链接中	临危不惧
插入成功 0
正在爬取链接中	爱国者
插入成功 0
正在爬取链接中	火线干探之复活
插入成功 0
正在爬取链接中	36小时惊恐
插入成功 0
正在爬取链接中	漫画威龙之大话特务
插入成功 0
正在爬取链接中	神女的复仇
插入成功 0
正在爬取链接中	陷落天堂岛
插入成功 0
正在爬取链接中	魔鬼刺客
插入成功 0
正在爬取链接中	海盗岛：甲板上的家族
插入成功 0
正在爬取链接中	火之门
插入成功 0
正在爬取链接中	大黎明
插入成功 0
正在爬取链接中	超级无敌追女仔II之狗仔雄心
插入成功 0
正在爬取链接中	七仙女1963
插入成功 0
正在爬取链接中	杀了我，怪物
插入成功 0
正在爬取链接中	扑通扑通我的人生
插入成功 0
正在爬取链接中	失踪2019
插入成功 0
正在爬取链接中	取暖
插入成功 0
正在爬取链接中	说电影《直播游戏》
插入成功 0
正在爬取链接中	说电影《月球陷阱：地球危机》
插入成功 0
正在爬取链接中	说电影《无尽》
插入成功 0
正在爬取链接中	刚果风云
插入成功 0
正在爬取链接中	复仇的亚特兰大
插入成功 0
正在爬取链接中	九十二任务
插入成功 0
正在爬取链接中	布娃娃2019
插入成功 0
正在爬取链接中	布娃娃2020
插入成功 0
正在爬取链接中	血染之名
插入成功 0
正在爬取链接中	不义之战
插入成功 0
正在爬取链接中	万家岭大捷
插入成功 0
正在爬取链接中	黄河喜事
插入成功 0
正在爬取链接中	麻辣母女
插入成功 0
正在爬取链接中	金画眉
插入成功 0
正在爬取链接中	金山
插入成功 0
正在爬取链接中	第三种温暖
插入成功 0
正在爬取链接中	爱的归宿
插入成功 0
正在爬取链接中	萤火虫2001
插入成功 0
正在爬取链接中	夜叉1985
插入成功 0
正在爬取链接中	回到过去未成年
插入成功 0
正在爬取链接中	铜月亮
插入成功 0
正在爬取链接中	豫菜皇后
插入成功 0
正在爬取链接中	缘来是你
插入成功 0
正在爬取链接中	绽放
插入成功 0
正在爬取链接中	幸福的兔子
插入成功 0
正在爬取第227页的数据
正在爬取链接中	拥抱明天
插入成功 0
正在爬取链接中	失忆危机
插入成功 0
正在爬取链接中	天秤
插入成功 0
正在爬取链接中	同一片蓝天
插入成功 0
正在爬取链接中	义薄云天
插入成功 0
正在爬取链接中	伪装大师2：完美骗局
插入成功 0
正在爬取链接中	僵尸高校2
插入成功 0
正在爬取链接中	吸血少女大战再生萝莉
插入成功 0
正在爬取链接中	占卜师们
插入成功 0
正在爬取链接中	我们的田野
插入成功 0
正在爬取链接中	以盗治盗
插入成功 0
正在爬取链接中	杀戮场
插入成功 0
正在爬取链接中	车库拍卖神秘案件2：金玉其外
插入成功 0
正在爬取链接中	异能者
插入成功 0
正在爬取链接中	小镇青年之潜罪者
插入成功 0
正在爬取链接中	守望者：罪恶迷途
插入成功 0
正在爬取链接中	遥远的诺邓
插入成功 0
正在爬取链接中	当爱来的时候
插入成功 0
正在爬取链接中	独立游戏大电影
插入成功 0
正在爬取链接中	故乡
插入成功 0
正在爬取链接中	骗婚记
插入成功 0
正在爬取链接中	益西卓玛
插入成功 0
正在爬取链接中	苏莱曼山
插入成功 0
正在爬取链接中	说电影《幸运查克》
插入成功 0
正在爬取链接中	罪恶2020
插入成功 0
正在爬取链接中	说电影《航班蛇患》
插入成功 0
正在爬取链接中	奈特·巴盖兹：田纳西小子
插入成功 0
正在爬取链接中	说电影《冰冷热带鱼》
插入成功 0
正在爬取链接中	特种部队的崛起
插入成功 0
正在爬取链接中	求生之路：冲出禁区
插入成功 0
正在爬取链接中	绿巨人浩克
插入成功 0
正在爬取链接中	绿巨人
插入成功 0
正在爬取链接中	星球绿巨人
插入成功 0
正在爬取链接中	窈窕淑男的日记大电影
插入成功 0
正在爬取链接中	春娇与志明2012
插入成功 0
正在爬取链接中	剩女
插入成功 0
正在爬取链接中	斯宾塞的机密任务
插入成功 0
正在爬取链接中	幸福时光
插入成功 0
正在爬取链接中	R2B：返回基地
插入成功 0
正在爬取链接中	全息游戏：恋爱世界
插入成功 0
正在爬取链接中	譬如朝露
插入成功 0
正在爬取链接中	正如伊索所愿
插入成功 0
正在爬取链接中	无尽的战壕
插入成功 0
正在爬取链接中	蕃薯浇米
插入成功 0
正在爬取链接中	杀出侏罗纪
插入成功 0
正在爬取链接中	斯宾塞的机密任务
插入成功 0
正在爬取链接中	谎言大爆炸
插入成功 0
正在爬取链接中	让我为你靠点谱
插入成功 0
正在爬取第228页的数据
正在爬取链接中	沙堡
插入成功 0
正在爬取链接中	米香
插入成功 0
正在爬取链接中	七天爱上你
插入成功 0
正在爬取链接中	王者比比
插入成功 0
正在爬取链接中	黄埔滩头
插入成功 0
正在爬取链接中	麻疯怪拳
插入成功 0
正在爬取链接中	通天小子红枪客
插入成功 0
正在爬取链接中	金毛狮王1975
插入成功 0
正在爬取链接中	五虎将
插入成功 0
正在爬取链接中	钟馗娘子
插入成功 0
正在爬取链接中	决杀令
插入成功 0
正在爬取链接中	该死的单身
插入成功 0
正在爬取链接中	你不能带我女儿
插入成功 0
正在爬取链接中	无畏警官2
插入成功 0
正在爬取链接中	手足情谊
插入成功 0
正在爬取链接中	博物馆喜剧
插入成功 0
正在爬取链接中	绝命循环
插入成功 0
正在爬取链接中	琴麻岛的海
插入成功 0
正在爬取链接中	高蒂
插入成功 0
正在爬取链接中	恋爱恐惧症2019
插入成功 0
正在爬取链接中	早熟2019
插入成功 0
正在爬取链接中	逆时空少女
插入成功 0
正在爬取链接中	宅女侦探桂香
插入成功 0
正在爬取链接中	蚂蚁很忙
插入成功 0
正在爬取链接中	暗夜慌踪
插入成功 0
正在爬取链接中	死神的十字路口
插入成功 0
正在爬取链接中	白雪公主杀人事件
插入成功 0
正在爬取链接中	崭新夏日
插入成功 0
正在爬取链接中	五世同堂
插入成功 0
正在爬取链接中	卡斯特纳与小星期二
插入成功 0
正在爬取链接中	克朗普斯
插入成功 0
正在爬取链接中	海盗：奔向大海的山贼
插入成功 0
正在爬取链接中	说电影《欲望出租房》
插入成功 0
正在爬取链接中	说电影《一条狗的回家路》
插入成功 0
正在爬取链接中	说电影《小饰和洋子》
插入成功 0
正在爬取链接中	说电影《小委托人》
插入成功 0
正在爬取链接中	说电影《消失的少女们》
插入成功 0
正在爬取链接中	说电影《我的娜塔莎》
插入成功 0
正在爬取链接中	说电影《我的盲人老师》
插入成功 0
正在爬取链接中	说电影《我爱男保姆》
插入成功 0
正在爬取链接中	巴黎地下墓穴
插入成功 0
正在爬取链接中	坏小子特攻
插入成功 0
正在爬取链接中	猫头鹰之恋
插入成功 0
正在爬取链接中	猩红山峰
插入成功 0
正在爬取链接中	真假
插入成功 0
正在爬取链接中	假如王子睡着了
插入成功 0
正在爬取链接中	仙班校园2
插入成功 0
正在爬取链接中	仙班校园
插入成功 0
正在爬取第229页的数据
正在爬取链接中	雷米奇遇记
插入成功 0
正在爬取链接中	说电影《吸血狗》
插入成功 0
正在爬取链接中	说电影《为奴十二年》
插入成功 0
正在爬取链接中	说电影《外婆》
插入成功 0
正在爬取链接中	说电影《蜀山降魔传》
插入成功 0
正在爬取链接中	说电影《封魔传》
插入成功 0
正在爬取链接中	魔由心生
插入成功 0
正在爬取链接中	说电影《七号房的礼物》
插入成功 0
正在爬取链接中	说电影《婚姻料理》
插入成功 0
正在爬取链接中	说电影《当婆婆遇上妈》
插入成功 0
正在爬取链接中	说电影《恶作剧情侣》
插入成功 0
正在爬取链接中	说电影《爸爸的黑暗料理》
插入成功 0
正在爬取链接中	说电影《爱，来的刚好》
插入成功 0
正在爬取链接中	沙漠惊魂 2
插入成功 0
正在爬取链接中	说电影《Office有鬼》
插入成功 0
正在爬取链接中	通过沙漠之夜
插入成功 0
正在爬取链接中	说电影《一条狗的使命2》
插入成功 0
正在爬取链接中	说电影《我这样过了一生》
插入成功 0
正在爬取链接中	说电影《完美关系》
插入成功 0
正在爬取链接中	说电影《头号玩家》
插入成功 0
正在爬取链接中	说电影《食人虫》
插入成功 0
正在爬取链接中	说电影《我在雨中等你》
插入成功 0
正在爬取链接中	西域虫谷
插入成功 0
正在爬取链接中	南方车站的聚会
插入成功 0
正在爬取链接中	夺宝黑狐岭
插入成功 0
正在爬取链接中	爆破死亡谷
插入成功 0
正在爬取链接中	潜影1981
插入成功 0
正在爬取链接中	深夜电台2明月与晨星
插入成功 0
正在爬取链接中	干将莫邪之英雄荣耀
插入成功 0
正在爬取链接中	王牌贱谍：格林斯比
插入成功 0
正在爬取链接中	直播游戏
插入成功 0
正在爬取链接中	死神来了5
插入成功 0
正在爬取链接中	新包青天之血酬蛊
插入成功 0
正在爬取链接中	萌娃包青天之铡美案
插入成功 0
正在爬取链接中	神枪女王
插入成功 0
正在爬取链接中	群龙夺宝
插入成功 0
正在爬取链接中	神枪手之死
插入成功 0
正在爬取链接中	特种神枪手
插入成功 0
正在爬取链接中	神枪手
插入成功 0
正在爬取链接中	狙击手幽灵射手
插入成功 0
正在爬取链接中	我的老婆是大佬2
插入成功 0
正在爬取链接中	我的老婆是明星
插入成功 0
正在爬取链接中	我的老婆是大佬
插入成功 0
正在爬取链接中	我的老婆未成年4
插入成功 0
正在爬取链接中	我的老婆未成年3
插入成功 0
正在爬取链接中	我的老婆未成年2
插入成功 0
正在爬取链接中	我的老婆未成年
插入成功 0
正在爬取链接中	王牌贱谍格林斯比
插入成功 0
正在爬取第230页的数据
正在爬取链接中	狙击手幽灵射手
狙击手幽灵射手数据已存在 1
正在爬取链接中	我的老婆是大佬2
我的老婆是大佬2数据已存在 1
正在爬取链接中	我的老婆是明星
我的老婆是明星数据已存在 1
正在爬取链接中	我的老婆是大佬
我的老婆是大佬数据已存在 1
正在爬取链接中	我的老婆未成年4
我的老婆未成年4数据已存在 1
正在爬取链接中	我的老婆未成年3
我的老婆未成年3数据已存在 1
正在爬取链接中	我的老婆未成年2
我的老婆未成年2数据已存在 1
正在爬取链接中	我的老婆未成年
我的老婆未成年数据已存在 1
正在爬取链接中	王牌贱谍格林斯比
王牌贱谍格林斯比数据已存在 1
正在爬取链接中	神秘博士归来
插入成功 0
正在爬取链接中	俄罗斯方舟
插入成功 0
正在爬取链接中	机器纪元
插入成功 0
正在爬取链接中	假面骑士×假面骑士 W(Double)&Decade MOVIE大战2010
插入成功 0
正在爬取链接中	特种部队:毁尸灭尽
插入成功 0
正在爬取链接中	特种部队
插入成功 0
正在爬取链接中	迫在眉梢
插入成功 0
正在爬取链接中	三生有幸
插入成功 0
正在爬取链接中	大话西游之月光宝盒
插入成功 0
正在爬取链接中	屠夫小姐
插入成功 0
正在爬取链接中	自杀小队
插入成功 0
正在爬取链接中	自杀小队：严厉惩罚
插入成功 0
正在爬取链接中	终结者：黑暗命运
插入成功 0
正在爬取链接中	铁雨
插入成功 0
正在爬取链接中	欢乐喜剧人
插入成功 0
正在爬取链接中	让子弹飞
插入成功 0
正在爬取链接中	死神来了4
插入成功 0
