nohup: ignoring input
connect mysql successful.
正在爬取第96页的数据
正在爬取链接中	下水道1957
插入成功 0
正在爬取链接中	五龙镇棺传
插入成功 0
正在爬取链接中	张三丰2太极天师
插入成功 0
正在爬取链接中	思维游戏2015
插入成功 0
正在爬取链接中	张三丰2太极天师
插入成功 0
正在爬取链接中	艾滋过后
插入成功 0
正在爬取链接中	绿雾
插入成功 0
正在爬取链接中	马郎
插入成功 0
正在爬取链接中	大神猴2伏魔篇
插入成功 0
正在爬取链接中	救火奶爸
插入成功 0
正在爬取链接中	艾滋过后
插入成功 0
正在爬取链接中	空难
插入成功 0
正在爬取链接中	惊涛迷局
插入成功 0
正在爬取链接中	道德的火焰
插入成功 0
正在爬取链接中	黑衣女人
插入成功 0
正在爬取链接中	大神猴2伏魔篇
插入成功 0
正在爬取链接中	 丛林少女之重启
插入成功 0
正在爬取链接中	日出之食第三季
插入成功 0
正在爬取链接中	我的灵魂是爱做的
插入成功 0
正在爬取链接中	真心半解
插入成功 0
正在爬取链接中	说电影《宵禁》
插入成功 0
正在爬取链接中	说电影《世界奇妙物语之寺岛》
插入成功 0
正在爬取链接中	说电影《致所有我曾爱过的男孩》
插入成功 0
正在爬取链接中	炫目鸡尾酒
插入成功 0
正在爬取链接中	说电影《世界奇妙物语之freestyle妈妈》
插入成功 0
正在爬取链接中	说电影《灵数23》
插入成功 0
正在爬取链接中	说电影《溺水小刀》
插入成功 0
正在爬取链接中	说电影《恋恋书中人》
插入成功 0
正在爬取链接中	说电影《杰出公民》
插入成功 0
正在爬取链接中	说电影《健忘村》
插入成功 0
正在爬取链接中	说电影《九号秘事之最后一口气》
插入成功 0
正在爬取链接中	说电影《荒蛮故事之怒路症西班牙》
插入成功 0
正在爬取链接中	说电影《9号秘事之替角》
插入成功 0
正在爬取链接中	说电影《海街日记》
插入成功 0
正在爬取链接中	说电影《9号秘事之汤姆和杰瑞》
插入成功 0
正在爬取链接中	说电影《动物学》
插入成功 0
正在爬取链接中	火烧摩天楼
插入成功 0
正在爬取链接中	盒葬
插入成功 0
正在爬取链接中	天脊
插入成功 0
正在爬取链接中	盒葬
插入成功 0
正在爬取链接中	骇故事之恐怖殡仪馆
插入成功 0
正在爬取链接中	天脊
插入成功 0
正在爬取链接中	风雨俏冤家
插入成功 0
正在爬取链接中	戴安娜
插入成功 0
正在爬取链接中	红手指
插入成功 0
正在爬取链接中	乐坊杀机
插入成功 0
正在爬取链接中	不朽的意识
插入成功 0
正在爬取链接中	地狱少女2019日版
插入成功 0
正在爬取第97页的数据
正在爬取链接中	牛皮纸袋
插入成功 0
正在爬取链接中	内森的王国
插入成功 0
正在爬取链接中	极速盗车
插入成功 0
正在爬取链接中	声阴
插入成功 0
正在爬取链接中	里昂黑帮
插入成功 0
正在爬取链接中	奇袭60阵地
插入成功 0
正在爬取链接中	丛林少女之重启
插入成功 0
正在爬取链接中	弯刀
插入成功 0
正在爬取链接中	机械战警
插入成功 0
正在爬取链接中	诛仙/诛仙电影版
插入成功 0
正在爬取链接中	超级战舰
插入成功 0
正在爬取链接中	把外婆放进冰箱
插入成功 0
正在爬取链接中	尖峰战士/ 天雷地火
插入成功 0
正在爬取链接中	天雷地火3之回收大战
插入成功 0
正在爬取链接中	活火熔城/地火危城
插入成功 0
正在爬取链接中	萨尔玛·乔丹档案
插入成功 0
正在爬取链接中	手机
插入成功 0
正在爬取链接中	巴霍巴利王[下]：终结
插入成功 0
正在爬取链接中	五朵金花
插入成功 0
正在爬取链接中	斯大林格勒战役
插入成功 0
正在爬取链接中	杀手离沫
插入成功 0
正在爬取链接中	致命一击
插入成功 0
正在爬取链接中	星际拾荒者
插入成功 0
正在爬取链接中	死亡录像4：启示录
插入成功 0
正在爬取链接中	大神猴1降妖篇
插入成功 0
正在爬取链接中	帕米尔新娘
插入成功 0
正在爬取链接中	六扇门之苍生客栈
插入成功 0
正在爬取链接中	乐坊杀机
插入成功 0
正在爬取链接中	津门奇案之撞车
插入成功 0
正在爬取链接中	那一夜，我给你开过车
插入成功 0
正在爬取链接中	卡彭2020
插入成功 0
正在爬取链接中	铁枪金喉
插入成功 0
正在爬取链接中	死无对证
插入成功 0
正在爬取链接中	微风吹乱蜗牛心
插入成功 0
正在爬取链接中	天福山起义
插入成功 0
正在爬取链接中	侠肝义胆
插入成功 0
正在爬取链接中	我的左手
插入成功 0
正在爬取链接中	顶香
插入成功 0
正在爬取链接中	铁扇令
插入成功 0
正在爬取链接中	我坚强的小船
插入成功 0
正在爬取链接中	武松打我
插入成功 0
正在爬取链接中	死亡阴影
插入成功 0
正在爬取链接中	流感女孩
插入成功 0
正在爬取链接中	夺命凶灵
插入成功 0
正在爬取链接中	复仇战姬
插入成功 0
正在爬取链接中	断线
插入成功 0
正在爬取链接中	死期将至
插入成功 0
正在爬取链接中	猪猪侠之囧囧危机
插入成功 0
正在爬取第98页的数据
正在爬取链接中	青春逆袭
插入成功 0
正在爬取链接中	热血上海滩之末路计中计
插入成功 0
正在爬取链接中	热血上海滩之夺宝陷阱
插入成功 0
正在爬取链接中	敦煌1988
插入成功 0
正在爬取链接中	谍魂
插入成功 0
正在爬取链接中	异形大灾难
插入成功 0
正在爬取链接中	神偷艳贼
插入成功 0
正在爬取链接中	冲破铁幕
插入成功 0
正在爬取链接中	冰雪谜案
插入成功 0
正在爬取链接中	十二金刚
插入成功 0
正在爬取链接中	暂停2018
插入成功 0
正在爬取链接中	西力传
插入成功 0
正在爬取链接中	鸡同鸭讲
插入成功 0
正在爬取链接中	天上掉馅饼
插入成功 0
正在爬取链接中	隐形的黑手
插入成功 0
正在爬取链接中	响尾伏魔棒
插入成功 0
正在爬取链接中	花园里的萤火虫
插入成功 0
正在爬取链接中	零点定理
插入成功 0
正在爬取链接中	地狱少女2019
插入成功 0
正在爬取链接中	侠吏飞龙之滴水山庄
插入成功 0
正在爬取链接中	我来自纽约
插入成功 0
正在爬取链接中	枪林弹雨中的爱情
插入成功 0
正在爬取链接中	说电影《萤火之森》
插入成功 0
正在爬取链接中	说电影《我们的幸福时光》
插入成功 0
正在爬取链接中	说电影《世界奇妙物语之少年》
插入成功 0
正在爬取链接中	说电影《速度与激情6》
插入成功 0
正在爬取链接中	说电影《七月与安生》
插入成功 0
正在爬取链接中	说电影《你的孩子不是你的孩子：妈妈的遥控器》
插入成功 0
正在爬取链接中	说电影《马达加斯加的企鹅》
插入成功 0
正在爬取链接中	说电影《恐怖兔子》
插入成功 0
正在爬取链接中	说电影《灵犬雪莉》
插入成功 0
正在爬取链接中	说电影《朗读者》
插入成功 0
正在爬取链接中	说电影《奔跑吧！小百合酱》
插入成功 0
正在爬取链接中	说电影《伏：铁炮娘的捕物帐》
插入成功 0
正在爬取链接中	说电影《哈莉·奎因：猛禽小队》
插入成功 0
正在爬取链接中	说电影《爆炸新闻》
插入成功 0
正在爬取链接中	生在幼子
插入成功 0
正在爬取链接中	我的生存之道
插入成功 0
正在爬取链接中	大熊
插入成功 0
正在爬取链接中	致命玩笑2
插入成功 0
正在爬取链接中	鬼打墙2011
插入成功 0
正在爬取链接中	阿里巴巴和四十大盗
插入成功 0
正在爬取链接中	罪与错
插入成功 0
正在爬取链接中	燃情狙击手
插入成功 0
正在爬取链接中	飞天猴子
插入成功 0
正在爬取链接中	杀人者唐斩
插入成功 0
正在爬取链接中	乌龙小姐
插入成功 0
正在爬取链接中	唯神能恕
插入成功 0
正在爬取第99页的数据
正在爬取链接中	杀人者唐斩
杀人者唐斩数据已存在 1
正在爬取链接中	乌龙小姐
乌龙小姐数据已存在 1
正在爬取链接中	唯神能恕
唯神能恕数据已存在 1
正在爬取链接中	尸气逼人
插入成功 0
正在爬取链接中	芳草碧连天
插入成功 0
正在爬取链接中	双珠凤
插入成功 0
正在爬取链接中	蛇形行动
插入成功 0
正在爬取链接中	内森的王国
插入成功 0
正在爬取链接中	唯神能恕
插入成功 0
正在爬取链接中	双珠凤
插入成功 0
正在爬取链接中	盛夏的方程式
插入成功 0
正在爬取链接中	黑暗来临
插入成功 0
正在爬取链接中	美人鱼
插入成功 0
正在爬取链接中	灭绝
插入成功 0
正在爬取链接中	灭绝
插入成功 0
正在爬取链接中	卡彭
插入成功 0
正在爬取链接中	树木之城
插入成功 0
正在爬取链接中	乌龙小姐2020
插入成功 0
正在爬取链接中	保镖
插入成功 0
正在爬取链接中	夺命隧道
插入成功 0
正在爬取链接中	杀不了的他与死不了的她
插入成功 0
正在爬取链接中	杀不了的他与死不了的她
插入成功 0
正在爬取链接中	离开我，记得我
插入成功 0
正在爬取链接中	蛇形行动2020
插入成功 0
正在爬取链接中	骗局
插入成功 0
正在爬取链接中	蛇形行动2020
插入成功 0
正在爬取链接中	三袋米
插入成功 0
正在爬取链接中	商谍2
插入成功 0
正在爬取链接中	燃灯者
插入成功 0
正在爬取链接中	守梦者
插入成功 0
正在爬取链接中	天使爱美丽
插入成功 0
正在爬取链接中	乾阳侠曲
插入成功 0
正在爬取链接中	中国医生战疫版之重组
插入成功 0
正在爬取链接中	和歌子酒 第五季
插入成功 0
正在爬取链接中	虎度门
插入成功 0
正在爬取链接中	黑社会档案之黑金帝国
插入成功 0
正在爬取链接中	夺命公寓
插入成功 0
正在爬取链接中	附身
插入成功 0
正在爬取链接中	嘻哈翻转人生
插入成功 0
正在爬取链接中	为你存在的每一天
插入成功 0
正在爬取链接中	棋王和他的儿子
插入成功 0
正在爬取链接中	唐木的壶
插入成功 0
正在爬取链接中	霓裳记
插入成功 0
正在爬取链接中	太阳花儿开
插入成功 0
正在爬取链接中	说电影《误闯疯人院》
插入成功 0
正在爬取链接中	说电影《午夜人魔》
插入成功 0
正在爬取链接中	说电影《最黑暗的一天》
插入成功 0
正在爬取链接中	说电影《玩命贴图》
插入成功 0
正在爬取第100页的数据
正在爬取链接中	说电影《女清洁工》
插入成功 0
正在爬取链接中	说电影《生灵》
插入成功 0
正在爬取链接中	说电影《镜中幽灵》
插入成功 0
正在爬取链接中	说电影《黑色星期五3》
插入成功 0
正在爬取链接中	说电影《可怕的两个》
插入成功 0
正在爬取链接中	说电影《黑暗之歌》
插入成功 0
正在爬取链接中	说电影《黑色星期五2》
插入成功 0
正在爬取链接中	说电影《黑处有什么》
插入成功 0
正在爬取链接中	说电影《传说中的故乡》
插入成功 0
正在爬取链接中	说电影《东京传说 恐怖人间地狱》
插入成功 0
正在爬取链接中	说电影《案山子》
插入成功 0
正在爬取链接中	乱世忠魂
插入成功 0
正在爬取链接中	鲜花 
插入成功 0
正在爬取链接中	滚拉拉的枪
插入成功 0
正在爬取链接中	童年的收音机
插入成功 0
正在爬取链接中	龙战士2020
插入成功 0
正在爬取链接中	斑马
插入成功 0
正在爬取链接中	死亡之怒2015
插入成功 0
正在爬取链接中	枪长莫及
插入成功 0
正在爬取链接中	复仇之溪
插入成功 0
正在爬取链接中	鲸奇
插入成功 0
正在爬取链接中	拿摩一等
插入成功 0
正在爬取链接中	僵尸噩夜
插入成功 0
正在爬取链接中	线结
插入成功 0
正在爬取链接中	黑金2006
插入成功 0
正在爬取链接中	双重束缚
插入成功 0
正在爬取链接中	艾米丽·布莱尔的秘密
插入成功 0
正在爬取链接中	永远闪耀
插入成功 0
正在爬取链接中	撒旦2006
插入成功 0
正在爬取链接中	搜神记2013
插入成功 0
正在爬取链接中	母亲1956
插入成功 0
正在爬取链接中	少林足球
插入成功 0
正在爬取链接中	大气层消失
插入成功 0
正在爬取链接中	沉默的呼喊
插入成功 0
正在爬取链接中	难为情
插入成功 0
正在爬取链接中	我的野蛮女友
插入成功 0
正在爬取链接中	七姐妹
插入成功 0
正在爬取链接中	七年之痒
插入成功 0
正在爬取链接中	七剑下天山
插入成功 0
正在爬取链接中	陪你到老
插入成功 0
正在爬取链接中	怒海孤鸿
插入成功 0
正在爬取链接中	先洗未来钱
插入成功 0
正在爬取链接中	裂口女0：开端
插入成功 0
正在爬取链接中	蒂凡尼·哈迪斯：目标好莱坞
插入成功 0
正在爬取链接中	大革命之夏
插入成功 0
正在爬取链接中	狐步六号
插入成功 0
正在爬取链接中	灵石会议
插入成功 0
正在爬取链接中	布希维克
插入成功 0
正在爬取第101页的数据
正在爬取链接中	郎心似铁1951
插入成功 0
正在爬取链接中	哈维的最后机会
插入成功 0
正在爬取链接中	寂寞芳心
插入成功 0
正在爬取链接中	咖啡馆里的女孩
插入成功 0
正在爬取链接中	抱得美人归
插入成功 0
正在爬取链接中	盗梦空间
插入成功 0
正在爬取链接中	我的青春只为你绽放
插入成功 0
正在爬取链接中	说电影《贞子大战伽椰子》
插入成功 0
正在爬取链接中	说电影《走到尽头》
插入成功 0
正在爬取链接中	说电影《暹罗广场》
插入成功 0
正在爬取链接中	猎杀肉身
插入成功 0
正在爬取链接中	说电影《世界奇妙物语之被欺负的人》
插入成功 0
正在爬取链接中	说电影《我记得你》
插入成功 0
正在爬取链接中	天下第一针
插入成功 0
正在爬取链接中	说电影《三层楼的女孩》
插入成功 0
正在爬取链接中	说电影《恐怖都市传说集：妃姬子的诅咒》
插入成功 0
正在爬取链接中	龙威父子
插入成功 0
正在爬取链接中	说电影《猛男军中鬼故事》
插入成功 0
正在爬取链接中	男人泪
插入成功 0
正在爬取链接中	简单的事
插入成功 0
正在爬取链接中	真爱未了情
插入成功 0
正在爬取链接中	甜蜜爱丽丝
插入成功 0
正在爬取链接中	镇妖宝塔
插入成功 0
正在爬取链接中	灵魂的博弈
插入成功 0
正在爬取链接中	美丽的琪琪格
插入成功 0
正在爬取链接中	马本斋和他的母亲
插入成功 0
正在爬取链接中	王伯祥
插入成功 0
正在爬取链接中	渑池会
插入成功 0
正在爬取链接中	六扇门之致命营救
插入成功 0
正在爬取链接中	六扇门之铁牢
插入成功 0
正在爬取链接中	盲侠
插入成功 0
正在爬取链接中	六扇门之沦陷
插入成功 0
正在爬取链接中	六扇门之绝战
插入成功 0
爬取第101页的六扇门之绝战数据失败！
正在爬取链接中	来福来福
插入成功 0
正在爬取链接中	说电影《记忆之夜》
插入成功 0
正在爬取链接中	说电影《鬼母》
插入成功 0
正在爬取链接中	说电影《呼灵》
插入成功 0
正在爬取链接中	说电影《鬼怪屋》
插入成功 0
正在爬取链接中	说电影《诡住所》
插入成功 0
正在爬取链接中	说电影《被封印的都市传说：假死魔的诅咒》
插入成功 0
正在爬取链接中	说电影《妃姬子大战钱仙》
插入成功 0
正在爬取链接中	天字第一号
插入成功 0
正在爬取链接中	充气娃娃之恋
插入成功 0
正在爬取链接中	孔二皮进城记
插入成功 0
正在爬取链接中	六扇门之玄武初现
插入成功 0
正在爬取链接中	六扇门之浴火恩仇
插入成功 0
正在爬取链接中	捡玻璃的孩子
插入成功 0
正在爬取第102页的数据
正在爬取链接中	猎杀中山狼
插入成功 0
正在爬取链接中	老爸同学
插入成功 0
正在爬取链接中	判我有罪
插入成功 0
正在爬取链接中	无名战士
插入成功 0
正在爬取链接中	今夜星光灿烂
插入成功 0
正在爬取链接中	娘家的故事3
插入成功 0
正在爬取链接中	环形拯救
插入成功 0
正在爬取链接中	黑死病2010
插入成功 0
正在爬取链接中	娘家的故事2之爱的抉择
插入成功 0
正在爬取链接中	娘家的故事2之爱的代价
插入成功 0
正在爬取链接中	你是我爱人
插入成功 0
正在爬取链接中	拿什么拯救你，我的爱人
插入成功 0
正在爬取链接中	明天不一样
插入成功 0
正在爬取链接中	昨夜情深
插入成功 0
正在爬取链接中	梦断银城
插入成功 0
正在爬取链接中	神圣骗局
插入成功 0
正在爬取链接中	毛泽东
插入成功 0
正在爬取链接中	伏妖·白鱼镇
插入成功 0
正在爬取链接中	一命2011
插入成功 0
正在爬取链接中	马向阳下乡记
插入成功 0
正在爬取链接中	极北之战
插入成功 0
正在爬取链接中	勇者必胜
插入成功 0
正在爬取链接中	马耳他之鹰
插入成功 0
正在爬取链接中	医恋俏佳人
插入成功 0
正在爬取链接中	杜立巴
插入成功 0
正在爬取链接中	王树声征战豫西
插入成功 0
正在爬取链接中	十三刺客2010
插入成功 0
正在爬取链接中	少女集中营
插入成功 0
正在爬取链接中	荣耀法则
插入成功 0
正在爬取链接中	枪火游戏
插入成功 0
正在爬取链接中	卡萨诺瓦
插入成功 0
正在爬取链接中	僵局2016
插入成功 0
正在爬取链接中	破碎我心
插入成功 0
正在爬取链接中	哥哥，谁带你回家
插入成功 0
正在爬取链接中	复仇少女
插入成功 0
正在爬取链接中	毒蛇列车
插入成功 0
正在爬取链接中	时光大盗
插入成功 0
正在爬取链接中	妙想天开
插入成功 0
正在爬取链接中	家园反击战
插入成功 0
正在爬取链接中	水玲珑
插入成功 0
正在爬取链接中	肯宁汉
插入成功 0
正在爬取链接中	不眠夜
插入成功 0
正在爬取链接中	爱森斯坦在瓜纳华托
插入成功 0
正在爬取链接中	12回合3：致命禁闭
插入成功 0
正在爬取链接中	12回合2：重装上阵
插入成功 0
正在爬取链接中	终极天将
插入成功 0
正在爬取链接中	水玲珑
插入成功 0
正在爬取链接中	时光大盗
插入成功 0
正在爬取第103页的数据
正在爬取链接中	妙想天开
插入成功 0
正在爬取链接中	家园反击战
插入成功 0
正在爬取链接中	合租男女
插入成功 0
正在爬取链接中	王子2014
插入成功 0
正在爬取链接中	伦敦黑沼
插入成功 0
正在爬取链接中	魔幻西游
插入成功 0
正在爬取链接中	危险游戏2010
插入成功 0
正在爬取链接中	幸福是什么
插入成功 0
正在爬取链接中	洗骨2018
插入成功 0
正在爬取链接中	此生漫漫
插入成功 0
正在爬取链接中	拯救地球！
插入成功 0
正在爬取链接中	肉体杀戮
插入成功 0
正在爬取链接中	寻找同桌的你
插入成功 0
正在爬取链接中	当海南遇上潮州
插入成功 0
正在爬取链接中	魔域飞龙国语
插入成功 0
正在爬取链接中	魔域飞龙粤语
插入成功 0
正在爬取链接中	富有的人
插入成功 0
正在爬取链接中	说电影《中国网络女主播》
插入成功 0
正在爬取链接中	说电影《悬案密码1：笼里的女人》
插入成功 0
正在爬取链接中	说电影《实尾岛》
插入成功 0
正在爬取链接中	说电影《那夜凌晨，我坐上了旺角开往大埔的红VAN》
插入成功 0
正在爬取链接中	说电影《匹诺曹》
插入成功 0
正在爬取链接中	说电影《牧野诡事之秦岭龙窟》
插入成功 0
正在爬取链接中	说电影《民间奇异志》
插入成功 0
正在爬取链接中	说电影《梦幻岛》
插入成功 0
正在爬取链接中	说电影《伦敦陷落》
插入成功 0
正在爬取链接中	说电影《龙潭巨兽》
插入成功 0
正在爬取链接中	说电影《盒葬》
插入成功 0
正在爬取链接中	说电影《冬之怪谈》
插入成功 0
正在爬取链接中	说电影《孤胆保镖》
插入成功 0
正在爬取链接中	说电影《沉默的羔羊》
插入成功 0
正在爬取链接中	说电影《奥林匹斯的陷落》
插入成功 0
正在爬取链接中	锦衣之下之血滴子
插入成功 0
正在爬取链接中	锦衣卫之初露锋芒
插入成功 0
正在爬取链接中	纠纷
插入成功 0
正在爬取链接中	天慕
插入成功 0
正在爬取链接中	屋顶探险家
插入成功 0
爬取第103页的屋顶探险家数据失败！
爬取第103页的屋顶探险家数据失败！
正在爬取链接中	诡域新娘
插入成功 0
正在爬取链接中	毡匠和他的女儿
插入成功 0
正在爬取链接中	狩猎
插入成功 0
正在爬取链接中	诡娃
插入成功 0
正在爬取链接中	人生闹剧
插入成功 0
正在爬取链接中	京都夏利
插入成功 0
正在爬取链接中	桔子的天空
插入成功 0
正在爬取链接中	布吉舞者
插入成功 0
正在爬取链接中	我的车子没有闸
插入成功 0
正在爬取第104页的数据
正在爬取链接中	夺宝记
插入成功 0
正在爬取链接中	八角笼
插入成功 0
正在爬取链接中	侠丐传奇
爬取第104页的侠丐传奇数据失败！
正在爬取链接中	味之道
插入成功 0
正在爬取链接中	福山家
插入成功 0
正在爬取链接中	盲战
插入成功 0
正在爬取链接中	红尘客栈
插入成功 0
正在爬取链接中	国宝迷踪
插入成功 0
正在爬取链接中	亚博
插入成功 0
正在爬取链接中	拿破仑传4
插入成功 0
正在爬取链接中	缉毒
插入成功 0
正在爬取链接中	拿破仑传3
插入成功 0
正在爬取链接中	海热症
插入成功 0
正在爬取链接中	囧贼
插入成功 0
正在爬取链接中	禁猎区
插入成功 0
正在爬取链接中	家丑
插入成功 0
正在爬取链接中	津门三少爷
插入成功 0
正在爬取链接中	特战王妃1幻境之争
插入成功 0
正在爬取链接中	讹诈
插入成功 0
正在爬取链接中	犯罪分子
插入成功 0
正在爬取链接中	孤独的死亡之所
插入成功 0
正在爬取链接中	患醒
插入成功 0
正在爬取链接中	天堂会等待
插入成功 0
正在爬取链接中	灵动：鬼影实录2
插入成功 0
正在爬取链接中	致命玩笑3
插入成功 0
正在爬取链接中	灵动：鬼影实录
插入成功 0
正在爬取链接中	对决2019
插入成功 0
正在爬取链接中	妈妈2019土耳其版
插入成功 0
正在爬取链接中	关键疑踪
插入成功 0
正在爬取链接中	特战王妃1幻境之争
插入成功 0
正在爬取链接中	凯撒密令
插入成功 0
正在爬取链接中	决战太空
插入成功 0
正在爬取链接中	无色彩虹
插入成功 0
正在爬取链接中	神鬼战将
插入成功 0
正在爬取链接中	猎魂师
插入成功 0
正在爬取链接中	怒海英雄：忠诚
插入成功 0
正在爬取链接中	怒海英雄：责任
插入成功 0
正在爬取链接中	怒海英雄：叛乱
插入成功 0
正在爬取链接中	灭绝2018
插入成功 0
正在爬取链接中	怒海英雄：决斗
插入成功 0
正在爬取链接中	怒海英雄：叛乱
插入成功 0
正在爬取链接中	怒海英雄：决斗
插入成功 0
正在爬取链接中	怒海英雄：火攻船
插入成功 0
正在爬取链接中	怒海英雄：回报
插入成功 0
正在爬取链接中	怒海英雄：公爵夫人与恶魔
插入成功 0
正在爬取链接中	怒海英雄：错误的战争
插入成功 0
正在爬取链接中	梦之城堡2019
插入成功 0
正在爬取链接中	火线交锋
插入成功 0
正在爬取第105页的数据
正在爬取链接中	梦之城堡2019
梦之城堡2019数据已存在 1
正在爬取链接中	火线交锋
火线交锋数据已存在 1
正在爬取链接中	大进军——大战宁沪杭
插入成功 0
正在爬取链接中	机械特工
插入成功 0
正在爬取链接中	唐卡迷踪
插入成功 0
正在爬取链接中	守护者：世纪战元
插入成功 0
正在爬取链接中	新天方夜谭
插入成功 0
正在爬取链接中	暗夜守护者
插入成功 0
正在爬取链接中	扶桑有狐
插入成功 0
正在爬取链接中	大进军——大战宁沪杭
插入成功 0
正在爬取链接中	杰里·宋飞：23 小时找乐子
插入成功 0
正在爬取链接中	生死夜2020
插入成功 0
正在爬取链接中	蓝色大海
插入成功 0
正在爬取链接中	喜从天降
插入成功 0
正在爬取链接中	浴血野球场
插入成功 0
正在爬取链接中	印度拉贾
插入成功 0
正在爬取链接中	星际旅行2：可汗怒吼
插入成功 0
正在爬取链接中	喜丧
插入成功 0
正在爬取链接中	天下太忙
插入成功 0
正在爬取链接中	猛加拉杀手
插入成功 0
正在爬取链接中	辣死你妈
插入成功 0
正在爬取链接中	WWE:皇家大战 2014
插入成功 0
正在爬取链接中	血与蜜之地
插入成功 0
正在爬取链接中	空巢2020
插入成功 0
正在爬取链接中	丐世英雄
插入成功 0
正在爬取链接中	莫斯科陷落2
插入成功 0
正在爬取链接中	森林恶鬼
插入成功 0
正在爬取链接中	100天宝贝
插入成功 0
正在爬取链接中	财神2020
插入成功 0
正在爬取链接中	搜神记：南海美人鲛
插入成功 0
正在爬取链接中	别告诉她
插入成功 0
正在爬取链接中	廉政追緝令
插入成功 0
正在爬取链接中	空巢
插入成功 0
正在爬取链接中	哈马舍尔德悬案
插入成功 0
正在爬取链接中	第一日
插入成功 0
正在爬取链接中	幸福在哪里：推动生活的引擎
插入成功 0
正在爬取链接中	完美帝国
插入成功 0
正在爬取链接中	勒是雾都
插入成功 0
正在爬取链接中	勒是雾都
插入成功 0
正在爬取链接中	足球优少年
插入成功 0
正在爬取链接中	我们走在大路上
插入成功 0
正在爬取链接中	足球优少年
插入成功 0
正在爬取链接中	足球优少年
插入成功 0
正在爬取链接中	努里耶夫
插入成功 0
正在爬取链接中	抽象：设计的艺术第二季
插入成功 0
正在爬取链接中	我们站立的地方
插入成功 0
正在爬取链接中	抽象：设计的艺术第二季
插入成功 0
正在爬取链接中	抽象：设计的艺术第二季
插入成功 0
正在爬取第106页的数据
正在爬取链接中	抽象：设计的艺术第二季
抽象：设计的艺术第二季数据已存在 1
正在爬取链接中	大唐玄奘
插入成功 0
正在爬取链接中	死亡的体验
插入成功 0
正在爬取链接中	大唐玄奘
插入成功 0
正在爬取链接中	大唐玄奘
插入成功 0
正在爬取链接中	7位一起生活的单身女人
插入成功 0
正在爬取链接中	7位一起生活的单身女人
插入成功 0
正在爬取链接中	风味原产地·云南
插入成功 0
正在爬取链接中	7位一起生活的单身女人
插入成功 0
正在爬取链接中	7位一起生活的单身女人
插入成功 0
正在爬取链接中	青春夜佰味[纪录片]
插入成功 0
正在爬取链接中	此食此客[纪录片]
插入成功 0
正在爬取链接中	我们的教父
插入成功 0
正在爬取链接中	艾芙琳
插入成功 0
正在爬取链接中	祈祷之夏・圣地之声～想要传达给京都动画的感谢之话语
插入成功 0
正在爬取链接中	一个被设计制造的梦—印度高考
插入成功 0
正在爬取链接中	五月天人生无限公司
插入成功 0
正在爬取链接中	光照派
插入成功 0
正在爬取链接中	送我上青云独家纪录片
插入成功 0
正在爬取链接中	美国工厂
插入成功 0
正在爬取链接中	卡鲁姆·冯·莫格：坚不可摧
插入成功 0
正在爬取链接中	手术两百年
插入成功 0
正在爬取链接中	隐私大盗
插入成功 0
正在爬取链接中	我们的星球：镜头背后
插入成功 0
正在爬取链接中	触电中国
插入成功 0
正在爬取链接中	此食此客[纪录片]
插入成功 0
正在爬取链接中	青春夜佰味[纪录片]
插入成功 0
正在爬取链接中	青春夜佰味[纪录片]
插入成功 0
正在爬取链接中	《上海堡垒》纪录片
插入成功 0
正在爬取链接中	金银岛
插入成功 0
正在爬取链接中	金银岛
插入成功 0
正在爬取链接中	上海的女儿
插入成功 0
正在爬取链接中	行星[纪录片]
插入成功 0
正在爬取链接中	超萌袋鼠乐园[纪录片]
插入成功 0
正在爬取链接中	张杰2018未LIVE巡演纪录片
插入成功 0
正在爬取链接中	佳节[纪录片]
插入成功 0
正在爬取链接中	京都动画来自世界各地的支援
插入成功 0
正在爬取链接中	北鼻异想世界[纪录片]
插入成功 0
正在爬取链接中	动漫时代
插入成功 0
正在爬取链接中	巨人安德雷
插入成功 0
正在爬取链接中	地球脉动第二季
插入成功 0
正在爬取链接中	地球脉动第一季
插入成功 0
正在爬取链接中	风味原产地·潮汕[纪录片]
插入成功 0
正在爬取链接中	建军大业独家纪录片
插入成功 0
正在爬取链接中	庭院旅馆
插入成功 0
正在爬取链接中	水深火热的星球第一季[纪录片]
插入成功 0
正在爬取链接中	水深火热的星球第一季[纪录片]
插入成功 0
正在爬取链接中	鼠胆英雄独家纪录片
插入成功 0
正在爬取第107页的数据
正在爬取链接中	明天之前[纪录片]
插入成功 0
正在爬取链接中	明天之前[纪录片]
插入成功 0
正在爬取链接中	宇宙的奇迹[纪录片]
插入成功 0
正在爬取链接中	疯狂的消费时代[纪录片]
插入成功 0
正在爬取链接中	决胜无人机[纪录片]
插入成功 0
正在爬取链接中	过年[纪录片]
插入成功 0
正在爬取链接中	业内人士[纪录片]
插入成功 0
正在爬取链接中	生命里[纪录片]
插入成功 0
正在爬取链接中	王朝[纪录片国语版]
插入成功 0
正在爬取链接中	风味人间[纪录片]
插入成功 0
正在爬取链接中	红色通缉[纪录片]
插入成功 0
正在爬取链接中	王朝[纪录片]
插入成功 0
正在爬取链接中	要有光 创造101幕后揭秘纪录片
爬取第107页的要有光 创造101幕后揭秘纪录片数据失败！
正在爬取链接中	非凡仪式第一季[纪录片]
插入成功 0
正在爬取链接中	我不是药神纪录片
插入成功 0
正在爬取链接中	再见，我的小学老师(纪录片)
插入成功 0
正在爬取链接中	喜马拉雅天梯(纪录片)
插入成功 0
正在爬取链接中	坚强之岛/强岛(纪录片)
插入成功 0
正在爬取链接中	辉煌中国(纪录片)
插入成功 0
正在爬取链接中	肥胖症：尸检(纪录片)
插入成功 0
正在爬取链接中	芳华纪录片：我把芳华献给你
插入成功 0
正在爬取链接中	强军(纪录片)
插入成功 0
正在爬取链接中	我是李小龙
插入成功 0
正在爬取链接中	阴阳相成
插入成功 0
正在爬取链接中	神奇的海洋
插入成功 0
正在爬取链接中	帝企鹅日记
插入成功 0
正在爬取链接中	勇往直前
插入成功 0
正在爬取链接中	这就是我2012
插入成功 0
正在爬取链接中	大八卦
插入成功 0
正在爬取链接中	摇滚黑帮
插入成功 0
正在爬取链接中	中国通史
插入数据失败，原因 1406: Data too long for column 'play_url' at row 1
正在爬取链接中	最长的拥抱
插入成功 0
正在爬取链接中	山歌姻缘
插入成功 0
正在爬取链接中	耳蜗
插入成功 0
正在爬取链接中	怪医唐慎微
插入成功 0
正在爬取链接中	翻手为云
插入成功 0
正在爬取链接中	超能力同学
插入成功 0
正在爬取链接中	广东十虎黄澄可之逢凶化吉
插入成功 0
正在爬取链接中	广东十虎黄澄可之荆天棘地
插入成功 0
正在爬取链接中	都市童话
插入成功 0
正在爬取链接中	夺宝同盟
插入成功 0
正在爬取链接中	广东十虎铁桥三之王者归来
插入成功 0
正在爬取链接中	广东十虎铁桥三之王者峥嵘
插入成功 0
正在爬取链接中	我们都不满意
插入成功 0
正在爬取链接中	谷子熟了
插入成功 0
正在爬取链接中	FOLLOWMi 郑秀文世界巡回演唱会
插入成功 0
正在爬取链接中	陈情令国风音乐演唱会
插入成功 0
正在爬取链接中	泰勒·斯威夫特：“举世盛名”巡回演唱会
插入成功 0
正在爬取第108页的数据
正在爬取链接中	沼泽的沉默
插入成功 0
正在爬取链接中	蹴鞠
插入成功 0
正在爬取链接中	电竞也疯狂
插入成功 0
正在爬取链接中	简单小生活
插入成功 0
正在爬取链接中	女孩睡着了
插入成功 0
正在爬取链接中	恨之入味
插入成功 0
正在爬取链接中	天明
插入成功 0
正在爬取链接中	青春的园地
插入成功 0
正在爬取链接中	铁窗烈火
插入成功 0
正在爬取链接中	勇士传奇
插入成功 0
正在爬取链接中	破除迷信
插入成功 0
正在爬取链接中	年青的一代
插入成功 0
正在爬取链接中	两家春
插入成功 0
正在爬取链接中	兰兰和冬冬
插入成功 0
正在爬取链接中	凤翔1949
插入成功 0
正在爬取链接中	酒醒时分
插入成功 0
正在爬取链接中	被迫害妄想
插入成功 0
正在爬取链接中	大匠春秋之秘典迷踪
爬取第108页的大匠春秋之秘典迷踪数据失败！
正在爬取链接中	说电影《海上钢琴师》
插入成功 0
正在爬取链接中	说电影《老无所依》
插入成功 0
正在爬取链接中	说电影《双鱼陨石》
插入成功 0
正在爬取链接中	温柔之歌
插入成功 0
正在爬取链接中	十八个礼物
插入成功 0
正在爬取链接中	伏虎武松
插入成功 0
正在爬取链接中	来自光芒的光
插入成功 0
正在爬取链接中	哥雅名画凶杀案
插入成功 0
正在爬取链接中	臆想魔友Z
插入成功 0
正在爬取链接中	阿嫂
插入成功 0
正在爬取链接中	勇士迷踪
插入成功 0
正在爬取链接中	腹中甜
插入成功 0
正在爬取链接中	心与骨
插入成功 0
正在爬取链接中	韩半岛
插入成功 0
正在爬取链接中	大地雄心
插入成功 0
正在爬取链接中	僵尸大屠杀
插入成功 0
正在爬取链接中	僵尸大屠杀:幸存者
插入成功 0
正在爬取链接中	天台镇
插入成功 0
正在爬取链接中	野蛮人
插入成功 0
正在爬取链接中	天台镇
插入成功 0
正在爬取链接中	寻找格蕾丝
插入成功 0
正在爬取链接中	埃贡·席勒：死神和少女
插入成功 0
正在爬取链接中	大劫难
插入成功 0
正在爬取链接中	凶宅异界
插入成功 0
正在爬取链接中	不让青春虚度
插入成功 0
正在爬取链接中	巴斯特·斯克鲁格斯的歌谣
插入成功 0
正在爬取链接中	尖峰时刻3
插入成功 0
正在爬取链接中	尖峰时刻2
插入成功 0
正在爬取链接中	尖峰时刻1
插入成功 0
正在爬取链接中	卫斯理之霸王卸甲[收藏版]
插入成功 0
正在爬取第109页的数据
正在爬取链接中	尖峰时刻3
尖峰时刻3数据已存在 1
正在爬取链接中	尖峰时刻2
尖峰时刻2数据已存在 1
正在爬取链接中	尖峰时刻1
尖峰时刻1数据已存在 1
正在爬取链接中	卫斯理之霸王卸甲[收藏版]
卫斯理之霸王卸甲[收藏版]数据已存在 1
正在爬取链接中	卫斯理之蓝血人
插入成功 0
正在爬取链接中	卫斯理之老猫
插入成功 0
正在爬取链接中	少年卫斯理之天魔之子
插入成功 0
正在爬取链接中	原振侠与卫斯理
插入成功 0
正在爬取链接中	卫斯理传奇
插入成功 0
正在爬取链接中	黑帮大佬和我的365日 中字
插入成功 0
正在爬取链接中	生死22分钟
插入成功 0
正在爬取链接中	寻找奥特曼
插入成功 0
正在爬取链接中	赛文奥特曼 我是地球人
插入成功 0
正在爬取链接中	奈克瑟斯奥特曼剧场版
插入成功 0
正在爬取链接中	梦比优斯奥特曼和奥特兄弟
插入成功 0
正在爬取链接中	艾克斯奥特曼剧场版：来了！
插入成功 0
正在爬取链接中	葛雷奥特曼剧场版：戈迪斯的反击
插入成功 0
正在爬取链接中	毒液：致命守护者
插入成功 0
正在爬取链接中	小黄人番外篇：比赛
插入成功 0
正在爬取链接中	鬼父
插入成功 0
正在爬取链接中	鬼父2
插入成功 0
正在爬取链接中	冰糖炖雪梨
插入成功 0
正在爬取链接中	正义联盟
插入成功 0
正在爬取链接中	女狙击手
插入成功 0
正在爬取链接中	冷面狙击手
插入成功 0
正在爬取链接中	狙击手2020
插入成功 0
正在爬取链接中	狙击手2020
插入成功 0
正在爬取链接中	美国狙击手
插入成功 0
正在爬取链接中	鬼吹灯之龙岭迷窟
插入成功 0
正在爬取链接中	甜蜜蜜
插入成功 0
正在爬取链接中	说电影《甜蜜蜜》
插入成功 0
正在爬取链接中	甜蜜蜜
插入成功 0
正在爬取链接中	切尔诺贝利·禁区电影版结局二
插入成功 0
正在爬取链接中	费雪小姐和泪之穴
插入成功 0
正在爬取链接中	21世纪女子
插入成功 0
正在爬取链接中	卡萨格兰德
插入成功 0
正在爬取链接中	超能力同学
插入成功 0
正在爬取链接中	在相爱吗
插入成功 0
正在爬取链接中	心在檀香山 给他花生酱
插入成功 0
正在爬取链接中	永别MyWay
插入成功 0
正在爬取链接中	听见你，看见我
插入成功 0
正在爬取链接中	无双花木兰
插入成功 0
正在爬取链接中	我在耀瓷小镇等你
插入成功 0
正在爬取链接中	地下室居民
插入成功 0
正在爬取链接中	哥们营地搞笑之旅
插入成功 0
正在爬取链接中	为你抛却
插入成功 0
正在爬取链接中	赤子英雄
插入成功 0
正在爬取链接中	圆形图
插入成功 0
正在爬取第110页的数据
正在爬取链接中	拉腊
插入成功 0
正在爬取链接中	群山2018
插入成功 0
正在爬取链接中	摩登爱情
插入成功 0
正在爬取链接中	双鱼陨石
插入成功 0
正在爬取链接中	咫尺天涯一念间
插入成功 0
正在爬取链接中	晴日
插入成功 0
正在爬取链接中	兄弟会
插入成功 0
正在爬取链接中	风吹麦浪
插入成功 0
正在爬取链接中	暗之光
插入成功 0
正在爬取链接中	无影剑2005
插入成功 0
正在爬取链接中	神赋予的任务
插入成功 0
正在爬取链接中	切尔诺贝利·禁区电影版 结局三
插入成功 0
正在爬取链接中	秘境夺宝：黄金城的宝藏
插入成功 0
正在爬取链接中	最初的我们
插入成功 0
正在爬取链接中	喋血双龙
插入成功 0
正在爬取链接中	大沙河会记得
插入成功 0
正在爬取链接中	弹无虚发之深藏不露
插入成功 0
正在爬取链接中	弹无虚发之天国宝藏
插入成功 0
正在爬取链接中	弹无虚发之对决黄金谷
插入成功 0
正在爬取链接中	大女侠与小郎中
插入成功 0
正在爬取链接中	弹无虚发之死亡之海
插入成功 0
正在爬取链接中	出租女侠
插入成功 0
正在爬取链接中	说电影《死侍2》
插入成功 0
正在爬取链接中	死侍2
插入成功 0
正在爬取链接中	死侍
插入成功 0
正在爬取链接中	死侍迷途
插入成功 0
正在爬取链接中	死侍迷途
插入成功 0
正在爬取链接中	X战警：死侍
插入成功 0
正在爬取链接中	说电影《向日葵》
插入成功 0
正在爬取链接中	向日葵
插入成功 0
正在爬取链接中	说电影《阴阳师2》
插入成功 0
正在爬取链接中	说电影《阴阳师》
插入成功 0
正在爬取链接中	说电影《下水井》
插入成功 0
正在爬取链接中	说电影《铁门》
插入成功 0
正在爬取链接中	说电影《无耻混蛋》
插入成功 0
正在爬取链接中	说电影《斯宾塞的机密任务》
插入成功 0
正在爬取链接中	说电影《牛蝇》
插入成功 0
正在爬取链接中	说电影《蒙羞之旅》
插入成功 0
正在爬取链接中	说电影《盲证》
插入成功 0
正在爬取链接中	说电影《率性而活》
插入成功 0
正在爬取链接中	说电影《骡子》
插入成功 0
正在爬取链接中	说电影《寂静之地》
插入成功 0
正在爬取链接中	说电影《动物园先生》
爬取第110页的说电影《动物园先生》数据失败！
正在爬取链接中	说电影《回家的路》
插入成功 0
正在爬取链接中	说电影《大嫂》
插入成功 0
正在爬取链接中	至爱梵高：不可能之梦
插入成功 0
正在爬取链接中	东归英雄传
插入成功 0
正在爬取链接中	悬崖上的野餐
插入成功 0
正在爬取第111页的数据
正在爬取链接中	死寂亡灵
插入成功 0
正在爬取链接中	达令是外国人
插入成功 0
正在爬取链接中	天理难容
插入成功 0
正在爬取链接中	马永贞1972
插入成功 0
正在爬取链接中	律政俏佳人3：英国来的姐妹
插入成功 0
正在爬取链接中	金屋春宵
插入成功 0
正在爬取链接中	辟邪之咒
插入成功 0
正在爬取链接中	汤波热
爬取第111页的汤波热数据失败！
正在爬取链接中	费雪小姐与泪之穴
插入成功 0
正在爬取链接中	马尔科姆·艾克斯
插入成功 0
爬取第111页的马尔科姆·艾克斯数据失败！
正在爬取链接中	四角关系2005
爬取第111页的四角关系2005数据失败！
正在爬取链接中	你会在20岁时死去
插入成功 0
正在爬取链接中	沼泽的沉默
插入成功 0
正在爬取链接中	风暴
插入成功 0
正在爬取链接中	一袋弹子2017
插入成功 0
正在爬取链接中	瓦尔特保卫萨拉热窝
插入成功 0
正在爬取链接中	工寮
插入成功 0
正在爬取链接中	你恋爱了吗？
插入成功 0
正在爬取链接中	铁蹄下的村庄
插入成功 0
正在爬取链接中	血谜杀
插入成功 0
正在爬取链接中	非常侦探
插入成功 0
正在爬取链接中	短暂的生命
插入成功 0
正在爬取链接中	15年
插入成功 0
正在爬取链接中	魔术师：不可能的生活
插入成功 0
正在爬取链接中	美国队长3
插入成功 0
正在爬取链接中	盗墓笔记
插入成功 0
正在爬取链接中	说电影《暂告安全》
插入成功 0
正在爬取链接中	说电影《致命对决》
插入成功 0
正在爬取链接中	说电影《写给往昔的未来》
插入成功 0
正在爬取链接中	说电影《甜蜜的人生》
插入成功 0
正在爬取链接中	说电影《速度与激情4》
插入成功 0
正在爬取链接中	说电影《髓骨》
插入成功 0
正在爬取链接中	说电影《请叫我英雄》
爬取第111页的说电影《请叫我英雄》数据失败！
爬取第111页的说电影《请叫我英雄》数据失败！
爬取第111页的说电影《请叫我英雄》数据失败！
正在爬取链接中	说电影《灵目传——觉醒》
插入成功 0
正在爬取链接中	说电影《黄沙战神》
插入成功 0
正在爬取链接中	说电影《不思异：录像之头发》
插入成功 0
正在爬取链接中	说电影《夺命手机》
插入成功 0
正在爬取链接中	说电影《鬼屋惊魂夜》
插入成功 0
正在爬取链接中	说电影《不可思议的夏天之自己的影子》
插入成功 0
正在爬取链接中	爱之初体验
插入成功 0
正在爬取链接中	懒女苏珊
插入成功 0
正在爬取链接中	赛拉和黑桃乐队
插入成功 0
正在爬取链接中	20岁的差距
插入成功 0
正在爬取链接中	彼岸兄弟
插入成功 0
正在爬取链接中	香蕉天堂
插入成功 0
正在爬取第112页的数据
正在爬取链接中	恐怖面纱
插入成功 0
正在爬取链接中	征婚启事1998
插入成功 0
正在爬取链接中	曼联重生
插入成功 0
正在爬取链接中	自盗
插入成功 0
正在爬取链接中	刹车
插入成功 0
正在爬取链接中	追捕野蛮人
插入成功 0
正在爬取链接中	只有我不在的街道2016
插入成功 0
正在爬取链接中	幽灵连线
插入成功 0
正在爬取链接中	阴宅瓦德马尔2
插入成功 0
正在爬取链接中	阴宅瓦德马尔
插入成功 0
正在爬取链接中	一代妖后
插入成功 0
正在爬取链接中	新少林寺2011
插入成功 0
正在爬取链接中	双面特工
插入成功 0
正在爬取链接中	皮囊之下2013
插入成功 0
正在爬取链接中	深林抢案
插入成功 0
正在爬取链接中	恋慕
插入成功 0
正在爬取链接中	空难
插入成功 0
正在爬取链接中	小小校长
插入成功 0
正在爬取链接中	高贵的夫妇
插入成功 0
正在爬取链接中	金玉良缘红楼梦
插入成功 0
爬取第112页的金玉良缘红楼梦数据失败！
正在爬取链接中	死亡地穴
插入成功 0
正在爬取链接中	亲密朋友
插入成功 0
正在爬取链接中	小双侠电影版
插入成功 0
正在爬取链接中	姜德顺爱情变迁史
插入成功 0
正在爬取链接中	你恋爱了吗？
插入成功 0
正在爬取链接中	剩女大作战2
插入成功 0
正在爬取链接中	在水一方1975
插入成功 0
正在爬取链接中	听见你，看见我
插入成功 0
正在爬取链接中	三岔口2005
插入成功 0
正在爬取链接中	全职大盗
插入成功 0
正在爬取链接中	欢乐园
插入成功 0
正在爬取链接中	拳击场
插入成功 0
正在爬取链接中	打架
插入成功 0
正在爬取链接中	白影
插入成功 0
正在爬取链接中	麻辣甜心
插入成功 0
正在爬取链接中	新仁义的墓场
插入成功 0
正在爬取链接中	大娃娃与小公主
插入成功 0
正在爬取链接中	东京偶像
插入成功 0
正在爬取链接中	白色白色的一天
插入成功 0
正在爬取链接中	星战迷友
插入成功 0
正在爬取链接中	患难之交1981
插入成功 0
正在爬取链接中	异形入侵2008
插入成功 0
正在爬取链接中	魂断无人机
插入成功 0
正在爬取链接中	龙兄虎弟
插入成功 0
正在爬取链接中	侠探锦毛鼠之真假白玉堂
插入成功 0
正在爬取链接中	三国的世界
插入成功 0
正在爬取链接中	八月一日
插入成功 0
正在爬取第113页的数据
正在爬取链接中	野性的呼唤
插入成功 0
正在爬取链接中	八仙传之铁拐李济世
插入成功 0
正在爬取链接中	八仙传之钟离戏土豪
插入成功 0
正在爬取链接中	八仙传之吕仙惩贪记
插入成功 0
正在爬取链接中	金发尤物
插入成功 0
正在爬取链接中	咫尺天涯一念间
插入成功 0
正在爬取链接中	创新中国
插入成功 0
正在爬取链接中	秋刀鱼之味
插入成功 0
正在爬取链接中	我的美女室友
爬取第113页的我的美女室友数据失败！
正在爬取链接中	胡佛
插入成功 0
正在爬取链接中	水性杨花
插入成功 0
正在爬取链接中	下坡路
插入成功 0
正在爬取链接中	真爱的伪术
插入成功 0
正在爬取链接中	地球生灵
插入成功 0
正在爬取链接中	决战洛杉矶
插入成功 0
正在爬取链接中	 暗夜守护者：开端
插入成功 0
正在爬取链接中	无法证明
插入成功 0
正在爬取链接中	呦呦鹿鸣
插入成功 0
正在爬取链接中	御前侍卫
插入成功 0
正在爬取链接中	医者童心
插入成功 0
正在爬取链接中	湘南起义
插入成功 0
正在爬取链接中	越光宝盒
插入成功 0
正在爬取链接中	夜玫瑰
插入成功 0
正在爬取链接中	完美情人
插入成功 0
正在爬取链接中	侠女传奇
插入成功 0
正在爬取链接中	林海情
插入成功 0
正在爬取链接中	人证
插入成功 0
正在爬取链接中	花海情缘
插入成功 0
正在爬取链接中	火影雄兵
插入成功 0
正在爬取链接中	飞越危情
插入成功 0
正在爬取链接中	戴口罩的小狗
插入成功 0
正在爬取链接中	危险的谎言
插入成功 0
正在爬取链接中	校园情圣
插入成功 0
正在爬取链接中	吴仁宝
插入成功 0
正在爬取链接中	我和神马查干
插入成功 0
正在爬取链接中	首席执行官
插入成功 0
正在爬取链接中	青春制造
插入成功 0
正在爬取链接中	胖婶进城
插入成功 0
正在爬取链接中	开头那些日子
插入成功 0
正在爬取链接中	核电铁军
插入成功 0
正在爬取链接中	感谢来电
插入成功 0
正在爬取链接中	多瑙河之波
插入成功 0
正在爬取链接中	孔繁森
插入成功 0
正在爬取链接中	村官过大年
插入成功 0
正在爬取链接中	谍·莲花
插入成功 0
正在爬取链接中	雄起
插入成功 0
正在爬取链接中	说电影《脱皮爸爸》
插入成功 0
正在爬取链接中	说电影《吓死鬼》
插入成功 0
正在爬取第114页的数据
正在爬取链接中	说电影《逃离生存营》
插入成功 0
正在爬取链接中	说电影《绅士们》
插入成功 0
正在爬取链接中	说电影《入侵脑细胞》
插入成功 0
正在爬取链接中	说电影《奇妙世纪之记忆消除法》
插入成功 0
正在爬取链接中	说电影《毛骨悚然鬼撞经之红指甲》
插入成功 0
正在爬取链接中	说电影《雷蒙·斯尼奇的不幸历险》
插入成功 0
正在爬取链接中	说电影《梦》
插入成功 0
正在爬取链接中	说电影《灵魂摆渡之画中仙》
插入成功 0
正在爬取链接中	说电影《鬼网》
插入成功 0
正在爬取链接中	说电影《鬼作秀之稻草怪伴侣》
插入成功 0
正在爬取链接中	说电影《白雪公主与猎人》
插入成功 0
正在爬取链接中	说电影《蠢蛋进化论》
插入成功 0
正在爬取链接中	说电影《22号追击者》
插入成功 0
正在爬取链接中	说电影《循环空间里的修门人》
插入成功 0
正在爬取链接中	说电影《影子大亨》
插入成功 0
正在爬取链接中	赦免
插入成功 0
正在爬取链接中	杀死萨拉查
插入成功 0
正在爬取链接中	说电影《钟馗归来万世妖灵》
插入成功 0
正在爬取链接中	天下第一拳
插入成功 0
正在爬取链接中	血腥杀戮3
插入成功 0
正在爬取链接中	驱魔航班
插入成功 0
正在爬取链接中	恶人丧胆
插入成功 0
正在爬取链接中	勒热夫之战
插入成功 0
正在爬取链接中	燃情主厨
插入成功 0
正在爬取链接中	戴罪立功
插入成功 0
正在爬取链接中	恶胎
插入成功 0
正在爬取链接中	赴汤蹈火
插入成功 0
正在爬取链接中	美国末日计划
插入成功 0
正在爬取链接中	太阳之下
插入成功 0
正在爬取链接中	恐龙蛋
插入成功 0
正在爬取链接中	血腥美国派
插入成功 0
正在爬取链接中	性感女特工
插入成功 0
正在爬取链接中	祖鲁战争
插入成功 0
正在爬取链接中	致命的邂逅
插入成功 0
正在爬取链接中	侦探韩森
插入成功 0
正在爬取链接中	赢家2017
插入成功 0
正在爬取链接中	寻女彻夜行
插入成功 0
正在爬取链接中	怀旧范儿的狂欢节
插入成功 0
正在爬取链接中	圣爱之旅
插入成功 0
正在爬取链接中	企业战士
插入成功 0
正在爬取链接中	拿破仑在奥斯特里兹
插入成功 0
正在爬取链接中	美国情事
插入成功 0
正在爬取链接中	零度容忍
插入成功 0
正在爬取链接中	恐攻密码战
插入成功 0
正在爬取链接中	金钱怪兽
插入成功 0
正在爬取链接中	劫机惊魂2012
插入成功 0
正在爬取链接中	激情燃烧的零式战机
插入成功 0
正在爬取链接中	列夫·朗道：三日
插入成功 0
正在爬取第115页的数据
正在爬取链接中	成长边缘
插入成功 0
正在爬取链接中	犯罪大师
插入成功 0
正在爬取链接中	别犹豫
插入成功 0
正在爬取链接中	百年情书
插入成功 0
正在爬取链接中	钱学森
插入成功 0
正在爬取链接中	荒唐阿姨大电影
插入成功 0
正在爬取链接中	对决2014
插入成功 0
正在爬取链接中	独行杀手1967
插入成功 0
正在爬取链接中	仇敌当前
插入成功 0
正在爬取链接中	雨之牙
插入成功 0
正在爬取链接中	性感女特工
插入成功 0
正在爬取链接中	最高纪录
插入成功 0
正在爬取链接中	祖鲁战争
插入成功 0
正在爬取链接中	终极救援
插入成功 0
正在爬取链接中	致命的邂逅
插入成功 0
正在爬取链接中	侦探韩森
插入成功 0
正在爬取链接中	爪哇火线
爬取第115页的爪哇火线数据失败！
正在爬取链接中	赢家2017
插入成功 0
正在爬取链接中	寻女彻夜行
插入成功 0
正在爬取链接中	性感女特工2
插入成功 0
正在爬取链接中	怀旧范儿的狂欢节
插入成功 0
正在爬取链接中	我与拿破仑
插入成功 0
正在爬取链接中	威卡兰特的日记
插入成功 0
正在爬取链接中	天鹰复仇记
插入成功 0
正在爬取链接中	圣诞时光之旅
插入成功 0
正在爬取链接中	圣爱之旅
插入成功 0
正在爬取链接中	赦免
插入成功 0
正在爬取链接中	青禾男高
插入成功 0
正在爬取链接中	杀死萨拉查
插入成功 0
正在爬取链接中	企业战士
插入成功 0
正在爬取链接中	拿破仑在奥斯特里兹
插入成功 0
正在爬取链接中	你不要走
插入成功 0
正在爬取链接中	明乌
插入成功 0
正在爬取链接中	美国情事
插入成功 0
正在爬取链接中	美国迦顿
插入成功 0
正在爬取链接中	零度容忍
插入成功 0
正在爬取链接中	梁天来
插入成功 0
正在爬取链接中	狼族盟约
插入成功 0
正在爬取链接中	恐攻密码战
插入成功 0
正在爬取链接中	巨石阵灾劫
插入成功 0
正在爬取链接中	金钱怪兽
插入成功 0
正在爬取链接中	劫机惊魂2012
插入成功 0
正在爬取链接中	激情燃烧的零式战机
插入成功 0
正在爬取链接中	荒唐阿姨大电影
插入成功 0
正在爬取链接中	怪客
插入成功 0
正在爬取链接中	对决2014
插入成功 0
正在爬取链接中	独行杀手1967
插入成功 0
正在爬取链接中	列夫·朗道：三日
插入成功 0
正在爬取第116页的数据
正在爬取链接中	仇敌当前
插入成功 0
正在爬取链接中	爱上阿吉卡勒2
插入成功 0
正在爬取链接中	成长边缘
插入成功 0
正在爬取链接中	犯罪大师
插入成功 0
正在爬取链接中	别犹豫
插入成功 0
正在爬取链接中	暴疯语
插入成功 0
正在爬取链接中	抱养奇缘
插入成功 0
正在爬取链接中	武痴
插入成功 0
正在爬取链接中	百年情书
插入成功 0
正在爬取链接中	爱情限时恋未尽
插入成功 0
正在爬取链接中	正骨
插入成功 0
正在爬取链接中	钱学森
插入成功 0
正在爬取链接中	烈火营救
插入成功 0
正在爬取链接中	寻味“左宗棠鸡”
插入成功 0
正在爬取链接中	雨之牙
插入成功 0
正在爬取链接中	银线风暴
插入成功 0
正在爬取链接中	凶线
插入成功 0
正在爬取链接中	开罗紫玫瑰
插入成功 0
正在爬取链接中	彩虹艳尽半边天
插入成功 0
正在爬取链接中	小心眼
插入成功 0
正在爬取链接中	妄想
插入成功 0
