nohup: ignoring input
connect mysql successful.
正在爬取第149页的数据
正在爬取链接中	斗战苍穹
斗战苍穹数据已存在 1
正在爬取链接中	玻璃房间
玻璃房间数据已存在 1
正在爬取链接中	登堂入室
登堂入室数据已存在 1
正在爬取链接中	杀手的挽歌
杀手的挽歌数据已存在 1
正在爬取链接中	海军特种作战部队
海军特种作战部队数据已存在 1
正在爬取链接中	第三帝国最后的秘密
第三帝国最后的秘密数据已存在 1
正在爬取链接中	科里奥兰纳斯
科里奥兰纳斯数据已存在 1
正在爬取链接中	无尽的爱
无尽的爱数据已存在 1
正在爬取链接中	邻家女孩
邻家女孩数据已存在 1
正在爬取链接中	英勇废柴
英勇废柴数据已存在 1
正在爬取链接中	鬼佬2020
鬼佬2020数据已存在 1
正在爬取链接中	致命的危机
致命的危机数据已存在 1
正在爬取链接中	无法无天
无法无天数据已存在 1
正在爬取链接中	武林风云
武林风云数据已存在 1
正在爬取链接中	双喜临门
双喜临门数据已存在 1
正在爬取链接中	什么，我是机器人
什么，我是机器人数据已存在 1
正在爬取链接中	破神录
破神录数据已存在 1
正在爬取链接中	人妖口诉变性之后的生活
人妖口诉变性之后的生活数据已存在 1
正在爬取链接中	家族与情感
家族与情感数据已存在 1
正在爬取链接中	海囚
爬取第149页的海囚数据失败！
正在爬取链接中	说电影《终点站》
说电影《终点站》数据已存在 1
正在爬取链接中	说电影《幸存者》
说电影《幸存者》数据已存在 1
正在爬取链接中	骠骑兵之歌
骠骑兵之歌数据已存在 1
正在爬取链接中	说电影《蝎子王5》
说电影《蝎子王5》数据已存在 1
正在爬取链接中	暗夜呢喃
暗夜呢喃数据已存在 1
正在爬取链接中	说电影《蝎子王》
说电影《蝎子王》数据已存在 1
正在爬取链接中	说电影《蝎子王2：勇士的崛起》
说电影《蝎子王2：勇士的崛起》数据已存在 1
正在爬取链接中	说电影《天魔异种》
说电影《天魔异种》数据已存在 1
正在爬取链接中	说电影《小镇怪客托马斯》
说电影《小镇怪客托马斯》数据已存在 1
正在爬取链接中	说电影《末日深眠》
说电影《末日深眠》数据已存在 1
正在爬取链接中	说电影《炭火仔：勇战巨魔王》
爬取第149页的说电影《炭火仔：勇战巨魔王》数据失败！
正在爬取链接中	说电影《灭顶之灾》
说电影《灭顶之灾》数据已存在 1
正在爬取链接中	说电影《机器的叛变》
说电影《机器的叛变》数据已存在 1
正在爬取链接中	说电影《登入火星》
说电影《登入火星》数据已存在 1
正在爬取链接中	说电影《海洋深处》
说电影《海洋深处》数据已存在 1
正在爬取链接中	说电影《关键第四号》
说电影《关键第四号》数据已存在 1
正在爬取链接中	说电影《大白鲨》
说电影《大白鲨》数据已存在 1
正在爬取链接中	制胜一击
制胜一击数据已存在 1
正在爬取链接中	一千零一夜之梦中人
一千零一夜之梦中人数据已存在 1
正在爬取链接中	神鬼妙计
神鬼妙计数据已存在 1
正在爬取链接中	潜龙轰天2
潜龙轰天2数据已存在 1
正在爬取链接中	感官游戏
感官游戏数据已存在 1
正在爬取链接中	大空港2013
大空港2013数据已存在 1
正在爬取链接中	一屋两火
一屋两火数据已存在 1
正在爬取链接中	小精灵续集
小精灵续集数据已存在 1
正在爬取链接中	萧红
萧红数据已存在 1
正在爬取链接中	日光峡谷
爬取第149页的日光峡谷数据失败！
爬取第149页的日光峡谷数据失败！
正在爬取第150页的数据
请求第150页失败！
正在爬取第151页的数据
请求第151页失败！
正在爬取第152页的数据
正在爬取链接中	弯刀2010
爬取第152页的弯刀2010数据失败！
正在爬取链接中	新宿事件
新宿事件数据已存在 1
正在爬取链接中	超魔鬼毁灭者
超魔鬼毁灭者数据已存在 1
正在爬取链接中	正面全裸
正面全裸数据已存在 1
正在爬取链接中	墨西哥风暴
墨西哥风暴数据已存在 1
正在爬取链接中	下半场2018
下半场2018数据已存在 1
正在爬取链接中	圆环行动2020
圆环行动2020数据已存在 1
正在爬取链接中	末路狂花2017
末路狂花2017数据已存在 1
正在爬取链接中	命硬仔西罗
命硬仔西罗数据已存在 1
正在爬取链接中	梅子鸡之味
梅子鸡之味数据已存在 1
正在爬取链接中	说电影《未知死亡》
说电影《未知死亡》数据已存在 1
正在爬取链接中	说电影《天外来菌》
说电影《天外来菌》数据已存在 1
正在爬取链接中	说电影《人类清除计划4》
说电影《人类清除计划4》数据已存在 1
正在爬取链接中	说电影《塔洛》
说电影《塔洛》数据已存在 1
正在爬取链接中	说电影《唐人街探案》
说电影《唐人街探案》数据已存在 1
正在爬取链接中	说电影《美人鱼》
说电影《美人鱼》数据已存在 1
正在爬取链接中	说电影《情敌复仇战》
说电影《情敌复仇战》数据已存在 1
正在爬取链接中	说电影《漫画威龙之大话特务》
说电影《漫画威龙之大话特务》数据已存在 1
正在爬取链接中	说电影《决战猩球》
说电影《决战猩球》数据已存在 1
正在爬取链接中	说电影《老男孩》
说电影《老男孩》数据已存在 1
正在爬取链接中	说电影《决斗太平洋》
说电影《决斗太平洋》数据已存在 1
正在爬取链接中	说电影《巨齿鲨》
说电影《巨齿鲨》数据已存在 1
正在爬取链接中	说电影《家怨》
说电影《家怨》数据已存在 1
正在爬取链接中	说电影《超级大玩家》
说电影《超级大玩家》数据已存在 1
正在爬取链接中	潜行中国
爬取第152页的潜行中国数据失败！
正在爬取链接中	1920：邪灵重现
1920：邪灵重现数据已存在 1
正在爬取链接中	极度冒险
极度冒险数据已存在 1
正在爬取链接中	潜龙轰天
潜龙轰天数据已存在 1
正在爬取链接中	七剑2005
七剑2005数据已存在 1
正在爬取链接中	大奥特别篇之另一个故事
大奥特别篇之另一个故事数据已存在 1
正在爬取链接中	体热边缘
体热边缘数据已存在 1
正在爬取链接中	战场
插入数据失败，原因 1406: Data too long for column 'info' at row 1
正在爬取链接中	幽灵情书
幽灵情书数据已存在 1
正在爬取链接中	狼人的新娘
狼人的新娘数据已存在 1
正在爬取链接中	沙丘2019
沙丘2019数据已存在 1
正在爬取链接中	切尔诺贝利·禁区电影版 结局二
切尔诺贝利·禁区电影版 结局二数据已存在 1
正在爬取链接中	杀阱
杀阱数据已存在 1
正在爬取链接中	星星点灯
星星点灯数据已存在 1
正在爬取链接中	杀阱
杀阱数据已存在 1
正在爬取链接中	没事偷着乐
没事偷着乐数据已存在 1
正在爬取链接中	大坏狐狸的故事
爬取第152页的大坏狐狸的故事数据失败！
正在爬取链接中	基督最后的诱惑
基督最后的诱惑数据已存在 1
正在爬取链接中	洪文定三破白莲教
洪文定三破白莲教数据已存在 1
正在爬取链接中	春到人间
春到人间数据已存在 1
正在爬取链接中	搭车去柏林
搭车去柏林数据已存在 1
正在爬取链接中	破奸锄贼
破奸锄贼数据已存在 1
正在爬取链接中	不要跟陌生人说话
不要跟陌生人说话数据已存在 1
正在爬取链接中	终极标靶2
终极标靶2数据已存在 1
正在爬取第153页的数据
正在爬取链接中	终极标靶
终极标靶数据已存在 1
正在爬取链接中	囚犯2014
囚犯2014数据已存在 1
正在爬取链接中	银行大劫案
银行大劫案数据已存在 1
正在爬取链接中	信仰者2018中国版
信仰者2018中国版数据已存在 1
正在爬取链接中	黄飞鸿之铁鸡斗蜈蚣
黄飞鸿之铁鸡斗蜈蚣数据已存在 1
正在爬取链接中	流浪狗
流浪狗数据已存在 1
正在爬取链接中	梦幻岛2020
梦幻岛2020数据已存在 1
正在爬取链接中	护宝天师
护宝天师数据已存在 1
正在爬取链接中	神都蜜探
神都蜜探数据已存在 1
正在爬取链接中	太子殿下之冷香
太子殿下之冷香数据已存在 1
正在爬取链接中	毁灭者
毁灭者数据已存在 1
正在爬取链接中	夏终年与顾平生
夏终年与顾平生数据已存在 1
正在爬取链接中	西汉帝陵
西汉帝陵数据已存在 1
正在爬取链接中	火云传奇
火云传奇数据已存在 1
正在爬取链接中	帝陵
帝陵数据已存在 1
正在爬取链接中	回头是远方
回头是远方数据已存在 1
正在爬取链接中	末日卷轴
末日卷轴数据已存在 1
正在爬取链接中	德云社岳云鹏广州站
德云社岳云鹏广州站数据已存在 1
正在爬取链接中	温哥华酱油乐队
温哥华酱油乐队数据已存在 1
正在爬取链接中	毒枭回忆录
爬取第153页的毒枭回忆录数据失败！
正在爬取链接中	贾斯汀·比伯：永不言败
贾斯汀·比伯：永不言败数据已存在 1
正在爬取链接中	让熊猫飞
让熊猫飞数据已存在 1
正在爬取链接中	静态
静态数据已存在 1
正在爬取链接中	7号房的礼物(土耳其版) 
7号房的礼物(土耳其版) 数据已存在 1
正在爬取链接中	再见吧2019
再见吧2019数据已存在 1
正在爬取链接中	倒鸭子
倒鸭子数据已存在 1
正在爬取链接中	开心又一天
开心又一天数据已存在 1
正在爬取链接中	玩偶师
玩偶师数据已存在 1
正在爬取链接中	七只乌鸦
七只乌鸦数据已存在 1
正在爬取链接中	蓝宇
蓝宇数据已存在 1
正在爬取链接中	神奇动物在哪里
神奇动物在哪里数据已存在 1
正在爬取链接中	天堂的孩子
天堂的孩子数据已存在 1
正在爬取链接中	盗墓笔记电影版
盗墓笔记电影版数据已存在 1
正在爬取链接中	蜀山2剑魔篇
蜀山2剑魔篇数据已存在 1
正在爬取链接中	寒战2
寒战2数据已存在 1
正在爬取链接中	寒战
寒战数据已存在 1
正在爬取链接中	幽幻道士之6灵幻少女
幽幻道士之6灵幻少女数据已存在 1
正在爬取链接中	七宗罪/火线追缉令
七宗罪/火线追缉令数据已存在 1
正在爬取链接中	创世草案
创世草案数据已存在 1
正在爬取链接中	天空之上三公尺
天空之上三公尺数据已存在 1
正在爬取链接中	饥饿站台
饥饿站台数据已存在 1
正在爬取链接中	达拉斯买家俱乐部
达拉斯买家俱乐部数据已存在 1
正在爬取链接中	摩托教父
摩托教父数据已存在 1
正在爬取链接中	蜈蚣
蜈蚣数据已存在 1
正在爬取链接中	血色亵渎
血色亵渎数据已存在 1
正在爬取链接中	狄仁杰之四大天王
狄仁杰之四大天王数据已存在 1
正在爬取链接中	僵尸归来2：消失的御林军
僵尸归来2：消失的御林军数据已存在 1
正在爬取链接中	僵尸归来/复活
僵尸归来/复活数据已存在 1
正在爬取第154页的数据
正在爬取链接中	僵尸归来
僵尸归来数据已存在 1
正在爬取链接中	姐姐2019/五六月
姐姐2019/五六月数据已存在 1
正在爬取链接中	人工智能
人工智能数据已存在 1
正在爬取链接中	扎职
扎职数据已存在 1
正在爬取链接中	梦幻岛
梦幻岛数据已存在 1
正在爬取链接中	纯真年代1993
纯真年代1993数据已存在 1
正在爬取链接中	神都蜜探
神都蜜探数据已存在 1
正在爬取链接中	说电影《深海异兽》
说电影《深海异兽》数据已存在 1
正在爬取链接中	说电影《人形恶吊》
说电影《人形恶吊》数据已存在 1
正在爬取链接中	说电影《抓住救命稻草的野兽们》
说电影《抓住救命稻草的野兽们》数据已存在 1
正在爬取链接中	说电影《拧紧》
说电影《拧紧》数据已存在 1
正在爬取链接中	说电影《美丽的折磨》
说电影《美丽的折磨》数据已存在 1
正在爬取链接中	说电影《快手枪手快枪手》
说电影《快手枪手快枪手》数据已存在 1
正在爬取链接中	说电影《鬼校亡友之13蓝色时分》
说电影《鬼校亡友之13蓝色时分》数据已存在 1
正在爬取链接中	无敌小飞猪
无敌小飞猪数据已存在 1
正在爬取链接中	秋天日记
秋天日记数据已存在 1
正在爬取链接中	警察
警察数据已存在 1
正在爬取链接中	陆战特攻
陆战特攻数据已存在 1
正在爬取链接中	说电影《鬼校亡友之11房友》
说电影《鬼校亡友之11房友》数据已存在 1
正在爬取链接中	说电影《鬼校亡友之12广播》
爬取第154页的说电影《鬼校亡友之12广播》数据失败！
正在爬取链接中	说电影《红龙》
说电影《红龙》数据已存在 1
正在爬取链接中	说电影《怪谈新耳袋百物语》
说电影《怪谈新耳袋百物语》数据已存在 1
正在爬取链接中	说电影《怪谈新耳袋百物语（下）》
说电影《怪谈新耳袋百物语（下）》数据已存在 1
正在爬取链接中	说电影《恶魔之瞳》
说电影《恶魔之瞳》数据已存在 1
正在爬取链接中	说电影《暗黑都市传说：真日子的诅咒》
说电影《暗黑都市传说：真日子的诅咒》数据已存在 1
正在爬取链接中	说电影《魑魅魍魉》
说电影《魑魅魍魉》数据已存在 1
正在爬取链接中	士兵
士兵数据已存在 1
正在爬取链接中	伴你同行蒙古版
伴你同行蒙古版数据已存在 1
正在爬取链接中	伴你同行蒙古版
伴你同行蒙古版数据已存在 1
正在爬取链接中	蔚蓝之境
蔚蓝之境数据已存在 1
正在爬取链接中	陰陽師
陰陽師数据已存在 1
正在爬取链接中	没有说完的故事
没有说完的故事数据已存在 1
正在爬取链接中	奇爱博士
奇爱博士数据已存在 1
正在爬取链接中	大冒险家
大冒险家数据已存在 1
正在爬取链接中	城市之光
城市之光数据已存在 1
正在爬取链接中	亚米斯德的未叙故事
亚米斯德的未叙故事数据已存在 1
正在爬取链接中	惩罚者1989
惩罚者1989数据已存在 1
正在爬取链接中	季风婚宴
季风婚宴数据已存在 1
正在爬取链接中	地狱醒龙
地狱醒龙数据已存在 1
正在爬取链接中	鸣梁海战
鸣梁海战数据已存在 1
正在爬取链接中	世界奇妙物语 2012年秋之特別篇
世界奇妙物语 2012年秋之特別篇数据已存在 1
正在爬取链接中	悭钱家族
悭钱家族数据已存在 1
正在爬取链接中	尸地余生
尸地余生数据已存在 1
正在爬取链接中	惊沙
惊沙数据已存在 1
正在爬取链接中	飞虎
飞虎数据已存在 1
正在爬取链接中	驱魔保安3暗月教
驱魔保安3暗月教数据已存在 1
正在爬取链接中	逐梦乐坛
逐梦乐坛数据已存在 1
正在爬取链接中	萌宠成长记第二季
萌宠成长记第二季数据已存在 1
正在爬取第155页的数据
正在爬取链接中	孤岛浴血战
孤岛浴血战数据已存在 1
正在爬取链接中	拳霸少年2
拳霸少年2数据已存在 1
正在爬取链接中	与虎同行
与虎同行数据已存在 1
正在爬取链接中	驱魔保安
驱魔保安数据已存在 1
正在爬取链接中	江湖喜剧人2
江湖喜剧人2数据已存在 1
正在爬取链接中	虫族2020
虫族2020数据已存在 1
正在爬取链接中	林则徐
林则徐数据已存在 1
正在爬取链接中	流氓归来
流氓归来数据已存在 1
正在爬取链接中	小镇突袭
小镇突袭数据已存在 1
正在爬取链接中	侠盗魅影
侠盗魅影数据已存在 1
正在爬取链接中	囚犯
爬取第155页的囚犯数据失败！
正在爬取链接中	孽吻
孽吻数据已存在 1
正在爬取链接中	美国暴力
爬取第155页的美国暴力数据失败！
正在爬取链接中	曼哈顿夜曲
曼哈顿夜曲数据已存在 1
正在爬取链接中	穿牛仔裤的十字军
穿牛仔裤的十字军数据已存在 1
正在爬取链接中	惊沙
惊沙数据已存在 1
正在爬取链接中	孤岛浴血战
孤岛浴血战数据已存在 1
正在爬取链接中	再见，妈妈
再见，妈妈数据已存在 1
正在爬取链接中	革命往事
革命往事数据已存在 1
正在爬取链接中	第七阶
第七阶数据已存在 1
正在爬取链接中	少年忍师—司徒家2
少年忍师—司徒家2数据已存在 1
正在爬取链接中	伴郎假期
伴郎假期数据已存在 1
正在爬取链接中	兄弟的判决
兄弟的判决数据已存在 1
正在爬取链接中	少年忍师—司徒家2
少年忍师—司徒家2数据已存在 1
正在爬取链接中	九号公路
九号公路数据已存在 1
正在爬取链接中	Twins2015香港演唱会
Twins2015香港演唱会数据已存在 1
正在爬取链接中	宝马狂想曲
宝马狂想曲数据已存在 1
正在爬取链接中	半象门
半象门数据已存在 1
正在爬取链接中	可贵的生命
可贵的生命数据已存在 1
正在爬取链接中	乐园
乐园数据已存在 1
正在爬取链接中	再见吧
再见吧数据已存在 1
正在爬取链接中	鸟笼山剿匪记
鸟笼山剿匪记数据已存在 1
正在爬取链接中	家有喜事2009
家有喜事2009数据已存在 1
正在爬取链接中	地牢围攻
地牢围攻数据已存在 1
正在爬取链接中	狼溪
狼溪数据已存在 1
正在爬取链接中	狼溪2
狼溪2数据已存在 1
正在爬取链接中	隐形人2020
隐形人2020数据已存在 1
正在爬取链接中	说电影《小丑2014》
说电影《小丑2014》数据已存在 1
正在爬取链接中	说电影《洗礼》
说电影《洗礼》数据已存在 1
正在爬取链接中	说电影《王者之剑》
说电影《王者之剑》数据已存在 1
正在爬取链接中	说电影《三更之回家》
说电影《三更之回家》数据已存在 1
正在爬取链接中	说电影《神鬼愿望》
说电影《神鬼愿望》数据已存在 1
正在爬取链接中	说电影《失陷猩球》
说电影《失陷猩球》数据已存在 1
正在爬取链接中	说电影《撒迦利亚》
说电影《撒迦利亚》数据已存在 1
正在爬取链接中	说电影《魔兽战场》
说电影《魔兽战场》数据已存在 1
正在爬取链接中	说电影《何以为家》
说电影《何以为家》数据已存在 1
正在爬取链接中	说电影《魔力女战士》
说电影《魔力女战士》数据已存在 1
正在爬取链接中	说电影《军舰岛》
说电影《军舰岛》数据已存在 1
正在爬取第156页的数据
正在爬取链接中	新包青天南侠谜案
新包青天南侠谜案数据已存在 1
正在爬取链接中	说电影《鬼作秀之手指》
说电影《鬼作秀之手指》数据已存在 1
正在爬取链接中	说电影《变身西装》
说电影《变身西装》数据已存在 1
正在爬取链接中	说电影《第三类接触》
说电影《第三类接触》数据已存在 1
正在爬取链接中	说电影《独立日》
说电影《独立日》数据已存在 1
正在爬取链接中	大进军——解放大西北
大进军——解放大西北数据已存在 1
正在爬取链接中	惊天动地抢人头
惊天动地抢人头数据已存在 1
正在爬取链接中	帝陵之西汉帝陵
帝陵之西汉帝陵数据已存在 1
正在爬取链接中	大进军——解放大西北
大进军——解放大西北数据已存在 1
正在爬取链接中	稻草之盾
稻草之盾数据已存在 1
正在爬取链接中	安娜·卡列尼娜2012
安娜·卡列尼娜2012数据已存在 1
正在爬取链接中	赌彩黑名单
赌彩黑名单数据已存在 1
正在爬取链接中	生活是甜蜜的
生活是甜蜜的数据已存在 1
正在爬取链接中	死囚越狱
死囚越狱数据已存在 1
正在爬取链接中	天师捉奸
天师捉奸数据已存在 1
正在爬取链接中	安娜·卡列尼娜
安娜·卡列尼娜数据已存在 1
正在爬取链接中	正牌韦小宝之奉旨沟女
正牌韦小宝之奉旨沟女数据已存在 1
正在爬取链接中	德州电锯杀人狂1974
德州电锯杀人狂1974数据已存在 1
正在爬取链接中	至暴之年
至暴之年数据已存在 1
正在爬取链接中	折磨
折磨数据已存在 1
正在爬取链接中	深爱的你
深爱的你数据已存在 1
正在爬取链接中	再见古惑仔
再见古惑仔数据已存在 1
正在爬取链接中	呷醋大丈夫
呷醋大丈夫数据已存在 1
正在爬取链接中	不死心灵
不死心灵数据已存在 1
正在爬取链接中	德州电锯杀人狂2003
德州电锯杀人狂2003数据已存在 1
正在爬取链接中	德州电锯杀人狂2 
德州电锯杀人狂2 数据已存在 1
正在爬取链接中	红杉林杀人魔
红杉林杀人魔数据已存在 1
正在爬取链接中	德州电锯杀人狂3
德州电锯杀人狂3数据已存在 1
正在爬取链接中	德州电锯杀人狂4
德州电锯杀人狂4数据已存在 1
正在爬取链接中	地牢围攻2
地牢围攻2数据已存在 1
正在爬取链接中	四人帮之钱不够洗
四人帮之钱不够洗数据已存在 1
正在爬取链接中	情陷撒哈拉
情陷撒哈拉数据已存在 1
正在爬取链接中	人肉天妇罗
人肉天妇罗数据已存在 1
正在爬取链接中	东邪西毒：终极版
东邪西毒：终极版数据已存在 1
正在爬取链接中	真菌如何造就世界
真菌如何造就世界数据已存在 1
正在爬取链接中	疯狂星期一
疯狂星期一数据已存在 1
正在爬取链接中	罪恶的复仇
罪恶的复仇数据已存在 1
正在爬取链接中	笑里藏刀
笑里藏刀数据已存在 1
正在爬取链接中	致命迷路
致命迷路数据已存在 1
正在爬取链接中	麻婆岛2
麻婆岛2数据已存在 1
正在爬取链接中	疯狂天使之秘密武器
疯狂天使之秘密武器数据已存在 1
正在爬取链接中	木乃伊的秘密
木乃伊的秘密数据已存在 1
正在爬取链接中	女校风波
女校风波数据已存在 1
正在爬取链接中	裸爱2020
裸爱2020数据已存在 1
正在爬取链接中	凤舞天下
凤舞天下数据已存在 1
正在爬取链接中	你是海
你是海数据已存在 1
正在爬取链接中	真人快打传奇：蝎子的复仇
真人快打传奇：蝎子的复仇数据已存在 1
正在爬取链接中	新包青天南侠谜案
新包青天南侠谜案数据已存在 1
正在爬取第157页的数据
正在爬取链接中	你是海
你是海数据已存在 1
正在爬取链接中	匹诺曹2019
匹诺曹2019数据已存在 1
正在爬取链接中	新包青天南侠谜案
新包青天南侠谜案数据已存在 1
正在爬取链接中	毒战2020
毒战2020数据已存在 1
正在爬取链接中	裸爱
裸爱数据已存在 1
正在爬取链接中	单挑荒野一家
单挑荒野一家数据已存在 1
正在爬取链接中	海热
海热数据已存在 1
正在爬取链接中	匹田先生，恭喜你太太怀孕了
匹田先生，恭喜你太太怀孕了数据已存在 1
正在爬取链接中	比邻星
比邻星数据已存在 1
正在爬取链接中	海热
海热数据已存在 1
正在爬取链接中	钟南山
钟南山数据已存在 1
正在爬取链接中	在丧尸中呼唤爱
在丧尸中呼唤爱数据已存在 1
正在爬取链接中	不要相信任何人
不要相信任何人数据已存在 1
正在爬取链接中	甜蜜人生
甜蜜人生数据已存在 1
正在爬取链接中	甜蜜的生活
甜蜜的生活数据已存在 1
正在爬取链接中	BBC地平线之止痛药上瘾
BBC地平线之止痛药上瘾数据已存在 1
正在爬取链接中	BBC地平线之大麻.灵丹还是毒药
BBC地平线之大麻.灵丹还是毒药数据已存在 1
正在爬取链接中	BBC地平线之2.5亿英镑的癌症疗法
BBC地平线之2.5亿英镑的癌症疗法数据已存在 1
正在爬取链接中	苏乞儿2010
苏乞儿2010数据已存在 1
正在爬取链接中	骇战
骇战数据已存在 1
正在爬取链接中	与狼人共舞
与狼人共舞数据已存在 1
正在爬取链接中	匹田先生，恭喜你太太怀孕了
匹田先生，恭喜你太太怀孕了数据已存在 1
正在爬取链接中	与狼人共舞
与狼人共舞数据已存在 1
正在爬取链接中	说电影《柏拉图》
说电影《柏拉图》数据已存在 1
正在爬取链接中	说电影《垫底辣妹》
说电影《垫底辣妹》数据已存在 1
正在爬取链接中	说电影《无问西东》
说电影《无问西东》数据已存在 1
正在爬取链接中	悲情驿站
悲情驿站数据已存在 1
正在爬取链接中	三百斯巴达勇士1962
三百斯巴达勇士1962数据已存在 1
正在爬取链接中	最后的圣地
最后的圣地数据已存在 1
正在爬取链接中	蜜蜂与远雷
蜜蜂与远雷数据已存在 1
正在爬取链接中	最初的路
最初的路数据已存在 1
正在爬取链接中	列宁格勒
列宁格勒数据已存在 1
正在爬取链接中	人类消失后的世界
人类消失后的世界数据已存在 1
正在爬取链接中	昆仑铁骑
昆仑铁骑数据已存在 1
正在爬取链接中	大明星从军记
大明星从军记数据已存在 1
正在爬取链接中	506哨所
506哨所数据已存在 1
正在爬取链接中	悲情驿站
悲情驿站数据已存在 1
正在爬取链接中	蜜蜂与远雷
蜜蜂与远雷数据已存在 1
正在爬取链接中	在勾引中学会爱
在勾引中学会爱数据已存在 1
正在爬取链接中	三百斯巴达勇士1962
三百斯巴达勇士1962数据已存在 1
正在爬取链接中	最初的路
最初的路数据已存在 1
正在爬取链接中	列宁格勒
列宁格勒数据已存在 1
正在爬取链接中	在勾引中学会爱2
在勾引中学会爱2数据已存在 1
正在爬取链接中	最后的圣地
最后的圣地数据已存在 1
正在爬取链接中	音乐脚步
音乐脚步数据已存在 1
正在爬取链接中	无声的抵抗
无声的抵抗数据已存在 1
正在爬取链接中	向往的生活
向往的生活数据已存在 1
正在爬取链接中	回到中国
回到中国数据已存在 1
正在爬取第158页的数据
正在爬取链接中	无声的抵抗
无声的抵抗数据已存在 1
正在爬取链接中	向往的生活
向往的生活数据已存在 1
正在爬取链接中	回到中国
回到中国数据已存在 1
正在爬取链接中	海狼
海狼数据已存在 1
正在爬取链接中	门徒
门徒数据已存在 1
正在爬取链接中	无声的抵抗
无声的抵抗数据已存在 1
正在爬取链接中	爱情小说
爱情小说数据已存在 1
正在爬取链接中	针眼
针眼数据已存在 1
正在爬取链接中	一个夏夜
爬取第158页的一个夏夜数据失败！
正在爬取链接中	东京残酷警察
东京残酷警察数据已存在 1
正在爬取链接中	正义者联盟
正义者联盟数据已存在 1
正在爬取链接中	不良少年2：鬼怪
不良少年2：鬼怪数据已存在 1
正在爬取链接中	幸福的记忆
幸福的记忆数据已存在 1
正在爬取链接中	意式情歌
意式情歌数据已存在 1
正在爬取链接中	虎尾
虎尾数据已存在 1
正在爬取链接中	吸血鬼守护者
吸血鬼守护者数据已存在 1
正在爬取链接中	杀戮战场
杀戮战场数据已存在 1
正在爬取链接中	复仇1978
复仇1978数据已存在 1
正在爬取链接中	赎金猎杀
赎金猎杀数据已存在 1
正在爬取链接中	英伦情人
英伦情人数据已存在 1
正在爬取链接中	夜色行动
夜色行动数据已存在 1
正在爬取链接中	蜡笔小新：梦境世界大突击
蜡笔小新：梦境世界大突击数据已存在 1
正在爬取链接中	冲天火
冲天火数据已存在 1
正在爬取链接中	超级天兵之机车班长
超级天兵之机车班长数据已存在 1
正在爬取链接中	Oh！我的幽灵鬼
爬取第158页的Oh！我的幽灵鬼数据失败！
正在爬取链接中	武力
武力数据已存在 1
正在爬取链接中	欲盖弄潮
欲盖弄潮数据已存在 1
正在爬取链接中	钢铁时代2
钢铁时代2数据已存在 1
正在爬取链接中	武力
武力数据已存在 1
正在爬取链接中	爱得太辛苦
