nohup: ignoring input
connect mysql successful.
正在爬取第127页的数据
正在爬取链接中	加齐号的攻击
加齐号的攻击数据已存在 1
正在爬取链接中	死亡终点站
死亡终点站数据已存在 1
正在爬取链接中	毛驴县令之五官争功
毛驴县令之五官争功数据已存在 1
正在爬取链接中	探险手札之未知领域
探险手札之未知领域数据已存在 1
正在爬取链接中	在大峡谷过圣诞节
在大峡谷过圣诞节数据已存在 1
正在爬取链接中	亡命徒2020
亡命徒2020数据已存在 1
正在爬取链接中	先知 99版
先知 99版数据已存在 1
正在爬取链接中	忍者神龟：变种时代
忍者神龟：变种时代数据已存在 1
正在爬取链接中	忍者神龟3
忍者神龟3数据已存在 1
正在爬取链接中	忍者神龟2：破影而出
爬取第127页的忍者神龟2：破影而出数据失败！
正在爬取链接中	致命伴侣
致命伴侣数据已存在 1
正在爬取链接中	美女总裁的贴身高手
美女总裁的贴身高手数据已存在 1
正在爬取链接中	妖猫传
妖猫传数据已存在 1
正在爬取链接中	神奇动物2/神奇动物：格林德沃之罪
神奇动物2/神奇动物：格林德沃之罪数据已存在 1
正在爬取链接中	那年青春正年少
那年青春正年少数据已存在 1
正在爬取链接中	今夕何夕1
今夕何夕1数据已存在 1
正在爬取链接中	今夕何夕2
今夕何夕2数据已存在 1
正在爬取链接中	宙斯之子：赫拉克勒斯
宙斯之子：赫拉克勒斯数据已存在 1
正在爬取链接中	狐踪谍影
狐踪谍影数据已存在 1
正在爬取链接中	查理和巧克力工厂
查理和巧克力工厂数据已存在 1
正在爬取链接中	独身向前
独身向前数据已存在 1
正在爬取链接中	别指望我会尖叫
别指望我会尖叫数据已存在 1
正在爬取链接中	助守在异乡
助守在异乡数据已存在 1
正在爬取链接中	危险的谎言
危险的谎言数据已存在 1
正在爬取链接中	永生之战
永生之战数据已存在 1
正在爬取链接中	橡树男孩
橡树男孩数据已存在 1
正在爬取链接中	青春荷尔蒙2躁动时代
青春荷尔蒙2躁动时代数据已存在 1
正在爬取链接中	领养惊魂
领养惊魂数据已存在 1
正在爬取链接中	恋爱二三事
恋爱二三事数据已存在 1
正在爬取链接中	拉合尔茶馆的陌生人
拉合尔茶馆的陌生人数据已存在 1
正在爬取链接中	大司机
大司机数据已存在 1
正在爬取链接中	安娜弗里茨的尸体
安娜弗里茨的尸体数据已存在 1
正在爬取链接中	爱情的选择
爱情的选择数据已存在 1
正在爬取链接中	毛驴县令之赌命考官
毛驴县令之赌命考官数据已存在 1
正在爬取链接中	毛驴县令之酸儿辣女
毛驴县令之酸儿辣女数据已存在 1
正在爬取链接中	毛驴县令之非我莫属
毛驴县令之非我莫属数据已存在 1
正在爬取链接中	约会电影
约会电影数据已存在 1
正在爬取链接中	黑帮大佬和我的365日
黑帮大佬和我的365日数据已存在 1
正在爬取链接中	毛驴县令之歪打正着
毛驴县令之歪打正着数据已存在 1
正在爬取链接中	最美年华
最美年华数据已存在 1
正在爬取链接中	有一天
爬取第127页的有一天数据失败！
正在爬取链接中	野兽童党
野兽童党数据已存在 1
正在爬取链接中	雅典娜：无间谍局
雅典娜：无间谍局数据已存在 1
正在爬取链接中	非洲历险记
非洲历险记数据已存在 1
正在爬取链接中	复仇
复仇数据已存在 1
正在爬取链接中	刀
刀数据已存在 1
正在爬取链接中	夜曲
夜曲数据已存在 1
正在爬取链接中	七十二家房客
七十二家房客数据已存在 1
正在爬取第128页的数据
正在爬取链接中	搞什么飞机
搞什么飞机数据已存在 1
正在爬取链接中	激情沸点
激情沸点数据已存在 1
正在爬取链接中	婴魂不散
婴魂不散数据已存在 1
正在爬取链接中	彩云飞
彩云飞数据已存在 1
正在爬取链接中	亡命徒
亡命徒数据已存在 1
正在爬取链接中	同栖生活
同栖生活数据已存在 1
正在爬取链接中	桂河大桥
桂河大桥数据已存在 1
正在爬取链接中	少林三十六房
少林三十六房数据已存在 1
正在爬取链接中	说电影《大闹天宫》
说电影《大闹天宫》数据已存在 1
正在爬取链接中	说电影《忘不了》
说电影《忘不了》数据已存在 1
正在爬取链接中	江湖男女
江湖男女数据已存在 1
正在爬取链接中	哈利波特6：混血王子的背叛
哈利波特6：混血王子的背叛数据已存在 1
正在爬取链接中	不死之身
不死之身数据已存在 1
正在爬取链接中	校园情圣
校园情圣数据已存在 1
正在爬取链接中	此生漫漫
此生漫漫数据已存在 1
正在爬取链接中	说电影《看不见的客人》
说电影《看不见的客人》数据已存在 1
正在爬取链接中	说电影《诡丝》
说电影《诡丝》数据已存在 1
正在爬取链接中	说电影《疯羊》
说电影《疯羊》数据已存在 1
正在爬取链接中	天使的战争
天使的战争数据已存在 1
正在爬取链接中	巴比龙
巴比龙数据已存在 1
正在爬取链接中	变种新人类
变种新人类数据已存在 1
正在爬取链接中	侠盗义贼
侠盗义贼数据已存在 1
正在爬取链接中	初恋滋味
初恋滋味数据已存在 1
正在爬取链接中	陵园路口
陵园路口数据已存在 1
正在爬取链接中	说电影《断箭》
说电影《断箭》数据已存在 1
正在爬取链接中	矶野家的人们～20年后的海螺小姐～
矶野家的人们～20年后的海螺小姐～数据已存在 1
正在爬取链接中	断箭
断箭数据已存在 1
正在爬取链接中	无人陪伴的儿童
无人陪伴的儿童数据已存在 1
正在爬取链接中	麦克法兰
插入成功 0
正在爬取链接中	说电影《瞒天过海》
说电影《瞒天过海》数据已存在 1
正在爬取链接中	100天宝贝
100天宝贝数据已存在 1
正在爬取链接中	最美年华
最美年华数据已存在 1
正在爬取链接中	深入敌后：危险营救
深入敌后：危险营救数据已存在 1
正在爬取链接中	写给往昔的未来
写给往昔的未来数据已存在 1
正在爬取链接中	起跑线2
起跑线2数据已存在 1
正在爬取链接中	助理
助理数据已存在 1
正在爬取链接中	倩女幽魂:人间情
倩女幽魂:人间情数据已存在 1
正在爬取链接中	海洋
海洋数据已存在 1
正在爬取链接中	黄土地的守望
黄土地的守望数据已存在 1
正在爬取链接中	火舞黄沙
火舞黄沙数据已存在 1
正在爬取链接中	积爱之人
积爱之人数据已存在 1
正在爬取链接中	女兵还乡
女兵还乡数据已存在 1
正在爬取链接中	乾阳侠曲
乾阳侠曲数据已存在 1
正在爬取链接中	侠僧探案传奇之大兴赌坊
侠僧探案传奇之大兴赌坊数据已存在 1
正在爬取链接中	消防员的人生
消防员的人生数据已存在 1
正在爬取链接中	一个人的追逃
一个人的追逃数据已存在 1
正在爬取链接中	一号
一号数据已存在 1
正在爬取链接中	摔跤少年
摔跤少年数据已存在 1
正在爬取第129页的数据
正在爬取链接中	鸳鸯村的故事
鸳鸯村的故事数据已存在 1
正在爬取链接中	真味小厨王
真味小厨王数据已存在 1
正在爬取链接中	朱丽叶与魔鬼
朱丽叶与魔鬼数据已存在 1
正在爬取链接中	塞外夺宝
塞外夺宝数据已存在 1
正在爬取链接中	解放石家庄
解放石家庄数据已存在 1
正在爬取链接中	反恐特战队之黑日密钥
反恐特战队之黑日密钥数据已存在 1
正在爬取链接中	法官老张轶事之倔萝卜
法官老张轶事之倔萝卜数据已存在 1
正在爬取链接中	虫样年华
虫样年华数据已存在 1
正在爬取链接中	橙沙之味
橙沙之味数据已存在 1
正在爬取链接中	巴士进行曲
巴士进行曲数据已存在 1
正在爬取链接中	六号出口
六号出口数据已存在 1
正在爬取链接中	恋爱谈
恋爱谈数据已存在 1
正在爬取链接中	森林里的夫妻
森林里的夫妻数据已存在 1
正在爬取链接中	偷心者2018
偷心者2018数据已存在 1
正在爬取链接中	搞什么飞机？
搞什么飞机？数据已存在 1
正在爬取链接中	倩女幽魂：人间情
倩女幽魂：人间情数据已存在 1
正在爬取链接中	战争与青春
战争与青春数据已存在 1
正在爬取链接中	天地玄黄
天地玄黄数据已存在 1
正在爬取链接中	群鸟
群鸟数据已存在 1
正在爬取链接中	皇室风流史
皇室风流史数据已存在 1
正在爬取链接中	王子爱上我
王子爱上我数据已存在 1
正在爬取链接中	无赖汉
无赖汉数据已存在 1
正在爬取链接中	功夫梦
功夫梦数据已存在 1
正在爬取链接中	爆裂拳手
爆裂拳手数据已存在 1
正在爬取链接中	爱在廊桥
爱在廊桥数据已存在 1
正在爬取链接中	冒险男孩
冒险男孩数据已存在 1
正在爬取链接中	七秒钟
七秒钟数据已存在 1
正在爬取链接中	不死之身
不死之身数据已存在 1
正在爬取链接中	毛驴县令之宛如格格
毛驴县令之宛如格格数据已存在 1
正在爬取链接中	毛驴县令之大事小情
毛驴县令之大事小情数据已存在 1
正在爬取链接中	毛驴县令之天外来客
毛驴县令之天外来客数据已存在 1
正在爬取链接中	毛驴县令之一奶同胞
毛驴县令之一奶同胞数据已存在 1
正在爬取链接中	瞬间极寒
瞬间极寒数据已存在 1
正在爬取链接中	风云小棋王之解杀反捉
风云小棋王之解杀反捉数据已存在 1
正在爬取链接中	风云小棋王2
风云小棋王2数据已存在 1
正在爬取链接中	说电影《花腰新娘》
说电影《花腰新娘》数据已存在 1
正在爬取链接中	说电影《导盲犬小Q》
说电影《导盲犬小Q》数据已存在 1
正在爬取链接中	说电影《我们永不言弃》
说电影《我们永不言弃》数据已存在 1
正在爬取链接中	小孩的神秘生活
小孩的神秘生活数据已存在 1
正在爬取链接中	阿加2018
阿加2018数据已存在 1
正在爬取链接中	因爱富有
因爱富有数据已存在 1
正在爬取链接中	降龙大师之捉妖榜
降龙大师之捉妖榜数据已存在 1
正在爬取链接中	西门大官人
西门大官人数据已存在 1
正在爬取链接中	莫斯科行动
莫斯科行动数据已存在 1
正在爬取链接中	河朔迷云
河朔迷云数据已存在 1
正在爬取链接中	义勇军魂
义勇军魂数据已存在 1
正在爬取链接中	上门女婿
上门女婿数据已存在 1
正在爬取链接中	追查到底
追查到底数据已存在 1
正在爬取第130页的数据
正在爬取链接中	许愿星
许愿星数据已存在 1
正在爬取链接中	蜜蜂和远雷
蜜蜂和远雷数据已存在 1
正在爬取链接中	红包
红包数据已存在 1
正在爬取链接中	盖世俊杰
盖世俊杰数据已存在 1
正在爬取链接中	狼人类的解药
狼人类的解药数据已存在 1
正在爬取链接中	热舞女团
热舞女团数据已存在 1
正在爬取链接中	浴血关系
浴血关系数据已存在 1
正在爬取链接中	攒钱罗曼史
攒钱罗曼史数据已存在 1
正在爬取链接中	少年梦
少年梦数据已存在 1
正在爬取链接中	妈妈再见
插入成功 0
正在爬取链接中	夜的第六章
夜的第六章数据已存在 1
正在爬取链接中	家有悍妻007
家有悍妻007数据已存在 1
正在爬取链接中	菲常事由
菲常事由数据已存在 1
正在爬取链接中	虎与狼
虎与狼数据已存在 1
正在爬取链接中	鬼鲨
鬼鲨数据已存在 1
正在爬取链接中	老子出关
老子出关数据已存在 1
正在爬取链接中	执念者
执念者数据已存在 1
正在爬取链接中	神钟
神钟数据已存在 1
正在爬取链接中	寻侠英雄传之离家
寻侠英雄传之离家数据已存在 1
正在爬取链接中	卡拉什尼科夫
卡拉什尼科夫数据已存在 1
正在爬取链接中	林中漫步
林中漫步数据已存在 1
正在爬取链接中	洛克海特的遗物
洛克海特的遗物数据已存在 1
正在爬取链接中	只有我不在的街道
只有我不在的街道数据已存在 1
正在爬取链接中	猫的故事2020
猫的故事2020数据已存在 1
正在爬取链接中	狗的故事2020
狗的故事2020数据已存在 1
正在爬取链接中	寻侠英雄传之护花
寻侠英雄传之护花数据已存在 1
正在爬取链接中	神捕铁飞花之血连环
神捕铁飞花之血连环数据已存在 1
正在爬取链接中	东江密令之复仇
东江密令之复仇数据已存在 1
正在爬取链接中	新白蛇传之法海
新白蛇传之法海数据已存在 1
正在爬取链接中	阿波罗：登月任务
阿波罗：登月任务数据已存在 1
正在爬取链接中	人妖阿发 痴人三部曲
爬取第130页的人妖阿发 痴人三部曲数据失败！
正在爬取链接中	东方2013
东方2013数据已存在 1
正在爬取链接中	说电影《诸神之战》
说电影《诸神之战》数据已存在 1
正在爬取链接中	说电影《诸神之怒》
说电影《诸神之怒》数据已存在 1
正在爬取链接中	说电影《维普啦啦》
说电影《维普啦啦》数据已存在 1
正在爬取链接中	说电影《人狼大战》
说电影《人狼大战》数据已存在 1
正在爬取链接中	说电影《魔医联盟》
说电影《魔医联盟》数据已存在 1
正在爬取链接中	说电影《魔法师的学徒》
说电影《魔法师的学徒》数据已存在 1
正在爬取链接中	说电影《老虎》
说电影《老虎》数据已存在 1
正在爬取链接中	说电影《金刚：骷髅岛》
说电影《金刚：骷髅岛》数据已存在 1
正在爬取链接中	说电影《加勒比海盗4：惊涛怪浪》
说电影《加勒比海盗4：惊涛怪浪》数据已存在 1
正在爬取链接中	说电影《鬼纳特》
说电影《鬼纳特》数据已存在 1
正在爬取链接中	美丽大学
美丽大学数据已存在 1
正在爬取链接中	说电影《反斗神偷》
说电影《反斗神偷》数据已存在 1
正在爬取链接中	说电影《飞向蓝天》
说电影《飞向蓝天》数据已存在 1
正在爬取链接中	说电影《肥佬教授2》
说电影《肥佬教授2》数据已存在 1
正在爬取链接中	说电影《大海啸之鲨口逃生》
说电影《大海啸之鲨口逃生》数据已存在 1
正在爬取链接中	说电影《波斯王子：时之刃》
说电影《波斯王子：时之刃》数据已存在 1
正在爬取第131页的数据
正在爬取链接中	乡间小屋
乡间小屋数据已存在 1
正在爬取链接中	白堡迷城
白堡迷城数据已存在 1
正在爬取链接中	阴影的来源
阴影的来源数据已存在 1
正在爬取链接中	上位
上位数据已存在 1
正在爬取链接中	鬼谷山庄
鬼谷山庄数据已存在 1
正在爬取链接中	小花1979
小花1979数据已存在 1
正在爬取链接中	牦牛岁月
牦牛岁月数据已存在 1
正在爬取链接中	家1956
家1956数据已存在 1
正在爬取链接中	武生决
武生决数据已存在 1
正在爬取链接中	桃花扇
桃花扇数据已存在 1
正在爬取链接中	DNA杀手
DNA杀手数据已存在 1
正在爬取链接中	女房客2020
女房客2020数据已存在 1
正在爬取链接中	解忧理发店
解忧理发店数据已存在 1
正在爬取链接中	原野1981
原野1981数据已存在 1
正在爬取链接中	烽火孪生泪
烽火孪生泪数据已存在 1
正在爬取链接中	新龙门客栈
新龙门客栈数据已存在 1
正在爬取链接中	致命核料
致命核料数据已存在 1
正在爬取链接中	间谍佐尔格
间谍佐尔格数据已存在 1
正在爬取链接中	三十九级台阶
三十九级台阶数据已存在 1
正在爬取链接中	我的军中情人2
我的军中情人2数据已存在 1
正在爬取链接中	说电影《针孔旅社》
说电影《针孔旅社》数据已存在 1
正在爬取链接中	说电影《星尘》
说电影《星尘》数据已存在 1
正在爬取链接中	说电影《稀有出口：圣诞传说》
说电影《稀有出口：圣诞传说》数据已存在 1
正在爬取链接中	说电影《通灵男孩诺曼》
说电影《通灵男孩诺曼》数据已存在 1
正在爬取链接中	说电影《求助！我把老师变小了》
说电影《求助！我把老师变小了》数据已存在 1
正在爬取链接中	说电影《双面人》
说电影《双面人》数据已存在 1
正在爬取链接中	说电影《楼上的外星人》
说电影《楼上的外星人》数据已存在 1
正在爬取链接中	说电影《莫斯科2017》
说电影《莫斯科2017》数据已存在 1
正在爬取链接中	说电影《惊天魔盗团2》
说电影《惊天魔盗团2》数据已存在 1
正在爬取链接中	说电影《吉姆和卢克司机》
说电影《吉姆和卢克司机》数据已存在 1
正在爬取链接中	说电影《地心历险记2：神秘岛》
说电影《地心历险记2：神秘岛》数据已存在 1
正在爬取链接中	说电影《大侦探皮卡丘》
说电影《大侦探皮卡丘》数据已存在 1
正在爬取链接中	说电影《超凡蜘蛛侠2》
说电影《超凡蜘蛛侠2》数据已存在 1
正在爬取链接中	说电影《阿拉丁》
说电影《阿拉丁》数据已存在 1
正在爬取链接中	说电影《16岁的心愿》
说电影《16岁的心愿》数据已存在 1
正在爬取链接中	夫妻财产
夫妻财产数据已存在 1
正在爬取链接中	普拉吉布雷劳
普拉吉布雷劳数据已存在 1
正在爬取链接中	女房客2020
女房客2020数据已存在 1
正在爬取链接中	卢俊义生擒史文恭
卢俊义生擒史文恭数据已存在 1
正在爬取链接中	神捕铁飞花之冤冤相报
神捕铁飞花之冤冤相报数据已存在 1
正在爬取链接中	寻侠英雄传之伏虎
寻侠英雄传之伏虎数据已存在 1
正在爬取链接中	聊斋变异
聊斋变异数据已存在 1
正在爬取链接中	快刀斩
快刀斩数据已存在 1
正在爬取链接中	中国喜事
中国喜事数据已存在 1
正在爬取链接中	群租房整点新闻
群租房整点新闻数据已存在 1
正在爬取链接中	小虫子的爱情故事
小虫子的爱情故事数据已存在 1
正在爬取链接中	高卢勇士斗凯撒
高卢勇士斗凯撒数据已存在 1
正在爬取链接中	中国喜事
中国喜事数据已存在 1
正在爬取第132页的数据
正在爬取链接中	好奇的乔治：皇家猴子
好奇的乔治：皇家猴子数据已存在 1
正在爬取链接中	4月的你，角宿星
4月的你，角宿星数据已存在 1
正在爬取链接中	球场裸奔培训班
球场裸奔培训班数据已存在 1
正在爬取链接中	深夜调频
深夜调频数据已存在 1
正在爬取链接中	失控2020
失控2020数据已存在 1
正在爬取链接中	捕梦魔
捕梦魔数据已存在 1
正在爬取链接中	如果眼睛能偷走彼此
如果眼睛能偷走彼此数据已存在 1
正在爬取链接中	屠城血证
屠城血证数据已存在 1
正在爬取链接中	驭影师
驭影师数据已存在 1
正在爬取链接中	这就是我
这就是我数据已存在 1
正在爬取链接中	暗流2：末日天使
暗流2：末日天使数据已存在 1
正在爬取链接中	迷踪：第九鹰团
迷踪：第九鹰团数据已存在 1
正在爬取链接中	离魂异客
离魂异客数据已存在 1
正在爬取链接中	电子世界争霸战
电子世界争霸战数据已存在 1
正在爬取链接中	革命道路
革命道路数据已存在 1
正在爬取链接中	芝麻街：艾摩的玩伴时刻
芝麻街：艾摩的玩伴时刻数据已存在 1
正在爬取链接中	天空之眼
天空之眼数据已存在 1
正在爬取链接中	等到永远
等到永远数据已存在 1
正在爬取链接中	山海之机巧蒜泥
山海之机巧蒜泥数据已存在 1
正在爬取链接中	新木马屠城记
新木马屠城记数据已存在 1
正在爬取链接中	六福客栈
六福客栈数据已存在 1
正在爬取链接中	冰上动物宝宝
冰上动物宝宝数据已存在 1
正在爬取链接中	说电影《至暗时刻》
说电影《至暗时刻》数据已存在 1
正在爬取链接中	少林少女
少林少女数据已存在 1
正在爬取链接中	说电影《重返地球》
说电影《重返地球》数据已存在 1
正在爬取链接中	说电影《蜘蛛侠3》
说电影《蜘蛛侠3》数据已存在 1
正在爬取链接中	说电影《有关时间旅行的热门问题》
说电影《有关时间旅行的热门问题》数据已存在 1
正在爬取链接中	说电影《天降奇兵》
说电影《天降奇兵》数据已存在 1
正在爬取链接中	说电影《三尖树时代上部》
说电影《三尖树时代上部》数据已存在 1
正在爬取链接中	说电影《三尖树时代》
说电影《三尖树时代》数据已存在 1
正在爬取链接中	说电影《魔鬼接班人》
说电影《魔鬼接班人》数据已存在 1
正在爬取链接中	说电影《巨人捕手杰克》
说电影《巨人捕手杰克》数据已存在 1
正在爬取链接中	说电影《家有仙妻》
说电影《家有仙妻》数据已存在 1
正在爬取链接中	说电影《极度恐慌》
说电影《极度恐慌》数据已存在 1
正在爬取链接中	说电影《波西·杰克逊与魔兽之海》
说电影《波西·杰克逊与魔兽之海》数据已存在 1
正在爬取链接中	说电影《巴霍巴利王2：终结》
说电影《巴霍巴利王2：终结》数据已存在 1
正在爬取链接中	说电影《爱丽丝梦游仙境》
说电影《爱丽丝梦游仙境》数据已存在 1
正在爬取链接中	说电影《X战警：第一战》
说电影《X战警：第一战》数据已存在 1
正在爬取链接中	飞虎雄心
飞虎雄心数据已存在 1
正在爬取链接中	爱在招生部
爱在招生部数据已存在 1
正在爬取链接中	深水区2013
深水区2013数据已存在 1
正在爬取链接中	愤怒的伦理学院
愤怒的伦理学院数据已存在 1
正在爬取链接中	冠军2011
冠军2011数据已存在 1
正在爬取链接中	狼鹰2020
狼鹰2020数据已存在 1
正在爬取链接中	特派先锋
特派先锋数据已存在 1
正在爬取链接中	红色预警
红色预警数据已存在 1
正在爬取链接中	美丽的梦想
美丽的梦想数据已存在 1
正在爬取链接中	8块披萨
8块披萨数据已存在 1
正在爬取第133页的数据
正在爬取链接中	青梅
青梅数据已存在 1
正在爬取链接中	亡命寻宝
亡命寻宝数据已存在 1
正在爬取链接中	老三追债记
老三追债记数据已存在 1
正在爬取链接中	马神
马神数据已存在 1
正在爬取链接中	虐心之旅
虐心之旅数据已存在 1
正在爬取链接中	佐罗
佐罗数据已存在 1
正在爬取链接中	红花侠
红花侠数据已存在 1
正在爬取链接中	黑雨1989
黑雨1989数据已存在 1
正在爬取链接中	高斯福庄园
高斯福庄园数据已存在 1
正在爬取链接中	新干线爆炸案
新干线爆炸案数据已存在 1
正在爬取链接中	功夫小子闯情关
功夫小子闯情关数据已存在 1
正在爬取链接中	触发点
触发点数据已存在 1
正在爬取链接中	森林深处2019
森林深处2019数据已存在 1
正在爬取链接中	稻草人的诅咒
稻草人的诅咒数据已存在 1
正在爬取链接中	朋友2010
朋友2010数据已存在 1
正在爬取链接中	森林中的女巫
森林中的女巫数据已存在 1
正在爬取链接中	再见静寂
再见静寂数据已存在 1
正在爬取链接中	小公寓
小公寓数据已存在 1
正在爬取链接中	复仇死循环
复仇死循环数据已存在 1
正在爬取链接中	焦点
焦点数据已存在 1
正在爬取链接中	命运规划局
命运规划局数据已存在 1
正在爬取链接中	至尊黑杰克
至尊黑杰克数据已存在 1
正在爬取链接中	落水姻缘
落水姻缘数据已存在 1
正在爬取链接中	环药房自行车赛
环药房自行车赛数据已存在 1
正在爬取链接中	月老神龟
月老神龟数据已存在 1
正在爬取链接中	大山深处的烛光
大山深处的烛光数据已存在 1
正在爬取链接中	捍卫机密
捍卫机密数据已存在 1
正在爬取链接中	凯撒万岁
凯撒万岁数据已存在 1
正在爬取链接中	黑色乙女Q
黑色乙女Q数据已存在 1
正在爬取链接中	好小子之游侠儿
爬取第133页的好小子之游侠儿数据失败！
正在爬取链接中	东方神骏
东方神骏数据已存在 1
正在爬取链接中	飞鱼服
飞鱼服数据已存在 1
正在爬取链接中	家源
家源数据已存在 1
正在爬取链接中	鼩鼱的巢穴
鼩鼱的巢穴数据已存在 1
正在爬取链接中	当你熟睡
当你熟睡数据已存在 1
正在爬取链接中	铁猴子传奇之怒火狼牙
插入成功 0
正在爬取链接中	铁猴子传奇之战火雄威
铁猴子传奇之战火雄威数据已存在 1
正在爬取链接中	铁猴子传奇之浪客野心
铁猴子传奇之浪客野心数据已存在 1
正在爬取链接中	铁猴子传奇之娇龙媚影
铁猴子传奇之娇龙媚影数据已存在 1
正在爬取链接中	铁猴子传奇之边城困兽
铁猴子传奇之边城困兽数据已存在 1
正在爬取链接中	铁猴子传奇之花影危机
铁猴子传奇之花影危机数据已存在 1
正在爬取链接中	铁猴子传奇之江南义事
铁猴子传奇之江南义事数据已存在 1
正在爬取链接中	铁猴子传奇之侠盗迷踪
铁猴子传奇之侠盗迷踪数据已存在 1
正在爬取链接中	斩尽杀绝
斩尽杀绝数据已存在 1
正在爬取链接中	三笑
三笑数据已存在 1
正在爬取链接中	横行天下
横行天下数据已存在 1
正在爬取链接中	江湖奇兵
江湖奇兵数据已存在 1
正在爬取链接中	霹雳情
霹雳情数据已存在 1
正在爬取第134页的数据
正在爬取链接中	阿肯色
阿肯色数据已存在 1
正在爬取链接中	什么，我是机器人
什么，我是机器人数据已存在 1
正在爬取链接中	七宝奇谋
七宝奇谋数据已存在 1
正在爬取链接中	母亲与疯子们
母亲与疯子们数据已存在 1
正在爬取链接中	青鸟
青鸟数据已存在 1
正在爬取链接中	粉红豹2
粉红豹2数据已存在 1
正在爬取链接中	粉红豹
粉红豹数据已存在 1
正在爬取链接中	误色
误色数据已存在 1
正在爬取链接中	一条叫旺达的鱼
一条叫旺达的鱼数据已存在 1
正在爬取链接中	空前绝后满天飞
空前绝后满天飞数据已存在 1
正在爬取链接中	空前绝后满天飞2：瞒天过海飞飞飞
空前绝后满天飞2：瞒天过海飞飞飞数据已存在 1
正在爬取链接中	我们俩2019
我们俩2019数据已存在 1
正在爬取链接中	说电影《小魔星》
说电影《小魔星》数据已存在 1
正在爬取链接中	说电影《星际特工：千星之城》
说电影《星际特工：千星之城》数据已存在 1
正在爬取链接中	说电影《王牌特工：特工学院》
说电影《王牌特工：特工学院》数据已存在 1
正在爬取链接中	说电影《冥界警局》
说电影《冥界警局》数据已存在 1
正在爬取链接中	说电影《美女与野兽》
说电影《美女与野兽》数据已存在 1
正在爬取链接中	说电影《神奇旅程》
说电影《神奇旅程》数据已存在 1
正在爬取链接中	说电影《环球卫士》
说电影《环球卫士》数据已存在 1
正在爬取链接中	说电影《禁忌星球》
说电影《禁忌星球》数据已存在 1
正在爬取链接中	说电影《地心游记》
说电影《地心游记》数据已存在 1
正在爬取链接中	说电影《鬼吹灯之巫峡棺山》
说电影《鬼吹灯之巫峡棺山》数据已存在 1
正在爬取链接中	说电影《超凡蜘蛛侠》
说电影《超凡蜘蛛侠》数据已存在 1
正在爬取链接中	说电影《阿黛拉的非凡冒险》
说电影《阿黛拉的非凡冒险》数据已存在 1
正在爬取链接中	说电影《X战警前传：金刚狼》
说电影《X战警前传：金刚狼》数据已存在 1
正在爬取链接中	说电影《18岁之狼》
说电影《18岁之狼》数据已存在 1
正在爬取链接中	说电影《X战警：逆转未来》
说电影《X战警：逆转未来》数据已存在 1
正在爬取链接中	母花豹玛丽卡
母花豹玛丽卡数据已存在 1
正在爬取链接中	平行宇宙之恋
平行宇宙之恋数据已存在 1
正在爬取链接中	普通人的战争
普通人的战争数据已存在 1
正在爬取链接中	幸福继续：乔纳斯兄弟巡演纪录片
幸福继续：乔纳斯兄弟巡演纪录片数据已存在 1
正在爬取链接中	暴裂风雷道
暴裂风雷道数据已存在 1
正在爬取链接中	石头会唱歌
石头会唱歌数据已存在 1
正在爬取链接中	格林家族
格林家族数据已存在 1
正在爬取链接中	意外的爱情
意外的爱情数据已存在 1
正在爬取链接中	鹦鹉老妈
鹦鹉老妈数据已存在 1
正在爬取链接中	环法之路
环法之路数据已存在 1
正在爬取链接中	沉睡的巨人
沉睡的巨人数据已存在 1
正在爬取链接中	赛德克·巴莱(下)：彩虹桥
赛德克·巴莱(下)：彩虹桥数据已存在 1
正在爬取链接中	赛德克·巴莱(上)：太阳旗
赛德克·巴莱(上)：太阳旗数据已存在 1
正在爬取链接中	蜘蛛侠：英雄远征
蜘蛛侠：英雄远征数据已存在 1
正在爬取链接中	德云社-张云雷杨九郎相声专场天津省
德云社-张云雷杨九郎相声专场天津省数据已存在 1
正在爬取链接中	超级鲨大战机器鲨
超级鲨大战机器鲨数据已存在 1
正在爬取链接中	特种部队2：全面反击
特种部队2：全面反击数据已存在 1
正在爬取链接中	战鼓擂
战鼓擂数据已存在 1
正在爬取链接中	侠探锦毛鼠之鹧鸪天
侠探锦毛鼠之鹧鸪天数据已存在 1
正在爬取链接中	樱田门外之变
樱田门外之变数据已存在 1
正在爬取链接中	铁面人1977
铁面人1977数据已存在 1
正在爬取第135页的数据
正在爬取链接中	铁面人1998
铁面人1998数据已存在 1
正在爬取链接中	赶尽杀绝2017
赶尽杀绝2017数据已存在 1
正在爬取链接中	谍战方程
谍战方程数据已存在 1
正在爬取链接中	谍海群英会
谍海群英会数据已存在 1
正在爬取链接中	北之零年
北之零年数据已存在 1
正在爬取链接中	坏教育
坏教育数据已存在 1
正在爬取链接中	看不见的女人2014
看不见的女人2014数据已存在 1
正在爬取链接中	宠物医院
宠物医院数据已存在 1
正在爬取链接中	宠物医院第二季
宠物医院第二季数据已存在 1
正在爬取链接中	同族/天煞重炮
同族/天煞重炮数据已存在 1
正在爬取链接中	与狼共舞[1990]
与狼共舞[1990]数据已存在 1
正在爬取链接中	艾尔酒吧
艾尔酒吧数据已存在 1
正在爬取链接中	西虹市首富
西虹市首富数据已存在 1
正在爬取链接中	最佳损友闯情关
最佳损友闯情关数据已存在 1
正在爬取链接中	拍得不错
拍得不错数据已存在 1
正在爬取链接中	决战中途岛
决战中途岛数据已存在 1
正在爬取链接中	天才瑞普利
天才瑞普利数据已存在 1
正在爬取链接中	致命对决
致命对决数据已存在 1
正在爬取链接中	绿芥刑警
绿芥刑警数据已存在 1
正在爬取链接中	离开
离开数据已存在 1
正在爬取链接中	地球的起源第一季
地球的起源第一季数据已存在 1
正在爬取链接中	窥爱
窥爱数据已存在 1
正在爬取链接中	愿赌服输
愿赌服输数据已存在 1
正在爬取链接中	我不是王宝强
我不是王宝强数据已存在 1
正在爬取链接中	隐形侠
隐形侠数据已存在 1
正在爬取链接中	抗击疫情特别节目2020
抗击疫情特别节目2020数据已存在 1
正在爬取链接中	势不可挡2020
势不可挡2020数据已存在 1
正在爬取链接中	牙狼：月虹的旅人
牙狼：月虹的旅人数据已存在 1
正在爬取链接中	两杆大烟枪
两杆大烟枪数据已存在 1
正在爬取链接中	谎话连篇2
谎话连篇2数据已存在 1
正在爬取链接中	坏教育
坏教育数据已存在 1
正在爬取链接中	芳心谋杀案
芳心谋杀案数据已存在 1
正在爬取链接中	暗潮
暗潮数据已存在 1
正在爬取链接中	意
意数据已存在 1
正在爬取链接中	二二六
二二六数据已存在 1
正在爬取链接中	坡旅甲殉道记
坡旅甲殉道记数据已存在 1
正在爬取链接中	东京塔2005
东京塔2005数据已存在 1
正在爬取链接中	何种谋杀
何种谋杀数据已存在 1
正在爬取链接中	俄罗斯玩偶
俄罗斯玩偶数据已存在 1
正在爬取链接中	大地儿女
大地儿女数据已存在 1
正在爬取链接中	BBC地平线之2020冠状病毒
BBC地平线之2020冠状病毒数据已存在 1
正在爬取链接中	BBC地平线之毒城
BBC地平线之毒城数据已存在 1
正在爬取链接中	小鬼当家5
小鬼当家5数据已存在 1
正在爬取链接中	万圣节传说
万圣节传说数据已存在 1
正在爬取链接中	爱情与战争
爱情与战争数据已存在 1
正在爬取链接中	战俘列车
战俘列车数据已存在 1
正在爬取链接中	说电影《大神猴1降妖篇》
说电影《大神猴1降妖篇》数据已存在 1
正在爬取链接中	说电影《我是传奇》
说电影《我是传奇》数据已存在 1
正在爬取第136页的数据
正在爬取链接中	说电影《下一层》
说电影《下一层》数据已存在 1
正在爬取链接中	下一个就是你3
下一个就是你3数据已存在 1
正在爬取链接中	新兵正传3：蛙人传
新兵正传3：蛙人传数据已存在 1
正在爬取链接中	狭路年三十儿
狭路年三十儿数据已存在 1
正在爬取链接中	假面骑士时王 外传 RIDER TIME 龙骑
假面骑士时王 外传 RIDER TIME 龙骑数据已存在 1
正在爬取链接中	狂1992
狂1992数据已存在 1
正在爬取链接中	贺龙军长
贺龙军长数据已存在 1
正在爬取链接中	假面骑士时王 外传 RIDER TIME SHINOBI
假面骑士时王 外传 RIDER TIME SHINOBI数据已存在 1
正在爬取链接中	新兵正传
新兵正传数据已存在 1
正在爬取链接中	唐·海明威
唐·海明威数据已存在 1
正在爬取链接中	沙丘2019
沙丘2019数据已存在 1
正在爬取链接中	口罩猎人
口罩猎人数据已存在 1
正在爬取链接中	那片沙那片海
那片沙那片海数据已存在 1
正在爬取链接中	夏日恋情2019
夏日恋情2019数据已存在 1
正在爬取链接中	继续前行2020
继续前行2020数据已存在 1
正在爬取链接中	猛鬼舔人3：猛鬼养人
猛鬼舔人3：猛鬼养人数据已存在 1
正在爬取链接中	古堡杀机
古堡杀机数据已存在 1
正在爬取链接中	猛鬼舔人2
猛鬼舔人2数据已存在 1
正在爬取链接中	古堡杀机
古堡杀机数据已存在 1
正在爬取链接中	十八勇士
十八勇士数据已存在 1
正在爬取链接中	杀出银河系
杀出银河系数据已存在 1
正在爬取链接中	爱的故事广州篇
爱的故事广州篇数据已存在 1
正在爬取链接中	继续前行
继续前行数据已存在 1
正在爬取链接中	克里斯汀
克里斯汀数据已存在 1
正在爬取链接中	猛鬼舔人
猛鬼舔人数据已存在 1
正在爬取链接中	给我翅膀
给我翅膀数据已存在 1
正在爬取链接中	陷阱之中
陷阱之中数据已存在 1
正在爬取链接中	纸钞屋现象
纸钞屋现象数据已存在 1
正在爬取链接中	人民检察官
人民检察官数据已存在 1
正在爬取链接中	美少女混逗罗
美少女混逗罗数据已存在 1
正在爬取链接中	女人那话儿
女人那话儿数据已存在 1
正在爬取链接中	开罗时间
开罗时间数据已存在 1
正在爬取链接中	不为人知的美国历史
不为人知的美国历史数据已存在 1
正在爬取链接中	妖兽都市
妖兽都市数据已存在 1
正在爬取链接中	秃鹰七十二小时
秃鹰七十二小时数据已存在 1
正在爬取链接中	情欲与谎言：德国人与性
情欲与谎言：德国人与性数据已存在 1
正在爬取链接中	伦敦间谍战
伦敦间谍战数据已存在 1
正在爬取链接中	弗莱蒙与希特伦
弗莱蒙与希特伦数据已存在 1
正在爬取链接中	聪明的一休之反斗公主
聪明的一休之反斗公主数据已存在 1
正在爬取链接中	步步杀机
步步杀机数据已存在 1
正在爬取链接中	惊悚情
惊悚情数据已存在 1
正在爬取链接中	17把乐带回家
17把乐带回家数据已存在 1
正在爬取链接中	超级赢家
超级赢家数据已存在 1
正在爬取链接中	战栗情谋
战栗情谋数据已存在 1
正在爬取链接中	灿实也多福
灿实也多福数据已存在 1
正在爬取链接中	说电影《黑暗迷宫》
说电影《黑暗迷宫》数据已存在 1
正在爬取链接中	乔伊回家
乔伊回家数据已存在 1
正在爬取链接中	说电影《木兰之巾帼英豪》
说电影《木兰之巾帼英豪》数据已存在 1
正在爬取第137页的数据
正在爬取链接中	门后有鬼
爬取第137页的门后有鬼数据失败！
正在爬取链接中	阿尔巴特
阿尔巴特数据已存在 1
正在爬取链接中	说电影《雪国列车》
说电影《雪国列车》数据已存在 1
正在爬取链接中	围捕2010
围捕2010数据已存在 1
正在爬取链接中	异星绑架
异星绑架数据已存在 1
正在爬取链接中	双面甜心
双面甜心数据已存在 1
正在爬取链接中	谍海浮沉
谍海浮沉数据已存在 1
正在爬取链接中	冥河世界
冥河世界数据已存在 1
正在爬取链接中	鬼吹灯之龙岭神宫
鬼吹灯之龙岭神宫数据已存在 1
正在爬取链接中	危险年代
危险年代数据已存在 1
正在爬取链接中	捕梦网2003
捕梦网2003数据已存在 1
正在爬取链接中	晚钟
晚钟数据已存在 1
正在爬取链接中	南北腿王
南北腿王数据已存在 1
正在爬取链接中	大都会
大都会数据已存在 1
正在爬取链接中	谎话连篇2
谎话连篇2数据已存在 1
正在爬取链接中	千面人
千面人数据已存在 1
正在爬取链接中	亿万富豪是怎样炼成的
亿万富豪是怎样炼成的数据已存在 1
正在爬取链接中	挑战2019
挑战2019数据已存在 1
正在爬取链接中	黑手未删减
黑手未删减数据已存在 1
正在爬取链接中	风水先生
风水先生数据已存在 1
正在爬取链接中	惊天营救
惊天营救数据已存在 1
正在爬取链接中	这一刻，想见你
这一刻，想见你数据已存在 1
正在爬取链接中	医无可就
医无可就数据已存在 1
正在爬取链接中	七彩梦
七彩梦数据已存在 1
正在爬取链接中	蓬莱仙踪
蓬莱仙踪数据已存在 1
正在爬取链接中	情迷高跟鞋
情迷高跟鞋数据已存在 1
正在爬取链接中	贞德2019
贞德2019数据已存在 1
正在爬取链接中	九州天空城之时光回转
九州天空城之时光回转数据已存在 1
正在爬取链接中	荒野间谍第二季
荒野间谍第二季数据已存在 1
正在爬取链接中	灾难倒计时
灾难倒计时数据已存在 1
正在爬取链接中	空心
空心数据已存在 1
正在爬取链接中	太平天国2009
太平天国2009数据已存在 1
正在爬取链接中	恋舞1987
恋舞1987数据已存在 1
正在爬取链接中	决战1994
爬取第137页的决战1994数据失败！
正在爬取链接中	重生2014
重生2014数据已存在 1
正在爬取链接中	英雄本色
英雄本色数据已存在 1
正在爬取链接中	小叮当
小叮当数据已存在 1
正在爬取链接中	五虎将之决裂
五虎将之决裂数据已存在 1
正在爬取链接中	逃出坎大哈
逃出坎大哈数据已存在 1
正在爬取链接中	人类
人类数据已存在 1
正在爬取链接中	曼斯菲尔德庄园
曼斯菲尔德庄园数据已存在 1
正在爬取链接中	附身2013
附身2013数据已存在 1
正在爬取链接中	核子航母遇险记
核子航母遇险记数据已存在 1
正在爬取链接中	霸王花
霸王花数据已存在 1
正在爬取链接中	真雄起
真雄起数据已存在 1
正在爬取链接中	狩猎的时间
狩猎的时间数据已存在 1
正在爬取链接中	说电影《月神》
说电影《月神》数据已存在 1
正在爬取链接中	说电影《勇敢者游戏：决战丛林》
说电影《勇敢者游戏：决战丛林》数据已存在 1
正在爬取第138页的数据
正在爬取链接中	说电影《天狱飞龙》
说电影《天狱飞龙》数据已存在 1
正在爬取链接中	说电影《凶火》
说电影《凶火》数据已存在 1
正在爬取链接中	说电影《无痛侠》
说电影《无痛侠》数据已存在 1
正在爬取链接中	说电影《奇趣马戏团：吸血鬼的助手》
说电影《奇趣马戏团：吸血鬼的助手》数据已存在 1
正在爬取链接中	说电影《年轻人》
说电影《年轻人》数据已存在 1
正在爬取链接中	我的新野蛮女友
我的新野蛮女友数据已存在 1
正在爬取链接中	书本马戏团
书本马戏团数据已存在 1
正在爬取链接中	G调的玛瑙红
G调的玛瑙红数据已存在 1
正在爬取链接中	说电影《忍者神龟2：破影而出》
说电影《忍者神龟2：破影而出》数据已存在 1
正在爬取链接中	说电影《末日浩劫》
说电影《末日浩劫》数据已存在 1
正在爬取链接中	说电影《僵尸新娘》
说电影《僵尸新娘》数据已存在 1
正在爬取链接中	说电影《复生实验》
说电影《复生实验》数据已存在 1
正在爬取链接中	说电影《魔法奇缘》
说电影《魔法奇缘》数据已存在 1
正在爬取链接中	说电影《火星任务》
说电影《火星任务》数据已存在 1
正在爬取链接中	创客兄弟
创客兄弟数据已存在 1
正在爬取链接中	恋爱保质期
恋爱保质期数据已存在 1
正在爬取链接中	说电影《冬眠者》
说电影《冬眠者》数据已存在 1
正在爬取链接中	说电影《博物馆惊魂》
说电影《博物馆惊魂》数据已存在 1
正在爬取链接中	BBC地平线之从七十七亿人口开始
BBC地平线之从七十七亿人口开始数据已存在 1
正在爬取链接中	名花有主1964
名花有主1964数据已存在 1
正在爬取链接中	牛郎俱乐部
牛郎俱乐部数据已存在 1
正在爬取链接中	名花有主2010
名花有主2010数据已存在 1
正在爬取链接中	又见春天
又见春天数据已存在 1
正在爬取链接中	扑不灭的火焰
扑不灭的火焰数据已存在 1
正在爬取链接中	城市牧歌
城市牧歌数据已存在 1
正在爬取链接中	漫长阴影
漫长阴影数据已存在 1
正在爬取链接中	魔岛迷踪
魔岛迷踪数据已存在 1
正在爬取链接中	止战之殇
止战之殇数据已存在 1
正在爬取链接中	漫游肥皂剧
漫游肥皂剧数据已存在 1
正在爬取链接中	铁钩船长
铁钩船长数据已存在 1
正在爬取链接中	寻子遇仙记
寻子遇仙记数据已存在 1
正在爬取链接中	金牌男人
金牌男人数据已存在 1
正在爬取链接中	透明人魔2
透明人魔2数据已存在 1
正在爬取链接中	娶一个人妖皇后做老婆是一种怎样的体验？
娶一个人妖皇后做老婆是一种怎样的体验？数据已存在 1
正在爬取链接中	逆我者死
逆我者死数据已存在 1
正在爬取链接中	快乐的噪音
快乐的噪音数据已存在 1
正在爬取链接中	热情如火
热情如火数据已存在 1
正在爬取链接中	爱的利息
爱的利息数据已存在 1
正在爬取链接中	禁止吸烟
禁止吸烟数据已存在 1
正在爬取链接中	老大不小
老大不小数据已存在 1
正在爬取链接中	蚂蚁2019
蚂蚁2019数据已存在 1
正在爬取链接中	聊斋古卷：兰若之境
聊斋古卷：兰若之境数据已存在 1
正在爬取链接中	创客兄弟
创客兄弟数据已存在 1
正在爬取链接中	公寓爱情故事
公寓爱情故事数据已存在 1
正在爬取链接中	大陈岛誓言
大陈岛誓言数据已存在 1
正在爬取链接中	狩猎的时间
狩猎的时间数据已存在 1
正在爬取链接中	雨过天晴
雨过天晴数据已存在 1
正在爬取链接中	爱丽丝和市长
插入成功 0
正在爬取第139页的数据
正在爬取链接中	蚂蚁2019
蚂蚁2019数据已存在 1
正在爬取链接中	聊斋古卷：兰若之境
聊斋古卷：兰若之境数据已存在 1
正在爬取链接中	创客兄弟
创客兄弟数据已存在 1
正在爬取链接中	公寓爱情故事
公寓爱情故事数据已存在 1
正在爬取链接中	大陈岛誓言
大陈岛誓言数据已存在 1
正在爬取链接中	狩猎的时间
狩猎的时间数据已存在 1
正在爬取链接中	雨过天晴
雨过天晴数据已存在 1
正在爬取链接中	爱丽丝和市长
爱丽丝和市长数据已存在 1
正在爬取链接中	爱丽丝和市长
爱丽丝和市长数据已存在 1
正在爬取链接中	狩猎时间
狩猎时间数据已存在 1
正在爬取链接中	聊斋古卷：兰若之境
聊斋古卷：兰若之境数据已存在 1
正在爬取链接中	魕
魕数据已存在 1
正在爬取链接中	天邪鬼 前外科医生杀手 最后的战斗
天邪鬼 前外科医生杀手 最后的战斗数据已存在 1
正在爬取链接中	骸骨遗训
骸骨遗训数据已存在 1
正在爬取链接中	说电影《无敌大猩猩》
说电影《无敌大猩猩》数据已存在 1
正在爬取链接中	说电影《异星战场》
说电影《异星战场》数据已存在 1
正在爬取链接中	说电影《王者少年》
说电影《王者少年》数据已存在 1
正在爬取链接中	怪诞星球
怪诞星球数据已存在 1
正在爬取链接中	琥珀
琥珀数据已存在 1
正在爬取链接中	说电影《太阳浩劫》
说电影《太阳浩劫》数据已存在 1
正在爬取链接中	说电影《太空一号》
说电影《太空一号》数据已存在 1
正在爬取链接中	说电影《忍者神龟：变种时代》
说电影《忍者神龟：变种时代》数据已存在 1
正在爬取链接中	说电影《山崩地裂》
说电影《山崩地裂》数据已存在 1
正在爬取链接中	说电影《龙卷风》
说电影《龙卷风》数据已存在 1
正在爬取链接中	说电影《雷神2：黑暗世界》
说电影《雷神2：黑暗世界》数据已存在 1
正在爬取链接中	说电影《机械战警》
说电影《机械战警》数据已存在 1
正在爬取链接中	说电影《机械威龙》
说电影《机械威龙》数据已存在 1
正在爬取链接中	说电影《地心抢险记》
说电影《地心抢险记》数据已存在 1
正在爬取链接中	说电影《超体》
说电影《超体》数据已存在 1
正在爬取链接中	说电影《X战警：天启》
说电影《X战警：天启》数据已存在 1
正在爬取链接中	说电影《24：逆转时空》
说电影《24：逆转时空》数据已存在 1
正在爬取链接中	芬妮
芬妮数据已存在 1
正在爬取链接中	神秘拼图
神秘拼图数据已存在 1
正在爬取链接中	断肠剑
断肠剑数据已存在 1
正在爬取链接中	暗渠
暗渠数据已存在 1
正在爬取链接中	忏悔巷
忏悔巷数据已存在 1
正在爬取链接中	谎话
谎话数据已存在 1
正在爬取链接中	名世恋人
名世恋人数据已存在 1
正在爬取链接中	激战星河
激战星河数据已存在 1
正在爬取链接中	无惧神明
无惧神明数据已存在 1
正在爬取链接中	检查站
检查站数据已存在 1
正在爬取链接中	接线员
接线员数据已存在 1
正在爬取链接中	反叛的童谣
反叛的童谣数据已存在 1
正在爬取链接中	闪灵双煞
闪灵双煞数据已存在 1
正在爬取链接中	倒数追击
倒数追击数据已存在 1
正在爬取链接中	空战恋曲
空战恋曲数据已存在 1
正在爬取链接中	书之马戏团
书之马戏团数据已存在 1
正在爬取链接中	学长，我看你好眼熟
学长，我看你好眼熟数据已存在 1
正在爬取第140页的数据
正在爬取链接中	敖德萨行动
敖德萨行动数据已存在 1
正在爬取链接中	第一线
第一线数据已存在 1
正在爬取链接中	末世求生
末世求生数据已存在 1
正在爬取链接中	地狱恶警/鬼面公仆
地狱恶警/鬼面公仆数据已存在 1
正在爬取链接中	说电影《智慧囚屋》
说电影《智慧囚屋》数据已存在 1
正在爬取链接中	说电影《致命紫罗兰》
说电影《致命紫罗兰》数据已存在 1
正在爬取链接中	说电影《异能》
说电影《异能》数据已存在 1
正在爬取链接中	说电影《雪山奇迹》
说电影《雪山奇迹》数据已存在 1
正在爬取链接中	说电影《时空恋旅人》
说电影《时空恋旅人》数据已存在 1
正在爬取链接中	说电影《深渊》
说电影《深渊》数据已存在 1
正在爬取链接中	说电影《雪盲》
说电影《雪盲》数据已存在 1
正在爬取链接中	说电影《末路爱侣》
说电影《末路爱侣》数据已存在 1
正在爬取链接中	说电影《深海狂鲨》
说电影《深海狂鲨》数据已存在 1
正在爬取链接中	说电影《绝境逃脱》
说电影《绝境逃脱》数据已存在 1
正在爬取链接中	说电影《领航员》
说电影《领航员》数据已存在 1
正在爬取链接中	说电影《空中危机》
说电影《空中危机》数据已存在 1
正在爬取链接中	说电影《怀旧者》
说电影《怀旧者》数据已存在 1
正在爬取链接中	丑闻照片
丑闻照片数据已存在 1
正在爬取链接中	说电影《丛林》
说电影《丛林》数据已存在 1
正在爬取链接中	情不自禁2001
情不自禁2001数据已存在 1
正在爬取链接中	说电影《黑色闪电》
说电影《黑色闪电》数据已存在 1
正在爬取链接中	救国同盟
救国同盟数据已存在 1
正在爬取链接中	里基·莱普和会飞的拖鞋
里基·莱普和会飞的拖鞋数据已存在 1
正在爬取链接中	佛顶山下鸳鸯湖
佛顶山下鸳鸯湖数据已存在 1
正在爬取链接中	疯狂的石头
疯狂的石头数据已存在 1
正在爬取链接中	新倩女幽魂
新倩女幽魂数据已存在 1
正在爬取链接中	发条城市
发条城市数据已存在 1
正在爬取链接中	绿皮书
绿皮书数据已存在 1
正在爬取链接中	瓜田喜事
瓜田喜事数据已存在 1
正在爬取链接中	海滩救护队
海滩救护队数据已存在 1
正在爬取链接中	釜山行/尸速列车
釜山行/尸速列车数据已存在 1
正在爬取链接中	射雕英雄传第三集
射雕英雄传第三集数据已存在 1
正在爬取链接中	射雕英雄传之东邪西毒
射雕英雄传之东邪西毒数据已存在 1
正在爬取链接中	射雕英雄传[1977]
射雕英雄传[1977]数据已存在 1
正在爬取链接中	肖申克的救赎
肖申克的救赎数据已存在 1
正在爬取链接中	老九门番外之四屠黄葵
老九门番外之四屠黄葵数据已存在 1
正在爬取链接中	老九门番外之虎骨梅花
老九门番外之虎骨梅花数据已存在 1
正在爬取链接中	老九门番外之恒河杀树
老九门番外之恒河杀树数据已存在 1
正在爬取链接中	老九门番外之二月花开
老九门番外之二月花开数据已存在 1
正在爬取链接中	鬼吹灯之怒晴湘西电影版
鬼吹灯之怒晴湘西电影版数据已存在 1
正在爬取链接中	黑金
黑金数据已存在 1
正在爬取链接中	恐怖愚人节
恐怖愚人节数据已存在 1
正在爬取链接中	雷霆出击：傀儡游戏
雷霆出击：傀儡游戏数据已存在 1
正在爬取链接中	二郎神之怒天神将
二郎神之怒天神将数据已存在 1
正在爬取链接中	正义联盟：战争
正义联盟：战争数据已存在 1
正在爬取链接中	一级谋杀
一级谋杀数据已存在 1
正在爬取链接中	我是大熊猫
我是大熊猫数据已存在 1
正在爬取链接中	我们在黎明进入
我们在黎明进入数据已存在 1
正在爬取第141页的数据
正在爬取链接中	英国古宅惊魂
英国古宅惊魂数据已存在 1
正在爬取链接中	派对到死
派对到死数据已存在 1
正在爬取链接中	在火山下
在火山下数据已存在 1
正在爬取链接中	始料不及
始料不及数据已存在 1
正在爬取链接中	另一个地球
另一个地球数据已存在 1
正在爬取链接中	97古惑仔战无不胜
97古惑仔战无不胜数据已存在 1
正在爬取链接中	大班
大班数据已存在 1
正在爬取链接中	卡尔巴拉
卡尔巴拉数据已存在 1
正在爬取链接中	华盛顿狙击手
华盛顿狙击手数据已存在 1
正在爬取链接中	冬年
冬年数据已存在 1
正在爬取链接中	五至七时的克莱奥
五至七时的克莱奥数据已存在 1
正在爬取链接中	黑帮2019
黑帮2019数据已存在 1
正在爬取链接中	蒙古死亡蠕虫
蒙古死亡蠕虫数据已存在 1
正在爬取链接中	意境求生
意境求生数据已存在 1
正在爬取链接中	蓬莱仙踪
蓬莱仙踪数据已存在 1
正在爬取链接中	欢迎回家：常青之镇
爬取第141页的欢迎回家：常青之镇数据失败！
正在爬取链接中	金刚2005
金刚2005数据已存在 1
正在爬取链接中	黑色闪电2016
黑色闪电2016数据已存在 1
正在爬取链接中	指环王3：王者无敌
指环王3：王者无敌数据已存在 1
正在爬取链接中	追随1998
追随1998数据已存在 1
正在爬取链接中	荒野恶林
荒野恶林数据已存在 1
正在爬取链接中	黑暗面
黑暗面数据已存在 1
正在爬取链接中	火车上的女孩2016
火车上的女孩2016数据已存在 1
正在爬取链接中	雪怪惊魂
雪怪惊魂数据已存在 1
正在爬取链接中	轰天谍战
轰天谍战数据已存在 1
正在爬取链接中	关公1989
关公1989数据已存在 1
正在爬取链接中	新方世玉1984
新方世玉1984数据已存在 1
正在爬取链接中	龙门飞甲2011
龙门飞甲2011数据已存在 1
正在爬取链接中	急速杀机
急速杀机数据已存在 1
正在爬取链接中	孤胆拯救
孤胆拯救数据已存在 1
正在爬取链接中	阿虎2000
阿虎2000数据已存在 1
正在爬取链接中	致命速递
致命速递数据已存在 1
正在爬取链接中	大神猴1降妖篇
大神猴1降妖篇数据已存在 1
正在爬取链接中	加点浪漫
加点浪漫数据已存在 1
正在爬取链接中	鲨卷风5：全球鲨暴
鲨卷风5：全球鲨暴数据已存在 1
正在爬取链接中	在蓝色时分飞翔
在蓝色时分飞翔数据已存在 1
正在爬取链接中	古墓派：消失的建筑
古墓派：消失的建筑数据已存在 1
正在爬取链接中	一个机会
一个机会数据已存在 1
正在爬取链接中	牺牲
牺牲数据已存在 1
正在爬取链接中	危情24小时
危情24小时数据已存在 1
正在爬取链接中	跳跃大搜查线：湾岸署史上最恶的3日间
跳跃大搜查线：湾岸署史上最恶的3日间数据已存在 1
正在爬取链接中	隔墙有眼
隔墙有眼数据已存在 1
正在爬取链接中	背水一战
背水一战数据已存在 1
正在爬取链接中	24小时：救赎
24小时：救赎数据已存在 1
正在爬取链接中	牺牲复活者
牺牲复活者数据已存在 1
正在爬取链接中	逆鳞
逆鳞数据已存在 1
正在爬取链接中	为了她
为了她数据已存在 1
正在爬取链接中	棕榈泉圣诞夜
棕榈泉圣诞夜数据已存在 1
正在爬取第142页的数据
正在爬取链接中	说电影《异形魔怪5：血统》
说电影《异形魔怪5：血统》数据已存在 1
正在爬取链接中	我不叫潘金莲
我不叫潘金莲数据已存在 1
正在爬取链接中	说电影《移魂都市》
说电影《移魂都市》数据已存在 1
正在爬取链接中	就是溜溜的她
就是溜溜的她数据已存在 1
正在爬取链接中	平民大富翁
平民大富翁数据已存在 1
正在爬取链接中	少校村官
少校村官数据已存在 1
正在爬取链接中	寝室
寝室数据已存在 1
正在爬取链接中	侠捕
侠捕数据已存在 1
正在爬取链接中	康福特
康福特数据已存在 1
正在爬取链接中	再次出发之纽约遇见你
再次出发之纽约遇见你数据已存在 1
正在爬取链接中	标准之外
标准之外数据已存在 1
正在爬取链接中	结束，开始
结束，开始数据已存在 1
正在爬取链接中	意境求生
意境求生数据已存在 1
正在爬取链接中	未曾走过的路
未曾走过的路数据已存在 1
正在爬取链接中	终曲2019
终曲2019数据已存在 1
正在爬取链接中	我们永不言弃
我们永不言弃数据已存在 1
正在爬取链接中	封神之人鱼传说
封神之人鱼传说数据已存在 1
正在爬取链接中	说电影《致命魔术》
说电影《致命魔术》数据已存在 1
正在爬取链接中	说电影《泰拉》
说电影《泰拉》数据已存在 1
正在爬取链接中	说电影《恐龙侵袭》
说电影《恐龙侵袭》数据已存在 1
正在爬取链接中	说电影《一切尽失》
说电影《一切尽失》数据已存在 1
正在爬取链接中	说电影《回忆积木小屋》
说电影《回忆积木小屋》数据已存在 1
正在爬取链接中	说电影《惊涛飓浪》
说电影《惊涛飓浪》数据已存在 1
正在爬取链接中	说电影《怪形前传》
说电影《怪形前传》数据已存在 1
正在爬取链接中	说电影《伏地魔：传人的起源》
说电影《伏地魔：传人的起源》数据已存在 1
正在爬取链接中	说电影《荒岛余生》
说电影《荒岛余生》数据已存在 1
正在爬取链接中	说电影《夺命地铁》
说电影《夺命地铁》数据已存在 1
正在爬取链接中	说电影《第五波》
说电影《第五波》数据已存在 1
正在爬取链接中	说电影《超时空接触》
说电影《超时空接触》数据已存在 1
正在爬取链接中	说电影《Splash》
说电影《Splash》数据已存在 1
正在爬取链接中	密室死斗
密室死斗数据已存在 1
正在爬取链接中	惩罚者2004
插入成功 0
正在爬取链接中	恶魔的糖果
恶魔的糖果数据已存在 1
正在爬取链接中	哈利·波特系列的50个精彩瞬间
哈利·波特系列的50个精彩瞬间数据已存在 1
正在爬取链接中	洛城往事
洛城往事数据已存在 1
正在爬取链接中	珠峰：神之山岭
珠峰：神之山岭数据已存在 1
正在爬取链接中	那家伙
那家伙数据已存在 1
正在爬取链接中	回溯迷踪
回溯迷踪数据已存在 1
正在爬取链接中	三十一
三十一数据已存在 1
正在爬取链接中	流星蝴蝶剑1976
插入成功 0
正在爬取链接中	幽灵人间II:鬼味人间
幽灵人间II:鬼味人间数据已存在 1
正在爬取链接中	缪斯2017
缪斯2017数据已存在 1
正在爬取链接中	已过滤
已过滤数据已存在 1
正在爬取链接中	致命追踪
致命追踪数据已存在 1
正在爬取链接中	远足惊魂
远足惊魂数据已存在 1
正在爬取链接中	暴烈妈妈
暴烈妈妈数据已存在 1
正在爬取链接中	唐卡
唐卡数据已存在 1
正在爬取链接中	战无双
战无双数据已存在 1
正在爬取第143页的数据
正在爬取链接中	鳗鱼
鳗鱼数据已存在 1
正在爬取链接中	老乡
老乡数据已存在 1
正在爬取链接中	暴烈妈妈
暴烈妈妈数据已存在 1
正在爬取链接中	幽灵人间II:鬼味人间
幽灵人间II:鬼味人间数据已存在 1
正在爬取链接中	缪斯2017
缪斯2017数据已存在 1
正在爬取链接中	已过滤
已过滤数据已存在 1
正在爬取链接中	祖鲁
祖鲁数据已存在 1
正在爬取链接中	致命追踪
致命追踪数据已存在 1
正在爬取链接中	远足惊魂
远足惊魂数据已存在 1
正在爬取链接中	妖兽都市
妖兽都市数据已存在 1
正在爬取链接中	心心历险记
心心历险记数据已存在 1
正在爬取链接中	桃色凶车
桃色凶车数据已存在 1
正在爬取链接中	十天
十天数据已存在 1
正在爬取链接中	青春校园
青春校园数据已存在 1
正在爬取链接中	杀手女教师
杀手女教师数据已存在 1
正在爬取链接中	马陵道
马陵道数据已存在 1
正在爬取链接中	麻雀飞龙
麻雀飞龙数据已存在 1
正在爬取链接中	零
零数据已存在 1
正在爬取链接中	买鬼回家
买鬼回家数据已存在 1
正在爬取链接中	金笼
金笼数据已存在 1
正在爬取链接中	地下铁
地下铁数据已存在 1
正在爬取链接中	你好我的爱
你好我的爱数据已存在 1
正在爬取链接中	新雌雄大盗
新雌雄大盗数据已存在 1
正在爬取链接中	车神1992
车神1992数据已存在 1
正在爬取链接中	捕狼人生
捕狼人生数据已存在 1
正在爬取链接中	贝拉的奇幻花园
贝拉的奇幻花园数据已存在 1
正在爬取链接中	爱我别走
爱我别走数据已存在 1
正在爬取链接中	熊逃末路
熊逃末路数据已存在 1
正在爬取链接中	生死搏斗
生死搏斗数据已存在 1
正在爬取链接中	罗曼史
罗曼史数据已存在 1
正在爬取链接中	圣人大盗
圣人大盗数据已存在 1
正在爬取链接中	坍塌
爬取第143页的坍塌数据失败！
正在爬取链接中	全速返航
全速返航数据已存在 1
正在爬取链接中	浴血火海1951
浴血火海1951数据已存在 1
正在爬取链接中	冬日2020
冬日2020数据已存在 1
正在爬取链接中	断头谷1999
断头谷1999数据已存在 1
正在爬取链接中	小丑2015
小丑2015数据已存在 1
正在爬取链接中	开棺
开棺数据已存在 1
正在爬取链接中	终曲
终曲数据已存在 1
正在爬取链接中	怨鬼之家
怨鬼之家数据已存在 1
正在爬取链接中	特别响，非常近
特别响，非常近数据已存在 1
正在爬取链接中	机动部队—人性
机动部队—人性数据已存在 1
正在爬取链接中	红色编织
红色编织数据已存在 1
正在爬取链接中	孕期完全指导
孕期完全指导数据已存在 1
正在爬取链接中	我和男友的三个前妻
我和男友的三个前妻数据已存在 1
正在爬取链接中	我愿意
我愿意数据已存在 1
正在爬取链接中	徐海东喋血町店
徐海东喋血町店数据已存在 1
正在爬取链接中	胡巧英告状
胡巧英告状数据已存在 1
正在爬取第144页的数据
正在爬取链接中	血符门
血符门数据已存在 1
正在爬取链接中	复仇慈母心
复仇慈母心数据已存在 1
正在爬取链接中	恋之涡
恋之涡数据已存在 1
正在爬取链接中	木瓜沙拉
木瓜沙拉数据已存在 1
正在爬取链接中	从毛泽东到莫扎特
从毛泽东到莫扎特数据已存在 1
正在爬取链接中	五支歌
五支歌数据已存在 1
正在爬取链接中	纽约客的故事
纽约客的故事数据已存在 1
正在爬取链接中	疾速备战3:全面开战
疾速备战3:全面开战数据已存在 1
正在爬取链接中	歼十出击
歼十出击数据已存在 1
正在爬取链接中	好事成双
好事成双数据已存在 1
正在爬取链接中	丹尼玫瑰
丹尼玫瑰数据已存在 1
正在爬取链接中	打抱不平
打抱不平数据已存在 1
正在爬取链接中	查理班克斯的教育
查理班克斯的教育数据已存在 1
正在爬取链接中	说电影《星际旅行1：无限太空》
说电影《星际旅行1：无限太空》数据已存在 1
正在爬取链接中	说电影《星际迷航2：暗黑无界》
说电影《星际迷航2：暗黑无界》数据已存在 1
正在爬取链接中	说电影《蝎子王3：救赎之战》
说电影《蝎子王3：救赎之战》数据已存在 1
正在爬取链接中	说电影《森林之子毛克利》
说电影《森林之子毛克利》数据已存在 1
正在爬取链接中	说电影《魔鬼搭车人》
说电影《魔鬼搭车人》数据已存在 1
正在爬取链接中	说电影《明日边缘》
说电影《明日边缘》数据已存在 1
正在爬取链接中	说电影《反物质危机》
说电影《反物质危机》数据已存在 1
正在爬取链接中	说电影《火山大爆发》
说电影《火山大爆发》数据已存在 1
正在爬取链接中	说电影《登月第一人》
说电影《登月第一人》数据已存在 1
正在爬取链接中	说电影《大地震》
说电影《大地震》数据已存在 1
正在爬取链接中	说电影《毒液：致命守护者》
说电影《毒液：致命守护者》数据已存在 1
正在爬取链接中	说电影《此刻只有你共我》
说电影《此刻只有你共我》数据已存在 1
正在爬取链接中	纽约客@上海
纽约客@上海数据已存在 1
正在爬取链接中	说电影《超能查派》
说电影《超能查派》数据已存在 1
正在爬取链接中	说电影《艾米莉亚2.0》
说电影《艾米莉亚2.0》数据已存在 1
正在爬取链接中	说电影《蝙蝠侠前传》
说电影《蝙蝠侠前传》数据已存在 1
正在爬取链接中	末代响马
末代响马数据已存在 1
正在爬取链接中	年轻的维多利亚
年轻的维多利亚数据已存在 1
正在爬取链接中	至尊先生
至尊先生数据已存在 1
正在爬取链接中	汤姆叔叔的小屋
汤姆叔叔的小屋数据已存在 1
正在爬取链接中	斯特凡大公
斯特凡大公数据已存在 1
正在爬取链接中	猎鹰突起
猎鹰突起数据已存在 1
正在爬取链接中	欲海情魔
欲海情魔数据已存在 1
正在爬取链接中	疾速行动
疾速行动数据已存在 1
正在爬取链接中	勇敢的米哈伊
勇敢的米哈伊数据已存在 1
正在爬取链接中	达契亚人
达契亚人数据已存在 1
正在爬取链接中	龙的传人
爬取第144页的龙的传人数据失败！
正在爬取链接中	偷偷爱你
偷偷爱你数据已存在 1
正在爬取链接中	最后一颗子弹1973
最后一颗子弹1973数据已存在 1
正在爬取链接中	太空异种
太空异种数据已存在 1
正在爬取链接中	情敌蜜月
情敌蜜月数据已存在 1
正在爬取链接中	罗丹岛之恋
罗丹岛之恋数据已存在 1
正在爬取链接中	浓情伊比萨
浓情伊比萨数据已存在 1
正在爬取链接中	大桥下面
大桥下面数据已存在 1
正在爬取链接中	无畏之心2
无畏之心2数据已存在 1
正在爬取第145页的数据
正在爬取链接中	至尊先生
至尊先生数据已存在 1
正在爬取链接中	汤姆叔叔的小屋
汤姆叔叔的小屋数据已存在 1
正在爬取链接中	斯特凡大公
斯特凡大公数据已存在 1
正在爬取链接中	猎鹰突起
猎鹰突起数据已存在 1
正在爬取链接中	欲海情魔
欲海情魔数据已存在 1
正在爬取链接中	疾速行动
疾速行动数据已存在 1
正在爬取链接中	勇敢的米哈伊
勇敢的米哈伊数据已存在 1
正在爬取链接中	达契亚人
达契亚人数据已存在 1
正在爬取链接中	龙的传人
龙的传人数据已存在 1
正在爬取链接中	偷偷爱你
偷偷爱你数据已存在 1
正在爬取链接中	最后一颗子弹1973
最后一颗子弹1973数据已存在 1
正在爬取链接中	太空异种
太空异种数据已存在 1
正在爬取链接中	情敌蜜月
情敌蜜月数据已存在 1
正在爬取链接中	罗丹岛之恋
罗丹岛之恋数据已存在 1
正在爬取链接中	浓情伊比萨
浓情伊比萨数据已存在 1
正在爬取链接中	大桥下面
大桥下面数据已存在 1
正在爬取链接中	无畏之心2
无畏之心2数据已存在 1
正在爬取链接中	无畏之心
无畏之心数据已存在 1
正在爬取链接中	亚洲之女
亚洲之女数据已存在 1
正在爬取链接中	悲伤电影
悲伤电影数据已存在 1
正在爬取链接中	玛丽安和莱昂纳德：情话
玛丽安和莱昂纳德：情话数据已存在 1
正在爬取链接中	塔可夫斯基:在电影中祈祷
塔可夫斯基:在电影中祈祷数据已存在 1
正在爬取链接中	质疑：说谎的男人是谁？
质疑：说谎的男人是谁？数据已存在 1
正在爬取链接中	恐惧2015
恐惧2015数据已存在 1
正在爬取链接中	星际钝胎
星际钝胎数据已存在 1
正在爬取链接中	希布
希布数据已存在 1
正在爬取链接中	天生拳霸
天生拳霸数据已存在 1
正在爬取链接中	秋莲
秋莲数据已存在 1
正在爬取链接中	女神们
女神们数据已存在 1
正在爬取链接中	印度狂战士苏亚
印度狂战士苏亚数据已存在 1
正在爬取链接中	赌神之神2020
赌神之神2020数据已存在 1
正在爬取链接中	恐惧2015
恐惧2015数据已存在 1
正在爬取链接中	星际钝胎
星际钝胎数据已存在 1
正在爬取链接中	希布
希布数据已存在 1
正在爬取链接中	飞鱼服
飞鱼服数据已存在 1
正在爬取链接中	离春天还有三天
离春天还有三天数据已存在 1
正在爬取链接中	天生拳霸
天生拳霸数据已存在 1
正在爬取链接中	女神们
女神们数据已存在 1
正在爬取链接中	春寒
春寒数据已存在 1
正在爬取链接中	秋莲
秋莲数据已存在 1
正在爬取链接中	末代响马
末代响马数据已存在 1
正在爬取链接中	洛迪
洛迪数据已存在 1
正在爬取链接中	鲨人种儿
鲨人种儿数据已存在 1
正在爬取链接中	回家
回家数据已存在 1
正在爬取链接中	54俱乐部
54俱乐部数据已存在 1
正在爬取链接中	战略力量
战略力量数据已存在 1
正在爬取链接中	克利夏
克利夏数据已存在 1
爬取第145页的克利夏数据失败！
正在爬取第146页的数据
正在爬取链接中	不确定
不确定数据已存在 1
正在爬取链接中	失忆症
失忆症数据已存在 1
正在爬取链接中	007之霹雳弹
007之霹雳弹数据已存在 1
正在爬取链接中	碟仙之毕业照
碟仙之毕业照数据已存在 1
正在爬取链接中	贞子大战伽椰子
贞子大战伽椰子数据已存在 1
正在爬取链接中	黑道风云之收数王
黑道风云之收数王数据已存在 1
正在爬取链接中	僵尸小屁孩
僵尸小屁孩数据已存在 1
正在爬取链接中	戒色师
戒色师数据已存在 1
正在爬取链接中	骨瘦如柴
骨瘦如柴数据已存在 1
正在爬取链接中	木兰之巾帼英豪
木兰之巾帼英豪数据已存在 1
正在爬取链接中	擦一擦你那满腹经纶的道貌岸然
擦一擦你那满腹经纶的道貌岸然数据已存在 1
正在爬取链接中	詹姆斯大战未来的自己
詹姆斯大战未来的自己数据已存在 1
正在爬取链接中	苏格拉底
苏格拉底数据已存在 1
正在爬取链接中	神秘的黄玫瑰
神秘的黄玫瑰数据已存在 1
正在爬取链接中	真雄起
真雄起数据已存在 1
正在爬取链接中	琼斯先生
琼斯先生数据已存在 1
正在爬取链接中	毒战2020
毒战2020数据已存在 1
正在爬取链接中	小镇谋杀案
小镇谋杀案数据已存在 1
正在爬取链接中	萨拉丁
萨拉丁数据已存在 1
正在爬取链接中	1号通缉令
1号通缉令数据已存在 1
正在爬取链接中	联合舰队
联合舰队数据已存在 1
正在爬取链接中	最燃的拳头
最燃的拳头数据已存在 1
正在爬取链接中	非常同伙
非常同伙数据已存在 1
正在爬取链接中	说电影《蒙古死亡蠕虫》
说电影《蒙古死亡蠕虫》数据已存在 1
正在爬取链接中	说电影《变脸》
说电影《变脸》数据已存在 1
正在爬取链接中	说电影《双宝斗恶魔》
说电影《双宝斗恶魔》数据已存在 1
正在爬取链接中	列夫·朗道：娜塔莎
列夫·朗道：娜塔莎数据已存在 1
正在爬取链接中	我们在这里：生活在地球上的注意事项
我们在这里：生活在地球上的注意事项数据已存在 1
正在爬取链接中	小心身后
小心身后数据已存在 1
正在爬取链接中	我们在这里：生活在地球上的注意事项
我们在这里：生活在地球上的注意事项数据已存在 1
正在爬取链接中	小心身后
小心身后数据已存在 1
正在爬取链接中	结束，开始
结束，开始数据已存在 1
正在爬取链接中	委托人
委托人数据已存在 1
正在爬取链接中	温蒂妮
温蒂妮数据已存在 1
正在爬取链接中	顿
顿数据已存在 1
正在爬取链接中	情人节夺魂夜
情人节夺魂夜数据已存在 1
正在爬取链接中	打扰伯格曼
打扰伯格曼数据已存在 1
正在爬取链接中	照片中的谋杀案
照片中的谋杀案数据已存在 1
正在爬取链接中	一咬OK
一咬OK数据已存在 1
正在爬取链接中	香颂鬼屋
香颂鬼屋数据已存在 1
正在爬取链接中	射杀
射杀数据已存在 1
正在爬取链接中	杀人房间
杀人房间数据已存在 1
正在爬取链接中	精彩的一天
精彩的一天数据已存在 1
正在爬取链接中	新精武门1991
新精武门1991数据已存在 1
正在爬取链接中	红色康拜因
红色康拜因数据已存在 1
正在爬取链接中	化骨龙与千年虫
化骨龙与千年虫数据已存在 1
正在爬取链接中	海市蜃楼1987
海市蜃楼1987数据已存在 1
正在爬取链接中	第八页
第八页数据已存在 1
正在爬取第147页的数据
正在爬取链接中	血土
血土数据已存在 1
正在爬取链接中	百色起义
百色起义数据已存在 1
正在爬取链接中	暹罗厨房
暹罗厨房数据已存在 1
正在爬取链接中	地产老千上位记
地产老千上位记数据已存在 1
正在爬取链接中	鲨人蝎儿
鲨人蝎儿数据已存在 1
正在爬取链接中	山路惊魂
山路惊魂数据已存在 1
正在爬取链接中	山
山数据已存在 1
正在爬取链接中	治愈之岛
治愈之岛数据已存在 1
正在爬取链接中	百色起义
百色起义数据已存在 1
正在爬取链接中	绝命追击
绝命追击数据已存在 1
正在爬取链接中	深夜姐妹会
深夜姐妹会数据已存在 1
正在爬取链接中	日历女郎
日历女郎数据已存在 1
正在爬取链接中	浴缸神探
浴缸神探数据已存在 1
正在爬取链接中	勇往直前2016
勇往直前2016数据已存在 1
正在爬取链接中	夏威夷往事
夏威夷往事数据已存在 1
正在爬取链接中	舞魅青春
舞魅青春数据已存在 1
正在爬取链接中	湾仔12妹
湾仔12妹数据已存在 1
正在爬取链接中	暹罗厨房
暹罗厨房数据已存在 1
正在爬取链接中	浴缸神探
浴缸神探数据已存在 1
正在爬取链接中	勇往直前2016
勇往直前2016数据已存在 1
正在爬取链接中	小煞星
小煞星数据已存在 1
正在爬取链接中	夏威夷往事
夏威夷往事数据已存在 1
正在爬取链接中	舞魅青春
舞魅青春数据已存在 1
正在爬取链接中	我的学科男神
我的学科男神数据已存在 1
正在爬取链接中	威猛战士
威猛战士数据已存在 1
正在爬取链接中	我不是罪犯
我不是罪犯数据已存在 1
正在爬取链接中	湾仔12妹
湾仔12妹数据已存在 1
正在爬取链接中	土豚
土豚数据已存在 1
正在爬取链接中	杀入警察局
杀入警察局数据已存在 1
正在爬取链接中	入云龙公孙胜
入云龙公孙胜数据已存在 1
正在爬取链接中	漫画奇侠
漫画奇侠数据已存在 1
正在爬取链接中	麻衣传奇
麻衣传奇数据已存在 1
正在爬取链接中	闪婚日记
闪婚日记数据已存在 1
正在爬取链接中	打工老板
打工老板数据已存在 1
正在爬取链接中	不能说的秘密2007
不能说的秘密2007数据已存在 1
正在爬取链接中	清官难审
清官难审数据已存在 1
正在爬取链接中	漫画奇侠
漫画奇侠数据已存在 1
正在爬取链接中	麻衣传奇
麻衣传奇数据已存在 1
正在爬取链接中	恐怖阁楼
恐怖阁楼数据已存在 1
正在爬取链接中	两只老虎
两只老虎数据已存在 1
正在爬取链接中	金刚
金刚数据已存在 1
正在爬取链接中	借钱专家
借钱专家数据已存在 1
正在爬取链接中	红粉至尊
红粉至尊数据已存在 1
正在爬取链接中	布鲁克斯，草地和可爱脸孔
布鲁克斯，草地和可爱脸孔数据已存在 1
正在爬取链接中	澳门往事之虎龙斗
澳门往事之虎龙斗数据已存在 1
正在爬取链接中	跳跃大搜查线最终篇：新的希望
跳跃大搜查线最终篇：新的希望数据已存在 1
正在爬取链接中	阁楼房客是总裁
阁楼房客是总裁数据已存在 1
正在爬取链接中	大独裁者
大独裁者数据已存在 1
正在爬取第148页的数据
正在爬取链接中	打工老板
打工老板数据已存在 1
正在爬取链接中	不能说的秘密
不能说的秘密数据已存在 1
正在爬取链接中	说电影《暗黑女子》
说电影《暗黑女子》数据已存在 1
正在爬取链接中	说电影《从宫本到你》
说电影《从宫本到你》数据已存在 1
正在爬取链接中	说电影《一指城》
说电影《一指城》数据已存在 1
正在爬取链接中	最强壮的
最强壮的数据已存在 1
正在爬取链接中	跷家大作战
跷家大作战数据已存在 1
正在爬取链接中	扑克房
扑克房数据已存在 1
正在爬取链接中	决战拉梅萨
决战拉梅萨数据已存在 1
正在爬取链接中	哈利·波特：一段魔法史
插入成功 0
正在爬取链接中	百货战警
百货战警数据已存在 1
正在爬取链接中	决战猩球1973
决战猩球1973数据已存在 1
正在爬取链接中	武士道残酷物语
武士道残酷物语数据已存在 1
正在爬取链接中	天国与地狱
天国与地狱数据已存在 1
正在爬取链接中	人世间1970
人世间1970数据已存在 1
正在爬取链接中	红茶镇
红茶镇数据已存在 1
正在爬取链接中	无法松的一生
无法松的一生数据已存在 1
正在爬取链接中	遥远的街区
遥远的街区数据已存在 1
正在爬取链接中	地狱门1953
地狱门1953数据已存在 1
正在爬取链接中	大卫布赖恩之街头魔术2020
大卫布赖恩之街头魔术2020数据已存在 1
正在爬取链接中	标准之外
标准之外数据已存在 1
正在爬取链接中	爱长颈鹿的女人
爱长颈鹿的女人数据已存在 1
正在爬取链接中	三剑客新传
三剑客新传数据已存在 1
正在爬取链接中	男孩的生活
男孩的生活数据已存在 1
正在爬取链接中	无尽的爱1981
无尽的爱1981数据已存在 1
正在爬取链接中	如果我是有钱人
如果我是有钱人数据已存在 1
正在爬取链接中	木兰之巾帼英豪
木兰之巾帼英豪数据已存在 1
正在爬取链接中	云端美人
云端美人数据已存在 1
正在爬取链接中	那个我最亲爱的陌生人
那个我最亲爱的陌生人数据已存在 1
正在爬取链接中	实金
实金数据已存在 1
正在爬取链接中	巴黎战火
巴黎战火数据已存在 1
正在爬取链接中	猎时者
猎时者数据已存在 1
正在爬取链接中	如果我是有钱人2019
如果我是有钱人2019数据已存在 1
正在爬取链接中	温蒂2020
温蒂2020数据已存在 1
正在爬取链接中	泡妞专家1987
泡妞专家1987数据已存在 1
正在爬取链接中	恋爱保质期2019
恋爱保质期2019数据已存在 1
正在爬取链接中	冷溪营地
冷溪营地数据已存在 1
正在爬取链接中	亚历山大大帝
亚历山大大帝数据已存在 1
正在爬取链接中	云端美人
云端美人数据已存在 1
正在爬取链接中	人生第一次
人生第一次数据已存在 1
正在爬取链接中	品行不端
爬取第148页的品行不端数据失败！
正在爬取链接中	禁断动画32
禁断动画32数据已存在 1
正在爬取链接中	斗战苍穹
斗战苍穹数据已存在 1
正在爬取链接中	玻璃房间
玻璃房间数据已存在 1
正在爬取链接中	登堂入室
登堂入室数据已存在 1
正在爬取链接中	杀手的挽歌
杀手的挽歌数据已存在 1
正在爬取链接中	海军特种作战部队
海军特种作战部队数据已存在 1
正在爬取链接中	第三帝国最后的秘密
第三帝国最后的秘密数据已存在 1
正在爬取第149页的数据
正在爬取链接中	科里奥兰纳斯
科里奥兰纳斯数据已存在 1
正在爬取链接中	无尽的爱
无尽的爱数据已存在 1
正在爬取链接中	邻家女孩
邻家女孩数据已存在 1
正在爬取链接中	英勇废柴
英勇废柴数据已存在 1
正在爬取链接中	鬼佬2020
鬼佬2020数据已存在 1
正在爬取链接中	致命的危机
致命的危机数据已存在 1
正在爬取链接中	无法无天
无法无天数据已存在 1
正在爬取链接中	武林风云
武林风云数据已存在 1
正在爬取链接中	双喜临门
双喜临门数据已存在 1
正在爬取链接中	什么，我是机器人
什么，我是机器人数据已存在 1
正在爬取链接中	破神录
破神录数据已存在 1
正在爬取链接中	人妖口诉变性之后的生活
人妖口诉变性之后的生活数据已存在 1
正在爬取链接中	家族与情感
家族与情感数据已存在 1
正在爬取链接中	海囚
海囚数据已存在 1
正在爬取链接中	说电影《终点站》
说电影《终点站》数据已存在 1
正在爬取链接中	说电影《幸存者》
说电影《幸存者》数据已存在 1
正在爬取链接中	骠骑兵之歌
骠骑兵之歌数据已存在 1
正在爬取链接中	说电影《蝎子王5》
说电影《蝎子王5》数据已存在 1
正在爬取链接中	暗夜呢喃
暗夜呢喃数据已存在 1
正在爬取链接中	说电影《蝎子王》
说电影《蝎子王》数据已存在 1
正在爬取链接中	说电影《蝎子王2：勇士的崛起》
说电影《蝎子王2：勇士的崛起》数据已存在 1
正在爬取链接中	说电影《天魔异种》
说电影《天魔异种》数据已存在 1
正在爬取链接中	说电影《小镇怪客托马斯》
说电影《小镇怪客托马斯》数据已存在 1
正在爬取链接中	说电影《末日深眠》
说电影《末日深眠》数据已存在 1
正在爬取链接中	说电影《炭火仔：勇战巨魔王》
说电影《炭火仔：勇战巨魔王》数据已存在 1
正在爬取链接中	说电影《灭顶之灾》
说电影《灭顶之灾》数据已存在 1
正在爬取链接中	说电影《机器的叛变》
说电影《机器的叛变》数据已存在 1
正在爬取链接中	说电影《登入火星》
说电影《登入火星》数据已存在 1
正在爬取链接中	说电影《海洋深处》
说电影《海洋深处》数据已存在 1
正在爬取链接中	说电影《关键第四号》
爬取第149页的说电影《关键第四号》数据失败！
正在爬取链接中	说电影《大白鲨》
爬取第149页的说电影《大白鲨》数据失败！
正在爬取链接中	制胜一击
爬取第149页的制胜一击数据失败！
正在爬取链接中	一千零一夜之梦中人
爬取第149页的一千零一夜之梦中人数据失败！
